Performing C SOURCE FILE Test CMAKE_HAVE_LIBC_PTHREAD failed with the following output:
Change Dir: /root/CSE276A_Fall24/cse276a_ws/build/ros2_april_detection/CMakeFiles/CMakeTmp

Run Build Command(s):/usr/bin/make cmTC_503e5/fast && /usr/bin/make -f CMakeFiles/cmTC_503e5.dir/build.make CMakeFiles/cmTC_503e5.dir/build
make[1]: Entering directory '/root/CSE276A_Fall24/cse276a_ws/build/ros2_april_detection/CMakeFiles/CMakeTmp'
Building C object CMakeFiles/cmTC_503e5.dir/src.c.o
/usr/bin/cc   -DCMAKE_HAVE_LIBC_PTHREAD   -o CMakeFiles/cmTC_503e5.dir/src.c.o   -c /root/CSE276A_Fall24/cse276a_ws/build/ros2_april_detection/CMakeFiles/CMakeTmp/src.c
Linking C executable cmTC_503e5
/usr/bin/cmake -E cmake_link_script CMakeFiles/cmTC_503e5.dir/link.txt --verbose=1
/usr/bin/cc  -DCMAKE_HAVE_LIBC_PTHREAD    CMakeFiles/cmTC_503e5.dir/src.c.o  -o cmTC_503e5 
/usr/bin/ld: CMakeFiles/cmTC_503e5.dir/src.c.o: in function `main':
src.c:(.text+0x48): undefined reference to `pthread_create'
/usr/bin/ld: src.c:(.text+0x50): undefined reference to `pthread_detach'
/usr/bin/ld: src.c:(.text+0x5c): undefined reference to `pthread_join'
collect2: error: ld returned 1 exit status
make[1]: *** [CMakeFiles/cmTC_503e5.dir/build.make:87: cmTC_503e5] Error 1
make[1]: Leaving directory '/root/CSE276A_Fall24/cse276a_ws/build/ros2_april_detection/CMakeFiles/CMakeTmp'
make: *** [Makefile:121: cmTC_503e5/fast] Error 2


Source file was:
#include <pthread.h>

void* test_func(void* data)
{
  return data;
}

int main(void)
{
  pthread_t thread;
  pthread_create(&thread, NULL, test_func, NULL);
  pthread_detach(thread);
  pthread_join(thread, NULL);
  pthread_atfork(NULL, NULL, NULL);
  pthread_exit(NULL);

  return 0;
}

Determining if the function pthread_create exists in the pthreads failed with the following output:
Change Dir: /root/CSE276A_Fall24/cse276a_ws/build/ros2_april_detection/CMakeFiles/CMakeTmp

Run Build Command(s):/usr/bin/make cmTC_da2c7/fast && /usr/bin/make -f CMakeFiles/cmTC_da2c7.dir/build.make CMakeFiles/cmTC_da2c7.dir/build
make[1]: Entering directory '/root/CSE276A_Fall24/cse276a_ws/build/ros2_april_detection/CMakeFiles/CMakeTmp'
Building C object CMakeFiles/cmTC_da2c7.dir/CheckFunctionExists.c.o
/usr/bin/cc   -DCHECK_FUNCTION_EXISTS=pthread_create   -o CMakeFiles/cmTC_da2c7.dir/CheckFunctionExists.c.o   -c /usr/share/cmake-3.16/Modules/CheckFunctionExists.c
Linking C executable cmTC_da2c7
/usr/bin/cmake -E cmake_link_script CMakeFiles/cmTC_da2c7.dir/link.txt --verbose=1
/usr/bin/cc  -DCHECK_FUNCTION_EXISTS=pthread_create    CMakeFiles/cmTC_da2c7.dir/CheckFunctionExists.c.o  -o cmTC_da2c7  -lpthreads 
/usr/bin/ld: cannot find -lpthreads
collect2: error: ld returned 1 exit status
make[1]: *** [CMakeFiles/cmTC_da2c7.dir/build.make:87: cmTC_da2c7] Error 1
make[1]: Leaving directory '/root/CSE276A_Fall24/cse276a_ws/build/ros2_april_detection/CMakeFiles/CMakeTmp'
make: *** [Makefile:121: cmTC_da2c7/fast] Error 2



Performing C SOURCE FILE Test CMAKE_HAVE_LIBC_PTHREAD failed with the following output:
Change Dir: /root/CSE276A_Fall24/cse276a_ws/build/ros2_april_detection/CMakeFiles/CMakeTmp

Run Build Command(s):/usr/bin/make cmTC_afc2c/fast && make[1]: Entering directory '/root/CSE276A_Fall24/cse276a_ws/build/ros2_april_detection/CMakeFiles/CMakeTmp'
/usr/bin/make -f CMakeFiles/cmTC_afc2c.dir/build.make CMakeFiles/cmTC_afc2c.dir/build
make[2]: Entering directory '/root/CSE276A_Fall24/cse276a_ws/build/ros2_april_detection/CMakeFiles/CMakeTmp'
Building C object CMakeFiles/cmTC_afc2c.dir/src.c.o
/usr/bin/cc   -DCMAKE_HAVE_LIBC_PTHREAD   -o CMakeFiles/cmTC_afc2c.dir/src.c.o   -c /root/CSE276A_Fall24/cse276a_ws/build/ros2_april_detection/CMakeFiles/CMakeTmp/src.c
Linking C executable cmTC_afc2c
/usr/bin/cmake -E cmake_link_script CMakeFiles/cmTC_afc2c.dir/link.txt --verbose=1
/usr/bin/cc  -DCMAKE_HAVE_LIBC_PTHREAD    CMakeFiles/cmTC_afc2c.dir/src.c.o  -o cmTC_afc2c 
/usr/bin/ld: CMakeFiles/cmTC_afc2c.dir/src.c.o: in function `main':
src.c:(.text+0x48): undefined reference to `pthread_create'
/usr/bin/ld: src.c:(.text+0x50): undefined reference to `pthread_detach'
/usr/bin/ld: src.c:(.text+0x5c): undefined reference to `pthread_join'
collect2: error: ld returned 1 exit status
make[2]: *** [CMakeFiles/cmTC_afc2c.dir/build.make:87: cmTC_afc2c] Error 1
make[2]: Leaving directory '/root/CSE276A_Fall24/cse276a_ws/build/ros2_april_detection/CMakeFiles/CMakeTmp'
make[1]: *** [Makefile:121: cmTC_afc2c/fast] Error 2
make[1]: Leaving directory '/root/CSE276A_Fall24/cse276a_ws/build/ros2_april_detection/CMakeFiles/CMakeTmp'


Source file was:
#include <pthread.h>

void* test_func(void* data)
{
  return data;
}

int main(void)
{
  pthread_t thread;
  pthread_create(&thread, NULL, test_func, NULL);
  pthread_detach(thread);
  pthread_join(thread, NULL);
  pthread_atfork(NULL, NULL, NULL);
  pthread_exit(NULL);

  return 0;
}

Determining if the function pthread_create exists in the pthreads failed with the following output:
Change Dir: /root/CSE276A_Fall24/cse276a_ws/build/ros2_april_detection/CMakeFiles/CMakeTmp

Run Build Command(s):/usr/bin/make cmTC_6be3a/fast && make[1]: Entering directory '/root/CSE276A_Fall24/cse276a_ws/build/ros2_april_detection/CMakeFiles/CMakeTmp'
/usr/bin/make -f CMakeFiles/cmTC_6be3a.dir/build.make CMakeFiles/cmTC_6be3a.dir/build
make[2]: Entering directory '/root/CSE276A_Fall24/cse276a_ws/build/ros2_april_detection/CMakeFiles/CMakeTmp'
Building C object CMakeFiles/cmTC_6be3a.dir/CheckFunctionExists.c.o
/usr/bin/cc   -DCHECK_FUNCTION_EXISTS=pthread_create   -o CMakeFiles/cmTC_6be3a.dir/CheckFunctionExists.c.o   -c /usr/share/cmake-3.16/Modules/CheckFunctionExists.c
Linking C executable cmTC_6be3a
/usr/bin/cmake -E cmake_link_script CMakeFiles/cmTC_6be3a.dir/link.txt --verbose=1
/usr/bin/cc  -DCHECK_FUNCTION_EXISTS=pthread_create    CMakeFiles/cmTC_6be3a.dir/CheckFunctionExists.c.o  -o cmTC_6be3a  -lpthreads 
/usr/bin/ld: cannot find -lpthreads
collect2: error: ld returned 1 exit status
make[2]: *** [CMakeFiles/cmTC_6be3a.dir/build.make:87: cmTC_6be3a] Error 1
make[2]: Leaving directory '/root/CSE276A_Fall24/cse276a_ws/build/ros2_april_detection/CMakeFiles/CMakeTmp'
make[1]: *** [Makefile:121: cmTC_6be3a/fast] Error 2
make[1]: Leaving directory '/root/CSE276A_Fall24/cse276a_ws/build/ros2_april_detection/CMakeFiles/CMakeTmp'



