[0.087s] Invoking command in '/root/CSE276A_Fall24/cse276a_ws/build/rb5_ros2_control': CMAKE_PREFIX_PATH=${CMAKE_PREFIX_PATH}:/opt/ros/foxy _=/usr/bin/env /usr/bin/cmake --build /root/CSE276A_Fall24/cse276a_ws/build/rb5_ros2_control -- -j8 -l8
[0.214s] Invoked command in '/root/CSE276A_Fall24/cse276a_ws/build/rb5_ros2_control' returned '0': CMAKE_PREFIX_PATH=${CMAKE_PREFIX_PATH}:/opt/ros/foxy _=/usr/bin/env /usr/bin/cmake --build /root/CSE276A_Fall24/cse276a_ws/build/rb5_ros2_control -- -j8 -l8
[0.447s] Invoking command in '/root/CSE276A_Fall24/cse276a_ws/build/rb5_ros2_control': CMAKE_PREFIX_PATH=${CMAKE_PREFIX_PATH}:/opt/ros/foxy _=/usr/bin/env /usr/bin/cmake --install /root/CSE276A_Fall24/cse276a_ws/build/rb5_ros2_control
[0.476s] -- Install configuration: ""
[0.477s] -- Up-to-date: /root/CSE276A_Fall24/cse276a_ws/install/rb5_ros2_control/share/rb5_ros2_control/environment/pythonpath.sh
[0.479s] -- Up-to-date: /root/CSE276A_Fall24/cse276a_ws/install/rb5_ros2_control/share/rb5_ros2_control/environment/pythonpath.dsv
[0.480s] -- Up-to-date: /root/CSE276A_Fall24/cse276a_ws/install/rb5_ros2_control/lib/python3.8/site-packages/rb5_ros2_control
[0.481s] -- Up-to-date: /root/CSE276A_Fall24/cse276a_ws/install/rb5_ros2_control/lib/python3.8/site-packages/rb5_ros2_control/__init__.py
[0.483s] -- Up-to-date: /root/CSE276A_Fall24/cse276a_ws/install/rb5_ros2_control/lib/python3.8/site-packages/rb5_ros2_control/mpi_control.py
[0.484s] -- Installing: /root/CSE276A_Fall24/cse276a_ws/install/rb5_ros2_control/lib/python3.8/site-packages/rb5_ros2_control/rb5_control_node.py
[0.485s] -- Up-to-date: /root/CSE276A_Fall24/cse276a_ws/install/rb5_ros2_control/lib/python3.8/site-packages/rb5_ros2_control/rb5_keyjoy_control_node.py
[0.537s] Listing '/root/CSE276A_Fall24/cse276a_ws/install/rb5_ros2_control/lib/python3.8/site-packages/rb5_ros2_control'...
[0.538s] Compiling '/root/CSE276A_Fall24/cse276a_ws/install/rb5_ros2_control/lib/python3.8/site-packages/rb5_ros2_control/rb5_control_node.py'...
[0.542s] -- Up-to-date: /root/CSE276A_Fall24/cse276a_ws/install/rb5_ros2_control/lib/rb5_ros2_control/mpi_control.py
[0.544s] -- Installing: /root/CSE276A_Fall24/cse276a_ws/install/rb5_ros2_control/lib/rb5_ros2_control/rb5_control_node.py
[0.546s] -- Up-to-date: /root/CSE276A_Fall24/cse276a_ws/install/rb5_ros2_control/lib/rb5_ros2_control/rb5_keyjoy_control_node.py
[0.547s] -- Up-to-date: /root/CSE276A_Fall24/cse276a_ws/install/rb5_ros2_control/share/ament_index/resource_index/package_run_dependencies/rb5_ros2_control
[0.548s] -- Up-to-date: /root/CSE276A_Fall24/cse276a_ws/install/rb5_ros2_control/share/ament_index/resource_index/parent_prefix_path/rb5_ros2_control
[0.549s] -- Up-to-date: /root/CSE276A_Fall24/cse276a_ws/install/rb5_ros2_control/share/rb5_ros2_control/environment/ament_prefix_path.sh
[0.550s] -- Up-to-date: /root/CSE276A_Fall24/cse276a_ws/install/rb5_ros2_control/share/rb5_ros2_control/environment/ament_prefix_path.dsv
[0.551s] -- Up-to-date: /root/CSE276A_Fall24/cse276a_ws/install/rb5_ros2_control/share/rb5_ros2_control/environment/path.sh
[0.553s] -- Up-to-date: /root/CSE276A_Fall24/cse276a_ws/install/rb5_ros2_control/share/rb5_ros2_control/environment/path.dsv
[0.554s] -- Up-to-date: /root/CSE276A_Fall24/cse276a_ws/install/rb5_ros2_control/share/rb5_ros2_control/local_setup.bash
[0.555s] -- Up-to-date: /root/CSE276A_Fall24/cse276a_ws/install/rb5_ros2_control/share/rb5_ros2_control/local_setup.sh
[0.556s] -- Up-to-date: /root/CSE276A_Fall24/cse276a_ws/install/rb5_ros2_control/share/rb5_ros2_control/local_setup.zsh
[0.557s] -- Up-to-date: /root/CSE276A_Fall24/cse276a_ws/install/rb5_ros2_control/share/rb5_ros2_control/local_setup.dsv
[0.559s] -- Installing: /root/CSE276A_Fall24/cse276a_ws/install/rb5_ros2_control/share/rb5_ros2_control/package.dsv
[0.561s] -- Up-to-date: /root/CSE276A_Fall24/cse276a_ws/install/rb5_ros2_control/share/ament_index/resource_index/packages/rb5_ros2_control
[0.561s] -- Up-to-date: /root/CSE276A_Fall24/cse276a_ws/install/rb5_ros2_control/share/rb5_ros2_control/cmake/rb5_ros2_controlConfig.cmake
[0.562s] -- Up-to-date: /root/CSE276A_Fall24/cse276a_ws/install/rb5_ros2_control/share/rb5_ros2_control/cmake/rb5_ros2_controlConfig-version.cmake
[0.564s] -- Up-to-date: /root/CSE276A_Fall24/cse276a_ws/install/rb5_ros2_control/share/rb5_ros2_control/package.xml
[0.585s] Invoked command in '/root/CSE276A_Fall24/cse276a_ws/build/rb5_ros2_control' returned '0': CMAKE_PREFIX_PATH=${CMAKE_PREFIX_PATH}:/opt/ros/foxy _=/usr/bin/env /usr/bin/cmake --install /root/CSE276A_Fall24/cse276a_ws/build/rb5_ros2_control
