[0.121s] Invoking command in '/root/CSE276A_Fall24/cse276a_ws/src/build/rb5_ros2_control': CMAKE_PREFIX_PATH=${CMAKE_PREFIX_PATH}:/opt/ros/foxy _=/usr/bin/env /usr/bin/cmake /root/CSE276A_Fall24/cse276a_ws/src/rb5_ros2/rb5_ros2_control -DCMAKE_INSTALL_PREFIX=/root/CSE276A_Fall24/cse276a_ws/src/install/rb5_ros2_control
[0.314s] -- The C compiler identification is GNU 9.4.0
[0.462s] -- The CXX compiler identification is GNU 9.4.0
[0.468s] -- Check for working C compiler: /usr/bin/cc
[0.767s] -- Check for working C compiler: /usr/bin/cc -- works
[0.771s] -- Detecting C compiler ABI info
[1.051s] -- Detecting C compiler ABI info - done
[1.072s] -- Detecting C compile features
[1.073s] -- Detecting C compile features - done
[1.076s] -- Check for working CXX compiler: /usr/bin/c++
[1.336s] -- Check for working CXX compiler: /usr/bin/c++ -- works
[1.341s] -- Detecting CXX compiler ABI info
[1.648s] -- Detecting CXX compiler ABI info - done
[1.680s] -- Detecting CXX compile features
[1.682s] -- Detecting CXX compile features - done
[1.688s] -- Found ament_cmake: 0.9.12 (/opt/ros/foxy/share/ament_cmake/cmake)
[1.734s] -- Found PythonInterp: /usr/bin/python3 (found suitable version "3.8.10", minimum required is "3") 
[1.735s] -- Using PYTHON_EXECUTABLE: /usr/bin/python3
[2.005s] -- Found rclcpp: 2.4.3 (/opt/ros/foxy/share/rclcpp/cmake)
[2.066s] -- Using all available rosidl_typesupport_c: rosidl_typesupport_fastrtps_c;rosidl_typesupport_introspection_c
[2.076s] -- Found rosidl_adapter: 1.3.1 (/opt/ros/foxy/share/rosidl_adapter/cmake)
[2.441s] -- Found OpenSSL: /usr/lib/aarch64-linux-gnu/libcrypto.so (found version "1.1.1f")  
[2.483s] -- Found FastRTPS: /opt/ros/foxy/include  
[2.591s] -- Using all available rosidl_typesupport_cpp: rosidl_typesupport_fastrtps_cpp;rosidl_typesupport_introspection_cpp
[2.657s] -- Found rmw_implementation_cmake: 1.0.4 (/opt/ros/foxy/share/rmw_implementation_cmake/cmake)
[2.659s] -- Using RMW implementation 'rmw_fastrtps_cpp' as default
[2.660s] -- Looking for pthread.h
[2.991s] -- Looking for pthread.h - found
[2.992s] -- Performing Test CMAKE_HAVE_LIBC_PTHREAD
[3.274s] -- Performing Test CMAKE_HAVE_LIBC_PTHREAD - Failed
[3.274s] -- Looking for pthread_create in pthreads
[3.515s] -- Looking for pthread_create in pthreads - not found
[3.515s] -- Looking for pthread_create in pthread
[3.823s] -- Looking for pthread_create in pthread - found
[3.832s] -- Found Threads: TRUE  
[4.011s] -- Found rclpy: 1.0.13 (/opt/ros/foxy/share/rclpy/cmake)
[4.046s] -- Found ament_lint_auto: 0.9.8 (/opt/ros/foxy/share/ament_lint_auto/cmake)
[4.152s] -- Added test 'copyright' to check source files copyright and LICENSE
[4.156s] -- Added test 'cppcheck' to perform static code analysis on C / C++ code
[4.156s] -- Configured cppcheck include dirs: 
[4.157s] -- Configured cppcheck exclude dirs and/or files: 
[4.175s] -- Added test 'cpplint' to check C / C++ code against the Google style
[4.175s] -- Configured cpplint exclude dirs and/or files: 
[4.176s] -- Added test 'flake8' to check Python code syntax and style conventions
[4.176s] -- Added test 'lint_cmake' to check CMake code style
[4.177s] -- Added test 'pep257' to check Python code against some of the style conventions in PEP 257
[4.179s] -- Added test 'uncrustify' to check C / C++ code style
[4.179s] -- Configured uncrustify additional arguments: 
[4.179s] -- Added test 'xmllint' to check XML markup files
[4.180s] -- Configuring done
[4.183s] -- Generating done
[4.191s] -- Build files have been written to: /root/CSE276A_Fall24/cse276a_ws/src/build/rb5_ros2_control
[4.206s] Invoked command in '/root/CSE276A_Fall24/cse276a_ws/src/build/rb5_ros2_control' returned '0': CMAKE_PREFIX_PATH=${CMAKE_PREFIX_PATH}:/opt/ros/foxy _=/usr/bin/env /usr/bin/cmake /root/CSE276A_Fall24/cse276a_ws/src/rb5_ros2/rb5_ros2_control -DCMAKE_INSTALL_PREFIX=/root/CSE276A_Fall24/cse276a_ws/src/install/rb5_ros2_control
[4.218s] Invoking command in '/root/CSE276A_Fall24/cse276a_ws/src/build/rb5_ros2_control': CMAKE_PREFIX_PATH=${CMAKE_PREFIX_PATH}:/opt/ros/foxy _=/usr/bin/env /usr/bin/cmake --build /root/CSE276A_Fall24/cse276a_ws/src/build/rb5_ros2_control -- -j8 -l8
[4.469s] Invoked command in '/root/CSE276A_Fall24/cse276a_ws/src/build/rb5_ros2_control' returned '0': CMAKE_PREFIX_PATH=${CMAKE_PREFIX_PATH}:/opt/ros/foxy _=/usr/bin/env /usr/bin/cmake --build /root/CSE276A_Fall24/cse276a_ws/src/build/rb5_ros2_control -- -j8 -l8
[4.702s] Invoking command in '/root/CSE276A_Fall24/cse276a_ws/src/build/rb5_ros2_control': CMAKE_PREFIX_PATH=${CMAKE_PREFIX_PATH}:/opt/ros/foxy _=/usr/bin/env /usr/bin/cmake --install /root/CSE276A_Fall24/cse276a_ws/src/build/rb5_ros2_control
[4.748s] -- Install configuration: ""
[4.749s] -- Installing: /root/CSE276A_Fall24/cse276a_ws/src/install/rb5_ros2_control/share/rb5_ros2_control/environment/pythonpath.sh
[4.750s] -- Installing: /root/CSE276A_Fall24/cse276a_ws/src/install/rb5_ros2_control/share/rb5_ros2_control/environment/pythonpath.dsv
[4.751s] -- Installing: /root/CSE276A_Fall24/cse276a_ws/src/install/rb5_ros2_control/lib/python3.8/site-packages/rb5_ros2_control
[4.752s] -- Installing: /root/CSE276A_Fall24/cse276a_ws/src/install/rb5_ros2_control/lib/python3.8/site-packages/rb5_ros2_control/__init__.py
[4.753s] -- Installing: /root/CSE276A_Fall24/cse276a_ws/src/install/rb5_ros2_control/lib/python3.8/site-packages/rb5_ros2_control/mpi_control.py
[4.754s] -- Installing: /root/CSE276A_Fall24/cse276a_ws/src/install/rb5_ros2_control/lib/python3.8/site-packages/rb5_ros2_control/rb5_control_node.py
[4.755s] -- Installing: /root/CSE276A_Fall24/cse276a_ws/src/install/rb5_ros2_control/lib/python3.8/site-packages/rb5_ros2_control/rb5_keyjoy_control_node.py
[4.755s] -- Installing: /root/CSE276A_Fall24/cse276a_ws/src/install/rb5_ros2_control/lib/python3.8/site-packages/rb5_ros2_control/assignment1.py
[4.756s] -- Installing: /root/CSE276A_Fall24/cse276a_ws/src/install/rb5_ros2_control/lib/python3.8/site-packages/rb5_ros2_control/rb5_control_node_big.py
[4.760s] -- Installing: /root/CSE276A_Fall24/cse276a_ws/src/install/rb5_ros2_control/lib/python3.8/site-packages/rb5_ros2_control/stop_script.py
[4.760s] -- Installing: /root/CSE276A_Fall24/cse276a_ws/src/install/rb5_ros2_control/lib/python3.8/site-packages/rb5_ros2_control/final_submission_hw1.py
[4.761s] -- Installing: /root/CSE276A_Fall24/cse276a_ws/src/install/rb5_ros2_control/lib/python3.8/site-packages/rb5_ros2_control/.mpi_control.py.swp
[4.945s] Listing '/root/CSE276A_Fall24/cse276a_ws/src/install/rb5_ros2_control/lib/python3.8/site-packages/rb5_ros2_control'...
[4.946s] Compiling '/root/CSE276A_Fall24/cse276a_ws/src/install/rb5_ros2_control/lib/python3.8/site-packages/rb5_ros2_control/__init__.py'...
[4.946s] Compiling '/root/CSE276A_Fall24/cse276a_ws/src/install/rb5_ros2_control/lib/python3.8/site-packages/rb5_ros2_control/assignment1.py'...
[4.947s] Compiling '/root/CSE276A_Fall24/cse276a_ws/src/install/rb5_ros2_control/lib/python3.8/site-packages/rb5_ros2_control/final_submission_hw1.py'...
[4.947s] Compiling '/root/CSE276A_Fall24/cse276a_ws/src/install/rb5_ros2_control/lib/python3.8/site-packages/rb5_ros2_control/mpi_control.py'...
[4.948s] Compiling '/root/CSE276A_Fall24/cse276a_ws/src/install/rb5_ros2_control/lib/python3.8/site-packages/rb5_ros2_control/rb5_control_node.py'...
[4.948s] Compiling '/root/CSE276A_Fall24/cse276a_ws/src/install/rb5_ros2_control/lib/python3.8/site-packages/rb5_ros2_control/rb5_control_node_big.py'...
[4.949s] Compiling '/root/CSE276A_Fall24/cse276a_ws/src/install/rb5_ros2_control/lib/python3.8/site-packages/rb5_ros2_control/rb5_keyjoy_control_node.py'...
[4.950s] Compiling '/root/CSE276A_Fall24/cse276a_ws/src/install/rb5_ros2_control/lib/python3.8/site-packages/rb5_ros2_control/stop_script.py'...
[4.988s] -- Installing: /root/CSE276A_Fall24/cse276a_ws/src/install/rb5_ros2_control/lib/rb5_ros2_control/mpi_control.py
[4.990s] -- Installing: /root/CSE276A_Fall24/cse276a_ws/src/install/rb5_ros2_control/lib/rb5_ros2_control/rb5_control_node.py
[4.991s] -- Installing: /root/CSE276A_Fall24/cse276a_ws/src/install/rb5_ros2_control/lib/rb5_ros2_control/rb5_keyjoy_control_node.py
[4.993s] -- Installing: /root/CSE276A_Fall24/cse276a_ws/src/install/rb5_ros2_control/share/ament_index/resource_index/package_run_dependencies/rb5_ros2_control
[4.994s] -- Installing: /root/CSE276A_Fall24/cse276a_ws/src/install/rb5_ros2_control/share/ament_index/resource_index/parent_prefix_path/rb5_ros2_control
[4.995s] -- Installing: /root/CSE276A_Fall24/cse276a_ws/src/install/rb5_ros2_control/share/rb5_ros2_control/environment/ament_prefix_path.sh
[4.996s] -- Installing: /root/CSE276A_Fall24/cse276a_ws/src/install/rb5_ros2_control/share/rb5_ros2_control/environment/ament_prefix_path.dsv
[4.997s] -- Installing: /root/CSE276A_Fall24/cse276a_ws/src/install/rb5_ros2_control/share/rb5_ros2_control/environment/path.sh
[4.999s] -- Installing: /root/CSE276A_Fall24/cse276a_ws/src/install/rb5_ros2_control/share/rb5_ros2_control/environment/path.dsv
[5.000s] -- Installing: /root/CSE276A_Fall24/cse276a_ws/src/install/rb5_ros2_control/share/rb5_ros2_control/local_setup.bash
[5.001s] -- Installing: /root/CSE276A_Fall24/cse276a_ws/src/install/rb5_ros2_control/share/rb5_ros2_control/local_setup.sh
[5.002s] -- Installing: /root/CSE276A_Fall24/cse276a_ws/src/install/rb5_ros2_control/share/rb5_ros2_control/local_setup.zsh
[5.003s] -- Installing: /root/CSE276A_Fall24/cse276a_ws/src/install/rb5_ros2_control/share/rb5_ros2_control/local_setup.dsv
[5.004s] -- Installing: /root/CSE276A_Fall24/cse276a_ws/src/install/rb5_ros2_control/share/rb5_ros2_control/package.dsv
[5.006s] -- Installing: /root/CSE276A_Fall24/cse276a_ws/src/install/rb5_ros2_control/share/ament_index/resource_index/packages/rb5_ros2_control
[5.007s] -- Installing: /root/CSE276A_Fall24/cse276a_ws/src/install/rb5_ros2_control/share/rb5_ros2_control/cmake/rb5_ros2_controlConfig.cmake
[5.008s] -- Installing: /root/CSE276A_Fall24/cse276a_ws/src/install/rb5_ros2_control/share/rb5_ros2_control/cmake/rb5_ros2_controlConfig-version.cmake
[5.009s] -- Installing: /root/CSE276A_Fall24/cse276a_ws/src/install/rb5_ros2_control/share/rb5_ros2_control/package.xml
[5.022s] Invoked command in '/root/CSE276A_Fall24/cse276a_ws/src/build/rb5_ros2_control' returned '0': CMAKE_PREFIX_PATH=${CMAKE_PREFIX_PATH}:/opt/ros/foxy _=/usr/bin/env /usr/bin/cmake --install /root/CSE276A_Fall24/cse276a_ws/src/build/rb5_ros2_control
