[0.118s] Invoking command in '/root/CSE276A_Fall24/cse276a_ws/build/rb5_control': CMAKE_PREFIX_PATH=${CMAKE_PREFIX_PATH}:/root/CSE276A_Fall24/cse276a_ws/install/opencv_tests:/opt/ros/foxy _=/usr/bin/env /usr/bin/cmake --build /root/CSE276A_Fall24/cse276a_ws/build/rb5_control -- -j8 -l8
[0.290s] Invoked command in '/root/CSE276A_Fall24/cse276a_ws/build/rb5_control' returned '0': CMAKE_PREFIX_PATH=${CMAKE_PREFIX_PATH}:/root/CSE276A_Fall24/cse276a_ws/install/opencv_tests:/opt/ros/foxy _=/usr/bin/env /usr/bin/cmake --build /root/CSE276A_Fall24/cse276a_ws/build/rb5_control -- -j8 -l8
[0.441s] Invoking command in '/root/CSE276A_Fall24/cse276a_ws/build/rb5_control': CMAKE_PREFIX_PATH=${CMAKE_PREFIX_PATH}:/root/CSE276A_Fall24/cse276a_ws/install/opencv_tests:/opt/ros/foxy _=/usr/bin/env /usr/bin/cmake --install /root/CSE276A_Fall24/cse276a_ws/build/rb5_control
[0.469s] -- Install configuration: ""
[0.470s] -- Up-to-date: /root/CSE276A_Fall24/cse276a_ws/install/rb5_control/lib/rb5_control/launch
[0.470s] -- Up-to-date: /root/CSE276A_Fall24/cse276a_ws/install/rb5_control/lib/rb5_control/launch/hw1_solution.launch
[0.471s] -- Up-to-date: /root/CSE276A_Fall24/cse276a_ws/install/rb5_control/lib/rb5_control/launch/mpi_twist_control.launch
[0.473s] -- Installing: /root/CSE276A_Fall24/cse276a_ws/install/rb5_control/lib/rb5_control/hw1_solution.py
[0.477s] -- Installing: /root/CSE276A_Fall24/cse276a_ws/install/rb5_control/lib/rb5_control/mpi_twist_control_node.py
[0.479s] -- Up-to-date: /root/CSE276A_Fall24/cse276a_ws/install/rb5_control/lib/rb5_control/mpi_control.py
[0.480s] -- Up-to-date: /root/CSE276A_Fall24/cse276a_ws/install/rb5_control/share/ament_index/resource_index/package_run_dependencies/rb5_control
[0.480s] -- Up-to-date: /root/CSE276A_Fall24/cse276a_ws/install/rb5_control/share/ament_index/resource_index/parent_prefix_path/rb5_control
[0.481s] -- Up-to-date: /root/CSE276A_Fall24/cse276a_ws/install/rb5_control/share/rb5_control/environment/ament_prefix_path.sh
[0.481s] -- Up-to-date: /root/CSE276A_Fall24/cse276a_ws/install/rb5_control/share/rb5_control/environment/ament_prefix_path.dsv
[0.481s] -- Up-to-date: /root/CSE276A_Fall24/cse276a_ws/install/rb5_control/share/rb5_control/environment/path.sh
[0.482s] -- Up-to-date: /root/CSE276A_Fall24/cse276a_ws/install/rb5_control/share/rb5_control/environment/path.dsv
[0.482s] -- Up-to-date: /root/CSE276A_Fall24/cse276a_ws/install/rb5_control/share/rb5_control/local_setup.bash
[0.483s] -- Up-to-date: /root/CSE276A_Fall24/cse276a_ws/install/rb5_control/share/rb5_control/local_setup.sh
[0.483s] -- Up-to-date: /root/CSE276A_Fall24/cse276a_ws/install/rb5_control/share/rb5_control/local_setup.zsh
[0.484s] -- Up-to-date: /root/CSE276A_Fall24/cse276a_ws/install/rb5_control/share/rb5_control/local_setup.dsv
[0.485s] -- Up-to-date: /root/CSE276A_Fall24/cse276a_ws/install/rb5_control/share/rb5_control/package.dsv
[0.485s] -- Up-to-date: /root/CSE276A_Fall24/cse276a_ws/install/rb5_control/share/ament_index/resource_index/packages/rb5_control
[0.486s] -- Up-to-date: /root/CSE276A_Fall24/cse276a_ws/install/rb5_control/share/rb5_control/cmake/rb5_controlConfig.cmake
[0.486s] -- Up-to-date: /root/CSE276A_Fall24/cse276a_ws/install/rb5_control/share/rb5_control/cmake/rb5_controlConfig-version.cmake
[0.486s] -- Up-to-date: /root/CSE276A_Fall24/cse276a_ws/install/rb5_control/share/rb5_control/package.xml
[0.524s] Invoked command in '/root/CSE276A_Fall24/cse276a_ws/build/rb5_control' returned '0': CMAKE_PREFIX_PATH=${CMAKE_PREFIX_PATH}:/root/CSE276A_Fall24/cse276a_ws/install/opencv_tests:/opt/ros/foxy _=/usr/bin/env /usr/bin/cmake --install /root/CSE276A_Fall24/cse276a_ws/build/rb5_control
