[0.086s] Invoking command in '/root/CSE276A_Fall24/cse276a_ws/build/image_geometry': CMAKE_PREFIX_PATH=${CMAKE_PREFIX_PATH}:/root/CSE276A_Fall24/cse276a_ws/install/opencv_tests:/opt/ros/foxy _=/usr/bin/env /usr/bin/cmake --build /root/CSE276A_Fall24/cse276a_ws/build/image_geometry -- -j8 -l8
[0.343s] [ 27%] Built target image_geometry
[0.443s] [ 45%] Built target gtest_main
[0.551s] [ 63%] Built target gtest
[0.646s] [ 81%] Built target image_geometry-utest-equi
[0.741s] [100%] Built target image_geometry-utest
[0.787s] Invoked command in '/root/CSE276A_Fall24/cse276a_ws/build/image_geometry' returned '0': CMAKE_PREFIX_PATH=${CMAKE_PREFIX_PATH}:/root/CSE276A_Fall24/cse276a_ws/install/opencv_tests:/opt/ros/foxy _=/usr/bin/env /usr/bin/cmake --build /root/CSE276A_Fall24/cse276a_ws/build/image_geometry -- -j8 -l8
[0.977s] Invoking command in '/root/CSE276A_Fall24/cse276a_ws/build/image_geometry': CMAKE_PREFIX_PATH=${CMAKE_PREFIX_PATH}:/root/CSE276A_Fall24/cse276a_ws/install/opencv_tests:/opt/ros/foxy _=/usr/bin/env /usr/bin/cmake --install /root/CSE276A_Fall24/cse276a_ws/build/image_geometry
[1.010s] -- Install configuration: ""
[1.010s] -- Up-to-date: /root/CSE276A_Fall24/cse276a_ws/install/image_geometry/share/image_geometry/environment/pythonpath.sh
[1.010s] -- Up-to-date: /root/CSE276A_Fall24/cse276a_ws/install/image_geometry/share/image_geometry/environment/pythonpath.dsv
[1.010s] -- Up-to-date: /root/CSE276A_Fall24/cse276a_ws/install/image_geometry/lib/python3.8/site-packages/image_geometry
[1.011s] -- Up-to-date: /root/CSE276A_Fall24/cse276a_ws/install/image_geometry/lib/python3.8/site-packages/image_geometry/__init__.py
[1.011s] -- Up-to-date: /root/CSE276A_Fall24/cse276a_ws/install/image_geometry/lib/python3.8/site-packages/image_geometry/cameramodels.py
[1.048s] Listing '/root/CSE276A_Fall24/cse276a_ws/install/image_geometry/lib/python3.8/site-packages/image_geometry'...
[1.061s] -- Up-to-date: /root/CSE276A_Fall24/cse276a_ws/install/image_geometry/include/image_geometry
[1.062s] -- Up-to-date: /root/CSE276A_Fall24/cse276a_ws/install/image_geometry/include/image_geometry/pinhole_camera_model.h
[1.062s] -- Up-to-date: /root/CSE276A_Fall24/cse276a_ws/install/image_geometry/include/image_geometry/stereo_camera_model.h
[1.063s] -- Up-to-date: /root/CSE276A_Fall24/cse276a_ws/install/image_geometry/include/image_geometry/visibility_control.hpp
[1.063s] -- Up-to-date: /root/CSE276A_Fall24/cse276a_ws/install/image_geometry/lib/libimage_geometry.so
[1.064s] -- Up-to-date: /root/CSE276A_Fall24/cse276a_ws/install/image_geometry/share/image_geometry/environment/library_path.sh
[1.064s] -- Up-to-date: /root/CSE276A_Fall24/cse276a_ws/install/image_geometry/share/image_geometry/environment/library_path.dsv
[1.065s] -- Up-to-date: /root/CSE276A_Fall24/cse276a_ws/install/image_geometry/share/ament_index/resource_index/package_run_dependencies/image_geometry
[1.068s] -- Up-to-date: /root/CSE276A_Fall24/cse276a_ws/install/image_geometry/share/ament_index/resource_index/parent_prefix_path/image_geometry
[1.071s] -- Up-to-date: /root/CSE276A_Fall24/cse276a_ws/install/image_geometry/share/image_geometry/environment/ament_prefix_path.sh
[1.074s] -- Up-to-date: /root/CSE276A_Fall24/cse276a_ws/install/image_geometry/share/image_geometry/environment/ament_prefix_path.dsv
[1.074s] -- Up-to-date: /root/CSE276A_Fall24/cse276a_ws/install/image_geometry/share/image_geometry/environment/path.sh
[1.075s] -- Up-to-date: /root/CSE276A_Fall24/cse276a_ws/install/image_geometry/share/image_geometry/environment/path.dsv
[1.076s] -- Up-to-date: /root/CSE276A_Fall24/cse276a_ws/install/image_geometry/share/image_geometry/local_setup.bash
[1.078s] -- Up-to-date: /root/CSE276A_Fall24/cse276a_ws/install/image_geometry/share/image_geometry/local_setup.sh
[1.078s] -- Up-to-date: /root/CSE276A_Fall24/cse276a_ws/install/image_geometry/share/image_geometry/local_setup.zsh
[1.079s] -- Up-to-date: /root/CSE276A_Fall24/cse276a_ws/install/image_geometry/share/image_geometry/local_setup.dsv
[1.080s] -- Installing: /root/CSE276A_Fall24/cse276a_ws/install/image_geometry/share/image_geometry/package.dsv
[1.082s] -- Up-to-date: /root/CSE276A_Fall24/cse276a_ws/install/image_geometry/share/ament_index/resource_index/packages/image_geometry
[1.083s] -- Up-to-date: /root/CSE276A_Fall24/cse276a_ws/install/image_geometry/share/image_geometry/cmake/ament_cmake_export_libraries-extras.cmake
[1.084s] -- Up-to-date: /root/CSE276A_Fall24/cse276a_ws/install/image_geometry/share/image_geometry/cmake/ament_cmake_export_dependencies-extras.cmake
[1.085s] -- Up-to-date: /root/CSE276A_Fall24/cse276a_ws/install/image_geometry/share/image_geometry/cmake/ament_cmake_export_include_directories-extras.cmake
[1.087s] -- Up-to-date: /root/CSE276A_Fall24/cse276a_ws/install/image_geometry/share/image_geometry/cmake/image_geometryConfig.cmake
[1.090s] -- Up-to-date: /root/CSE276A_Fall24/cse276a_ws/install/image_geometry/share/image_geometry/cmake/image_geometryConfig-version.cmake
[1.090s] -- Up-to-date: /root/CSE276A_Fall24/cse276a_ws/install/image_geometry/share/image_geometry/package.xml
[1.091s] Invoked command in '/root/CSE276A_Fall24/cse276a_ws/build/image_geometry' returned '0': CMAKE_PREFIX_PATH=${CMAKE_PREFIX_PATH}:/root/CSE276A_Fall24/cse276a_ws/install/opencv_tests:/opt/ros/foxy _=/usr/bin/env /usr/bin/cmake --install /root/CSE276A_Fall24/cse276a_ws/build/image_geometry
