[0.076s] Invoking command in '/root/CSE276A_Fall24/cse276a_ws/build/image_geometry': CMAKE_PREFIX_PATH=${CMAKE_PREFIX_PATH}:/root/CSE276A_Fall24/cse276a_ws/install/opencv_tests:/opt/ros/foxy _=/usr/bin/env /usr/bin/cmake --build /root/CSE276A_Fall24/cse276a_ws/build/image_geometry -- -j8 -l8
[0.230s] [ 18%] Built target gtest
[0.241s] [ 36%] Built target gtest_main
[0.291s] [ 63%] Built target image_geometry
[0.354s] [ 81%] Built target image_geometry-utest
[0.401s] [100%] Built target image_geometry-utest-equi
[0.459s] Invoked command in '/root/CSE276A_Fall24/cse276a_ws/build/image_geometry' returned '0': CMAKE_PREFIX_PATH=${CMAKE_PREFIX_PATH}:/root/CSE276A_Fall24/cse276a_ws/install/opencv_tests:/opt/ros/foxy _=/usr/bin/env /usr/bin/cmake --build /root/CSE276A_Fall24/cse276a_ws/build/image_geometry -- -j8 -l8
[0.672s] Invoking command in '/root/CSE276A_Fall24/cse276a_ws/build/image_geometry': CMAKE_PREFIX_PATH=${CMAKE_PREFIX_PATH}:/root/CSE276A_Fall24/cse276a_ws/install/opencv_tests:/opt/ros/foxy _=/usr/bin/env /usr/bin/cmake --install /root/CSE276A_Fall24/cse276a_ws/build/image_geometry
[0.690s] -- Install configuration: ""
[0.691s] -- Up-to-date: /root/CSE276A_Fall24/cse276a_ws/install/image_geometry/share/image_geometry/environment/pythonpath.sh
[0.695s] -- Up-to-date: /root/CSE276A_Fall24/cse276a_ws/install/image_geometry/share/image_geometry/environment/pythonpath.dsv
[0.697s] -- Up-to-date: /root/CSE276A_Fall24/cse276a_ws/install/image_geometry/lib/python3.8/site-packages/image_geometry
[0.698s] -- Up-to-date: /root/CSE276A_Fall24/cse276a_ws/install/image_geometry/lib/python3.8/site-packages/image_geometry/__init__.py
[0.698s] -- Up-to-date: /root/CSE276A_Fall24/cse276a_ws/install/image_geometry/lib/python3.8/site-packages/image_geometry/cameramodels.py
[0.743s] Listing '/root/CSE276A_Fall24/cse276a_ws/install/image_geometry/lib/python3.8/site-packages/image_geometry'...
[0.750s] -- Up-to-date: /root/CSE276A_Fall24/cse276a_ws/install/image_geometry/include/image_geometry
[0.751s] -- Up-to-date: /root/CSE276A_Fall24/cse276a_ws/install/image_geometry/include/image_geometry/pinhole_camera_model.h
[0.751s] -- Up-to-date: /root/CSE276A_Fall24/cse276a_ws/install/image_geometry/include/image_geometry/stereo_camera_model.h
[0.752s] -- Up-to-date: /root/CSE276A_Fall24/cse276a_ws/install/image_geometry/include/image_geometry/visibility_control.hpp
[0.752s] -- Up-to-date: /root/CSE276A_Fall24/cse276a_ws/install/image_geometry/lib/libimage_geometry.so
[0.753s] -- Up-to-date: /root/CSE276A_Fall24/cse276a_ws/install/image_geometry/share/image_geometry/environment/library_path.sh
[0.753s] -- Up-to-date: /root/CSE276A_Fall24/cse276a_ws/install/image_geometry/share/image_geometry/environment/library_path.dsv
[0.754s] -- Up-to-date: /root/CSE276A_Fall24/cse276a_ws/install/image_geometry/share/ament_index/resource_index/package_run_dependencies/image_geometry
[0.755s] -- Up-to-date: /root/CSE276A_Fall24/cse276a_ws/install/image_geometry/share/ament_index/resource_index/parent_prefix_path/image_geometry
[0.756s] -- Up-to-date: /root/CSE276A_Fall24/cse276a_ws/install/image_geometry/share/image_geometry/environment/ament_prefix_path.sh
[0.757s] -- Up-to-date: /root/CSE276A_Fall24/cse276a_ws/install/image_geometry/share/image_geometry/environment/ament_prefix_path.dsv
[0.757s] -- Up-to-date: /root/CSE276A_Fall24/cse276a_ws/install/image_geometry/share/image_geometry/environment/path.sh
[0.758s] -- Up-to-date: /root/CSE276A_Fall24/cse276a_ws/install/image_geometry/share/image_geometry/environment/path.dsv
[0.760s] -- Up-to-date: /root/CSE276A_Fall24/cse276a_ws/install/image_geometry/share/image_geometry/local_setup.bash
[0.761s] -- Up-to-date: /root/CSE276A_Fall24/cse276a_ws/install/image_geometry/share/image_geometry/local_setup.sh
[0.762s] -- Up-to-date: /root/CSE276A_Fall24/cse276a_ws/install/image_geometry/share/image_geometry/local_setup.zsh
[0.762s] -- Up-to-date: /root/CSE276A_Fall24/cse276a_ws/install/image_geometry/share/image_geometry/local_setup.dsv
[0.763s] -- Installing: /root/CSE276A_Fall24/cse276a_ws/install/image_geometry/share/image_geometry/package.dsv
[0.763s] -- Up-to-date: /root/CSE276A_Fall24/cse276a_ws/install/image_geometry/share/ament_index/resource_index/packages/image_geometry
[0.764s] -- Up-to-date: /root/CSE276A_Fall24/cse276a_ws/install/image_geometry/share/image_geometry/cmake/ament_cmake_export_libraries-extras.cmake
[0.764s] -- Up-to-date: /root/CSE276A_Fall24/cse276a_ws/install/image_geometry/share/image_geometry/cmake/ament_cmake_export_dependencies-extras.cmake
[0.765s] -- Up-to-date: /root/CSE276A_Fall24/cse276a_ws/install/image_geometry/share/image_geometry/cmake/ament_cmake_export_include_directories-extras.cmake
[0.766s] -- Up-to-date: /root/CSE276A_Fall24/cse276a_ws/install/image_geometry/share/image_geometry/cmake/image_geometryConfig.cmake
[0.766s] -- Up-to-date: /root/CSE276A_Fall24/cse276a_ws/install/image_geometry/share/image_geometry/cmake/image_geometryConfig-version.cmake
[0.767s] -- Up-to-date: /root/CSE276A_Fall24/cse276a_ws/install/image_geometry/share/image_geometry/package.xml
[0.798s] Invoked command in '/root/CSE276A_Fall24/cse276a_ws/build/image_geometry' returned '0': CMAKE_PREFIX_PATH=${CMAKE_PREFIX_PATH}:/root/CSE276A_Fall24/cse276a_ws/install/opencv_tests:/opt/ros/foxy _=/usr/bin/env /usr/bin/cmake --install /root/CSE276A_Fall24/cse276a_ws/build/image_geometry
