[0.132s] Invoking command in '/root/CSE276A_Fall24/cse276a_ws/build/rb5_control': CMAKE_PREFIX_PATH=${CMAKE_PREFIX_PATH}:/root/CSE276A_Fall24/cse276a_ws/install/opencv_tests:/opt/ros/foxy _=/usr/bin/env /usr/bin/cmake /root/CSE276A_Fall24/cse276a_ws/src/rb5_ros2/rb5_control -DCMAKE_INSTALL_PREFIX=/root/CSE276A_Fall24/cse276a_ws/install/rb5_control
[0.531s] -- The C compiler identification is GNU 9.4.0
[0.816s] -- The CXX compiler identification is GNU 9.4.0
[0.825s] -- Check for working C compiler: /usr/bin/cc
[1.138s] -- Check for working C compiler: /usr/bin/cc -- works
[1.145s] -- Detecting C compiler ABI info
[1.450s] -- Detecting C compiler ABI info - done
[1.482s] -- Detecting C compile features
[1.482s] -- Detecting C compile features - done
[1.487s] -- Check for working CXX compiler: /usr/bin/c++
[1.812s] -- Check for working CXX compiler: /usr/bin/c++ -- works
[1.812s] -- Detecting CXX compiler ABI info
[2.101s] -- Detecting CXX compiler ABI info - done
[2.119s] -- Detecting CXX compile features
[2.119s] -- Detecting CXX compile features - done
[2.124s] -- Found ament_cmake: 0.9.12 (/opt/ros/foxy/share/ament_cmake/cmake)
[2.187s] -- Found PythonInterp: /usr/bin/python3 (found suitable version "3.8.10", minimum required is "3") 
[2.189s] -- Using PYTHON_EXECUTABLE: /usr/bin/python3
[2.464s] -- Found rclcpp: 2.4.3 (/opt/ros/foxy/share/rclcpp/cmake)
[2.532s] -- Using all available rosidl_typesupport_c: rosidl_typesupport_fastrtps_c;rosidl_typesupport_introspection_c
[2.544s] -- Found rosidl_adapter: 1.3.1 (/opt/ros/foxy/share/rosidl_adapter/cmake)
[3.029s] -- Found OpenSSL: /usr/lib/aarch64-linux-gnu/libcrypto.so (found version "1.1.1f")  
[3.086s] -- Found FastRTPS: /opt/ros/foxy/include  
[3.220s] -- Using all available rosidl_typesupport_cpp: rosidl_typesupport_fastrtps_cpp;rosidl_typesupport_introspection_cpp
[3.309s] -- Found rmw_implementation_cmake: 1.0.4 (/opt/ros/foxy/share/rmw_implementation_cmake/cmake)
[3.312s] -- Using RMW implementation 'rmw_fastrtps_cpp' as default
[3.314s] -- Looking for pthread.h
[3.698s] -- Looking for pthread.h - found
[3.702s] -- Performing Test CMAKE_HAVE_LIBC_PTHREAD
[4.106s] -- Performing Test CMAKE_HAVE_LIBC_PTHREAD - Failed
[4.107s] -- Looking for pthread_create in pthreads
[4.484s] -- Looking for pthread_create in pthreads - not found
[4.485s] -- Looking for pthread_create in pthread
[4.896s] -- Looking for pthread_create in pthread - found
[4.909s] -- Found Threads: TRUE  
[5.146s] -- Found rclpy: 1.0.13 (/opt/ros/foxy/share/rclpy/cmake)
[5.148s] -- Found geometry_msgs: 2.0.5 (/opt/ros/foxy/share/geometry_msgs/cmake)
[5.193s] -- Found ament_lint_auto: 0.9.8 (/opt/ros/foxy/share/ament_lint_auto/cmake)
[5.328s] -- Added test 'flake8' to check Python code syntax and style conventions
[5.329s] -- Added test 'lint_cmake' to check CMake code style
[5.331s] -- Added test 'pep257' to check Python code against some of the style conventions in PEP 257
[5.332s] -- Added test 'xmllint' to check XML markup files
[5.340s] -- Configuring done
[5.343s] -- Generating done
[5.346s] -- Build files have been written to: /root/CSE276A_Fall24/cse276a_ws/build/rb5_control
[5.363s] Invoked command in '/root/CSE276A_Fall24/cse276a_ws/build/rb5_control' returned '0': CMAKE_PREFIX_PATH=${CMAKE_PREFIX_PATH}:/root/CSE276A_Fall24/cse276a_ws/install/opencv_tests:/opt/ros/foxy _=/usr/bin/env /usr/bin/cmake /root/CSE276A_Fall24/cse276a_ws/src/rb5_ros2/rb5_control -DCMAKE_INSTALL_PREFIX=/root/CSE276A_Fall24/cse276a_ws/install/rb5_control
[5.385s] Invoking command in '/root/CSE276A_Fall24/cse276a_ws/build/rb5_control': CMAKE_PREFIX_PATH=${CMAKE_PREFIX_PATH}:/root/CSE276A_Fall24/cse276a_ws/install/opencv_tests:/opt/ros/foxy _=/usr/bin/env /usr/bin/cmake --build /root/CSE276A_Fall24/cse276a_ws/build/rb5_control -- -j8 -l8
[5.615s] Invoked command in '/root/CSE276A_Fall24/cse276a_ws/build/rb5_control' returned '0': CMAKE_PREFIX_PATH=${CMAKE_PREFIX_PATH}:/root/CSE276A_Fall24/cse276a_ws/install/opencv_tests:/opt/ros/foxy _=/usr/bin/env /usr/bin/cmake --build /root/CSE276A_Fall24/cse276a_ws/build/rb5_control -- -j8 -l8
[5.922s] Invoking command in '/root/CSE276A_Fall24/cse276a_ws/build/rb5_control': CMAKE_PREFIX_PATH=${CMAKE_PREFIX_PATH}:/root/CSE276A_Fall24/cse276a_ws/install/opencv_tests:/opt/ros/foxy _=/usr/bin/env /usr/bin/cmake --install /root/CSE276A_Fall24/cse276a_ws/build/rb5_control
[5.954s] -- Install configuration: ""
[5.956s] -- Installing: /root/CSE276A_Fall24/cse276a_ws/install/rb5_control/lib/rb5_control/launch
[5.957s] -- Installing: /root/CSE276A_Fall24/cse276a_ws/install/rb5_control/lib/rb5_control/launch/hw1_solution.launch
[5.958s] -- Installing: /root/CSE276A_Fall24/cse276a_ws/install/rb5_control/lib/rb5_control/launch/mpi_twist_control.launch
[5.959s] -- Installing: /root/CSE276A_Fall24/cse276a_ws/install/rb5_control/lib/rb5_control/hw1_solution.py
[5.961s] -- Installing: /root/CSE276A_Fall24/cse276a_ws/install/rb5_control/lib/rb5_control/mpi_twist_control_node.py
[5.964s] -- Installing: /root/CSE276A_Fall24/cse276a_ws/install/rb5_control/lib/rb5_control/mpi_control.py
[5.976s] -- Installing: /root/CSE276A_Fall24/cse276a_ws/install/rb5_control/share/ament_index/resource_index/package_run_dependencies/rb5_control
[5.978s] -- Installing: /root/CSE276A_Fall24/cse276a_ws/install/rb5_control/share/ament_index/resource_index/parent_prefix_path/rb5_control
[5.980s] -- Installing: /root/CSE276A_Fall24/cse276a_ws/install/rb5_control/share/rb5_control/environment/ament_prefix_path.sh
[5.982s] -- Installing: /root/CSE276A_Fall24/cse276a_ws/install/rb5_control/share/rb5_control/environment/ament_prefix_path.dsv
[5.984s] -- Installing: /root/CSE276A_Fall24/cse276a_ws/install/rb5_control/share/rb5_control/environment/path.sh
[5.986s] -- Installing: /root/CSE276A_Fall24/cse276a_ws/install/rb5_control/share/rb5_control/environment/path.dsv
[5.988s] -- Installing: /root/CSE276A_Fall24/cse276a_ws/install/rb5_control/share/rb5_control/local_setup.bash
[5.990s] -- Installing: /root/CSE276A_Fall24/cse276a_ws/install/rb5_control/share/rb5_control/local_setup.sh
[5.992s] -- Installing: /root/CSE276A_Fall24/cse276a_ws/install/rb5_control/share/rb5_control/local_setup.zsh
[5.994s] -- Installing: /root/CSE276A_Fall24/cse276a_ws/install/rb5_control/share/rb5_control/local_setup.dsv
[5.996s] -- Installing: /root/CSE276A_Fall24/cse276a_ws/install/rb5_control/share/rb5_control/package.dsv
[5.998s] -- Installing: /root/CSE276A_Fall24/cse276a_ws/install/rb5_control/share/ament_index/resource_index/packages/rb5_control
[5.999s] -- Installing: /root/CSE276A_Fall24/cse276a_ws/install/rb5_control/share/rb5_control/cmake/rb5_controlConfig.cmake
[6.000s] -- Installing: /root/CSE276A_Fall24/cse276a_ws/install/rb5_control/share/rb5_control/cmake/rb5_controlConfig-version.cmake
[6.002s] -- Installing: /root/CSE276A_Fall24/cse276a_ws/install/rb5_control/share/rb5_control/package.xml
[6.004s] Invoked command in '/root/CSE276A_Fall24/cse276a_ws/build/rb5_control' returned '0': CMAKE_PREFIX_PATH=${CMAKE_PREFIX_PATH}:/root/CSE276A_Fall24/cse276a_ws/install/opencv_tests:/opt/ros/foxy _=/usr/bin/env /usr/bin/cmake --install /root/CSE276A_Fall24/cse276a_ws/build/rb5_control
