[0.374s] Invoking command in '/root/CSE276A_Fall24/cse276a_ws/build/ros2_april_detection': CMAKE_PREFIX_PATH=/root/CSE276A_Fall24/cse276a_ws/install/cv_bridge:/root/CSE276A_Fall24/cse276a_ws/install/vision_opencv:/root/CSE276A_Fall24/cse276a_ws/install/ros2_april_detection:/root/CSE276A_Fall24/cse276a_ws/install/rb5_ros2_vision:/root/CSE276A_Fall24/cse276a_ws/install/rb5_ros2_control:/root/CSE276A_Fall24/cse276a_ws/install/key_joy:/root/CSE276A_Fall24/cse276a_ws/install/image_geometry:/root/CSE276A_Fall24/cse276a_ws/install/opencv_tests:/opt/ros/foxy LD_LIBRARY_PATH=/root/CSE276A_Fall24/cse276a_ws/install/cv_bridge/lib:/root/CSE276A_Fall24/cse276a_ws/install/image_geometry/lib:/opt/ros/foxy/opt/yaml_cpp_vendor/lib:/opt/ros/foxy/lib/aarch64-linux-gnu:/opt/ros/foxy/lib PYTHONPATH=/root/CSE276A_Fall24/cse276a_ws/install/cv_bridge/lib/python3.8/site-packages:/root/CSE276A_Fall24/cse276a_ws/install/rb5_ros2_control/lib/python3.8/site-packages:/root/CSE276A_Fall24/cse276a_ws/install/opencv_tests/lib/python3.8/site-packages:/root/CSE276A_Fall24/cse276a_ws/install/key_joy/lib/python3.8/site-packages:/root/CSE276A_Fall24/cse276a_ws/install/image_geometry/lib/python3.8/site-packages:/opt/ros/foxy/lib/python3.8/site-packages _=/usr/bin/env /usr/bin/cmake --build /root/CSE276A_Fall24/cse276a_ws/build/ros2_april_detection -- -j8 -l8
[0.549s] [35m[1mScanning dependencies of target april_detection_node[0m
[0.642s] [ 33%] [32mBuilding CXX object CMakeFiles/april_detection_node.dir/src/april_detection.cpp.o[0m
[0.644s] [ 66%] [32mBuilding CXX object CMakeFiles/april_detection_node.dir/src/april_detection_node.cpp.o[0m
[3.171s] [01m[K/root/CSE276A_Fall24/cse276a_ws/src/rb5_ros2/ros2_april_detection/src/april_detection.cpp:[m[K In member function ‘[01m[Kstd::tuple<std::vector<apriltag_pose_t, std::allocator<apriltag_pose_t> >, std::vector<int, std::allocator<int> >, cv::Mat> AprilDetection::processImage(cv::Mat) const[m[K’:
[3.172s] [01m[K/root/CSE276A_Fall24/cse276a_ws/src/rb5_ros2/ros2_april_detection/src/april_detection.cpp:24:21:[m[K [01;35m[Kwarning: [m[KC++ designated initializers only available with ‘[01m[K-std=c++2a[m[K’ or ‘[01m[K-std=gnu++2a[m[K’ [[01;35m[K-Wpedantic[m[K]
[3.172s]    24 |   image_u8_t im = { [01;35m[K.[m[Kwidth  = image_gray.cols,
[3.173s]       |                     [01;35m[K^[m[K
[3.174s] [01m[K/root/CSE276A_Fall24/cse276a_ws/src/rb5_ros2/ros2_april_detection/src/april_detection.cpp:25:21:[m[K [01;35m[Kwarning: [m[KC++ designated initializers only available with ‘[01m[K-std=c++2a[m[K’ or ‘[01m[K-std=gnu++2a[m[K’ [[01;35m[K-Wpedantic[m[K]
[3.174s]    25 |                     [01;35m[K.[m[Kheight = image_gray.rows,
[3.175s]       |                     [01;35m[K^[m[K
[3.175s] [01m[K/root/CSE276A_Fall24/cse276a_ws/src/rb5_ros2/ros2_april_detection/src/april_detection.cpp:26:21:[m[K [01;35m[Kwarning: [m[KC++ designated initializers only available with ‘[01m[K-std=c++2a[m[K’ or ‘[01m[K-std=gnu++2a[m[K’ [[01;35m[K-Wpedantic[m[K]
[3.176s]    26 |                     [01;35m[K.[m[Kstride = image_gray.cols,
[3.177s]       |                     [01;35m[K^[m[K
[3.177s] [01m[K/root/CSE276A_Fall24/cse276a_ws/src/rb5_ros2/ros2_april_detection/src/april_detection.cpp:27:21:[m[K [01;35m[Kwarning: [m[KC++ designated initializers only available with ‘[01m[K-std=c++2a[m[K’ or ‘[01m[K-std=gnu++2a[m[K’ [[01;35m[K-Wpedantic[m[K]
[3.178s]    27 |                     [01;35m[K.[m[Kbuf    = image_gray.data
[3.178s]       |                     [01;35m[K^[m[K
[10.094s] [100%] [32m[1mLinking CXX executable april_detection_node[0m
[11.281s] [100%] Built target april_detection_node
[11.338s] Invoked command in '/root/CSE276A_Fall24/cse276a_ws/build/ros2_april_detection' returned '0': CMAKE_PREFIX_PATH=/root/CSE276A_Fall24/cse276a_ws/install/cv_bridge:/root/CSE276A_Fall24/cse276a_ws/install/vision_opencv:/root/CSE276A_Fall24/cse276a_ws/install/ros2_april_detection:/root/CSE276A_Fall24/cse276a_ws/install/rb5_ros2_vision:/root/CSE276A_Fall24/cse276a_ws/install/rb5_ros2_control:/root/CSE276A_Fall24/cse276a_ws/install/key_joy:/root/CSE276A_Fall24/cse276a_ws/install/image_geometry:/root/CSE276A_Fall24/cse276a_ws/install/opencv_tests:/opt/ros/foxy LD_LIBRARY_PATH=/root/CSE276A_Fall24/cse276a_ws/install/cv_bridge/lib:/root/CSE276A_Fall24/cse276a_ws/install/image_geometry/lib:/opt/ros/foxy/opt/yaml_cpp_vendor/lib:/opt/ros/foxy/lib/aarch64-linux-gnu:/opt/ros/foxy/lib PYTHONPATH=/root/CSE276A_Fall24/cse276a_ws/install/cv_bridge/lib/python3.8/site-packages:/root/CSE276A_Fall24/cse276a_ws/install/rb5_ros2_control/lib/python3.8/site-packages:/root/CSE276A_Fall24/cse276a_ws/install/opencv_tests/lib/python3.8/site-packages:/root/CSE276A_Fall24/cse276a_ws/install/key_joy/lib/python3.8/site-packages:/root/CSE276A_Fall24/cse276a_ws/install/image_geometry/lib/python3.8/site-packages:/opt/ros/foxy/lib/python3.8/site-packages _=/usr/bin/env /usr/bin/cmake --build /root/CSE276A_Fall24/cse276a_ws/build/ros2_april_detection -- -j8 -l8
[11.588s] Invoking command in '/root/CSE276A_Fall24/cse276a_ws/build/ros2_april_detection': CMAKE_PREFIX_PATH=/root/CSE276A_Fall24/cse276a_ws/install/cv_bridge:/root/CSE276A_Fall24/cse276a_ws/install/vision_opencv:/root/CSE276A_Fall24/cse276a_ws/install/ros2_april_detection:/root/CSE276A_Fall24/cse276a_ws/install/rb5_ros2_vision:/root/CSE276A_Fall24/cse276a_ws/install/rb5_ros2_control:/root/CSE276A_Fall24/cse276a_ws/install/key_joy:/root/CSE276A_Fall24/cse276a_ws/install/image_geometry:/root/CSE276A_Fall24/cse276a_ws/install/opencv_tests:/opt/ros/foxy LD_LIBRARY_PATH=/root/CSE276A_Fall24/cse276a_ws/install/cv_bridge/lib:/root/CSE276A_Fall24/cse276a_ws/install/image_geometry/lib:/opt/ros/foxy/opt/yaml_cpp_vendor/lib:/opt/ros/foxy/lib/aarch64-linux-gnu:/opt/ros/foxy/lib PYTHONPATH=/root/CSE276A_Fall24/cse276a_ws/install/cv_bridge/lib/python3.8/site-packages:/root/CSE276A_Fall24/cse276a_ws/install/rb5_ros2_control/lib/python3.8/site-packages:/root/CSE276A_Fall24/cse276a_ws/install/opencv_tests/lib/python3.8/site-packages:/root/CSE276A_Fall24/cse276a_ws/install/key_joy/lib/python3.8/site-packages:/root/CSE276A_Fall24/cse276a_ws/install/image_geometry/lib/python3.8/site-packages:/opt/ros/foxy/lib/python3.8/site-packages _=/usr/bin/env /usr/bin/cmake --install /root/CSE276A_Fall24/cse276a_ws/build/ros2_april_detection
[11.621s] -- Install configuration: ""
[11.622s] -- Installing: /root/CSE276A_Fall24/cse276a_ws/install/ros2_april_detection/lib/ros2_april_detection/april_detection_node
[11.626s] -- Set runtime path of "/root/CSE276A_Fall24/cse276a_ws/install/ros2_april_detection/lib/ros2_april_detection/april_detection_node" to ""
[11.627s] -- Up-to-date: /root/CSE276A_Fall24/cse276a_ws/install/ros2_april_detection/share/ament_index/resource_index/package_run_dependencies/ros2_april_detection
[11.629s] -- Up-to-date: /root/CSE276A_Fall24/cse276a_ws/install/ros2_april_detection/share/ament_index/resource_index/parent_prefix_path/ros2_april_detection
[11.632s] -- Up-to-date: /root/CSE276A_Fall24/cse276a_ws/install/ros2_april_detection/share/ros2_april_detection/environment/ament_prefix_path.sh
[11.644s] -- Up-to-date: /root/CSE276A_Fall24/cse276a_ws/install/ros2_april_detection/share/ros2_april_detection/environment/ament_prefix_path.dsv
[11.648s] -- Up-to-date: /root/CSE276A_Fall24/cse276a_ws/install/ros2_april_detection/share/ros2_april_detection/environment/path.sh
[11.650s] -- Up-to-date: /root/CSE276A_Fall24/cse276a_ws/install/ros2_april_detection/share/ros2_april_detection/environment/path.dsv
[11.651s] -- Up-to-date: /root/CSE276A_Fall24/cse276a_ws/install/ros2_april_detection/share/ros2_april_detection/local_setup.bash
[11.653s] -- Up-to-date: /root/CSE276A_Fall24/cse276a_ws/install/ros2_april_detection/share/ros2_april_detection/local_setup.sh
[11.655s] -- Up-to-date: /root/CSE276A_Fall24/cse276a_ws/install/ros2_april_detection/share/ros2_april_detection/local_setup.zsh
[11.657s] -- Up-to-date: /root/CSE276A_Fall24/cse276a_ws/install/ros2_april_detection/share/ros2_april_detection/local_setup.dsv
[11.659s] -- Installing: /root/CSE276A_Fall24/cse276a_ws/install/ros2_april_detection/share/ros2_april_detection/package.dsv
[11.661s] -- Up-to-date: /root/CSE276A_Fall24/cse276a_ws/install/ros2_april_detection/share/ament_index/resource_index/packages/ros2_april_detection
[11.664s] -- Up-to-date: /root/CSE276A_Fall24/cse276a_ws/install/ros2_april_detection/share/ros2_april_detection/cmake/ros2_april_detectionConfig.cmake
[11.665s] -- Up-to-date: /root/CSE276A_Fall24/cse276a_ws/install/ros2_april_detection/share/ros2_april_detection/cmake/ros2_april_detectionConfig-version.cmake
[11.667s] -- Up-to-date: /root/CSE276A_Fall24/cse276a_ws/install/ros2_april_detection/share/ros2_april_detection/package.xml
[11.669s] Invoked command in '/root/CSE276A_Fall24/cse276a_ws/build/ros2_april_detection' returned '0': CMAKE_PREFIX_PATH=/root/CSE276A_Fall24/cse276a_ws/install/cv_bridge:/root/CSE276A_Fall24/cse276a_ws/install/vision_opencv:/root/CSE276A_Fall24/cse276a_ws/install/ros2_april_detection:/root/CSE276A_Fall24/cse276a_ws/install/rb5_ros2_vision:/root/CSE276A_Fall24/cse276a_ws/install/rb5_ros2_control:/root/CSE276A_Fall24/cse276a_ws/install/key_joy:/root/CSE276A_Fall24/cse276a_ws/install/image_geometry:/root/CSE276A_Fall24/cse276a_ws/install/opencv_tests:/opt/ros/foxy LD_LIBRARY_PATH=/root/CSE276A_Fall24/cse276a_ws/install/cv_bridge/lib:/root/CSE276A_Fall24/cse276a_ws/install/image_geometry/lib:/opt/ros/foxy/opt/yaml_cpp_vendor/lib:/opt/ros/foxy/lib/aarch64-linux-gnu:/opt/ros/foxy/lib PYTHONPATH=/root/CSE276A_Fall24/cse276a_ws/install/cv_bridge/lib/python3.8/site-packages:/root/CSE276A_Fall24/cse276a_ws/install/rb5_ros2_control/lib/python3.8/site-packages:/root/CSE276A_Fall24/cse276a_ws/install/opencv_tests/lib/python3.8/site-packages:/root/CSE276A_Fall24/cse276a_ws/install/key_joy/lib/python3.8/site-packages:/root/CSE276A_Fall24/cse276a_ws/install/image_geometry/lib/python3.8/site-packages:/opt/ros/foxy/lib/python3.8/site-packages _=/usr/bin/env /usr/bin/cmake --install /root/CSE276A_Fall24/cse276a_ws/build/ros2_april_detection
