[0.386s] DEBUG:colcon:Command line arguments: ['/usr/bin/colcon', 'build']
[0.386s] DEBUG:colcon:Parsed command line arguments: Namespace(allow_overriding=[], ament_cmake_args=None, base_paths=['.'], build_base='build', catkin_cmake_args=None, catkin_skip_building_tests=False, cmake_args=None, cmake_clean_cache=False, cmake_clean_first=False, cmake_force_configure=False, cmake_target=None, cmake_target_skip_unavailable=False, continue_on_error=False, event_handlers=None, executor='parallel', ignore_user_meta=False, install_base='install', log_base=None, log_level=None, main=<bound method BuildVerb.main of <colcon_core.verb.build.BuildVerb object at 0x7faf761940>>, merge_install=False, metas=['./colcon.meta'], mixin=None, mixin_files=None, mixin_verb=('build',), packages_above=None, packages_above_and_dependencies=None, packages_above_depth=None, packages_end=None, packages_ignore=None, packages_ignore_regex=None, packages_select=None, packages_select_build_failed=False, packages_select_by_dep=None, packages_select_regex=None, packages_select_test_failures=False, packages_skip=None, packages_skip_build_finished=False, packages_skip_by_dep=None, packages_skip_regex=None, packages_skip_test_passed=False, packages_skip_up_to=None, packages_start=None, packages_up_to=None, packages_up_to_regex=None, parallel_workers=8, paths=None, symlink_install=False, test_result_base=None, verb_extension=<colcon_core.verb.build.BuildVerb object at 0x7faf761940>, verb_name='build', verb_parser=<colcon_mixin.mixin.mixin_argument.MixinArgumentDecorator object at 0x7faf608910>)
[0.524s] Level 1:colcon.colcon_core.package_discovery:discover_packages(colcon_meta) check parameters
[0.524s] Level 1:colcon.colcon_core.package_discovery:discover_packages(recursive) check parameters
[0.524s] Level 1:colcon.colcon_core.package_discovery:discover_packages(ignore) check parameters
[0.524s] Level 1:colcon.colcon_core.package_discovery:discover_packages(path) check parameters
[0.524s] Level 1:colcon.colcon_core.package_discovery:discover_packages(colcon_meta) discover
[0.524s] Level 1:colcon.colcon_core.package_discovery:discover_packages(recursive) discover
[0.524s] INFO:colcon.colcon_core.package_discovery:Crawling recursively for packages in '/root/CSE276A_Fall24/cse276a_ws'
[0.524s] Level 1:colcon.colcon_core.package_identification:_identify(.) by extensions ['ignore', 'ignore_ament_install']
[0.524s] Level 1:colcon.colcon_core.package_identification:_identify(.) by extension 'ignore'
[0.524s] Level 1:colcon.colcon_core.package_identification:_identify(.) by extension 'ignore_ament_install'
[0.524s] Level 1:colcon.colcon_core.package_identification:_identify(.) by extensions ['colcon_pkg']
[0.524s] Level 1:colcon.colcon_core.package_identification:_identify(.) by extension 'colcon_pkg'
[0.524s] Level 1:colcon.colcon_core.package_identification:_identify(.) by extensions ['colcon_meta']
[0.524s] Level 1:colcon.colcon_core.package_identification:_identify(.) by extension 'colcon_meta'
[0.524s] Level 1:colcon.colcon_core.package_identification:_identify(.) by extensions ['ros']
[0.524s] Level 1:colcon.colcon_core.package_identification:_identify(.) by extension 'ros'
[0.540s] Level 1:colcon.colcon_core.package_identification:_identify(.) by extensions ['cmake', 'python']
[0.540s] Level 1:colcon.colcon_core.package_identification:_identify(.) by extension 'cmake'
[0.540s] Level 1:colcon.colcon_core.package_identification:_identify(.) by extension 'python'
[0.540s] Level 1:colcon.colcon_core.package_identification:_identify(.) by extensions ['python_setup_py']
[0.540s] Level 1:colcon.colcon_core.package_identification:_identify(.) by extension 'python_setup_py'
[0.541s] Level 1:colcon.colcon_core.package_identification:_identify(build) by extensions ['ignore', 'ignore_ament_install']
[0.541s] Level 1:colcon.colcon_core.package_identification:_identify(build) by extension 'ignore'
[0.541s] Level 1:colcon.colcon_core.package_identification:_identify(build) ignored
[0.541s] Level 1:colcon.colcon_core.package_identification:_identify(install) by extensions ['ignore', 'ignore_ament_install']
[0.541s] Level 1:colcon.colcon_core.package_identification:_identify(install) by extension 'ignore'
[0.541s] Level 1:colcon.colcon_core.package_identification:_identify(install) ignored
[0.541s] Level 1:colcon.colcon_core.package_identification:_identify(log) by extensions ['ignore', 'ignore_ament_install']
[0.541s] Level 1:colcon.colcon_core.package_identification:_identify(log) by extension 'ignore'
[0.541s] Level 1:colcon.colcon_core.package_identification:_identify(log) ignored
[0.541s] Level 1:colcon.colcon_core.package_identification:_identify(src) by extensions ['ignore', 'ignore_ament_install']
[0.541s] Level 1:colcon.colcon_core.package_identification:_identify(src) by extension 'ignore'
[0.541s] Level 1:colcon.colcon_core.package_identification:_identify(src) by extension 'ignore_ament_install'
[0.541s] Level 1:colcon.colcon_core.package_identification:_identify(src) by extensions ['colcon_pkg']
[0.541s] Level 1:colcon.colcon_core.package_identification:_identify(src) by extension 'colcon_pkg'
[0.541s] Level 1:colcon.colcon_core.package_identification:_identify(src) by extensions ['colcon_meta']
[0.542s] Level 1:colcon.colcon_core.package_identification:_identify(src) by extension 'colcon_meta'
[0.542s] Level 1:colcon.colcon_core.package_identification:_identify(src) by extensions ['ros']
[0.542s] Level 1:colcon.colcon_core.package_identification:_identify(src) by extension 'ros'
[0.542s] Level 1:colcon.colcon_core.package_identification:_identify(src) by extensions ['cmake', 'python']
[0.542s] Level 1:colcon.colcon_core.package_identification:_identify(src) by extension 'cmake'
[0.542s] Level 1:colcon.colcon_core.package_identification:_identify(src) by extension 'python'
[0.542s] Level 1:colcon.colcon_core.package_identification:_identify(src) by extensions ['python_setup_py']
[0.542s] Level 1:colcon.colcon_core.package_identification:_identify(src) by extension 'python_setup_py'
[0.542s] Level 1:colcon.colcon_core.package_identification:_identify(src/rb5_ros2) by extensions ['ignore', 'ignore_ament_install']
[0.542s] Level 1:colcon.colcon_core.package_identification:_identify(src/rb5_ros2) by extension 'ignore'
[0.542s] Level 1:colcon.colcon_core.package_identification:_identify(src/rb5_ros2) by extension 'ignore_ament_install'
[0.542s] Level 1:colcon.colcon_core.package_identification:_identify(src/rb5_ros2) by extensions ['colcon_pkg']
[0.542s] Level 1:colcon.colcon_core.package_identification:_identify(src/rb5_ros2) by extension 'colcon_pkg'
[0.542s] Level 1:colcon.colcon_core.package_identification:_identify(src/rb5_ros2) by extensions ['colcon_meta']
[0.542s] Level 1:colcon.colcon_core.package_identification:_identify(src/rb5_ros2) by extension 'colcon_meta'
[0.542s] Level 1:colcon.colcon_core.package_identification:_identify(src/rb5_ros2) by extensions ['ros']
[0.542s] Level 1:colcon.colcon_core.package_identification:_identify(src/rb5_ros2) by extension 'ros'
[0.542s] Level 1:colcon.colcon_core.package_identification:_identify(src/rb5_ros2) by extensions ['cmake', 'python']
[0.542s] Level 1:colcon.colcon_core.package_identification:_identify(src/rb5_ros2) by extension 'cmake'
[0.542s] Level 1:colcon.colcon_core.package_identification:_identify(src/rb5_ros2) by extension 'python'
[0.542s] Level 1:colcon.colcon_core.package_identification:_identify(src/rb5_ros2) by extensions ['python_setup_py']
[0.543s] Level 1:colcon.colcon_core.package_identification:_identify(src/rb5_ros2) by extension 'python_setup_py'
[0.543s] Level 1:colcon.colcon_core.package_identification:_identify(src/rb5_ros2/build) by extensions ['ignore', 'ignore_ament_install']
[0.543s] Level 1:colcon.colcon_core.package_identification:_identify(src/rb5_ros2/build) by extension 'ignore'
[0.543s] Level 1:colcon.colcon_core.package_identification:_identify(src/rb5_ros2/build) ignored
[0.543s] Level 1:colcon.colcon_core.package_identification:_identify(src/rb5_ros2/install) by extensions ['ignore', 'ignore_ament_install']
[0.543s] Level 1:colcon.colcon_core.package_identification:_identify(src/rb5_ros2/install) by extension 'ignore'
[0.543s] Level 1:colcon.colcon_core.package_identification:_identify(src/rb5_ros2/install) ignored
[0.543s] Level 1:colcon.colcon_core.package_identification:_identify(src/rb5_ros2/key_joy) by extensions ['ignore', 'ignore_ament_install']
[0.543s] Level 1:colcon.colcon_core.package_identification:_identify(src/rb5_ros2/key_joy) by extension 'ignore'
[0.543s] Level 1:colcon.colcon_core.package_identification:_identify(src/rb5_ros2/key_joy) by extension 'ignore_ament_install'
[0.543s] Level 1:colcon.colcon_core.package_identification:_identify(src/rb5_ros2/key_joy) by extensions ['colcon_pkg']
[0.543s] Level 1:colcon.colcon_core.package_identification:_identify(src/rb5_ros2/key_joy) by extension 'colcon_pkg'
[0.543s] Level 1:colcon.colcon_core.package_identification:_identify(src/rb5_ros2/key_joy) by extensions ['colcon_meta']
[0.543s] Level 1:colcon.colcon_core.package_identification:_identify(src/rb5_ros2/key_joy) by extension 'colcon_meta'
[0.543s] Level 1:colcon.colcon_core.package_identification:_identify(src/rb5_ros2/key_joy) by extensions ['ros']
[0.543s] Level 1:colcon.colcon_core.package_identification:_identify(src/rb5_ros2/key_joy) by extension 'ros'
[0.547s] DEBUG:colcon.colcon_core.package_identification:Package 'src/rb5_ros2/key_joy' with type 'ros.ament_cmake' and name 'key_joy'
[0.547s] Level 1:colcon.colcon_core.package_identification:_identify(src/rb5_ros2/log) by extensions ['ignore', 'ignore_ament_install']
[0.547s] Level 1:colcon.colcon_core.package_identification:_identify(src/rb5_ros2/log) by extension 'ignore'
[0.547s] Level 1:colcon.colcon_core.package_identification:_identify(src/rb5_ros2/log) ignored
[0.547s] Level 1:colcon.colcon_core.package_identification:_identify(src/rb5_ros2/rb5_ros2_control) by extensions ['ignore', 'ignore_ament_install']
[0.547s] Level 1:colcon.colcon_core.package_identification:_identify(src/rb5_ros2/rb5_ros2_control) by extension 'ignore'
[0.547s] Level 1:colcon.colcon_core.package_identification:_identify(src/rb5_ros2/rb5_ros2_control) by extension 'ignore_ament_install'
[0.547s] Level 1:colcon.colcon_core.package_identification:_identify(src/rb5_ros2/rb5_ros2_control) by extensions ['colcon_pkg']
[0.547s] Level 1:colcon.colcon_core.package_identification:_identify(src/rb5_ros2/rb5_ros2_control) by extension 'colcon_pkg'
[0.547s] Level 1:colcon.colcon_core.package_identification:_identify(src/rb5_ros2/rb5_ros2_control) by extensions ['colcon_meta']
[0.547s] Level 1:colcon.colcon_core.package_identification:_identify(src/rb5_ros2/rb5_ros2_control) by extension 'colcon_meta'
[0.547s] Level 1:colcon.colcon_core.package_identification:_identify(src/rb5_ros2/rb5_ros2_control) by extensions ['ros']
[0.548s] Level 1:colcon.colcon_core.package_identification:_identify(src/rb5_ros2/rb5_ros2_control) by extension 'ros'
[0.548s] DEBUG:colcon.colcon_core.package_identification:Package 'src/rb5_ros2/rb5_ros2_control' with type 'ros.ament_cmake' and name 'rb5_ros2_control'
[0.548s] Level 1:colcon.colcon_core.package_identification:_identify(src/rb5_ros2/rb5_ros2_vision) by extensions ['ignore', 'ignore_ament_install']
[0.549s] Level 1:colcon.colcon_core.package_identification:_identify(src/rb5_ros2/rb5_ros2_vision) by extension 'ignore'
[0.549s] Level 1:colcon.colcon_core.package_identification:_identify(src/rb5_ros2/rb5_ros2_vision) by extension 'ignore_ament_install'
[0.549s] Level 1:colcon.colcon_core.package_identification:_identify(src/rb5_ros2/rb5_ros2_vision) by extensions ['colcon_pkg']
[0.549s] Level 1:colcon.colcon_core.package_identification:_identify(src/rb5_ros2/rb5_ros2_vision) by extension 'colcon_pkg'
[0.549s] Level 1:colcon.colcon_core.package_identification:_identify(src/rb5_ros2/rb5_ros2_vision) by extensions ['colcon_meta']
[0.549s] Level 1:colcon.colcon_core.package_identification:_identify(src/rb5_ros2/rb5_ros2_vision) by extension 'colcon_meta'
[0.549s] Level 1:colcon.colcon_core.package_identification:_identify(src/rb5_ros2/rb5_ros2_vision) by extensions ['ros']
[0.549s] Level 1:colcon.colcon_core.package_identification:_identify(src/rb5_ros2/rb5_ros2_vision) by extension 'ros'
[0.550s] DEBUG:colcon.colcon_core.package_identification:Package 'src/rb5_ros2/rb5_ros2_vision' with type 'ros.ament_cmake' and name 'rb5_ros2_vision'
[0.550s] Level 1:colcon.colcon_core.package_identification:_identify(src/rb5_ros2/ros2_april_detection) by extensions ['ignore', 'ignore_ament_install']
[0.550s] Level 1:colcon.colcon_core.package_identification:_identify(src/rb5_ros2/ros2_april_detection) by extension 'ignore'
[0.550s] Level 1:colcon.colcon_core.package_identification:_identify(src/rb5_ros2/ros2_april_detection) by extension 'ignore_ament_install'
[0.550s] Level 1:colcon.colcon_core.package_identification:_identify(src/rb5_ros2/ros2_april_detection) by extensions ['colcon_pkg']
[0.550s] Level 1:colcon.colcon_core.package_identification:_identify(src/rb5_ros2/ros2_april_detection) by extension 'colcon_pkg'
[0.550s] Level 1:colcon.colcon_core.package_identification:_identify(src/rb5_ros2/ros2_april_detection) by extensions ['colcon_meta']
[0.550s] Level 1:colcon.colcon_core.package_identification:_identify(src/rb5_ros2/ros2_april_detection) by extension 'colcon_meta'
[0.550s] Level 1:colcon.colcon_core.package_identification:_identify(src/rb5_ros2/ros2_april_detection) by extensions ['ros']
[0.550s] Level 1:colcon.colcon_core.package_identification:_identify(src/rb5_ros2/ros2_april_detection) by extension 'ros'
[0.551s] DEBUG:colcon.colcon_core.package_identification:Package 'src/rb5_ros2/ros2_april_detection' with type 'ros.ament_cmake' and name 'ros2_april_detection'
[0.551s] Level 1:colcon.colcon_core.package_discovery:discover_packages(recursive) using defaults
[0.551s] Level 1:colcon.colcon_core.package_discovery:discover_packages(ignore) discover
[0.551s] Level 1:colcon.colcon_core.package_discovery:discover_packages(ignore) using defaults
[0.551s] Level 1:colcon.colcon_core.package_discovery:discover_packages(path) discover
[0.551s] Level 1:colcon.colcon_core.package_discovery:discover_packages(path) using defaults
[0.577s] Level 1:colcon.colcon_core.package_discovery:discover_packages(prefix_path) check parameters
[0.577s] Level 1:colcon.colcon_core.package_discovery:discover_packages(prefix_path) discover
[0.580s] DEBUG:colcon.colcon_installed_package_information.package_discovery:Found 4 installed packages in /root/CSE276A_Fall24/cse276a_ws/install
[0.581s] DEBUG:colcon.colcon_installed_package_information.package_discovery:Found 173 installed packages in /opt/ros/foxy
[0.583s] Level 1:colcon.colcon_core.package_discovery:discover_packages(prefix_path) using defaults
[0.624s] Level 5:colcon.colcon_core.verb:set package 'key_joy' build argument 'cmake_args' from command line to 'None'
[0.624s] Level 5:colcon.colcon_core.verb:set package 'key_joy' build argument 'cmake_target' from command line to 'None'
[0.624s] Level 5:colcon.colcon_core.verb:set package 'key_joy' build argument 'cmake_target_skip_unavailable' from command line to 'False'
[0.624s] Level 5:colcon.colcon_core.verb:set package 'key_joy' build argument 'cmake_clean_cache' from command line to 'False'
[0.624s] Level 5:colcon.colcon_core.verb:set package 'key_joy' build argument 'cmake_clean_first' from command line to 'False'
[0.624s] Level 5:colcon.colcon_core.verb:set package 'key_joy' build argument 'cmake_force_configure' from command line to 'False'
[0.624s] Level 5:colcon.colcon_core.verb:set package 'key_joy' build argument 'ament_cmake_args' from command line to 'None'
[0.624s] Level 5:colcon.colcon_core.verb:set package 'key_joy' build argument 'catkin_cmake_args' from command line to 'None'
[0.624s] Level 5:colcon.colcon_core.verb:set package 'key_joy' build argument 'catkin_skip_building_tests' from command line to 'False'
[0.624s] DEBUG:colcon.colcon_core.verb:Building package 'key_joy' with the following arguments: {'ament_cmake_args': None, 'build_base': '/root/CSE276A_Fall24/cse276a_ws/build/key_joy', 'catkin_cmake_args': None, 'catkin_skip_building_tests': False, 'cmake_args': None, 'cmake_clean_cache': False, 'cmake_clean_first': False, 'cmake_force_configure': False, 'cmake_target': None, 'cmake_target_skip_unavailable': False, 'install_base': '/root/CSE276A_Fall24/cse276a_ws/install/key_joy', 'merge_install': False, 'path': '/root/CSE276A_Fall24/cse276a_ws/src/rb5_ros2/key_joy', 'symlink_install': False, 'test_result_base': None}
[0.625s] Level 5:colcon.colcon_core.verb:set package 'rb5_ros2_control' build argument 'cmake_args' from command line to 'None'
[0.625s] Level 5:colcon.colcon_core.verb:set package 'rb5_ros2_control' build argument 'cmake_target' from command line to 'None'
[0.625s] Level 5:colcon.colcon_core.verb:set package 'rb5_ros2_control' build argument 'cmake_target_skip_unavailable' from command line to 'False'
[0.625s] Level 5:colcon.colcon_core.verb:set package 'rb5_ros2_control' build argument 'cmake_clean_cache' from command line to 'False'
[0.625s] Level 5:colcon.colcon_core.verb:set package 'rb5_ros2_control' build argument 'cmake_clean_first' from command line to 'False'
[0.625s] Level 5:colcon.colcon_core.verb:set package 'rb5_ros2_control' build argument 'cmake_force_configure' from command line to 'False'
[0.625s] Level 5:colcon.colcon_core.verb:set package 'rb5_ros2_control' build argument 'ament_cmake_args' from command line to 'None'
[0.625s] Level 5:colcon.colcon_core.verb:set package 'rb5_ros2_control' build argument 'catkin_cmake_args' from command line to 'None'
[0.625s] Level 5:colcon.colcon_core.verb:set package 'rb5_ros2_control' build argument 'catkin_skip_building_tests' from command line to 'False'
[0.625s] DEBUG:colcon.colcon_core.verb:Building package 'rb5_ros2_control' with the following arguments: {'ament_cmake_args': None, 'build_base': '/root/CSE276A_Fall24/cse276a_ws/build/rb5_ros2_control', 'catkin_cmake_args': None, 'catkin_skip_building_tests': False, 'cmake_args': None, 'cmake_clean_cache': False, 'cmake_clean_first': False, 'cmake_force_configure': False, 'cmake_target': None, 'cmake_target_skip_unavailable': False, 'install_base': '/root/CSE276A_Fall24/cse276a_ws/install/rb5_ros2_control', 'merge_install': False, 'path': '/root/CSE276A_Fall24/cse276a_ws/src/rb5_ros2/rb5_ros2_control', 'symlink_install': False, 'test_result_base': None}
[0.625s] Level 5:colcon.colcon_core.verb:set package 'rb5_ros2_vision' build argument 'cmake_args' from command line to 'None'
[0.625s] Level 5:colcon.colcon_core.verb:set package 'rb5_ros2_vision' build argument 'cmake_target' from command line to 'None'
[0.625s] Level 5:colcon.colcon_core.verb:set package 'rb5_ros2_vision' build argument 'cmake_target_skip_unavailable' from command line to 'False'
[0.625s] Level 5:colcon.colcon_core.verb:set package 'rb5_ros2_vision' build argument 'cmake_clean_cache' from command line to 'False'
[0.625s] Level 5:colcon.colcon_core.verb:set package 'rb5_ros2_vision' build argument 'cmake_clean_first' from command line to 'False'
[0.625s] Level 5:colcon.colcon_core.verb:set package 'rb5_ros2_vision' build argument 'cmake_force_configure' from command line to 'False'
[0.625s] Level 5:colcon.colcon_core.verb:set package 'rb5_ros2_vision' build argument 'ament_cmake_args' from command line to 'None'
[0.625s] Level 5:colcon.colcon_core.verb:set package 'rb5_ros2_vision' build argument 'catkin_cmake_args' from command line to 'None'
[0.625s] Level 5:colcon.colcon_core.verb:set package 'rb5_ros2_vision' build argument 'catkin_skip_building_tests' from command line to 'False'
[0.625s] DEBUG:colcon.colcon_core.verb:Building package 'rb5_ros2_vision' with the following arguments: {'ament_cmake_args': None, 'build_base': '/root/CSE276A_Fall24/cse276a_ws/build/rb5_ros2_vision', 'catkin_cmake_args': None, 'catkin_skip_building_tests': False, 'cmake_args': None, 'cmake_clean_cache': False, 'cmake_clean_first': False, 'cmake_force_configure': False, 'cmake_target': None, 'cmake_target_skip_unavailable': False, 'install_base': '/root/CSE276A_Fall24/cse276a_ws/install/rb5_ros2_vision', 'merge_install': False, 'path': '/root/CSE276A_Fall24/cse276a_ws/src/rb5_ros2/rb5_ros2_vision', 'symlink_install': False, 'test_result_base': None}
[0.626s] Level 5:colcon.colcon_core.verb:set package 'ros2_april_detection' build argument 'cmake_args' from command line to 'None'
[0.626s] Level 5:colcon.colcon_core.verb:set package 'ros2_april_detection' build argument 'cmake_target' from command line to 'None'
[0.626s] Level 5:colcon.colcon_core.verb:set package 'ros2_april_detection' build argument 'cmake_target_skip_unavailable' from command line to 'False'
[0.626s] Level 5:colcon.colcon_core.verb:set package 'ros2_april_detection' build argument 'cmake_clean_cache' from command line to 'False'
[0.626s] Level 5:colcon.colcon_core.verb:set package 'ros2_april_detection' build argument 'cmake_clean_first' from command line to 'False'
[0.626s] Level 5:colcon.colcon_core.verb:set package 'ros2_april_detection' build argument 'cmake_force_configure' from command line to 'False'
[0.626s] Level 5:colcon.colcon_core.verb:set package 'ros2_april_detection' build argument 'ament_cmake_args' from command line to 'None'
[0.626s] Level 5:colcon.colcon_core.verb:set package 'ros2_april_detection' build argument 'catkin_cmake_args' from command line to 'None'
[0.626s] Level 5:colcon.colcon_core.verb:set package 'ros2_april_detection' build argument 'catkin_skip_building_tests' from command line to 'False'
[0.626s] DEBUG:colcon.colcon_core.verb:Building package 'ros2_april_detection' with the following arguments: {'ament_cmake_args': None, 'build_base': '/root/CSE276A_Fall24/cse276a_ws/build/ros2_april_detection', 'catkin_cmake_args': None, 'catkin_skip_building_tests': False, 'cmake_args': None, 'cmake_clean_cache': False, 'cmake_clean_first': False, 'cmake_force_configure': False, 'cmake_target': None, 'cmake_target_skip_unavailable': False, 'install_base': '/root/CSE276A_Fall24/cse276a_ws/install/ros2_april_detection', 'merge_install': False, 'path': '/root/CSE276A_Fall24/cse276a_ws/src/rb5_ros2/ros2_april_detection', 'symlink_install': False, 'test_result_base': None}
[0.626s] INFO:colcon.colcon_core.executor:Executing jobs using 'parallel' executor
[0.628s] DEBUG:colcon.colcon_parallel_executor.executor.parallel:run_until_complete
[0.628s] INFO:colcon.colcon_ros.task.ament_cmake.build:Building ROS package in '/root/CSE276A_Fall24/cse276a_ws/src/rb5_ros2/key_joy' with build type 'ament_cmake'
[0.629s] INFO:colcon.colcon_cmake.task.cmake.build:Building CMake package in '/root/CSE276A_Fall24/cse276a_ws/src/rb5_ros2/key_joy'
[0.636s] INFO:colcon.colcon_core.plugin_system:Skipping extension 'colcon_core.shell.bat': Not used on non-Windows systems
[0.636s] INFO:colcon.colcon_core.shell:Skip shell extension 'powershell' for command environment: Not usable outside of PowerShell
[0.636s] DEBUG:colcon.colcon_core.shell:Skip shell extension 'dsv' for command environment
[0.654s] INFO:colcon.colcon_ros.task.ament_cmake.build:Building ROS package in '/root/CSE276A_Fall24/cse276a_ws/src/rb5_ros2/rb5_ros2_control' with build type 'ament_cmake'
[0.655s] INFO:colcon.colcon_cmake.task.cmake.build:Building CMake package in '/root/CSE276A_Fall24/cse276a_ws/src/rb5_ros2/rb5_ros2_control'
[0.655s] INFO:colcon.colcon_core.shell:Skip shell extension 'powershell' for command environment: Not usable outside of PowerShell
[0.655s] DEBUG:colcon.colcon_core.shell:Skip shell extension 'dsv' for command environment
[0.667s] INFO:colcon.colcon_ros.task.ament_cmake.build:Building ROS package in '/root/CSE276A_Fall24/cse276a_ws/src/rb5_ros2/rb5_ros2_vision' with build type 'ament_cmake'
[0.667s] INFO:colcon.colcon_cmake.task.cmake.build:Building CMake package in '/root/CSE276A_Fall24/cse276a_ws/src/rb5_ros2/rb5_ros2_vision'
[0.668s] INFO:colcon.colcon_core.shell:Skip shell extension 'powershell' for command environment: Not usable outside of PowerShell
[0.668s] DEBUG:colcon.colcon_core.shell:Skip shell extension 'dsv' for command environment
[0.678s] INFO:colcon.colcon_ros.task.ament_cmake.build:Building ROS package in '/root/CSE276A_Fall24/cse276a_ws/src/rb5_ros2/ros2_april_detection' with build type 'ament_cmake'
[0.679s] INFO:colcon.colcon_cmake.task.cmake.build:Building CMake package in '/root/CSE276A_Fall24/cse276a_ws/src/rb5_ros2/ros2_april_detection'
[0.679s] INFO:colcon.colcon_core.shell:Skip shell extension 'powershell' for command environment: Not usable outside of PowerShell
[0.679s] DEBUG:colcon.colcon_core.shell:Skip shell extension 'dsv' for command environment
[0.704s] DEBUG:colcon.colcon_core.event_handler.log_command:Invoking command in '/root/CSE276A_Fall24/cse276a_ws/build/key_joy': CMAKE_PREFIX_PATH=${CMAKE_PREFIX_PATH}:/opt/ros/foxy _=/usr/bin/env /usr/bin/cmake --build /root/CSE276A_Fall24/cse276a_ws/build/key_joy -- -j8 -l8
[0.736s] DEBUG:colcon.colcon_core.event_handler.log_command:Invoking command in '/root/CSE276A_Fall24/cse276a_ws/build/rb5_ros2_control': CMAKE_PREFIX_PATH=${CMAKE_PREFIX_PATH}:/opt/ros/foxy _=/usr/bin/env /usr/bin/cmake --build /root/CSE276A_Fall24/cse276a_ws/build/rb5_ros2_control -- -j8 -l8
[0.749s] DEBUG:colcon.colcon_core.event_handler.log_command:Invoking command in '/root/CSE276A_Fall24/cse276a_ws/build/rb5_ros2_vision': CMAKE_PREFIX_PATH=${CMAKE_PREFIX_PATH}:/opt/ros/foxy _=/usr/bin/env /usr/bin/cmake --build /root/CSE276A_Fall24/cse276a_ws/build/rb5_ros2_vision -- -j8 -l8
[0.780s] DEBUG:colcon.colcon_core.event_handler.log_command:Invoking command in '/root/CSE276A_Fall24/cse276a_ws/build/ros2_april_detection': CMAKE_PREFIX_PATH=${CMAKE_PREFIX_PATH}:/opt/ros/foxy _=/usr/bin/env /usr/bin/cmake --build /root/CSE276A_Fall24/cse276a_ws/build/ros2_april_detection -- -j8 -l8
[0.919s] DEBUG:colcon.colcon_core.event_handler.log_command:Invoked command in '/root/CSE276A_Fall24/cse276a_ws/build/rb5_ros2_control' returned '0': CMAKE_PREFIX_PATH=${CMAKE_PREFIX_PATH}:/opt/ros/foxy _=/usr/bin/env /usr/bin/cmake --build /root/CSE276A_Fall24/cse276a_ws/build/rb5_ros2_control -- -j8 -l8
[0.940s] DEBUG:colcon.colcon_core.event_handler.log_command:Invoked command in '/root/CSE276A_Fall24/cse276a_ws/build/key_joy' returned '0': CMAKE_PREFIX_PATH=${CMAKE_PREFIX_PATH}:/opt/ros/foxy _=/usr/bin/env /usr/bin/cmake --build /root/CSE276A_Fall24/cse276a_ws/build/key_joy -- -j8 -l8
[1.019s] DEBUG:colcon.colcon_core.event_handler.log_command:Invoked command in '/root/CSE276A_Fall24/cse276a_ws/build/rb5_ros2_vision' returned '0': CMAKE_PREFIX_PATH=${CMAKE_PREFIX_PATH}:/opt/ros/foxy _=/usr/bin/env /usr/bin/cmake --build /root/CSE276A_Fall24/cse276a_ws/build/rb5_ros2_vision -- -j8 -l8
[1.092s] DEBUG:colcon.colcon_core.event_handler.log_command:Invoking command in '/root/CSE276A_Fall24/cse276a_ws/build/rb5_ros2_control': CMAKE_PREFIX_PATH=${CMAKE_PREFIX_PATH}:/opt/ros/foxy _=/usr/bin/env /usr/bin/cmake --install /root/CSE276A_Fall24/cse276a_ws/build/rb5_ros2_control
[1.126s] DEBUG:colcon.colcon_core.event_handler.log_command:Invoking command in '/root/CSE276A_Fall24/cse276a_ws/build/key_joy': CMAKE_PREFIX_PATH=${CMAKE_PREFIX_PATH}:/opt/ros/foxy _=/usr/bin/env /usr/bin/cmake --install /root/CSE276A_Fall24/cse276a_ws/build/key_joy
[1.142s] DEBUG:colcon.colcon_core.event_handler.log_command:Invoked command in '/root/CSE276A_Fall24/cse276a_ws/build/ros2_april_detection' returned '0': CMAKE_PREFIX_PATH=${CMAKE_PREFIX_PATH}:/opt/ros/foxy _=/usr/bin/env /usr/bin/cmake --build /root/CSE276A_Fall24/cse276a_ws/build/ros2_april_detection -- -j8 -l8
[1.182s] DEBUG:colcon.colcon_core.event_handler.log_command:Invoking command in '/root/CSE276A_Fall24/cse276a_ws/build/rb5_ros2_vision': CMAKE_PREFIX_PATH=${CMAKE_PREFIX_PATH}:/opt/ros/foxy _=/usr/bin/env /usr/bin/cmake --install /root/CSE276A_Fall24/cse276a_ws/build/rb5_ros2_vision
[1.198s] Level 1:colcon.colcon_core.environment:create_environment_scripts_only(rb5_ros2_control)
[1.201s] DEBUG:colcon.colcon_core.event_handler.log_command:Invoked command in '/root/CSE276A_Fall24/cse276a_ws/build/rb5_ros2_control' returned '0': CMAKE_PREFIX_PATH=${CMAKE_PREFIX_PATH}:/opt/ros/foxy _=/usr/bin/env /usr/bin/cmake --install /root/CSE276A_Fall24/cse276a_ws/build/rb5_ros2_control
[1.233s] Level 1:colcon.colcon_core.environment:checking '/root/CSE276A_Fall24/cse276a_ws/install/rb5_ros2_control' for CMake module files
[1.240s] Level 1:colcon.colcon_core.environment:checking '/root/CSE276A_Fall24/cse276a_ws/install/rb5_ros2_control' for CMake config files
[1.244s] Level 1:colcon.colcon_core.shell:create_environment_hook('rb5_ros2_control', 'cmake_prefix_path')
[1.245s] INFO:colcon.colcon_core.shell:Creating environment hook '/root/CSE276A_Fall24/cse276a_ws/install/rb5_ros2_control/share/rb5_ros2_control/hook/cmake_prefix_path.ps1'
[1.251s] INFO:colcon.colcon_core.shell:Creating environment descriptor '/root/CSE276A_Fall24/cse276a_ws/install/rb5_ros2_control/share/rb5_ros2_control/hook/cmake_prefix_path.dsv'
[1.253s] INFO:colcon.colcon_core.shell:Creating environment hook '/root/CSE276A_Fall24/cse276a_ws/install/rb5_ros2_control/share/rb5_ros2_control/hook/cmake_prefix_path.sh'
[1.258s] Level 1:colcon.colcon_core.environment:checking '/root/CSE276A_Fall24/cse276a_ws/install/rb5_ros2_control/lib'
[1.259s] Level 1:colcon.colcon_core.environment:checking '/root/CSE276A_Fall24/cse276a_ws/install/rb5_ros2_control/bin'
[1.259s] Level 1:colcon.colcon_core.environment:checking '/root/CSE276A_Fall24/cse276a_ws/install/rb5_ros2_control/lib/pkgconfig/rb5_ros2_control.pc'
[1.260s] Level 1:colcon.colcon_core.environment:checking '/root/CSE276A_Fall24/cse276a_ws/install/rb5_ros2_control/lib/python3.8/site-packages'
[1.260s] Level 1:colcon.colcon_core.shell:create_environment_hook('rb5_ros2_control', 'pythonpath')
[1.262s] INFO:colcon.colcon_core.shell:Creating environment hook '/root/CSE276A_Fall24/cse276a_ws/install/rb5_ros2_control/share/rb5_ros2_control/hook/pythonpath.ps1'
[1.263s] INFO:colcon.colcon_core.shell:Creating environment descriptor '/root/CSE276A_Fall24/cse276a_ws/install/rb5_ros2_control/share/rb5_ros2_control/hook/pythonpath.dsv'
[1.264s] INFO:colcon.colcon_core.shell:Creating environment hook '/root/CSE276A_Fall24/cse276a_ws/install/rb5_ros2_control/share/rb5_ros2_control/hook/pythonpath.sh'
[1.266s] Level 1:colcon.colcon_core.environment:checking '/root/CSE276A_Fall24/cse276a_ws/install/rb5_ros2_control/bin'
[1.269s] INFO:colcon.colcon_core.shell:Creating package script '/root/CSE276A_Fall24/cse276a_ws/install/rb5_ros2_control/share/rb5_ros2_control/package.ps1'
[1.270s] INFO:colcon.colcon_core.shell:Creating package descriptor '/root/CSE276A_Fall24/cse276a_ws/install/rb5_ros2_control/share/rb5_ros2_control/package.dsv'
[1.271s] INFO:colcon.colcon_core.shell:Creating package script '/root/CSE276A_Fall24/cse276a_ws/install/rb5_ros2_control/share/rb5_ros2_control/package.sh'
[1.272s] INFO:colcon.colcon_core.shell:Creating package script '/root/CSE276A_Fall24/cse276a_ws/install/rb5_ros2_control/share/rb5_ros2_control/package.bash'
[1.274s] INFO:colcon.colcon_core.shell:Creating package script '/root/CSE276A_Fall24/cse276a_ws/install/rb5_ros2_control/share/rb5_ros2_control/package.zsh'
[1.275s] Level 1:colcon.colcon_core.environment:create_file_with_runtime_dependencies(/root/CSE276A_Fall24/cse276a_ws/install/rb5_ros2_control/share/colcon-core/packages/rb5_ros2_control)
[1.301s] Level 1:colcon.colcon_core.environment:create_environment_scripts_only(rb5_ros2_vision)
[1.304s] Level 1:colcon.colcon_core.environment:checking '/root/CSE276A_Fall24/cse276a_ws/install/rb5_ros2_vision' for CMake module files
[1.306s] DEBUG:colcon.colcon_core.event_handler.log_command:Invoked command in '/root/CSE276A_Fall24/cse276a_ws/build/rb5_ros2_vision' returned '0': CMAKE_PREFIX_PATH=${CMAKE_PREFIX_PATH}:/opt/ros/foxy _=/usr/bin/env /usr/bin/cmake --install /root/CSE276A_Fall24/cse276a_ws/build/rb5_ros2_vision
[1.309s] Level 1:colcon.colcon_core.environment:checking '/root/CSE276A_Fall24/cse276a_ws/install/rb5_ros2_vision' for CMake config files
[1.310s] Level 1:colcon.colcon_core.shell:create_environment_hook('rb5_ros2_vision', 'cmake_prefix_path')
[1.311s] INFO:colcon.colcon_core.shell:Creating environment hook '/root/CSE276A_Fall24/cse276a_ws/install/rb5_ros2_vision/share/rb5_ros2_vision/hook/cmake_prefix_path.ps1'
[1.314s] INFO:colcon.colcon_core.shell:Creating environment descriptor '/root/CSE276A_Fall24/cse276a_ws/install/rb5_ros2_vision/share/rb5_ros2_vision/hook/cmake_prefix_path.dsv'
[1.315s] INFO:colcon.colcon_core.shell:Creating environment hook '/root/CSE276A_Fall24/cse276a_ws/install/rb5_ros2_vision/share/rb5_ros2_vision/hook/cmake_prefix_path.sh'
[1.317s] Level 1:colcon.colcon_core.environment:checking '/root/CSE276A_Fall24/cse276a_ws/install/rb5_ros2_vision/lib'
[1.317s] Level 1:colcon.colcon_core.environment:checking '/root/CSE276A_Fall24/cse276a_ws/install/rb5_ros2_vision/bin'
[1.317s] Level 1:colcon.colcon_core.environment:checking '/root/CSE276A_Fall24/cse276a_ws/install/rb5_ros2_vision/lib/pkgconfig/rb5_ros2_vision.pc'
[1.318s] Level 1:colcon.colcon_core.environment:checking '/root/CSE276A_Fall24/cse276a_ws/install/rb5_ros2_vision/lib/python3.8/site-packages'
[1.318s] Level 1:colcon.colcon_core.environment:checking '/root/CSE276A_Fall24/cse276a_ws/install/rb5_ros2_vision/bin'
[1.318s] INFO:colcon.colcon_core.shell:Creating package script '/root/CSE276A_Fall24/cse276a_ws/install/rb5_ros2_vision/share/rb5_ros2_vision/package.ps1'
[1.319s] INFO:colcon.colcon_core.shell:Creating package descriptor '/root/CSE276A_Fall24/cse276a_ws/install/rb5_ros2_vision/share/rb5_ros2_vision/package.dsv'
[1.319s] INFO:colcon.colcon_core.shell:Creating package script '/root/CSE276A_Fall24/cse276a_ws/install/rb5_ros2_vision/share/rb5_ros2_vision/package.sh'
[1.320s] INFO:colcon.colcon_core.shell:Creating package script '/root/CSE276A_Fall24/cse276a_ws/install/rb5_ros2_vision/share/rb5_ros2_vision/package.bash'
[1.320s] INFO:colcon.colcon_core.shell:Creating package script '/root/CSE276A_Fall24/cse276a_ws/install/rb5_ros2_vision/share/rb5_ros2_vision/package.zsh'
[1.321s] Level 1:colcon.colcon_core.environment:create_file_with_runtime_dependencies(/root/CSE276A_Fall24/cse276a_ws/install/rb5_ros2_vision/share/colcon-core/packages/rb5_ros2_vision)
[1.341s] Level 1:colcon.colcon_core.environment:create_environment_scripts_only(key_joy)
[1.345s] DEBUG:colcon.colcon_core.event_handler.log_command:Invoked command in '/root/CSE276A_Fall24/cse276a_ws/build/key_joy' returned '0': CMAKE_PREFIX_PATH=${CMAKE_PREFIX_PATH}:/opt/ros/foxy _=/usr/bin/env /usr/bin/cmake --install /root/CSE276A_Fall24/cse276a_ws/build/key_joy
[1.346s] Level 1:colcon.colcon_core.environment:checking '/root/CSE276A_Fall24/cse276a_ws/install/key_joy' for CMake module files
[1.347s] Level 1:colcon.colcon_core.environment:checking '/root/CSE276A_Fall24/cse276a_ws/install/key_joy' for CMake config files
[1.348s] Level 1:colcon.colcon_core.shell:create_environment_hook('key_joy', 'cmake_prefix_path')
[1.349s] INFO:colcon.colcon_core.shell:Creating environment hook '/root/CSE276A_Fall24/cse276a_ws/install/key_joy/share/key_joy/hook/cmake_prefix_path.ps1'
[1.351s] INFO:colcon.colcon_core.shell:Creating environment descriptor '/root/CSE276A_Fall24/cse276a_ws/install/key_joy/share/key_joy/hook/cmake_prefix_path.dsv'
[1.352s] INFO:colcon.colcon_core.shell:Creating environment hook '/root/CSE276A_Fall24/cse276a_ws/install/key_joy/share/key_joy/hook/cmake_prefix_path.sh'
[1.354s] Level 1:colcon.colcon_core.environment:checking '/root/CSE276A_Fall24/cse276a_ws/install/key_joy/lib'
[1.354s] Level 1:colcon.colcon_core.environment:checking '/root/CSE276A_Fall24/cse276a_ws/install/key_joy/bin'
[1.354s] Level 1:colcon.colcon_core.environment:checking '/root/CSE276A_Fall24/cse276a_ws/install/key_joy/lib/pkgconfig/key_joy.pc'
[1.355s] Level 1:colcon.colcon_core.environment:checking '/root/CSE276A_Fall24/cse276a_ws/install/key_joy/lib/python3.8/site-packages'
[1.355s] Level 1:colcon.colcon_core.shell:create_environment_hook('key_joy', 'pythonpath')
[1.356s] INFO:colcon.colcon_core.shell:Creating environment hook '/root/CSE276A_Fall24/cse276a_ws/install/key_joy/share/key_joy/hook/pythonpath.ps1'
[1.357s] INFO:colcon.colcon_core.shell:Creating environment descriptor '/root/CSE276A_Fall24/cse276a_ws/install/key_joy/share/key_joy/hook/pythonpath.dsv'
[1.358s] INFO:colcon.colcon_core.shell:Creating environment hook '/root/CSE276A_Fall24/cse276a_ws/install/key_joy/share/key_joy/hook/pythonpath.sh'
[1.360s] Level 1:colcon.colcon_core.environment:checking '/root/CSE276A_Fall24/cse276a_ws/install/key_joy/bin'
[1.361s] INFO:colcon.colcon_core.shell:Creating package script '/root/CSE276A_Fall24/cse276a_ws/install/key_joy/share/key_joy/package.ps1'
[1.363s] INFO:colcon.colcon_core.shell:Creating package descriptor '/root/CSE276A_Fall24/cse276a_ws/install/key_joy/share/key_joy/package.dsv'
[1.364s] INFO:colcon.colcon_core.shell:Creating package script '/root/CSE276A_Fall24/cse276a_ws/install/key_joy/share/key_joy/package.sh'
[1.364s] INFO:colcon.colcon_core.shell:Creating package script '/root/CSE276A_Fall24/cse276a_ws/install/key_joy/share/key_joy/package.bash'
[1.365s] INFO:colcon.colcon_core.shell:Creating package script '/root/CSE276A_Fall24/cse276a_ws/install/key_joy/share/key_joy/package.zsh'
[1.365s] Level 1:colcon.colcon_core.environment:create_file_with_runtime_dependencies(/root/CSE276A_Fall24/cse276a_ws/install/key_joy/share/colcon-core/packages/key_joy)
[1.382s] DEBUG:colcon.colcon_core.event_handler.log_command:Invoking command in '/root/CSE276A_Fall24/cse276a_ws/build/ros2_april_detection': CMAKE_PREFIX_PATH=${CMAKE_PREFIX_PATH}:/opt/ros/foxy _=/usr/bin/env /usr/bin/cmake --install /root/CSE276A_Fall24/cse276a_ws/build/ros2_april_detection
[1.418s] Level 1:colcon.colcon_core.environment:create_environment_scripts_only(rb5_ros2_control)
[1.419s] Level 1:colcon.colcon_core.environment:checking '/root/CSE276A_Fall24/cse276a_ws/install/rb5_ros2_control' for CMake module files
[1.431s] Level 1:colcon.colcon_core.environment:checking '/root/CSE276A_Fall24/cse276a_ws/install/rb5_ros2_control' for CMake config files
[1.433s] Level 1:colcon.colcon_core.shell:create_environment_hook('rb5_ros2_control', 'cmake_prefix_path')
[1.434s] INFO:colcon.colcon_core.shell:Creating environment hook '/root/CSE276A_Fall24/cse276a_ws/install/rb5_ros2_control/share/rb5_ros2_control/hook/cmake_prefix_path.ps1'
[1.436s] INFO:colcon.colcon_core.shell:Creating environment descriptor '/root/CSE276A_Fall24/cse276a_ws/install/rb5_ros2_control/share/rb5_ros2_control/hook/cmake_prefix_path.dsv'
[1.438s] INFO:colcon.colcon_core.shell:Creating environment hook '/root/CSE276A_Fall24/cse276a_ws/install/rb5_ros2_control/share/rb5_ros2_control/hook/cmake_prefix_path.sh'
[1.441s] Level 1:colcon.colcon_core.environment:checking '/root/CSE276A_Fall24/cse276a_ws/install/rb5_ros2_control/lib'
[1.441s] Level 1:colcon.colcon_core.environment:checking '/root/CSE276A_Fall24/cse276a_ws/install/rb5_ros2_control/bin'
[1.441s] Level 1:colcon.colcon_core.environment:checking '/root/CSE276A_Fall24/cse276a_ws/install/rb5_ros2_control/lib/pkgconfig/rb5_ros2_control.pc'
[1.442s] Level 1:colcon.colcon_core.environment:checking '/root/CSE276A_Fall24/cse276a_ws/install/rb5_ros2_control/lib/python3.8/site-packages'
[1.443s] Level 1:colcon.colcon_core.shell:create_environment_hook('rb5_ros2_control', 'pythonpath')
[1.445s] INFO:colcon.colcon_core.shell:Creating environment hook '/root/CSE276A_Fall24/cse276a_ws/install/rb5_ros2_control/share/rb5_ros2_control/hook/pythonpath.ps1'
[1.446s] INFO:colcon.colcon_core.shell:Creating environment descriptor '/root/CSE276A_Fall24/cse276a_ws/install/rb5_ros2_control/share/rb5_ros2_control/hook/pythonpath.dsv'
[1.446s] INFO:colcon.colcon_core.shell:Creating environment hook '/root/CSE276A_Fall24/cse276a_ws/install/rb5_ros2_control/share/rb5_ros2_control/hook/pythonpath.sh'
[1.448s] Level 1:colcon.colcon_core.environment:checking '/root/CSE276A_Fall24/cse276a_ws/install/rb5_ros2_control/bin'
[1.448s] INFO:colcon.colcon_core.shell:Creating package script '/root/CSE276A_Fall24/cse276a_ws/install/rb5_ros2_control/share/rb5_ros2_control/package.ps1'
[1.449s] INFO:colcon.colcon_core.shell:Creating package descriptor '/root/CSE276A_Fall24/cse276a_ws/install/rb5_ros2_control/share/rb5_ros2_control/package.dsv'
[1.450s] INFO:colcon.colcon_core.shell:Creating package script '/root/CSE276A_Fall24/cse276a_ws/install/rb5_ros2_control/share/rb5_ros2_control/package.sh'
[1.451s] INFO:colcon.colcon_core.shell:Creating package script '/root/CSE276A_Fall24/cse276a_ws/install/rb5_ros2_control/share/rb5_ros2_control/package.bash'
[1.452s] INFO:colcon.colcon_core.shell:Creating package script '/root/CSE276A_Fall24/cse276a_ws/install/rb5_ros2_control/share/rb5_ros2_control/package.zsh'
[1.453s] Level 1:colcon.colcon_core.environment:create_file_with_runtime_dependencies(/root/CSE276A_Fall24/cse276a_ws/install/rb5_ros2_control/share/colcon-core/packages/rb5_ros2_control)
[1.456s] Level 1:colcon.colcon_core.environment:create_environment_scripts_only(rb5_ros2_vision)
[1.457s] Level 1:colcon.colcon_core.environment:checking '/root/CSE276A_Fall24/cse276a_ws/install/rb5_ros2_vision' for CMake module files
[1.459s] Level 1:colcon.colcon_core.environment:checking '/root/CSE276A_Fall24/cse276a_ws/install/rb5_ros2_vision' for CMake config files
[1.459s] Level 1:colcon.colcon_core.shell:create_environment_hook('rb5_ros2_vision', 'cmake_prefix_path')
[1.460s] INFO:colcon.colcon_core.shell:Creating environment hook '/root/CSE276A_Fall24/cse276a_ws/install/rb5_ros2_vision/share/rb5_ros2_vision/hook/cmake_prefix_path.ps1'
[1.461s] INFO:colcon.colcon_core.shell:Creating environment descriptor '/root/CSE276A_Fall24/cse276a_ws/install/rb5_ros2_vision/share/rb5_ros2_vision/hook/cmake_prefix_path.dsv'
[1.461s] INFO:colcon.colcon_core.shell:Creating environment hook '/root/CSE276A_Fall24/cse276a_ws/install/rb5_ros2_vision/share/rb5_ros2_vision/hook/cmake_prefix_path.sh'
[1.462s] Level 1:colcon.colcon_core.environment:checking '/root/CSE276A_Fall24/cse276a_ws/install/rb5_ros2_vision/lib'
[1.463s] Level 1:colcon.colcon_core.environment:checking '/root/CSE276A_Fall24/cse276a_ws/install/rb5_ros2_vision/bin'
[1.463s] Level 1:colcon.colcon_core.environment:checking '/root/CSE276A_Fall24/cse276a_ws/install/rb5_ros2_vision/lib/pkgconfig/rb5_ros2_vision.pc'
[1.463s] Level 1:colcon.colcon_core.environment:checking '/root/CSE276A_Fall24/cse276a_ws/install/rb5_ros2_vision/lib/python3.8/site-packages'
[1.463s] Level 1:colcon.colcon_core.environment:checking '/root/CSE276A_Fall24/cse276a_ws/install/rb5_ros2_vision/bin'
[1.464s] INFO:colcon.colcon_core.shell:Creating package script '/root/CSE276A_Fall24/cse276a_ws/install/rb5_ros2_vision/share/rb5_ros2_vision/package.ps1'
[1.465s] INFO:colcon.colcon_core.shell:Creating package descriptor '/root/CSE276A_Fall24/cse276a_ws/install/rb5_ros2_vision/share/rb5_ros2_vision/package.dsv'
[1.466s] INFO:colcon.colcon_core.shell:Creating package script '/root/CSE276A_Fall24/cse276a_ws/install/rb5_ros2_vision/share/rb5_ros2_vision/package.sh'
[1.467s] INFO:colcon.colcon_core.shell:Creating package script '/root/CSE276A_Fall24/cse276a_ws/install/rb5_ros2_vision/share/rb5_ros2_vision/package.bash'
[1.468s] INFO:colcon.colcon_core.shell:Creating package script '/root/CSE276A_Fall24/cse276a_ws/install/rb5_ros2_vision/share/rb5_ros2_vision/package.zsh'
[1.468s] Level 1:colcon.colcon_core.environment:create_file_with_runtime_dependencies(/root/CSE276A_Fall24/cse276a_ws/install/rb5_ros2_vision/share/colcon-core/packages/rb5_ros2_vision)
[1.471s] Level 1:colcon.colcon_core.environment:create_environment_scripts_only(ros2_april_detection)
[1.471s] Level 1:colcon.colcon_core.environment:checking '/root/CSE276A_Fall24/cse276a_ws/install/ros2_april_detection' for CMake module files
[1.475s] DEBUG:colcon.colcon_core.event_handler.log_command:Invoked command in '/root/CSE276A_Fall24/cse276a_ws/build/ros2_april_detection' returned '0': CMAKE_PREFIX_PATH=${CMAKE_PREFIX_PATH}:/opt/ros/foxy _=/usr/bin/env /usr/bin/cmake --install /root/CSE276A_Fall24/cse276a_ws/build/ros2_april_detection
[1.475s] Level 1:colcon.colcon_core.environment:checking '/root/CSE276A_Fall24/cse276a_ws/install/ros2_april_detection' for CMake config files
[1.476s] Level 1:colcon.colcon_core.shell:create_environment_hook('ros2_april_detection', 'cmake_prefix_path')
[1.477s] INFO:colcon.colcon_core.shell:Creating environment hook '/root/CSE276A_Fall24/cse276a_ws/install/ros2_april_detection/share/ros2_april_detection/hook/cmake_prefix_path.ps1'
[1.477s] INFO:colcon.colcon_core.shell:Creating environment descriptor '/root/CSE276A_Fall24/cse276a_ws/install/ros2_april_detection/share/ros2_april_detection/hook/cmake_prefix_path.dsv'
[1.478s] INFO:colcon.colcon_core.shell:Creating environment hook '/root/CSE276A_Fall24/cse276a_ws/install/ros2_april_detection/share/ros2_april_detection/hook/cmake_prefix_path.sh'
[1.479s] Level 1:colcon.colcon_core.environment:checking '/root/CSE276A_Fall24/cse276a_ws/install/ros2_april_detection/lib'
[1.479s] Level 1:colcon.colcon_core.environment:checking '/root/CSE276A_Fall24/cse276a_ws/install/ros2_april_detection/bin'
[1.479s] Level 1:colcon.colcon_core.environment:checking '/root/CSE276A_Fall24/cse276a_ws/install/ros2_april_detection/lib/pkgconfig/ros2_april_detection.pc'
[1.480s] Level 1:colcon.colcon_core.environment:checking '/root/CSE276A_Fall24/cse276a_ws/install/ros2_april_detection/lib/python3.8/site-packages'
[1.480s] Level 1:colcon.colcon_core.environment:checking '/root/CSE276A_Fall24/cse276a_ws/install/ros2_april_detection/bin'
[1.480s] INFO:colcon.colcon_core.shell:Creating package script '/root/CSE276A_Fall24/cse276a_ws/install/ros2_april_detection/share/ros2_april_detection/package.ps1'
[1.481s] INFO:colcon.colcon_core.shell:Creating package descriptor '/root/CSE276A_Fall24/cse276a_ws/install/ros2_april_detection/share/ros2_april_detection/package.dsv'
[1.482s] INFO:colcon.colcon_core.shell:Creating package script '/root/CSE276A_Fall24/cse276a_ws/install/ros2_april_detection/share/ros2_april_detection/package.sh'
[1.483s] INFO:colcon.colcon_core.shell:Creating package script '/root/CSE276A_Fall24/cse276a_ws/install/ros2_april_detection/share/ros2_april_detection/package.bash'
[1.483s] INFO:colcon.colcon_core.shell:Creating package script '/root/CSE276A_Fall24/cse276a_ws/install/ros2_april_detection/share/ros2_april_detection/package.zsh'
[1.484s] Level 1:colcon.colcon_core.environment:create_file_with_runtime_dependencies(/root/CSE276A_Fall24/cse276a_ws/install/ros2_april_detection/share/colcon-core/packages/ros2_april_detection)
[1.506s] Level 1:colcon.colcon_core.environment:create_environment_scripts_only(key_joy)
[1.507s] Level 1:colcon.colcon_core.environment:checking '/root/CSE276A_Fall24/cse276a_ws/install/key_joy' for CMake module files
[1.508s] Level 1:colcon.colcon_core.environment:checking '/root/CSE276A_Fall24/cse276a_ws/install/key_joy' for CMake config files
[1.509s] Level 1:colcon.colcon_core.shell:create_environment_hook('key_joy', 'cmake_prefix_path')
[1.509s] INFO:colcon.colcon_core.shell:Creating environment hook '/root/CSE276A_Fall24/cse276a_ws/install/key_joy/share/key_joy/hook/cmake_prefix_path.ps1'
[1.511s] INFO:colcon.colcon_core.shell:Creating environment descriptor '/root/CSE276A_Fall24/cse276a_ws/install/key_joy/share/key_joy/hook/cmake_prefix_path.dsv'
[1.513s] INFO:colcon.colcon_core.shell:Creating environment hook '/root/CSE276A_Fall24/cse276a_ws/install/key_joy/share/key_joy/hook/cmake_prefix_path.sh'
[1.514s] Level 1:colcon.colcon_core.environment:checking '/root/CSE276A_Fall24/cse276a_ws/install/key_joy/lib'
[1.515s] Level 1:colcon.colcon_core.environment:checking '/root/CSE276A_Fall24/cse276a_ws/install/key_joy/bin'
[1.515s] Level 1:colcon.colcon_core.environment:checking '/root/CSE276A_Fall24/cse276a_ws/install/key_joy/lib/pkgconfig/key_joy.pc'
[1.516s] Level 1:colcon.colcon_core.environment:checking '/root/CSE276A_Fall24/cse276a_ws/install/key_joy/lib/python3.8/site-packages'
[1.516s] Level 1:colcon.colcon_core.shell:create_environment_hook('key_joy', 'pythonpath')
[1.517s] INFO:colcon.colcon_core.shell:Creating environment hook '/root/CSE276A_Fall24/cse276a_ws/install/key_joy/share/key_joy/hook/pythonpath.ps1'
[1.518s] INFO:colcon.colcon_core.shell:Creating environment descriptor '/root/CSE276A_Fall24/cse276a_ws/install/key_joy/share/key_joy/hook/pythonpath.dsv'
[1.520s] INFO:colcon.colcon_core.shell:Creating environment hook '/root/CSE276A_Fall24/cse276a_ws/install/key_joy/share/key_joy/hook/pythonpath.sh'
[1.522s] Level 1:colcon.colcon_core.environment:checking '/root/CSE276A_Fall24/cse276a_ws/install/key_joy/bin'
[1.523s] INFO:colcon.colcon_core.shell:Creating package script '/root/CSE276A_Fall24/cse276a_ws/install/key_joy/share/key_joy/package.ps1'
[1.524s] INFO:colcon.colcon_core.shell:Creating package descriptor '/root/CSE276A_Fall24/cse276a_ws/install/key_joy/share/key_joy/package.dsv'
[1.525s] INFO:colcon.colcon_core.shell:Creating package script '/root/CSE276A_Fall24/cse276a_ws/install/key_joy/share/key_joy/package.sh'
[1.525s] INFO:colcon.colcon_core.shell:Creating package script '/root/CSE276A_Fall24/cse276a_ws/install/key_joy/share/key_joy/package.bash'
[1.526s] INFO:colcon.colcon_core.shell:Creating package script '/root/CSE276A_Fall24/cse276a_ws/install/key_joy/share/key_joy/package.zsh'
[1.526s] Level 1:colcon.colcon_core.environment:create_file_with_runtime_dependencies(/root/CSE276A_Fall24/cse276a_ws/install/key_joy/share/colcon-core/packages/key_joy)
[1.711s] Level 1:colcon.colcon_core.environment:create_environment_scripts_only(ros2_april_detection)
[1.713s] Level 1:colcon.colcon_core.environment:checking '/root/CSE276A_Fall24/cse276a_ws/install/ros2_april_detection' for CMake module files
[1.716s] Level 1:colcon.colcon_core.environment:checking '/root/CSE276A_Fall24/cse276a_ws/install/ros2_april_detection' for CMake config files
[1.718s] Level 1:colcon.colcon_core.shell:create_environment_hook('ros2_april_detection', 'cmake_prefix_path')
[1.719s] INFO:colcon.colcon_core.shell:Creating environment hook '/root/CSE276A_Fall24/cse276a_ws/install/ros2_april_detection/share/ros2_april_detection/hook/cmake_prefix_path.ps1'
[1.722s] INFO:colcon.colcon_core.shell:Creating environment descriptor '/root/CSE276A_Fall24/cse276a_ws/install/ros2_april_detection/share/ros2_april_detection/hook/cmake_prefix_path.dsv'
[1.724s] INFO:colcon.colcon_core.shell:Creating environment hook '/root/CSE276A_Fall24/cse276a_ws/install/ros2_april_detection/share/ros2_april_detection/hook/cmake_prefix_path.sh'
[1.727s] Level 1:colcon.colcon_core.environment:checking '/root/CSE276A_Fall24/cse276a_ws/install/ros2_april_detection/lib'
[1.727s] Level 1:colcon.colcon_core.environment:checking '/root/CSE276A_Fall24/cse276a_ws/install/ros2_april_detection/bin'
[1.727s] Level 1:colcon.colcon_core.environment:checking '/root/CSE276A_Fall24/cse276a_ws/install/ros2_april_detection/lib/pkgconfig/ros2_april_detection.pc'
[1.729s] Level 1:colcon.colcon_core.environment:checking '/root/CSE276A_Fall24/cse276a_ws/install/ros2_april_detection/lib/python3.8/site-packages'
[1.730s] Level 1:colcon.colcon_core.environment:checking '/root/CSE276A_Fall24/cse276a_ws/install/ros2_april_detection/bin'
[1.731s] INFO:colcon.colcon_core.shell:Creating package script '/root/CSE276A_Fall24/cse276a_ws/install/ros2_april_detection/share/ros2_april_detection/package.ps1'
[1.734s] INFO:colcon.colcon_core.shell:Creating package descriptor '/root/CSE276A_Fall24/cse276a_ws/install/ros2_april_detection/share/ros2_april_detection/package.dsv'
[1.736s] INFO:colcon.colcon_core.shell:Creating package script '/root/CSE276A_Fall24/cse276a_ws/install/ros2_april_detection/share/ros2_april_detection/package.sh'
[1.738s] INFO:colcon.colcon_core.shell:Creating package script '/root/CSE276A_Fall24/cse276a_ws/install/ros2_april_detection/share/ros2_april_detection/package.bash'
[1.740s] INFO:colcon.colcon_core.shell:Creating package script '/root/CSE276A_Fall24/cse276a_ws/install/ros2_april_detection/share/ros2_april_detection/package.zsh'
[1.741s] Level 1:colcon.colcon_core.environment:create_file_with_runtime_dependencies(/root/CSE276A_Fall24/cse276a_ws/install/ros2_april_detection/share/colcon-core/packages/ros2_april_detection)
[1.743s] DEBUG:colcon.colcon_parallel_executor.executor.parallel:closing loop
[1.744s] DEBUG:colcon.colcon_parallel_executor.executor.parallel:loop closed
[1.744s] DEBUG:colcon.colcon_parallel_executor.executor.parallel:run_until_complete finished with '0'
[1.745s] DEBUG:colcon.colcon_core.event_reactor:joining thread
[1.771s] INFO:colcon.colcon_core.plugin_system:Skipping extension 'colcon_notification.desktop_notification.notify_send': Could not find 'notify-send'
[1.771s] INFO:colcon.colcon_core.plugin_system:Skipping extension 'colcon_notification.desktop_notification.terminal_notifier': Not used on non-Darwin systems
[1.771s] INFO:colcon.colcon_core.plugin_system:Skipping extension 'colcon_notification.desktop_notification.win32': Not used on non-Windows systems
[1.771s] INFO:colcon.colcon_notification.desktop_notification:Sending desktop notification using 'notify2'
[1.812s] DEBUG:colcon.colcon_notification.desktop_notification.notify2:Failed to initialize notify2: org.freedesktop.DBus.Error.ServiceUnknown: The name org.freedesktop.Notifications was not provided by any .service files
[1.812s] DEBUG:colcon.colcon_core.event_reactor:joined thread
[1.814s] INFO:colcon.colcon_core.shell:Creating prefix script '/root/CSE276A_Fall24/cse276a_ws/install/local_setup.ps1'
[1.820s] INFO:colcon.colcon_core.shell:Creating prefix util module '/root/CSE276A_Fall24/cse276a_ws/install/_local_setup_util_ps1.py'
[1.826s] INFO:colcon.colcon_core.shell:Creating prefix chain script '/root/CSE276A_Fall24/cse276a_ws/install/setup.ps1'
[1.831s] INFO:colcon.colcon_core.shell:Creating prefix script '/root/CSE276A_Fall24/cse276a_ws/install/local_setup.sh'
[1.832s] INFO:colcon.colcon_core.shell:Creating prefix util module '/root/CSE276A_Fall24/cse276a_ws/install/_local_setup_util_sh.py'
[1.833s] INFO:colcon.colcon_core.shell:Creating prefix chain script '/root/CSE276A_Fall24/cse276a_ws/install/setup.sh'
[1.836s] INFO:colcon.colcon_core.shell:Creating prefix script '/root/CSE276A_Fall24/cse276a_ws/install/local_setup.bash'
[1.837s] INFO:colcon.colcon_core.shell:Creating prefix chain script '/root/CSE276A_Fall24/cse276a_ws/install/setup.bash'
[1.840s] INFO:colcon.colcon_core.shell:Creating prefix script '/root/CSE276A_Fall24/cse276a_ws/install/local_setup.zsh'
[1.841s] INFO:colcon.colcon_core.shell:Creating prefix chain script '/root/CSE276A_Fall24/cse276a_ws/install/setup.zsh'
