-- The C compiler identification is GNU 9.4.0
-- The CXX compiler identification is GNU 9.4.0
-- Check for working C compiler: /usr/bin/cc
-- Check for working C compiler: /usr/bin/cc -- works
-- Detecting C compiler ABI info
-- Detecting C compiler ABI info - done
-- Detecting C compile features
-- Detecting C compile features - done
-- Check for working CXX compiler: /usr/bin/c++
-- Check for working CXX compiler: /usr/bin/c++ -- works
-- Detecting CXX compiler ABI info
-- Detecting CXX compiler ABI info - done
-- Detecting CXX compile features
-- Detecting CXX compile features - done
-- Found ament_cmake: 0.9.12 (/opt/ros/foxy/share/ament_cmake/cmake)
-- Found PythonInterp: /usr/bin/python3 (found suitable version "3.8.10", minimum required is "3") 
-- Using PYTHON_EXECUTABLE: /usr/bin/python3
-- Found rclcpp: 2.4.3 (/opt/ros/foxy/share/rclcpp/cmake)
-- Using all available rosidl_typesupport_c: rosidl_typesupport_fastrtps_c;rosidl_typesupport_introspection_c
-- Found rosidl_adapter: 1.3.1 (/opt/ros/foxy/share/rosidl_adapter/cmake)
-- Found OpenSSL: /usr/lib/aarch64-linux-gnu/libcrypto.so (found version "1.1.1f")  
-- Found FastRTPS: /opt/ros/foxy/include  
-- Using all available rosidl_typesupport_cpp: rosidl_typesupport_fastrtps_cpp;rosidl_typesupport_introspection_cpp
-- Found rmw_implementation_cmake: 1.0.4 (/opt/ros/foxy/share/rmw_implementation_cmake/cmake)
-- Using RMW implementation 'rmw_fastrtps_cpp' as default
-- Looking for pthread.h
-- Looking for pthread.h - found
-- Performing Test CMAKE_HAVE_LIBC_PTHREAD
-- Performing Test CMAKE_HAVE_LIBC_PTHREAD - Failed
-- Looking for pthread_create in pthreads
-- Looking for pthread_create in pthreads - not found
-- Looking for pthread_create in pthread
-- Looking for pthread_create in pthread - found
-- Found Threads: TRUE  
-- Found sensor_msgs: 2.0.5 (/opt/ros/foxy/share/sensor_msgs/cmake)
-- Found cv_bridge: 3.0.7 (/opt/ros/foxy/share/cv_bridge/cmake)
-- Found tf2: 0.13.14 (/opt/ros/foxy/share/tf2/cmake)
-- Found tf2_ros: 0.13.14 (/opt/ros/foxy/share/tf2_ros/cmake)
-- Found OpenCV: /usr (found version "4.2.0") 
-- Found ament_lint_auto: 0.9.8 (/opt/ros/foxy/share/ament_lint_auto/cmake)
-- Added test 'copyright' to check source files copyright and LICENSE
-- Added test 'cppcheck' to perform static code analysis on C / C++ code
-- Configured cppcheck include dirs: /root/CSE276A_Fall24/cse276a_ws/src/rb5_ros2/ros2_april_detection/include
-- Configured cppcheck exclude dirs and/or files: 
-- Added test 'cpplint' to check C / C++ code against the Google style
-- Configured cpplint exclude dirs and/or files: 
-- Added test 'lint_cmake' to check CMake code style
-- Added test 'uncrustify' to check C / C++ code style
-- Configured uncrustify additional arguments: 
-- Added test 'xmllint' to check XML markup files
-- Configuring done
-- Generating done
-- Build files have been written to: /root/CSE276A_Fall24/cse276a_ws/src/rb5_ros2/build/ros2_april_detection
[35m[1mScanning dependencies of target april_detection_node[0m
[ 66%] [32mBuilding CXX object CMakeFiles/april_detection_node.dir/src/april_detection_node.cpp.o[0m
[ 66%] [32mBuilding CXX object CMakeFiles/april_detection_node.dir/src/april_detection.cpp.o[0m
[01m[K/root/CSE276A_Fall24/cse276a_ws/src/rb5_ros2/ros2_april_detection/src/april_detection.cpp:[m[K In member function ‘[01m[Kstd::tuple<std::vector<apriltag_pose_t, std::allocator<apriltag_pose_t> >, std::vector<int, std::allocator<int> >, cv::Mat> AprilDetection::processImage(cv::Mat) const[m[K’:
[01m[K/root/CSE276A_Fall24/cse276a_ws/src/rb5_ros2/ros2_april_detection/src/april_detection.cpp:24:21:[m[K [01;35m[Kwarning: [m[KC++ designated initializers only available with ‘[01m[K-std=c++2a[m[K’ or ‘[01m[K-std=gnu++2a[m[K’ [[01;35m[K-Wpedantic[m[K]
   24 |   image_u8_t im = { [01;35m[K.[m[Kwidth  = image_gray.cols,
      |                     [01;35m[K^[m[K
[01m[K/root/CSE276A_Fall24/cse276a_ws/src/rb5_ros2/ros2_april_detection/src/april_detection.cpp:25:21:[m[K [01;35m[Kwarning: [m[KC++ designated initializers only available with ‘[01m[K-std=c++2a[m[K’ or ‘[01m[K-std=gnu++2a[m[K’ [[01;35m[K-Wpedantic[m[K]
   25 |                     [01;35m[K.[m[Kheight = image_gray.rows,
      |                     [01;35m[K^[m[K
[01m[K/root/CSE276A_Fall24/cse276a_ws/src/rb5_ros2/ros2_april_detection/src/april_detection.cpp:26:21:[m[K [01;35m[Kwarning: [m[KC++ designated initializers only available with ‘[01m[K-std=c++2a[m[K’ or ‘[01m[K-std=gnu++2a[m[K’ [[01;35m[K-Wpedantic[m[K]
   26 |                     [01;35m[K.[m[Kstride = image_gray.cols,
      |                     [01;35m[K^[m[K
[01m[K/root/CSE276A_Fall24/cse276a_ws/src/rb5_ros2/ros2_april_detection/src/april_detection.cpp:27:21:[m[K [01;35m[Kwarning: [m[KC++ designated initializers only available with ‘[01m[K-std=c++2a[m[K’ or ‘[01m[K-std=gnu++2a[m[K’ [[01;35m[K-Wpedantic[m[K]
   27 |                     [01;35m[K.[m[Kbuf    = image_gray.data
      |                     [01;35m[K^[m[K
[100%] [32m[1mLinking CXX executable april_detection_node[0m
[100%] Built target april_detection_node
-- Install configuration: ""
-- Installing: /root/CSE276A_Fall24/cse276a_ws/src/rb5_ros2/install/ros2_april_detection/lib/ros2_april_detection/april_detection_node
-- Set runtime path of "/root/CSE276A_Fall24/cse276a_ws/src/rb5_ros2/install/ros2_april_detection/lib/ros2_april_detection/april_detection_node" to ""
-- Installing: /root/CSE276A_Fall24/cse276a_ws/src/rb5_ros2/install/ros2_april_detection/share/ament_index/resource_index/package_run_dependencies/ros2_april_detection
-- Installing: /root/CSE276A_Fall24/cse276a_ws/src/rb5_ros2/install/ros2_april_detection/share/ament_index/resource_index/parent_prefix_path/ros2_april_detection
-- Installing: /root/CSE276A_Fall24/cse276a_ws/src/rb5_ros2/install/ros2_april_detection/share/ros2_april_detection/environment/ament_prefix_path.sh
-- Installing: /root/CSE276A_Fall24/cse276a_ws/src/rb5_ros2/install/ros2_april_detection/share/ros2_april_detection/environment/ament_prefix_path.dsv
-- Installing: /root/CSE276A_Fall24/cse276a_ws/src/rb5_ros2/install/ros2_april_detection/share/ros2_april_detection/environment/path.sh
-- Installing: /root/CSE276A_Fall24/cse276a_ws/src/rb5_ros2/install/ros2_april_detection/share/ros2_april_detection/environment/path.dsv
-- Installing: /root/CSE276A_Fall24/cse276a_ws/src/rb5_ros2/install/ros2_april_detection/share/ros2_april_detection/local_setup.bash
-- Installing: /root/CSE276A_Fall24/cse276a_ws/src/rb5_ros2/install/ros2_april_detection/share/ros2_april_detection/local_setup.sh
-- Installing: /root/CSE276A_Fall24/cse276a_ws/src/rb5_ros2/install/ros2_april_detection/share/ros2_april_detection/local_setup.zsh
-- Installing: /root/CSE276A_Fall24/cse276a_ws/src/rb5_ros2/install/ros2_april_detection/share/ros2_april_detection/local_setup.dsv
-- Installing: /root/CSE276A_Fall24/cse276a_ws/src/rb5_ros2/install/ros2_april_detection/share/ros2_april_detection/package.dsv
-- Installing: /root/CSE276A_Fall24/cse276a_ws/src/rb5_ros2/install/ros2_april_detection/share/ament_index/resource_index/packages/ros2_april_detection
-- Installing: /root/CSE276A_Fall24/cse276a_ws/src/rb5_ros2/install/ros2_april_detection/share/ros2_april_detection/cmake/ros2_april_detectionConfig.cmake
-- Installing: /root/CSE276A_Fall24/cse276a_ws/src/rb5_ros2/install/ros2_april_detection/share/ros2_april_detection/cmake/ros2_april_detectionConfig-version.cmake
-- Installing: /root/CSE276A_Fall24/cse276a_ws/src/rb5_ros2/install/ros2_april_detection/share/ros2_april_detection/package.xml
