[0.111s] Invoking command in '/root/CSE276A_Fall24/cse276a_ws/src/rb5_ros2/build/ros2_april_detection': CMAKE_PREFIX_PATH=${CMAKE_PREFIX_PATH}:/opt/ros/foxy _=/usr/bin/env /usr/bin/cmake /root/CSE276A_Fall24/cse276a_ws/src/rb5_ros2/ros2_april_detection -DCMAKE_INSTALL_PREFIX=/root/CSE276A_Fall24/cse276a_ws/src/rb5_ros2/install/ros2_april_detection
[0.292s] -- The C compiler identification is GNU 9.4.0
[0.475s] -- The CXX compiler identification is GNU 9.4.0
[0.491s] -- Check for working C compiler: /usr/bin/cc
[0.732s] -- Check for working C compiler: /usr/bin/cc -- works
[0.736s] -- Detecting C compiler ABI info
[1.000s] -- Detecting C compiler ABI info - done
[1.025s] -- Detecting C compile features
[1.025s] -- Detecting C compile features - done
[1.028s] -- Check for working CXX compiler: /usr/bin/c++
[1.254s] -- Check for working CXX compiler: /usr/bin/c++ -- works
[1.264s] -- Detecting CXX compiler ABI info
[1.524s] -- Detecting CXX compiler ABI info - done
[1.555s] -- Detecting CXX compile features
[1.557s] -- Detecting CXX compile features - done
[1.558s] -- Found ament_cmake: 0.9.12 (/opt/ros/foxy/share/ament_cmake/cmake)
[1.604s] -- Found PythonInterp: /usr/bin/python3 (found suitable version "3.8.10", minimum required is "3") 
[1.605s] -- Using PYTHON_EXECUTABLE: /usr/bin/python3
[1.861s] -- Found rclcpp: 2.4.3 (/opt/ros/foxy/share/rclcpp/cmake)
[1.898s] -- Using all available rosidl_typesupport_c: rosidl_typesupport_fastrtps_c;rosidl_typesupport_introspection_c
[1.904s] -- Found rosidl_adapter: 1.3.1 (/opt/ros/foxy/share/rosidl_adapter/cmake)
[2.333s] -- Found OpenSSL: /usr/lib/aarch64-linux-gnu/libcrypto.so (found version "1.1.1f")  
[2.380s] -- Found FastRTPS: /opt/ros/foxy/include  
[2.482s] -- Using all available rosidl_typesupport_cpp: rosidl_typesupport_fastrtps_cpp;rosidl_typesupport_introspection_cpp
[2.556s] -- Found rmw_implementation_cmake: 1.0.4 (/opt/ros/foxy/share/rmw_implementation_cmake/cmake)
[2.564s] -- Using RMW implementation 'rmw_fastrtps_cpp' as default
[2.568s] -- Looking for pthread.h
[2.845s] -- Looking for pthread.h - found
[2.845s] -- Performing Test CMAKE_HAVE_LIBC_PTHREAD
[3.106s] -- Performing Test CMAKE_HAVE_LIBC_PTHREAD - Failed
[3.107s] -- Looking for pthread_create in pthreads
[3.363s] -- Looking for pthread_create in pthreads - not found
[3.364s] -- Looking for pthread_create in pthread
[3.608s] -- Looking for pthread_create in pthread - found
[3.614s] -- Found Threads: TRUE  
[3.799s] -- Found sensor_msgs: 2.0.5 (/opt/ros/foxy/share/sensor_msgs/cmake)
[3.910s] -- Found cv_bridge: 3.0.7 (/opt/ros/foxy/share/cv_bridge/cmake)
[3.938s] -- Found tf2: 0.13.14 (/opt/ros/foxy/share/tf2/cmake)
[3.951s] -- Found tf2_ros: 0.13.14 (/opt/ros/foxy/share/tf2_ros/cmake)
[4.306s] -- Found OpenCV: /usr (found version "4.2.0") 
[4.316s] -- Found ament_lint_auto: 0.9.8 (/opt/ros/foxy/share/ament_lint_auto/cmake)
[4.402s] -- Added test 'copyright' to check source files copyright and LICENSE
[4.403s] -- Added test 'cppcheck' to perform static code analysis on C / C++ code
[4.404s] -- Configured cppcheck include dirs: /root/CSE276A_Fall24/cse276a_ws/src/rb5_ros2/ros2_april_detection/include
[4.405s] -- Configured cppcheck exclude dirs and/or files: 
[4.406s] -- Added test 'cpplint' to check C / C++ code against the Google style
[4.407s] -- Configured cpplint exclude dirs and/or files: 
[4.409s] -- Added test 'lint_cmake' to check CMake code style
[4.409s] -- Added test 'uncrustify' to check C / C++ code style
[4.410s] -- Configured uncrustify additional arguments: 
[4.410s] -- Added test 'xmllint' to check XML markup files
[4.417s] -- Configuring done
[4.462s] -- Generating done
[4.473s] -- Build files have been written to: /root/CSE276A_Fall24/cse276a_ws/src/rb5_ros2/build/ros2_april_detection
[4.543s] Invoked command in '/root/CSE276A_Fall24/cse276a_ws/src/rb5_ros2/build/ros2_april_detection' returned '0': CMAKE_PREFIX_PATH=${CMAKE_PREFIX_PATH}:/opt/ros/foxy _=/usr/bin/env /usr/bin/cmake /root/CSE276A_Fall24/cse276a_ws/src/rb5_ros2/ros2_april_detection -DCMAKE_INSTALL_PREFIX=/root/CSE276A_Fall24/cse276a_ws/src/rb5_ros2/install/ros2_april_detection
[4.554s] Invoking command in '/root/CSE276A_Fall24/cse276a_ws/src/rb5_ros2/build/ros2_april_detection': CMAKE_PREFIX_PATH=${CMAKE_PREFIX_PATH}:/opt/ros/foxy _=/usr/bin/env /usr/bin/cmake --build /root/CSE276A_Fall24/cse276a_ws/src/rb5_ros2/build/ros2_april_detection -- -j8 -l8
[4.688s] [35m[1mScanning dependencies of target april_detection_node[0m
[4.946s] [ 66%] [32mBuilding CXX object CMakeFiles/april_detection_node.dir/src/april_detection_node.cpp.o[0m
[4.947s] [ 66%] [32mBuilding CXX object CMakeFiles/april_detection_node.dir/src/april_detection.cpp.o[0m
[7.384s] [01m[K/root/CSE276A_Fall24/cse276a_ws/src/rb5_ros2/ros2_april_detection/src/april_detection.cpp:[m[K In member function ‘[01m[Kstd::tuple<std::vector<apriltag_pose_t, std::allocator<apriltag_pose_t> >, std::vector<int, std::allocator<int> >, cv::Mat> AprilDetection::processImage(cv::Mat) const[m[K’:
[7.385s] [01m[K/root/CSE276A_Fall24/cse276a_ws/src/rb5_ros2/ros2_april_detection/src/april_detection.cpp:24:21:[m[K [01;35m[Kwarning: [m[KC++ designated initializers only available with ‘[01m[K-std=c++2a[m[K’ or ‘[01m[K-std=gnu++2a[m[K’ [[01;35m[K-Wpedantic[m[K]
[7.387s]    24 |   image_u8_t im = { [01;35m[K.[m[Kwidth  = image_gray.cols,
[7.388s]       |                     [01;35m[K^[m[K
[7.390s] [01m[K/root/CSE276A_Fall24/cse276a_ws/src/rb5_ros2/ros2_april_detection/src/april_detection.cpp:25:21:[m[K [01;35m[Kwarning: [m[KC++ designated initializers only available with ‘[01m[K-std=c++2a[m[K’ or ‘[01m[K-std=gnu++2a[m[K’ [[01;35m[K-Wpedantic[m[K]
[7.392s]    25 |                     [01;35m[K.[m[Kheight = image_gray.rows,
[7.393s]       |                     [01;35m[K^[m[K
[7.394s] [01m[K/root/CSE276A_Fall24/cse276a_ws/src/rb5_ros2/ros2_april_detection/src/april_detection.cpp:26:21:[m[K [01;35m[Kwarning: [m[KC++ designated initializers only available with ‘[01m[K-std=c++2a[m[K’ or ‘[01m[K-std=gnu++2a[m[K’ [[01;35m[K-Wpedantic[m[K]
[7.396s]    26 |                     [01;35m[K.[m[Kstride = image_gray.cols,
[7.397s]       |                     [01;35m[K^[m[K
[7.398s] [01m[K/root/CSE276A_Fall24/cse276a_ws/src/rb5_ros2/ros2_april_detection/src/april_detection.cpp:27:21:[m[K [01;35m[Kwarning: [m[KC++ designated initializers only available with ‘[01m[K-std=c++2a[m[K’ or ‘[01m[K-std=gnu++2a[m[K’ [[01;35m[K-Wpedantic[m[K]
[7.400s]    27 |                     [01;35m[K.[m[Kbuf    = image_gray.data
[7.400s]       |                     [01;35m[K^[m[K
[14.416s] [100%] [32m[1mLinking CXX executable april_detection_node[0m
[15.551s] [100%] Built target april_detection_node
[15.593s] Invoked command in '/root/CSE276A_Fall24/cse276a_ws/src/rb5_ros2/build/ros2_april_detection' returned '0': CMAKE_PREFIX_PATH=${CMAKE_PREFIX_PATH}:/opt/ros/foxy _=/usr/bin/env /usr/bin/cmake --build /root/CSE276A_Fall24/cse276a_ws/src/rb5_ros2/build/ros2_april_detection -- -j8 -l8
[15.940s] Invoking command in '/root/CSE276A_Fall24/cse276a_ws/src/rb5_ros2/build/ros2_april_detection': CMAKE_PREFIX_PATH=${CMAKE_PREFIX_PATH}:/opt/ros/foxy _=/usr/bin/env /usr/bin/cmake --install /root/CSE276A_Fall24/cse276a_ws/src/rb5_ros2/build/ros2_april_detection
[15.982s] -- Install configuration: ""
[15.984s] -- Installing: /root/CSE276A_Fall24/cse276a_ws/src/rb5_ros2/install/ros2_april_detection/lib/ros2_april_detection/april_detection_node
[15.987s] -- Set runtime path of "/root/CSE276A_Fall24/cse276a_ws/src/rb5_ros2/install/ros2_april_detection/lib/ros2_april_detection/april_detection_node" to ""
[15.990s] -- Installing: /root/CSE276A_Fall24/cse276a_ws/src/rb5_ros2/install/ros2_april_detection/share/ament_index/resource_index/package_run_dependencies/ros2_april_detection
[15.991s] -- Installing: /root/CSE276A_Fall24/cse276a_ws/src/rb5_ros2/install/ros2_april_detection/share/ament_index/resource_index/parent_prefix_path/ros2_april_detection
[15.993s] -- Installing: /root/CSE276A_Fall24/cse276a_ws/src/rb5_ros2/install/ros2_april_detection/share/ros2_april_detection/environment/ament_prefix_path.sh
[15.997s] -- Installing: /root/CSE276A_Fall24/cse276a_ws/src/rb5_ros2/install/ros2_april_detection/share/ros2_april_detection/environment/ament_prefix_path.dsv
[16.004s] -- Installing: /root/CSE276A_Fall24/cse276a_ws/src/rb5_ros2/install/ros2_april_detection/share/ros2_april_detection/environment/path.sh
[16.008s] -- Installing: /root/CSE276A_Fall24/cse276a_ws/src/rb5_ros2/install/ros2_april_detection/share/ros2_april_detection/environment/path.dsv
[16.010s] -- Installing: /root/CSE276A_Fall24/cse276a_ws/src/rb5_ros2/install/ros2_april_detection/share/ros2_april_detection/local_setup.bash
[16.011s] -- Installing: /root/CSE276A_Fall24/cse276a_ws/src/rb5_ros2/install/ros2_april_detection/share/ros2_april_detection/local_setup.sh
[16.013s] -- Installing: /root/CSE276A_Fall24/cse276a_ws/src/rb5_ros2/install/ros2_april_detection/share/ros2_april_detection/local_setup.zsh
[16.014s] -- Installing: /root/CSE276A_Fall24/cse276a_ws/src/rb5_ros2/install/ros2_april_detection/share/ros2_april_detection/local_setup.dsv
[16.016s] -- Installing: /root/CSE276A_Fall24/cse276a_ws/src/rb5_ros2/install/ros2_april_detection/share/ros2_april_detection/package.dsv
[16.018s] -- Installing: /root/CSE276A_Fall24/cse276a_ws/src/rb5_ros2/install/ros2_april_detection/share/ament_index/resource_index/packages/ros2_april_detection
[16.019s] -- Installing: /root/CSE276A_Fall24/cse276a_ws/src/rb5_ros2/install/ros2_april_detection/share/ros2_april_detection/cmake/ros2_april_detectionConfig.cmake
[16.021s] -- Installing: /root/CSE276A_Fall24/cse276a_ws/src/rb5_ros2/install/ros2_april_detection/share/ros2_april_detection/cmake/ros2_april_detectionConfig-version.cmake
[16.023s] -- Installing: /root/CSE276A_Fall24/cse276a_ws/src/rb5_ros2/install/ros2_april_detection/share/ros2_april_detection/package.xml
[16.025s] Invoked command in '/root/CSE276A_Fall24/cse276a_ws/src/rb5_ros2/build/ros2_april_detection' returned '0': CMAKE_PREFIX_PATH=${CMAKE_PREFIX_PATH}:/opt/ros/foxy _=/usr/bin/env /usr/bin/cmake --install /root/CSE276A_Fall24/cse276a_ws/src/rb5_ros2/build/ros2_april_detection
