[0.133s] Invoking command in '/root/CSE276A_Fall24/cse276a_ws/build/ros2_april_detection': CMAKE_PREFIX_PATH=${CMAKE_PREFIX_PATH}:/opt/ros/foxy _=/usr/bin/env /usr/bin/cmake --build /root/CSE276A_Fall24/cse276a_ws/build/ros2_april_detection -- -j8 -l8
[0.300s] [100%] Built target april_detection_node
[0.326s] Invoked command in '/root/CSE276A_Fall24/cse276a_ws/build/ros2_april_detection' returned '0': CMAKE_PREFIX_PATH=${CMAKE_PREFIX_PATH}:/opt/ros/foxy _=/usr/bin/env /usr/bin/cmake --build /root/CSE276A_Fall24/cse276a_ws/build/ros2_april_detection -- -j8 -l8
[0.476s] Invoking command in '/root/CSE276A_Fall24/cse276a_ws/build/ros2_april_detection': CMAKE_PREFIX_PATH=${CMAKE_PREFIX_PATH}:/opt/ros/foxy _=/usr/bin/env /usr/bin/cmake --install /root/CSE276A_Fall24/cse276a_ws/build/ros2_april_detection
[0.504s] -- Install configuration: ""
[0.505s] -- Up-to-date: /root/CSE276A_Fall24/cse276a_ws/install/ros2_april_detection/lib/ros2_april_detection/april_detection_node
[0.507s] -- Up-to-date: /root/CSE276A_Fall24/cse276a_ws/install/ros2_april_detection/share/ament_index/resource_index/package_run_dependencies/ros2_april_detection
[0.509s] -- Up-to-date: /root/CSE276A_Fall24/cse276a_ws/install/ros2_april_detection/share/ament_index/resource_index/parent_prefix_path/ros2_april_detection
[0.510s] -- Up-to-date: /root/CSE276A_Fall24/cse276a_ws/install/ros2_april_detection/share/ros2_april_detection/environment/ament_prefix_path.sh
[0.511s] -- Up-to-date: /root/CSE276A_Fall24/cse276a_ws/install/ros2_april_detection/share/ros2_april_detection/environment/ament_prefix_path.dsv
[0.511s] -- Up-to-date: /root/CSE276A_Fall24/cse276a_ws/install/ros2_april_detection/share/ros2_april_detection/environment/path.sh
[0.512s] -- Up-to-date: /root/CSE276A_Fall24/cse276a_ws/install/ros2_april_detection/share/ros2_april_detection/environment/path.dsv
[0.512s] -- Up-to-date: /root/CSE276A_Fall24/cse276a_ws/install/ros2_april_detection/share/ros2_april_detection/local_setup.bash
[0.514s] -- Up-to-date: /root/CSE276A_Fall24/cse276a_ws/install/ros2_april_detection/share/ros2_april_detection/local_setup.sh
[0.515s] -- Up-to-date: /root/CSE276A_Fall24/cse276a_ws/install/ros2_april_detection/share/ros2_april_detection/local_setup.zsh
[0.515s] -- Up-to-date: /root/CSE276A_Fall24/cse276a_ws/install/ros2_april_detection/share/ros2_april_detection/local_setup.dsv
[0.516s] -- Installing: /root/CSE276A_Fall24/cse276a_ws/install/ros2_april_detection/share/ros2_april_detection/package.dsv
[0.517s] -- Up-to-date: /root/CSE276A_Fall24/cse276a_ws/install/ros2_april_detection/share/ament_index/resource_index/packages/ros2_april_detection
[0.518s] -- Up-to-date: /root/CSE276A_Fall24/cse276a_ws/install/ros2_april_detection/share/ros2_april_detection/cmake/ros2_april_detectionConfig.cmake
[0.519s] -- Up-to-date: /root/CSE276A_Fall24/cse276a_ws/install/ros2_april_detection/share/ros2_april_detection/cmake/ros2_april_detectionConfig-version.cmake
[0.520s] -- Up-to-date: /root/CSE276A_Fall24/cse276a_ws/install/ros2_april_detection/share/ros2_april_detection/package.xml
[0.521s] Invoked command in '/root/CSE276A_Fall24/cse276a_ws/build/ros2_april_detection' returned '0': CMAKE_PREFIX_PATH=${CMAKE_PREFIX_PATH}:/opt/ros/foxy _=/usr/bin/env /usr/bin/cmake --install /root/CSE276A_Fall24/cse276a_ws/build/ros2_april_detection
