[0.104s] Invoking command in '/root/CSE276A_Fall24/cse276a_ws/build/rb5_ros2_vision': CMAKE_PREFIX_PATH=${CMAKE_PREFIX_PATH}:/opt/ros/foxy _=/usr/bin/env /usr/bin/cmake --build /root/CSE276A_Fall24/cse276a_ws/build/rb5_ros2_vision -- -j8 -l8
[0.314s] [100%] Built target rb_camera_ocv_node
[0.415s] Invoked command in '/root/CSE276A_Fall24/cse276a_ws/build/rb5_ros2_vision' returned '0': CMAKE_PREFIX_PATH=${CMAKE_PREFIX_PATH}:/opt/ros/foxy _=/usr/bin/env /usr/bin/cmake --build /root/CSE276A_Fall24/cse276a_ws/build/rb5_ros2_vision -- -j8 -l8
[0.609s] Invoking command in '/root/CSE276A_Fall24/cse276a_ws/build/rb5_ros2_vision': CMAKE_PREFIX_PATH=${CMAKE_PREFIX_PATH}:/opt/ros/foxy _=/usr/bin/env /usr/bin/cmake --install /root/CSE276A_Fall24/cse276a_ws/build/rb5_ros2_vision
[0.648s] -- Install configuration: ""
[0.649s] -- Up-to-date: /root/CSE276A_Fall24/cse276a_ws/install/rb5_ros2_vision/share/rb5_ros2_vision/launch
[0.651s] -- Up-to-date: /root/CSE276A_Fall24/cse276a_ws/install/rb5_ros2_vision/share/rb5_ros2_vision/launch/rb_camera_both_ocv.launch
[0.652s] -- Up-to-date: /root/CSE276A_Fall24/cse276a_ws/install/rb5_ros2_vision/share/rb5_ros2_vision/launch/rb_camera_both_ocv_launch.py
[0.652s] -- Up-to-date: /root/CSE276A_Fall24/cse276a_ws/install/rb5_ros2_vision/share/rb5_ros2_vision/launch/rb_camera_main_ocv.launch.xml
[0.653s] -- Up-to-date: /root/CSE276A_Fall24/cse276a_ws/install/rb5_ros2_vision/share/rb5_ros2_vision/launch/rb_camera_main_ocv_launch.py
[0.653s] -- Up-to-date: /root/CSE276A_Fall24/cse276a_ws/install/rb5_ros2_vision/share/rb5_ros2_vision/launch/rb_camera_side_ocv.launch
[0.654s] -- Up-to-date: /root/CSE276A_Fall24/cse276a_ws/install/rb5_ros2_vision/share/rb5_ros2_vision/launch/rb_camera_side_ocv_launch.py
[0.655s] -- Up-to-date: /root/CSE276A_Fall24/cse276a_ws/install/rb5_ros2_vision/share/rb5_ros2_vision/launch/rb_camera_webcam_ocv.launch
[0.657s] -- Up-to-date: /root/CSE276A_Fall24/cse276a_ws/install/rb5_ros2_vision/share/rb5_ros2_vision/launch/rb_camera_webcam_ocv_launch.py
[0.659s] -- Up-to-date: /root/CSE276A_Fall24/cse276a_ws/install/rb5_ros2_vision/lib/rb5_ros2_vision/rb_camera_ocv_node
[0.665s] -- Up-to-date: /root/CSE276A_Fall24/cse276a_ws/install/rb5_ros2_vision/share/ament_index/resource_index/package_run_dependencies/rb5_ros2_vision
[0.666s] -- Up-to-date: /root/CSE276A_Fall24/cse276a_ws/install/rb5_ros2_vision/share/ament_index/resource_index/parent_prefix_path/rb5_ros2_vision
[0.666s] -- Up-to-date: /root/CSE276A_Fall24/cse276a_ws/install/rb5_ros2_vision/share/rb5_ros2_vision/environment/ament_prefix_path.sh
[0.667s] -- Up-to-date: /root/CSE276A_Fall24/cse276a_ws/install/rb5_ros2_vision/share/rb5_ros2_vision/environment/ament_prefix_path.dsv
[0.668s] -- Up-to-date: /root/CSE276A_Fall24/cse276a_ws/install/rb5_ros2_vision/share/rb5_ros2_vision/environment/path.sh
[0.668s] -- Up-to-date: /root/CSE276A_Fall24/cse276a_ws/install/rb5_ros2_vision/share/rb5_ros2_vision/environment/path.dsv
[0.668s] -- Up-to-date: /root/CSE276A_Fall24/cse276a_ws/install/rb5_ros2_vision/share/rb5_ros2_vision/local_setup.bash
[0.669s] -- Up-to-date: /root/CSE276A_Fall24/cse276a_ws/install/rb5_ros2_vision/share/rb5_ros2_vision/local_setup.sh
[0.669s] -- Up-to-date: /root/CSE276A_Fall24/cse276a_ws/install/rb5_ros2_vision/share/rb5_ros2_vision/local_setup.zsh
[0.675s] -- Up-to-date: /root/CSE276A_Fall24/cse276a_ws/install/rb5_ros2_vision/share/rb5_ros2_vision/local_setup.dsv
[0.676s] -- Installing: /root/CSE276A_Fall24/cse276a_ws/install/rb5_ros2_vision/share/rb5_ros2_vision/package.dsv
[0.677s] -- Up-to-date: /root/CSE276A_Fall24/cse276a_ws/install/rb5_ros2_vision/share/ament_index/resource_index/packages/rb5_ros2_vision
[0.678s] -- Up-to-date: /root/CSE276A_Fall24/cse276a_ws/install/rb5_ros2_vision/share/rb5_ros2_vision/cmake/rb5_ros2_visionConfig.cmake
[0.678s] -- Up-to-date: /root/CSE276A_Fall24/cse276a_ws/install/rb5_ros2_vision/share/rb5_ros2_vision/cmake/rb5_ros2_visionConfig-version.cmake
[0.679s] -- Up-to-date: /root/CSE276A_Fall24/cse276a_ws/install/rb5_ros2_vision/share/rb5_ros2_vision/package.xml
[0.680s] Invoked command in '/root/CSE276A_Fall24/cse276a_ws/build/rb5_ros2_vision' returned '0': CMAKE_PREFIX_PATH=${CMAKE_PREFIX_PATH}:/opt/ros/foxy _=/usr/bin/env /usr/bin/cmake --install /root/CSE276A_Fall24/cse276a_ws/build/rb5_ros2_vision
