Performing C SOURCE FILE Test CMAKE_HAVE_LIBC_PTHREAD failed with the following output:
Change Dir: /root/CSE276A_Fall24/cse276a_ws/build/key_joy/CMakeFiles/CMakeTmp

Run Build Command(s):/usr/bin/make cmTC_a4fe7/fast && /usr/bin/make -f CMakeFiles/cmTC_a4fe7.dir/build.make CMakeFiles/cmTC_a4fe7.dir/build
make[1]: Entering directory '/root/CSE276A_Fall24/cse276a_ws/build/key_joy/CMakeFiles/CMakeTmp'
Building C object CMakeFiles/cmTC_a4fe7.dir/src.c.o
/usr/bin/cc   -DCMAKE_HAVE_LIBC_PTHREAD   -o CMakeFiles/cmTC_a4fe7.dir/src.c.o   -c /root/CSE276A_Fall24/cse276a_ws/build/key_joy/CMakeFiles/CMakeTmp/src.c
Linking C executable cmTC_a4fe7
/usr/bin/cmake -E cmake_link_script CMakeFiles/cmTC_a4fe7.dir/link.txt --verbose=1
/usr/bin/cc  -DCMAKE_HAVE_LIBC_PTHREAD    CMakeFiles/cmTC_a4fe7.dir/src.c.o  -o cmTC_a4fe7 
/usr/bin/ld: CMakeFiles/cmTC_a4fe7.dir/src.c.o: in function `main':
src.c:(.text+0x48): undefined reference to `pthread_create'
/usr/bin/ld: src.c:(.text+0x50): undefined reference to `pthread_detach'
/usr/bin/ld: src.c:(.text+0x5c): undefined reference to `pthread_join'
collect2: error: ld returned 1 exit status
make[1]: *** [CMakeFiles/cmTC_a4fe7.dir/build.make:87: cmTC_a4fe7] Error 1
make[1]: Leaving directory '/root/CSE276A_Fall24/cse276a_ws/build/key_joy/CMakeFiles/CMakeTmp'
make: *** [Makefile:121: cmTC_a4fe7/fast] Error 2


Source file was:
#include <pthread.h>

void* test_func(void* data)
{
  return data;
}

int main(void)
{
  pthread_t thread;
  pthread_create(&thread, NULL, test_func, NULL);
  pthread_detach(thread);
  pthread_join(thread, NULL);
  pthread_atfork(NULL, NULL, NULL);
  pthread_exit(NULL);

  return 0;
}

Determining if the function pthread_create exists in the pthreads failed with the following output:
Change Dir: /root/CSE276A_Fall24/cse276a_ws/build/key_joy/CMakeFiles/CMakeTmp

Run Build Command(s):/usr/bin/make cmTC_b3d4e/fast && /usr/bin/make -f CMakeFiles/cmTC_b3d4e.dir/build.make CMakeFiles/cmTC_b3d4e.dir/build
make[1]: Entering directory '/root/CSE276A_Fall24/cse276a_ws/build/key_joy/CMakeFiles/CMakeTmp'
Building C object CMakeFiles/cmTC_b3d4e.dir/CheckFunctionExists.c.o
/usr/bin/cc   -DCHECK_FUNCTION_EXISTS=pthread_create   -o CMakeFiles/cmTC_b3d4e.dir/CheckFunctionExists.c.o   -c /usr/share/cmake-3.16/Modules/CheckFunctionExists.c
Linking C executable cmTC_b3d4e
/usr/bin/cmake -E cmake_link_script CMakeFiles/cmTC_b3d4e.dir/link.txt --verbose=1
/usr/bin/cc  -DCHECK_FUNCTION_EXISTS=pthread_create    CMakeFiles/cmTC_b3d4e.dir/CheckFunctionExists.c.o  -o cmTC_b3d4e  -lpthreads 
/usr/bin/ld: cannot find -lpthreads
collect2: error: ld returned 1 exit status
make[1]: *** [CMakeFiles/cmTC_b3d4e.dir/build.make:87: cmTC_b3d4e] Error 1
make[1]: Leaving directory '/root/CSE276A_Fall24/cse276a_ws/build/key_joy/CMakeFiles/CMakeTmp'
make: *** [Makefile:121: cmTC_b3d4e/fast] Error 2



Performing C SOURCE FILE Test CMAKE_HAVE_LIBC_PTHREAD failed with the following output:
Change Dir: /root/CSE276A_Fall24/cse276a_ws/build/key_joy/CMakeFiles/CMakeTmp

Run Build Command(s):/usr/bin/make cmTC_ea1c6/fast && make[1]: Entering directory '/root/CSE276A_Fall24/cse276a_ws/build/key_joy/CMakeFiles/CMakeTmp'
/usr/bin/make -f CMakeFiles/cmTC_ea1c6.dir/build.make CMakeFiles/cmTC_ea1c6.dir/build
make[2]: Entering directory '/root/CSE276A_Fall24/cse276a_ws/build/key_joy/CMakeFiles/CMakeTmp'
Building C object CMakeFiles/cmTC_ea1c6.dir/src.c.o
/usr/bin/cc   -DCMAKE_HAVE_LIBC_PTHREAD   -o CMakeFiles/cmTC_ea1c6.dir/src.c.o   -c /root/CSE276A_Fall24/cse276a_ws/build/key_joy/CMakeFiles/CMakeTmp/src.c
Linking C executable cmTC_ea1c6
/usr/bin/cmake -E cmake_link_script CMakeFiles/cmTC_ea1c6.dir/link.txt --verbose=1
/usr/bin/cc  -DCMAKE_HAVE_LIBC_PTHREAD    CMakeFiles/cmTC_ea1c6.dir/src.c.o  -o cmTC_ea1c6 
/usr/bin/ld: CMakeFiles/cmTC_ea1c6.dir/src.c.o: in function `main':
src.c:(.text+0x48): undefined reference to `pthread_create'
/usr/bin/ld: src.c:(.text+0x50): undefined reference to `pthread_detach'
/usr/bin/ld: src.c:(.text+0x5c): undefined reference to `pthread_join'
collect2: error: ld returned 1 exit status
make[2]: *** [CMakeFiles/cmTC_ea1c6.dir/build.make:87: cmTC_ea1c6] Error 1
make[2]: Leaving directory '/root/CSE276A_Fall24/cse276a_ws/build/key_joy/CMakeFiles/CMakeTmp'
make[1]: *** [Makefile:121: cmTC_ea1c6/fast] Error 2
make[1]: Leaving directory '/root/CSE276A_Fall24/cse276a_ws/build/key_joy/CMakeFiles/CMakeTmp'


Source file was:
#include <pthread.h>

void* test_func(void* data)
{
  return data;
}

int main(void)
{
  pthread_t thread;
  pthread_create(&thread, NULL, test_func, NULL);
  pthread_detach(thread);
  pthread_join(thread, NULL);
  pthread_atfork(NULL, NULL, NULL);
  pthread_exit(NULL);

  return 0;
}

Determining if the function pthread_create exists in the pthreads failed with the following output:
Change Dir: /root/CSE276A_Fall24/cse276a_ws/build/key_joy/CMakeFiles/CMakeTmp

Run Build Command(s):/usr/bin/make cmTC_a383f/fast && make[1]: Entering directory '/root/CSE276A_Fall24/cse276a_ws/build/key_joy/CMakeFiles/CMakeTmp'
/usr/bin/make -f CMakeFiles/cmTC_a383f.dir/build.make CMakeFiles/cmTC_a383f.dir/build
make[2]: Entering directory '/root/CSE276A_Fall24/cse276a_ws/build/key_joy/CMakeFiles/CMakeTmp'
Building C object CMakeFiles/cmTC_a383f.dir/CheckFunctionExists.c.o
/usr/bin/cc   -DCHECK_FUNCTION_EXISTS=pthread_create   -o CMakeFiles/cmTC_a383f.dir/CheckFunctionExists.c.o   -c /usr/share/cmake-3.16/Modules/CheckFunctionExists.c
Linking C executable cmTC_a383f
/usr/bin/cmake -E cmake_link_script CMakeFiles/cmTC_a383f.dir/link.txt --verbose=1
/usr/bin/cc  -DCHECK_FUNCTION_EXISTS=pthread_create    CMakeFiles/cmTC_a383f.dir/CheckFunctionExists.c.o  -o cmTC_a383f  -lpthreads 
/usr/bin/ld: cannot find -lpthreads
collect2: error: ld returned 1 exit status
make[2]: *** [CMakeFiles/cmTC_a383f.dir/build.make:87: cmTC_a383f] Error 1
make[2]: Leaving directory '/root/CSE276A_Fall24/cse276a_ws/build/key_joy/CMakeFiles/CMakeTmp'
make[1]: *** [Makefile:121: cmTC_a383f/fast] Error 2
make[1]: Leaving directory '/root/CSE276A_Fall24/cse276a_ws/build/key_joy/CMakeFiles/CMakeTmp'



