[0.117s] Invoking command in '/root/CSE276A_Fall24/cse276a_ws/build/image_geometry': CMAKE_PREFIX_PATH=${CMAKE_PREFIX_PATH}:/root/CSE276A_Fall24/cse276a_ws/install/opencv_tests:/opt/ros/foxy _=/usr/bin/env /usr/bin/cmake --build /root/CSE276A_Fall24/cse276a_ws/build/image_geometry -- -j8 -l8
[0.353s] [ 18%] Built target gtest
[0.356s] [ 36%] Built target gtest_main
[0.434s] [ 63%] Built target image_geometry
[0.538s] [ 81%] Built target image_geometry-utest-equi
[0.546s] [100%] Built target image_geometry-utest
[0.627s] Invoked command in '/root/CSE276A_Fall24/cse276a_ws/build/image_geometry' returned '0': CMAKE_PREFIX_PATH=${CMAKE_PREFIX_PATH}:/root/CSE276A_Fall24/cse276a_ws/install/opencv_tests:/opt/ros/foxy _=/usr/bin/env /usr/bin/cmake --build /root/CSE276A_Fall24/cse276a_ws/build/image_geometry -- -j8 -l8
[0.807s] Invoking command in '/root/CSE276A_Fall24/cse276a_ws/build/image_geometry': CMAKE_PREFIX_PATH=${CMAKE_PREFIX_PATH}:/root/CSE276A_Fall24/cse276a_ws/install/opencv_tests:/opt/ros/foxy _=/usr/bin/env /usr/bin/cmake --install /root/CSE276A_Fall24/cse276a_ws/build/image_geometry
[0.837s] -- Install configuration: ""
[0.838s] -- Up-to-date: /root/CSE276A_Fall24/cse276a_ws/install/image_geometry/share/image_geometry/environment/pythonpath.sh
[0.839s] -- Up-to-date: /root/CSE276A_Fall24/cse276a_ws/install/image_geometry/share/image_geometry/environment/pythonpath.dsv
[0.840s] -- Up-to-date: /root/CSE276A_Fall24/cse276a_ws/install/image_geometry/lib/python3.8/site-packages/image_geometry
[0.840s] -- Up-to-date: /root/CSE276A_Fall24/cse276a_ws/install/image_geometry/lib/python3.8/site-packages/image_geometry/__init__.py
[0.841s] -- Up-to-date: /root/CSE276A_Fall24/cse276a_ws/install/image_geometry/lib/python3.8/site-packages/image_geometry/cameramodels.py
[0.886s] Listing '/root/CSE276A_Fall24/cse276a_ws/install/image_geometry/lib/python3.8/site-packages/image_geometry'...
[0.894s] -- Up-to-date: /root/CSE276A_Fall24/cse276a_ws/install/image_geometry/include/image_geometry
[0.895s] -- Up-to-date: /root/CSE276A_Fall24/cse276a_ws/install/image_geometry/include/image_geometry/pinhole_camera_model.h
[0.898s] -- Up-to-date: /root/CSE276A_Fall24/cse276a_ws/install/image_geometry/include/image_geometry/stereo_camera_model.h
[0.899s] -- Up-to-date: /root/CSE276A_Fall24/cse276a_ws/install/image_geometry/include/image_geometry/visibility_control.hpp
[0.900s] -- Up-to-date: /root/CSE276A_Fall24/cse276a_ws/install/image_geometry/lib/libimage_geometry.so
[0.901s] -- Up-to-date: /root/CSE276A_Fall24/cse276a_ws/install/image_geometry/share/image_geometry/environment/library_path.sh
[0.901s] -- Up-to-date: /root/CSE276A_Fall24/cse276a_ws/install/image_geometry/share/image_geometry/environment/library_path.dsv
[0.902s] -- Up-to-date: /root/CSE276A_Fall24/cse276a_ws/install/image_geometry/share/ament_index/resource_index/package_run_dependencies/image_geometry
[0.903s] -- Up-to-date: /root/CSE276A_Fall24/cse276a_ws/install/image_geometry/share/ament_index/resource_index/parent_prefix_path/image_geometry
[0.903s] -- Up-to-date: /root/CSE276A_Fall24/cse276a_ws/install/image_geometry/share/image_geometry/environment/ament_prefix_path.sh
[0.904s] -- Up-to-date: /root/CSE276A_Fall24/cse276a_ws/install/image_geometry/share/image_geometry/environment/ament_prefix_path.dsv
[0.904s] -- Up-to-date: /root/CSE276A_Fall24/cse276a_ws/install/image_geometry/share/image_geometry/environment/path.sh
[0.904s] -- Up-to-date: /root/CSE276A_Fall24/cse276a_ws/install/image_geometry/share/image_geometry/environment/path.dsv
[0.905s] -- Up-to-date: /root/CSE276A_Fall24/cse276a_ws/install/image_geometry/share/image_geometry/local_setup.bash
[0.906s] -- Up-to-date: /root/CSE276A_Fall24/cse276a_ws/install/image_geometry/share/image_geometry/local_setup.sh
[0.907s] -- Up-to-date: /root/CSE276A_Fall24/cse276a_ws/install/image_geometry/share/image_geometry/local_setup.zsh
[0.908s] -- Up-to-date: /root/CSE276A_Fall24/cse276a_ws/install/image_geometry/share/image_geometry/local_setup.dsv
[0.908s] -- Installing: /root/CSE276A_Fall24/cse276a_ws/install/image_geometry/share/image_geometry/package.dsv
[0.909s] -- Up-to-date: /root/CSE276A_Fall24/cse276a_ws/install/image_geometry/share/ament_index/resource_index/packages/image_geometry
[0.909s] -- Up-to-date: /root/CSE276A_Fall24/cse276a_ws/install/image_geometry/share/image_geometry/cmake/ament_cmake_export_libraries-extras.cmake
[0.909s] -- Up-to-date: /root/CSE276A_Fall24/cse276a_ws/install/image_geometry/share/image_geometry/cmake/ament_cmake_export_dependencies-extras.cmake
[0.910s] -- Up-to-date: /root/CSE276A_Fall24/cse276a_ws/install/image_geometry/share/image_geometry/cmake/ament_cmake_export_include_directories-extras.cmake
[0.910s] -- Up-to-date: /root/CSE276A_Fall24/cse276a_ws/install/image_geometry/share/image_geometry/cmake/image_geometryConfig.cmake
[0.911s] -- Up-to-date: /root/CSE276A_Fall24/cse276a_ws/install/image_geometry/share/image_geometry/cmake/image_geometryConfig-version.cmake
[0.912s] -- Up-to-date: /root/CSE276A_Fall24/cse276a_ws/install/image_geometry/share/image_geometry/package.xml
[0.923s] Invoked command in '/root/CSE276A_Fall24/cse276a_ws/build/image_geometry' returned '0': CMAKE_PREFIX_PATH=${CMAKE_PREFIX_PATH}:/root/CSE276A_Fall24/cse276a_ws/install/opencv_tests:/opt/ros/foxy _=/usr/bin/env /usr/bin/cmake --install /root/CSE276A_Fall24/cse276a_ws/build/image_geometry
