[ 12%] Built target gtest_main
[ 25%] Built target gtest
[ 43%] Built target cv_bridge
[ 81%] Built target cv_bridge-utest
[100%] Built target cv_bridge_boost
-- Install configuration: ""
-- Up-to-date: /root/CSE276A_Fall24/cse276a_ws/install/cv_bridge/share/cv_bridge/environment/pythonpath.sh
-- Up-to-date: /root/CSE276A_Fall24/cse276a_ws/install/cv_bridge/share/cv_bridge/environment/pythonpath.dsv
-- Up-to-date: /root/CSE276A_Fall24/cse276a_ws/install/cv_bridge/lib/python3.8/site-packages/cv_bridge
-- Up-to-date: /root/CSE276A_Fall24/cse276a_ws/install/cv_bridge/lib/python3.8/site-packages/cv_bridge/__init__.py
-- Up-to-date: /root/CSE276A_Fall24/cse276a_ws/install/cv_bridge/lib/python3.8/site-packages/cv_bridge/core.py
Listing '/root/CSE276A_Fall24/cse276a_ws/install/cv_bridge/lib/python3.8/site-packages/cv_bridge'...
Listing '/root/CSE276A_Fall24/cse276a_ws/install/cv_bridge/lib/python3.8/site-packages/cv_bridge/boost'...
-- Up-to-date: /root/CSE276A_Fall24/cse276a_ws/install/cv_bridge/share/cv_bridge/environment/library_path.sh
-- Up-to-date: /root/CSE276A_Fall24/cse276a_ws/install/cv_bridge/share/cv_bridge/environment/library_path.dsv
-- Up-to-date: /root/CSE276A_Fall24/cse276a_ws/install/cv_bridge/include/cv_bridge
-- Up-to-date: /root/CSE276A_Fall24/cse276a_ws/install/cv_bridge/include/cv_bridge/cv_bridge.h
-- Up-to-date: /root/CSE276A_Fall24/cse276a_ws/install/cv_bridge/include/cv_bridge/rgb_colors.h
-- Up-to-date: /root/CSE276A_Fall24/cse276a_ws/install/cv_bridge/lib/libcv_bridge.so
-- Up-to-date: /root/CSE276A_Fall24/cse276a_ws/install/cv_bridge/share/ament_index/resource_index/package_run_dependencies/cv_bridge
-- Up-to-date: /root/CSE276A_Fall24/cse276a_ws/install/cv_bridge/share/ament_index/resource_index/parent_prefix_path/cv_bridge
-- Up-to-date: /root/CSE276A_Fall24/cse276a_ws/install/cv_bridge/share/cv_bridge/environment/ament_prefix_path.sh
-- Up-to-date: /root/CSE276A_Fall24/cse276a_ws/install/cv_bridge/share/cv_bridge/environment/ament_prefix_path.dsv
-- Up-to-date: /root/CSE276A_Fall24/cse276a_ws/install/cv_bridge/share/cv_bridge/environment/path.sh
-- Up-to-date: /root/CSE276A_Fall24/cse276a_ws/install/cv_bridge/share/cv_bridge/environment/path.dsv
-- Up-to-date: /root/CSE276A_Fall24/cse276a_ws/install/cv_bridge/share/cv_bridge/local_setup.bash
-- Up-to-date: /root/CSE276A_Fall24/cse276a_ws/install/cv_bridge/share/cv_bridge/local_setup.sh
-- Up-to-date: /root/CSE276A_Fall24/cse276a_ws/install/cv_bridge/share/cv_bridge/local_setup.zsh
-- Up-to-date: /root/CSE276A_Fall24/cse276a_ws/install/cv_bridge/share/cv_bridge/local_setup.dsv
-- Installing: /root/CSE276A_Fall24/cse276a_ws/install/cv_bridge/share/cv_bridge/package.dsv
-- Up-to-date: /root/CSE276A_Fall24/cse276a_ws/install/cv_bridge/share/ament_index/resource_index/packages/cv_bridge
-- Up-to-date: /root/CSE276A_Fall24/cse276a_ws/install/cv_bridge/share/cv_bridge/cmake/cv_bridge-extras.cmake
-- Up-to-date: /root/CSE276A_Fall24/cse276a_ws/install/cv_bridge/share/cv_bridge/cmake/ament_cmake_export_dependencies-extras.cmake
-- Up-to-date: /root/CSE276A_Fall24/cse276a_ws/install/cv_bridge/share/cv_bridge/cmake/ament_cmake_export_include_directories-extras.cmake
-- Up-to-date: /root/CSE276A_Fall24/cse276a_ws/install/cv_bridge/share/cv_bridge/cmake/ament_cmake_export_libraries-extras.cmake
-- Up-to-date: /root/CSE276A_Fall24/cse276a_ws/install/cv_bridge/share/cv_bridge/cmake/cv_bridgeConfig.cmake
-- Up-to-date: /root/CSE276A_Fall24/cse276a_ws/install/cv_bridge/share/cv_bridge/cmake/cv_bridgeConfig-version.cmake
-- Up-to-date: /root/CSE276A_Fall24/cse276a_ws/install/cv_bridge/share/cv_bridge/package.xml
-- Up-to-date: /root/CSE276A_Fall24/cse276a_ws/install/cv_bridge/lib/libcv_bridge.so
-- Up-to-date: /root/CSE276A_Fall24/cse276a_ws/install/cv_bridge/include/cv_bridge/cv_bridge_export.h
-- Up-to-date: /root/CSE276A_Fall24/cse276a_ws/install/cv_bridge/lib/python3.8/site-packages/cv_bridge/boost/cv_bridge_boost.so
