[0.097s] Invoking command in '/root/CSE276A_Fall24/cse276a_ws/build/rb5_ros2_control': _=/usr/bin/env /usr/bin/cmake /root/CSE276A_Fall24/cse276a_ws/src/rb5_ros2/rb5_ros2_control -DCMAKE_INSTALL_PREFIX=/root/CSE276A_Fall24/cse276a_ws/install/rb5_ros2_control
[0.482s] -- The C compiler identification is GNU 9.4.0
[0.776s] -- The CXX compiler identification is GNU 9.4.0
[0.782s] -- Check for working C compiler: /usr/bin/cc
[1.044s] -- Check for working C compiler: /usr/bin/cc -- works
[1.047s] -- Detecting C compiler ABI info
[1.264s] -- Detecting C compiler ABI info - done
[1.288s] -- Detecting C compile features
[1.290s] -- Detecting C compile features - done
[1.291s] -- Check for working CXX compiler: /usr/bin/c++
[1.521s] -- Check for working CXX compiler: /usr/bin/c++ -- works
[1.532s] -- Detecting CXX compiler ABI info
[1.811s] -- Detecting CXX compiler ABI info - done
[1.889s] -- Detecting CXX compile features
[1.891s] -- Detecting CXX compile features - done
[1.901s] CMake Error at CMakeLists.txt:19 (find_package):
[1.902s]   By not providing "Findament_cmake.cmake" in CMAKE_MODULE_PATH this project
[1.903s]   has asked CMake to find a package configuration file provided by
[1.903s]   "ament_cmake", but CMake did not find one.
[1.904s] 
[1.905s]   Could not find a package configuration file provided by "ament_cmake" with
[1.905s]   any of the following names:
[1.905s] 
[1.906s]     ament_cmakeConfig.cmake
[1.906s]     ament_cmake-config.cmake
[1.907s] 
[1.907s]   Add the installation prefix of "ament_cmake" to CMAKE_PREFIX_PATH or set
[1.907s]   "ament_cmake_DIR" to a directory containing one of the above files.  If
[1.908s]   "ament_cmake" provides a separate development package or SDK, be sure it
[1.910s]   has been installed.
[1.912s] 
[1.913s] 
[1.919s] -- Configuring incomplete, errors occurred!
[1.922s] See also "/root/CSE276A_Fall24/cse276a_ws/build/rb5_ros2_control/CMakeFiles/CMakeOutput.log".
[1.941s] Invoked command in '/root/CSE276A_Fall24/cse276a_ws/build/rb5_ros2_control' returned '1': _=/usr/bin/env /usr/bin/cmake /root/CSE276A_Fall24/cse276a_ws/src/rb5_ros2/rb5_ros2_control -DCMAKE_INSTALL_PREFIX=/root/CSE276A_Fall24/cse276a_ws/install/rb5_ros2_control
