[0.081s] Invoking command in '/root/cse276a_ws/build/rb5_ros2_control': CMAKE_PREFIX_PATH=/opt/ros/foxy _=/usr/bin/env /usr/bin/cmake /root/cse276a_ws/src/rb5_ros2/rb5_ros2_control -DCMAKE_INSTALL_PREFIX=/root/cse276a_ws/install/rb5_ros2_control
[0.516s] -- The C compiler identification is GNU 9.4.0
[0.792s] -- The CXX compiler identification is GNU 9.4.0
[0.810s] -- Check for working C compiler: /usr/bin/cc
[1.079s] -- Check for working C compiler: /usr/bin/cc -- works
[1.090s] -- Detecting C compiler ABI info
[1.343s] -- Detecting C compiler ABI info - done
[1.371s] -- Detecting C compile features
[1.372s] -- Detecting C compile features - done
[1.376s] -- Check for working CXX compiler: /usr/bin/c++
[1.562s] -- Check for working CXX compiler: /usr/bin/c++ -- works
[1.566s] -- Detecting CXX compiler ABI info
[1.881s] -- Detecting CXX compiler ABI info - done
[1.906s] -- Detecting CXX compile features
[1.906s] -- Detecting CXX compile features - done
[1.907s] -- Found ament_cmake: 0.9.12 (/opt/ros/foxy/share/ament_cmake/cmake)
[1.959s] -- Found PythonInterp: /usr/bin/python3 (found suitable version "3.8.10", minimum required is "3") 
[1.960s] -- Using PYTHON_EXECUTABLE: /usr/bin/python3
[2.175s] -- Found rclcpp: 2.4.3 (/opt/ros/foxy/share/rclcpp/cmake)
[2.214s] -- Using all available rosidl_typesupport_c: rosidl_typesupport_fastrtps_c;rosidl_typesupport_introspection_c
[2.220s] -- Found rosidl_adapter: 1.3.1 (/opt/ros/foxy/share/rosidl_adapter/cmake)
[2.641s] -- Found OpenSSL: /usr/lib/aarch64-linux-gnu/libcrypto.so (found version "1.1.1f")  
[2.682s] -- Found FastRTPS: /opt/ros/foxy/include  
[2.769s] -- Using all available rosidl_typesupport_cpp: rosidl_typesupport_fastrtps_cpp;rosidl_typesupport_introspection_cpp
[2.835s] -- Found rmw_implementation_cmake: 1.0.4 (/opt/ros/foxy/share/rmw_implementation_cmake/cmake)
[2.836s] -- Using RMW implementation 'rmw_fastrtps_cpp' as default
[2.840s] -- Looking for pthread.h
[3.142s] -- Looking for pthread.h - found
[3.143s] -- Performing Test CMAKE_HAVE_LIBC_PTHREAD
[3.457s] -- Performing Test CMAKE_HAVE_LIBC_PTHREAD - Failed
[3.458s] -- Looking for pthread_create in pthreads
[3.711s] -- Looking for pthread_create in pthreads - not found
[3.712s] -- Looking for pthread_create in pthread
[3.957s] -- Looking for pthread_create in pthread - found
[3.962s] -- Found Threads: TRUE  
[4.114s] -- Found rclpy: 1.0.13 (/opt/ros/foxy/share/rclpy/cmake)
[4.148s] -- Found ament_lint_auto: 0.9.8 (/opt/ros/foxy/share/ament_lint_auto/cmake)
[4.270s] -- Added test 'copyright' to check source files copyright and LICENSE
[4.272s] -- Added test 'cppcheck' to perform static code analysis on C / C++ code
[4.274s] -- Configured cppcheck include dirs: 
[4.276s] -- Configured cppcheck exclude dirs and/or files: 
[4.277s] -- Added test 'cpplint' to check C / C++ code against the Google style
[4.278s] -- Configured cpplint exclude dirs and/or files: 
[4.279s] -- Added test 'flake8' to check Python code syntax and style conventions
[4.280s] -- Added test 'lint_cmake' to check CMake code style
[4.282s] -- Added test 'pep257' to check Python code against some of the style conventions in PEP 257
[4.283s] -- Added test 'uncrustify' to check C / C++ code style
[4.284s] -- Configured uncrustify additional arguments: 
[4.286s] -- Added test 'xmllint' to check XML markup files
[4.287s] -- Configuring done
[4.291s] -- Generating done
[4.293s] -- Build files have been written to: /root/cse276a_ws/build/rb5_ros2_control
[4.308s] Invoked command in '/root/cse276a_ws/build/rb5_ros2_control' returned '0': CMAKE_PREFIX_PATH=/opt/ros/foxy _=/usr/bin/env /usr/bin/cmake /root/cse276a_ws/src/rb5_ros2/rb5_ros2_control -DCMAKE_INSTALL_PREFIX=/root/cse276a_ws/install/rb5_ros2_control
[4.351s] Invoking command in '/root/cse276a_ws/build/rb5_ros2_control': CMAKE_PREFIX_PATH=/opt/ros/foxy _=/usr/bin/env /usr/bin/cmake --build /root/cse276a_ws/build/rb5_ros2_control -- -j8 -l8
[4.483s] Invoked command in '/root/cse276a_ws/build/rb5_ros2_control' returned '0': CMAKE_PREFIX_PATH=/opt/ros/foxy _=/usr/bin/env /usr/bin/cmake --build /root/cse276a_ws/build/rb5_ros2_control -- -j8 -l8
[4.635s] Invoking command in '/root/cse276a_ws/build/rb5_ros2_control': CMAKE_PREFIX_PATH=/opt/ros/foxy _=/usr/bin/env /usr/bin/cmake --install /root/cse276a_ws/build/rb5_ros2_control
[4.668s] -- Install configuration: ""
[4.669s] -- Installing: /root/cse276a_ws/install/rb5_ros2_control/share/rb5_ros2_control/environment/pythonpath.sh
[4.670s] -- Installing: /root/cse276a_ws/install/rb5_ros2_control/share/rb5_ros2_control/environment/pythonpath.dsv
[4.670s] -- Installing: /root/cse276a_ws/install/rb5_ros2_control/lib/python3.8/site-packages/rb5_ros2_control
[4.670s] -- Installing: /root/cse276a_ws/install/rb5_ros2_control/lib/python3.8/site-packages/rb5_ros2_control/__init__.py
[4.671s] -- Installing: /root/cse276a_ws/install/rb5_ros2_control/lib/python3.8/site-packages/rb5_ros2_control/mpi_control.py
[4.671s] -- Installing: /root/cse276a_ws/install/rb5_ros2_control/lib/python3.8/site-packages/rb5_ros2_control/rb5_control_node.py
[4.672s] -- Installing: /root/cse276a_ws/install/rb5_ros2_control/lib/python3.8/site-packages/rb5_ros2_control/rb5_keyjoy_control_node.py
[4.724s] Listing '/root/cse276a_ws/install/rb5_ros2_control/lib/python3.8/site-packages/rb5_ros2_control'...
[4.725s] Compiling '/root/cse276a_ws/install/rb5_ros2_control/lib/python3.8/site-packages/rb5_ros2_control/__init__.py'...
[4.726s] Compiling '/root/cse276a_ws/install/rb5_ros2_control/lib/python3.8/site-packages/rb5_ros2_control/mpi_control.py'...
[4.726s] Compiling '/root/cse276a_ws/install/rb5_ros2_control/lib/python3.8/site-packages/rb5_ros2_control/rb5_control_node.py'...
[4.727s] Compiling '/root/cse276a_ws/install/rb5_ros2_control/lib/python3.8/site-packages/rb5_ros2_control/rb5_keyjoy_control_node.py'...
[4.731s] -- Installing: /root/cse276a_ws/install/rb5_ros2_control/lib/rb5_ros2_control/mpi_control.py
[4.732s] -- Installing: /root/cse276a_ws/install/rb5_ros2_control/lib/rb5_ros2_control/rb5_control_node.py
[4.732s] -- Installing: /root/cse276a_ws/install/rb5_ros2_control/lib/rb5_ros2_control/rb5_keyjoy_control_node.py
[4.734s] -- Installing: /root/cse276a_ws/install/rb5_ros2_control/share/ament_index/resource_index/package_run_dependencies/rb5_ros2_control
[4.735s] -- Installing: /root/cse276a_ws/install/rb5_ros2_control/share/ament_index/resource_index/parent_prefix_path/rb5_ros2_control
[4.736s] -- Installing: /root/cse276a_ws/install/rb5_ros2_control/share/rb5_ros2_control/environment/ament_prefix_path.sh
[4.737s] -- Installing: /root/cse276a_ws/install/rb5_ros2_control/share/rb5_ros2_control/environment/ament_prefix_path.dsv
[4.738s] -- Installing: /root/cse276a_ws/install/rb5_ros2_control/share/rb5_ros2_control/environment/path.sh
[4.739s] -- Installing: /root/cse276a_ws/install/rb5_ros2_control/share/rb5_ros2_control/environment/path.dsv
[4.739s] -- Installing: /root/cse276a_ws/install/rb5_ros2_control/share/rb5_ros2_control/local_setup.bash
[4.740s] -- Installing: /root/cse276a_ws/install/rb5_ros2_control/share/rb5_ros2_control/local_setup.sh
[4.741s] -- Installing: /root/cse276a_ws/install/rb5_ros2_control/share/rb5_ros2_control/local_setup.zsh
[4.742s] -- Installing: /root/cse276a_ws/install/rb5_ros2_control/share/rb5_ros2_control/local_setup.dsv
[4.743s] -- Installing: /root/cse276a_ws/install/rb5_ros2_control/share/rb5_ros2_control/package.dsv
[4.744s] -- Installing: /root/cse276a_ws/install/rb5_ros2_control/share/ament_index/resource_index/packages/rb5_ros2_control
[4.745s] -- Installing: /root/cse276a_ws/install/rb5_ros2_control/share/rb5_ros2_control/cmake/rb5_ros2_controlConfig.cmake
[4.746s] -- Installing: /root/cse276a_ws/install/rb5_ros2_control/share/rb5_ros2_control/cmake/rb5_ros2_controlConfig-version.cmake
[4.747s] -- Installing: /root/cse276a_ws/install/rb5_ros2_control/share/rb5_ros2_control/package.xml
[4.760s] Invoked command in '/root/cse276a_ws/build/rb5_ros2_control' returned '0': CMAKE_PREFIX_PATH=/opt/ros/foxy _=/usr/bin/env /usr/bin/cmake --install /root/cse276a_ws/build/rb5_ros2_control
