[0.075s] Invoking command in '/root/CSE276A_Fall24/cse276a_ws/build/image_geometry': CMAKE_PREFIX_PATH=${CMAKE_PREFIX_PATH}:/root/CSE276A_Fall24/cse276a_ws/install/opencv_tests:/opt/ros/foxy _=/usr/bin/env /usr/bin/cmake --build /root/CSE276A_Fall24/cse276a_ws/build/image_geometry -- -j8 -l8
[0.226s] [ 18%] Built target gtest
[0.269s] [ 36%] Built target gtest_main
[0.270s] [ 63%] Built target image_geometry
[0.328s] [ 81%] Built target image_geometry-utest-equi
[0.367s] [100%] Built target image_geometry-utest
[0.456s] Invoked command in '/root/CSE276A_Fall24/cse276a_ws/build/image_geometry' returned '0': CMAKE_PREFIX_PATH=${CMAKE_PREFIX_PATH}:/root/CSE276A_Fall24/cse276a_ws/install/opencv_tests:/opt/ros/foxy _=/usr/bin/env /usr/bin/cmake --build /root/CSE276A_Fall24/cse276a_ws/build/image_geometry -- -j8 -l8
[0.632s] Invoking command in '/root/CSE276A_Fall24/cse276a_ws/build/image_geometry': CMAKE_PREFIX_PATH=${CMAKE_PREFIX_PATH}:/root/CSE276A_Fall24/cse276a_ws/install/opencv_tests:/opt/ros/foxy _=/usr/bin/env /usr/bin/cmake --install /root/CSE276A_Fall24/cse276a_ws/build/image_geometry
[0.661s] -- Install configuration: ""
[0.664s] -- Up-to-date: /root/CSE276A_Fall24/cse276a_ws/install/image_geometry/share/image_geometry/environment/pythonpath.sh
[0.665s] -- Up-to-date: /root/CSE276A_Fall24/cse276a_ws/install/image_geometry/share/image_geometry/environment/pythonpath.dsv
[0.667s] -- Up-to-date: /root/CSE276A_Fall24/cse276a_ws/install/image_geometry/lib/python3.8/site-packages/image_geometry
[0.668s] -- Up-to-date: /root/CSE276A_Fall24/cse276a_ws/install/image_geometry/lib/python3.8/site-packages/image_geometry/__init__.py
[0.670s] -- Up-to-date: /root/CSE276A_Fall24/cse276a_ws/install/image_geometry/lib/python3.8/site-packages/image_geometry/cameramodels.py
[0.721s] Listing '/root/CSE276A_Fall24/cse276a_ws/install/image_geometry/lib/python3.8/site-packages/image_geometry'...
[0.729s] -- Up-to-date: /root/CSE276A_Fall24/cse276a_ws/install/image_geometry/include/image_geometry
[0.731s] -- Up-to-date: /root/CSE276A_Fall24/cse276a_ws/install/image_geometry/include/image_geometry/pinhole_camera_model.h
[0.733s] -- Up-to-date: /root/CSE276A_Fall24/cse276a_ws/install/image_geometry/include/image_geometry/stereo_camera_model.h
[0.734s] -- Up-to-date: /root/CSE276A_Fall24/cse276a_ws/install/image_geometry/include/image_geometry/visibility_control.hpp
[0.734s] -- Up-to-date: /root/CSE276A_Fall24/cse276a_ws/install/image_geometry/lib/libimage_geometry.so
[0.736s] -- Up-to-date: /root/CSE276A_Fall24/cse276a_ws/install/image_geometry/share/image_geometry/environment/library_path.sh
[0.737s] -- Up-to-date: /root/CSE276A_Fall24/cse276a_ws/install/image_geometry/share/image_geometry/environment/library_path.dsv
[0.738s] -- Up-to-date: /root/CSE276A_Fall24/cse276a_ws/install/image_geometry/share/ament_index/resource_index/package_run_dependencies/image_geometry
[0.738s] -- Up-to-date: /root/CSE276A_Fall24/cse276a_ws/install/image_geometry/share/ament_index/resource_index/parent_prefix_path/image_geometry
[0.739s] -- Up-to-date: /root/CSE276A_Fall24/cse276a_ws/install/image_geometry/share/image_geometry/environment/ament_prefix_path.sh
[0.740s] -- Up-to-date: /root/CSE276A_Fall24/cse276a_ws/install/image_geometry/share/image_geometry/environment/ament_prefix_path.dsv
[0.741s] -- Up-to-date: /root/CSE276A_Fall24/cse276a_ws/install/image_geometry/share/image_geometry/environment/path.sh
[0.741s] -- Up-to-date: /root/CSE276A_Fall24/cse276a_ws/install/image_geometry/share/image_geometry/environment/path.dsv
[0.742s] -- Up-to-date: /root/CSE276A_Fall24/cse276a_ws/install/image_geometry/share/image_geometry/local_setup.bash
[0.742s] -- Up-to-date: /root/CSE276A_Fall24/cse276a_ws/install/image_geometry/share/image_geometry/local_setup.sh
[0.743s] -- Up-to-date: /root/CSE276A_Fall24/cse276a_ws/install/image_geometry/share/image_geometry/local_setup.zsh
[0.743s] -- Up-to-date: /root/CSE276A_Fall24/cse276a_ws/install/image_geometry/share/image_geometry/local_setup.dsv
[0.744s] -- Installing: /root/CSE276A_Fall24/cse276a_ws/install/image_geometry/share/image_geometry/package.dsv
[0.744s] -- Up-to-date: /root/CSE276A_Fall24/cse276a_ws/install/image_geometry/share/ament_index/resource_index/packages/image_geometry
[0.745s] -- Up-to-date: /root/CSE276A_Fall24/cse276a_ws/install/image_geometry/share/image_geometry/cmake/ament_cmake_export_libraries-extras.cmake
[0.745s] -- Up-to-date: /root/CSE276A_Fall24/cse276a_ws/install/image_geometry/share/image_geometry/cmake/ament_cmake_export_dependencies-extras.cmake
[0.746s] -- Up-to-date: /root/CSE276A_Fall24/cse276a_ws/install/image_geometry/share/image_geometry/cmake/ament_cmake_export_include_directories-extras.cmake
[0.746s] -- Up-to-date: /root/CSE276A_Fall24/cse276a_ws/install/image_geometry/share/image_geometry/cmake/image_geometryConfig.cmake
[0.747s] -- Up-to-date: /root/CSE276A_Fall24/cse276a_ws/install/image_geometry/share/image_geometry/cmake/image_geometryConfig-version.cmake
[0.748s] -- Up-to-date: /root/CSE276A_Fall24/cse276a_ws/install/image_geometry/share/image_geometry/package.xml
[0.752s] Invoked command in '/root/CSE276A_Fall24/cse276a_ws/build/image_geometry' returned '0': CMAKE_PREFIX_PATH=${CMAKE_PREFIX_PATH}:/root/CSE276A_Fall24/cse276a_ws/install/opencv_tests:/opt/ros/foxy _=/usr/bin/env /usr/bin/cmake --install /root/CSE276A_Fall24/cse276a_ws/build/image_geometry
