[0.415s] Invoking command in '/root/CSE276A_Fall24/build/vision_opencv': AMENT_PREFIX_PATH=/root/CSE276A_Fall24/install/image_geometry:/root/CSE276A_Fall24/install/cv_bridge:${AMENT_PREFIX_PATH} CMAKE_PREFIX_PATH=/root/CSE276A_Fall24/install/image_geometry:/root/CSE276A_Fall24/install/cv_bridge:/root/CSE276A_Fall24/cse276a_ws/install/vision_opencv:/root/CSE276A_Fall24/cse276a_ws/install/ros2_april_detection:/root/CSE276A_Fall24/cse276a_ws/install/rb5_ros2_vision:/root/CSE276A_Fall24/cse276a_ws/install/rb5_ros2_control:/root/CSE276A_Fall24/cse276a_ws/install/rb5_control:/root/CSE276A_Fall24/cse276a_ws/install/key_joy:/root/CSE276A_Fall24/cse276a_ws/install/image_geometry:/root/CSE276A_Fall24/cse276a_ws/install/cv_bridge:/root/CSE276A_Fall24/cse276a_ws/install/opencv_tests:/opt/ros/foxy LD_LIBRARY_PATH=/root/CSE276A_Fall24/install/image_geometry/lib:/root/CSE276A_Fall24/install/cv_bridge/lib:${LD_LIBRARY_PATH} PYTHONPATH=/root/CSE276A_Fall24/install/image_geometry/lib/python3.8/site-packages:/root/CSE276A_Fall24/install/cv_bridge/lib/python3.8/site-packages:${PYTHONPATH} _=/usr/bin/env /usr/bin/cmake /root/CSE276A_Fall24/cse276a_ws/src/vision_opencv/vision_opencv -DCMAKE_INSTALL_PREFIX=/root/CSE276A_Fall24/install/vision_opencv
[0.666s] -- The C compiler identification is GNU 9.4.0
[0.908s] -- The CXX compiler identification is GNU 9.4.0
[0.915s] -- Check for working C compiler: /usr/bin/cc
[1.199s] -- Check for working C compiler: /usr/bin/cc -- works
[1.199s] -- Detecting C compiler ABI info
[1.505s] -- Detecting C compiler ABI info - done
[1.555s] -- Detecting C compile features
[1.556s] -- Detecting C compile features - done
[1.557s] -- Check for working CXX compiler: /usr/bin/c++
[1.893s] -- Check for working CXX compiler: /usr/bin/c++ -- works
[1.901s] -- Detecting CXX compiler ABI info
[2.226s] -- Detecting CXX compiler ABI info - done
[2.245s] -- Detecting CXX compile features
[2.245s] -- Detecting CXX compile features - done
[2.254s] -- Found ament_cmake: 0.9.12 (/opt/ros/foxy/share/ament_cmake/cmake)
[2.327s] -- Found PythonInterp: /usr/bin/python3 (found suitable version "3.8.10", minimum required is "3") 
[2.328s] -- Using PYTHON_EXECUTABLE: /usr/bin/python3
[2.864s] -- Configuring done
[2.865s] -- Generating done
[2.865s] -- Build files have been written to: /root/CSE276A_Fall24/build/vision_opencv
[2.874s] Invoked command in '/root/CSE276A_Fall24/build/vision_opencv' returned '0': AMENT_PREFIX_PATH=/root/CSE276A_Fall24/install/image_geometry:/root/CSE276A_Fall24/install/cv_bridge:${AMENT_PREFIX_PATH} CMAKE_PREFIX_PATH=/root/CSE276A_Fall24/install/image_geometry:/root/CSE276A_Fall24/install/cv_bridge:/root/CSE276A_Fall24/cse276a_ws/install/vision_opencv:/root/CSE276A_Fall24/cse276a_ws/install/ros2_april_detection:/root/CSE276A_Fall24/cse276a_ws/install/rb5_ros2_vision:/root/CSE276A_Fall24/cse276a_ws/install/rb5_ros2_control:/root/CSE276A_Fall24/cse276a_ws/install/rb5_control:/root/CSE276A_Fall24/cse276a_ws/install/key_joy:/root/CSE276A_Fall24/cse276a_ws/install/image_geometry:/root/CSE276A_Fall24/cse276a_ws/install/cv_bridge:/root/CSE276A_Fall24/cse276a_ws/install/opencv_tests:/opt/ros/foxy LD_LIBRARY_PATH=/root/CSE276A_Fall24/install/image_geometry/lib:/root/CSE276A_Fall24/install/cv_bridge/lib:${LD_LIBRARY_PATH} PYTHONPATH=/root/CSE276A_Fall24/install/image_geometry/lib/python3.8/site-packages:/root/CSE276A_Fall24/install/cv_bridge/lib/python3.8/site-packages:${PYTHONPATH} _=/usr/bin/env /usr/bin/cmake /root/CSE276A_Fall24/cse276a_ws/src/vision_opencv/vision_opencv -DCMAKE_INSTALL_PREFIX=/root/CSE276A_Fall24/install/vision_opencv
[2.886s] Invoking command in '/root/CSE276A_Fall24/build/vision_opencv': AMENT_PREFIX_PATH=/root/CSE276A_Fall24/install/image_geometry:/root/CSE276A_Fall24/install/cv_bridge:${AMENT_PREFIX_PATH} CMAKE_PREFIX_PATH=/root/CSE276A_Fall24/install/image_geometry:/root/CSE276A_Fall24/install/cv_bridge:/root/CSE276A_Fall24/cse276a_ws/install/vision_opencv:/root/CSE276A_Fall24/cse276a_ws/install/ros2_april_detection:/root/CSE276A_Fall24/cse276a_ws/install/rb5_ros2_vision:/root/CSE276A_Fall24/cse276a_ws/install/rb5_ros2_control:/root/CSE276A_Fall24/cse276a_ws/install/rb5_control:/root/CSE276A_Fall24/cse276a_ws/install/key_joy:/root/CSE276A_Fall24/cse276a_ws/install/image_geometry:/root/CSE276A_Fall24/cse276a_ws/install/cv_bridge:/root/CSE276A_Fall24/cse276a_ws/install/opencv_tests:/opt/ros/foxy LD_LIBRARY_PATH=/root/CSE276A_Fall24/install/image_geometry/lib:/root/CSE276A_Fall24/install/cv_bridge/lib:${LD_LIBRARY_PATH} PYTHONPATH=/root/CSE276A_Fall24/install/image_geometry/lib/python3.8/site-packages:/root/CSE276A_Fall24/install/cv_bridge/lib/python3.8/site-packages:${PYTHONPATH} _=/usr/bin/env /usr/bin/cmake --build /root/CSE276A_Fall24/build/vision_opencv -- -j8 -l8
[3.022s] Invoked command in '/root/CSE276A_Fall24/build/vision_opencv' returned '0': AMENT_PREFIX_PATH=/root/CSE276A_Fall24/install/image_geometry:/root/CSE276A_Fall24/install/cv_bridge:${AMENT_PREFIX_PATH} CMAKE_PREFIX_PATH=/root/CSE276A_Fall24/install/image_geometry:/root/CSE276A_Fall24/install/cv_bridge:/root/CSE276A_Fall24/cse276a_ws/install/vision_opencv:/root/CSE276A_Fall24/cse276a_ws/install/ros2_april_detection:/root/CSE276A_Fall24/cse276a_ws/install/rb5_ros2_vision:/root/CSE276A_Fall24/cse276a_ws/install/rb5_ros2_control:/root/CSE276A_Fall24/cse276a_ws/install/rb5_control:/root/CSE276A_Fall24/cse276a_ws/install/key_joy:/root/CSE276A_Fall24/cse276a_ws/install/image_geometry:/root/CSE276A_Fall24/cse276a_ws/install/cv_bridge:/root/CSE276A_Fall24/cse276a_ws/install/opencv_tests:/opt/ros/foxy LD_LIBRARY_PATH=/root/CSE276A_Fall24/install/image_geometry/lib:/root/CSE276A_Fall24/install/cv_bridge/lib:${LD_LIBRARY_PATH} PYTHONPATH=/root/CSE276A_Fall24/install/image_geometry/lib/python3.8/site-packages:/root/CSE276A_Fall24/install/cv_bridge/lib/python3.8/site-packages:${PYTHONPATH} _=/usr/bin/env /usr/bin/cmake --build /root/CSE276A_Fall24/build/vision_opencv -- -j8 -l8
[3.149s] Invoking command in '/root/CSE276A_Fall24/build/vision_opencv': AMENT_PREFIX_PATH=/root/CSE276A_Fall24/install/image_geometry:/root/CSE276A_Fall24/install/cv_bridge:${AMENT_PREFIX_PATH} CMAKE_PREFIX_PATH=/root/CSE276A_Fall24/install/image_geometry:/root/CSE276A_Fall24/install/cv_bridge:/root/CSE276A_Fall24/cse276a_ws/install/vision_opencv:/root/CSE276A_Fall24/cse276a_ws/install/ros2_april_detection:/root/CSE276A_Fall24/cse276a_ws/install/rb5_ros2_vision:/root/CSE276A_Fall24/cse276a_ws/install/rb5_ros2_control:/root/CSE276A_Fall24/cse276a_ws/install/rb5_control:/root/CSE276A_Fall24/cse276a_ws/install/key_joy:/root/CSE276A_Fall24/cse276a_ws/install/image_geometry:/root/CSE276A_Fall24/cse276a_ws/install/cv_bridge:/root/CSE276A_Fall24/cse276a_ws/install/opencv_tests:/opt/ros/foxy LD_LIBRARY_PATH=/root/CSE276A_Fall24/install/image_geometry/lib:/root/CSE276A_Fall24/install/cv_bridge/lib:${LD_LIBRARY_PATH} PYTHONPATH=/root/CSE276A_Fall24/install/image_geometry/lib/python3.8/site-packages:/root/CSE276A_Fall24/install/cv_bridge/lib/python3.8/site-packages:${PYTHONPATH} _=/usr/bin/env /usr/bin/cmake --install /root/CSE276A_Fall24/build/vision_opencv
[3.177s] -- Install configuration: ""
[3.178s] -- Installing: /root/CSE276A_Fall24/install/vision_opencv/share/ament_index/resource_index/package_run_dependencies/vision_opencv
[3.179s] -- Installing: /root/CSE276A_Fall24/install/vision_opencv/share/ament_index/resource_index/parent_prefix_path/vision_opencv
[3.179s] -- Installing: /root/CSE276A_Fall24/install/vision_opencv/share/vision_opencv/environment/ament_prefix_path.sh
[3.179s] -- Installing: /root/CSE276A_Fall24/install/vision_opencv/share/vision_opencv/environment/ament_prefix_path.dsv
[3.179s] -- Installing: /root/CSE276A_Fall24/install/vision_opencv/share/vision_opencv/environment/path.sh
[3.179s] -- Installing: /root/CSE276A_Fall24/install/vision_opencv/share/vision_opencv/environment/path.dsv
[3.180s] -- Installing: /root/CSE276A_Fall24/install/vision_opencv/share/vision_opencv/local_setup.bash
[3.180s] -- Installing: /root/CSE276A_Fall24/install/vision_opencv/share/vision_opencv/local_setup.sh
[3.180s] -- Installing: /root/CSE276A_Fall24/install/vision_opencv/share/vision_opencv/local_setup.zsh
[3.180s] -- Installing: /root/CSE276A_Fall24/install/vision_opencv/share/vision_opencv/local_setup.dsv
[3.180s] -- Installing: /root/CSE276A_Fall24/install/vision_opencv/share/vision_opencv/package.dsv
[3.181s] -- Installing: /root/CSE276A_Fall24/install/vision_opencv/share/ament_index/resource_index/packages/vision_opencv
[3.182s] -- Installing: /root/CSE276A_Fall24/install/vision_opencv/share/vision_opencv/cmake/vision_opencvConfig.cmake
[3.182s] -- Installing: /root/CSE276A_Fall24/install/vision_opencv/share/vision_opencv/cmake/vision_opencvConfig-version.cmake
[3.183s] -- Installing: /root/CSE276A_Fall24/install/vision_opencv/share/vision_opencv/package.xml
[3.193s] Invoked command in '/root/CSE276A_Fall24/build/vision_opencv' returned '0': AMENT_PREFIX_PATH=/root/CSE276A_Fall24/install/image_geometry:/root/CSE276A_Fall24/install/cv_bridge:${AMENT_PREFIX_PATH} CMAKE_PREFIX_PATH=/root/CSE276A_Fall24/install/image_geometry:/root/CSE276A_Fall24/install/cv_bridge:/root/CSE276A_Fall24/cse276a_ws/install/vision_opencv:/root/CSE276A_Fall24/cse276a_ws/install/ros2_april_detection:/root/CSE276A_Fall24/cse276a_ws/install/rb5_ros2_vision:/root/CSE276A_Fall24/cse276a_ws/install/rb5_ros2_control:/root/CSE276A_Fall24/cse276a_ws/install/rb5_control:/root/CSE276A_Fall24/cse276a_ws/install/key_joy:/root/CSE276A_Fall24/cse276a_ws/install/image_geometry:/root/CSE276A_Fall24/cse276a_ws/install/cv_bridge:/root/CSE276A_Fall24/cse276a_ws/install/opencv_tests:/opt/ros/foxy LD_LIBRARY_PATH=/root/CSE276A_Fall24/install/image_geometry/lib:/root/CSE276A_Fall24/install/cv_bridge/lib:${LD_LIBRARY_PATH} PYTHONPATH=/root/CSE276A_Fall24/install/image_geometry/lib/python3.8/site-packages:/root/CSE276A_Fall24/install/cv_bridge/lib/python3.8/site-packages:${PYTHONPATH} _=/usr/bin/env /usr/bin/cmake --install /root/CSE276A_Fall24/build/vision_opencv
