[0.338s] Invoking command in '/root/CSE276A_Fall24/cse276a_ws/build/rb5_ros2_vision': CMAKE_PREFIX_PATH=/root/CSE276A_Fall24/cse276a_ws/install/cv_bridge:/root/CSE276A_Fall24/cse276a_ws/install/vision_opencv:/root/CSE276A_Fall24/cse276a_ws/install/ros2_april_detection:/root/CSE276A_Fall24/cse276a_ws/install/rb5_ros2_vision:/root/CSE276A_Fall24/cse276a_ws/install/rb5_ros2_control:/root/CSE276A_Fall24/cse276a_ws/install/key_joy:/root/CSE276A_Fall24/cse276a_ws/install/image_geometry:/root/CSE276A_Fall24/cse276a_ws/install/opencv_tests:/opt/ros/foxy LD_LIBRARY_PATH=/root/CSE276A_Fall24/cse276a_ws/install/cv_bridge/lib:/root/CSE276A_Fall24/cse276a_ws/install/image_geometry/lib:/opt/ros/foxy/opt/yaml_cpp_vendor/lib:/opt/ros/foxy/lib/aarch64-linux-gnu:/opt/ros/foxy/lib PYTHONPATH=/root/CSE276A_Fall24/cse276a_ws/install/cv_bridge/lib/python3.8/site-packages:/root/CSE276A_Fall24/cse276a_ws/install/rb5_ros2_control/lib/python3.8/site-packages:/root/CSE276A_Fall24/cse276a_ws/install/opencv_tests/lib/python3.8/site-packages:/root/CSE276A_Fall24/cse276a_ws/install/key_joy/lib/python3.8/site-packages:/root/CSE276A_Fall24/cse276a_ws/install/image_geometry/lib/python3.8/site-packages:/opt/ros/foxy/lib/python3.8/site-packages _=/usr/bin/env /usr/bin/cmake --build /root/CSE276A_Fall24/cse276a_ws/build/rb5_ros2_vision -- -j8 -l8
[0.564s] [100%] Built target rb_camera_ocv_node
[0.646s] Invoked command in '/root/CSE276A_Fall24/cse276a_ws/build/rb5_ros2_vision' returned '0': CMAKE_PREFIX_PATH=/root/CSE276A_Fall24/cse276a_ws/install/cv_bridge:/root/CSE276A_Fall24/cse276a_ws/install/vision_opencv:/root/CSE276A_Fall24/cse276a_ws/install/ros2_april_detection:/root/CSE276A_Fall24/cse276a_ws/install/rb5_ros2_vision:/root/CSE276A_Fall24/cse276a_ws/install/rb5_ros2_control:/root/CSE276A_Fall24/cse276a_ws/install/key_joy:/root/CSE276A_Fall24/cse276a_ws/install/image_geometry:/root/CSE276A_Fall24/cse276a_ws/install/opencv_tests:/opt/ros/foxy LD_LIBRARY_PATH=/root/CSE276A_Fall24/cse276a_ws/install/cv_bridge/lib:/root/CSE276A_Fall24/cse276a_ws/install/image_geometry/lib:/opt/ros/foxy/opt/yaml_cpp_vendor/lib:/opt/ros/foxy/lib/aarch64-linux-gnu:/opt/ros/foxy/lib PYTHONPATH=/root/CSE276A_Fall24/cse276a_ws/install/cv_bridge/lib/python3.8/site-packages:/root/CSE276A_Fall24/cse276a_ws/install/rb5_ros2_control/lib/python3.8/site-packages:/root/CSE276A_Fall24/cse276a_ws/install/opencv_tests/lib/python3.8/site-packages:/root/CSE276A_Fall24/cse276a_ws/install/key_joy/lib/python3.8/site-packages:/root/CSE276A_Fall24/cse276a_ws/install/image_geometry/lib/python3.8/site-packages:/opt/ros/foxy/lib/python3.8/site-packages _=/usr/bin/env /usr/bin/cmake --build /root/CSE276A_Fall24/cse276a_ws/build/rb5_ros2_vision -- -j8 -l8
[0.804s] Invoking command in '/root/CSE276A_Fall24/cse276a_ws/build/rb5_ros2_vision': CMAKE_PREFIX_PATH=/root/CSE276A_Fall24/cse276a_ws/install/cv_bridge:/root/CSE276A_Fall24/cse276a_ws/install/vision_opencv:/root/CSE276A_Fall24/cse276a_ws/install/ros2_april_detection:/root/CSE276A_Fall24/cse276a_ws/install/rb5_ros2_vision:/root/CSE276A_Fall24/cse276a_ws/install/rb5_ros2_control:/root/CSE276A_Fall24/cse276a_ws/install/key_joy:/root/CSE276A_Fall24/cse276a_ws/install/image_geometry:/root/CSE276A_Fall24/cse276a_ws/install/opencv_tests:/opt/ros/foxy LD_LIBRARY_PATH=/root/CSE276A_Fall24/cse276a_ws/install/cv_bridge/lib:/root/CSE276A_Fall24/cse276a_ws/install/image_geometry/lib:/opt/ros/foxy/opt/yaml_cpp_vendor/lib:/opt/ros/foxy/lib/aarch64-linux-gnu:/opt/ros/foxy/lib PYTHONPATH=/root/CSE276A_Fall24/cse276a_ws/install/cv_bridge/lib/python3.8/site-packages:/root/CSE276A_Fall24/cse276a_ws/install/rb5_ros2_control/lib/python3.8/site-packages:/root/CSE276A_Fall24/cse276a_ws/install/opencv_tests/lib/python3.8/site-packages:/root/CSE276A_Fall24/cse276a_ws/install/key_joy/lib/python3.8/site-packages:/root/CSE276A_Fall24/cse276a_ws/install/image_geometry/lib/python3.8/site-packages:/opt/ros/foxy/lib/python3.8/site-packages _=/usr/bin/env /usr/bin/cmake --install /root/CSE276A_Fall24/cse276a_ws/build/rb5_ros2_vision
[0.840s] -- Install configuration: ""
[0.842s] -- Up-to-date: /root/CSE276A_Fall24/cse276a_ws/install/rb5_ros2_vision/share/rb5_ros2_vision/launch
[0.843s] -- Up-to-date: /root/CSE276A_Fall24/cse276a_ws/install/rb5_ros2_vision/share/rb5_ros2_vision/launch/rb_camera_both_ocv.launch
[0.844s] -- Up-to-date: /root/CSE276A_Fall24/cse276a_ws/install/rb5_ros2_vision/share/rb5_ros2_vision/launch/rb_camera_both_ocv_launch.py
[0.846s] -- Up-to-date: /root/CSE276A_Fall24/cse276a_ws/install/rb5_ros2_vision/share/rb5_ros2_vision/launch/rb_camera_main_ocv.launch.xml
[0.846s] -- Up-to-date: /root/CSE276A_Fall24/cse276a_ws/install/rb5_ros2_vision/share/rb5_ros2_vision/launch/rb_camera_main_ocv_launch.py
[0.847s] -- Up-to-date: /root/CSE276A_Fall24/cse276a_ws/install/rb5_ros2_vision/share/rb5_ros2_vision/launch/rb_camera_side_ocv.launch
[0.848s] -- Up-to-date: /root/CSE276A_Fall24/cse276a_ws/install/rb5_ros2_vision/share/rb5_ros2_vision/launch/rb_camera_side_ocv_launch.py
[0.850s] -- Up-to-date: /root/CSE276A_Fall24/cse276a_ws/install/rb5_ros2_vision/share/rb5_ros2_vision/launch/rb_camera_webcam_ocv.launch
[0.851s] -- Up-to-date: /root/CSE276A_Fall24/cse276a_ws/install/rb5_ros2_vision/share/rb5_ros2_vision/launch/rb_camera_webcam_ocv_launch.py
[0.852s] -- Up-to-date: /root/CSE276A_Fall24/cse276a_ws/install/rb5_ros2_vision/lib/rb5_ros2_vision/rb_camera_ocv_node
[0.855s] -- Installing: /root/CSE276A_Fall24/cse276a_ws/install/rb5_ros2_vision/lib/rb5_ros2_vision/click_images.py
[0.859s] -- Up-to-date: /root/CSE276A_Fall24/cse276a_ws/install/rb5_ros2_vision/share/ament_index/resource_index/package_run_dependencies/rb5_ros2_vision
[0.860s] -- Up-to-date: /root/CSE276A_Fall24/cse276a_ws/install/rb5_ros2_vision/share/ament_index/resource_index/parent_prefix_path/rb5_ros2_vision
[0.862s] -- Up-to-date: /root/CSE276A_Fall24/cse276a_ws/install/rb5_ros2_vision/share/rb5_ros2_vision/environment/ament_prefix_path.sh
[0.864s] -- Up-to-date: /root/CSE276A_Fall24/cse276a_ws/install/rb5_ros2_vision/share/rb5_ros2_vision/environment/ament_prefix_path.dsv
[0.865s] -- Up-to-date: /root/CSE276A_Fall24/cse276a_ws/install/rb5_ros2_vision/share/rb5_ros2_vision/environment/path.sh
[0.866s] -- Up-to-date: /root/CSE276A_Fall24/cse276a_ws/install/rb5_ros2_vision/share/rb5_ros2_vision/environment/path.dsv
[0.868s] -- Up-to-date: /root/CSE276A_Fall24/cse276a_ws/install/rb5_ros2_vision/share/rb5_ros2_vision/local_setup.bash
[0.873s] -- Up-to-date: /root/CSE276A_Fall24/cse276a_ws/install/rb5_ros2_vision/share/rb5_ros2_vision/local_setup.sh
[0.875s] -- Up-to-date: /root/CSE276A_Fall24/cse276a_ws/install/rb5_ros2_vision/share/rb5_ros2_vision/local_setup.zsh
[0.877s] -- Up-to-date: /root/CSE276A_Fall24/cse276a_ws/install/rb5_ros2_vision/share/rb5_ros2_vision/local_setup.dsv
[0.879s] -- Installing: /root/CSE276A_Fall24/cse276a_ws/install/rb5_ros2_vision/share/rb5_ros2_vision/package.dsv
[0.880s] -- Up-to-date: /root/CSE276A_Fall24/cse276a_ws/install/rb5_ros2_vision/share/ament_index/resource_index/packages/rb5_ros2_vision
[0.882s] -- Up-to-date: /root/CSE276A_Fall24/cse276a_ws/install/rb5_ros2_vision/share/rb5_ros2_vision/cmake/rb5_ros2_visionConfig.cmake
[0.884s] -- Up-to-date: /root/CSE276A_Fall24/cse276a_ws/install/rb5_ros2_vision/share/rb5_ros2_vision/cmake/rb5_ros2_visionConfig-version.cmake
[0.885s] -- Up-to-date: /root/CSE276A_Fall24/cse276a_ws/install/rb5_ros2_vision/share/rb5_ros2_vision/package.xml
[0.915s] Invoked command in '/root/CSE276A_Fall24/cse276a_ws/build/rb5_ros2_vision' returned '0': CMAKE_PREFIX_PATH=/root/CSE276A_Fall24/cse276a_ws/install/cv_bridge:/root/CSE276A_Fall24/cse276a_ws/install/vision_opencv:/root/CSE276A_Fall24/cse276a_ws/install/ros2_april_detection:/root/CSE276A_Fall24/cse276a_ws/install/rb5_ros2_vision:/root/CSE276A_Fall24/cse276a_ws/install/rb5_ros2_control:/root/CSE276A_Fall24/cse276a_ws/install/key_joy:/root/CSE276A_Fall24/cse276a_ws/install/image_geometry:/root/CSE276A_Fall24/cse276a_ws/install/opencv_tests:/opt/ros/foxy LD_LIBRARY_PATH=/root/CSE276A_Fall24/cse276a_ws/install/cv_bridge/lib:/root/CSE276A_Fall24/cse276a_ws/install/image_geometry/lib:/opt/ros/foxy/opt/yaml_cpp_vendor/lib:/opt/ros/foxy/lib/aarch64-linux-gnu:/opt/ros/foxy/lib PYTHONPATH=/root/CSE276A_Fall24/cse276a_ws/install/cv_bridge/lib/python3.8/site-packages:/root/CSE276A_Fall24/cse276a_ws/install/rb5_ros2_control/lib/python3.8/site-packages:/root/CSE276A_Fall24/cse276a_ws/install/opencv_tests/lib/python3.8/site-packages:/root/CSE276A_Fall24/cse276a_ws/install/key_joy/lib/python3.8/site-packages:/root/CSE276A_Fall24/cse276a_ws/install/image_geometry/lib/python3.8/site-packages:/opt/ros/foxy/lib/python3.8/site-packages _=/usr/bin/env /usr/bin/cmake --install /root/CSE276A_Fall24/cse276a_ws/build/rb5_ros2_vision
