[0.103s] Invoking command in '/root/CSE276A_Fall24/cse276a_ws/src/build/image_geometry': CMAKE_PREFIX_PATH=${CMAKE_PREFIX_PATH}:/opt/ros/foxy _=/usr/bin/env /usr/bin/cmake /root/CSE276A_Fall24/cse276a_ws/src/vision_opencv/image_geometry -DCMAKE_INSTALL_PREFIX=/root/CSE276A_Fall24/cse276a_ws/src/install/image_geometry
[0.348s] -- The C compiler identification is GNU 9.4.0
[0.548s] -- The CXX compiler identification is GNU 9.4.0
[0.561s] -- Check for working C compiler: /usr/bin/cc
[0.790s] -- Check for working C compiler: /usr/bin/cc -- works
[0.794s] -- Detecting C compiler ABI info
[1.014s] -- Detecting C compiler ABI info - done
[1.058s] -- Detecting C compile features
[1.059s] -- Detecting C compile features - done
[1.063s] -- Check for working CXX compiler: /usr/bin/c++
[1.364s] -- Check for working CXX compiler: /usr/bin/c++ -- works
[1.367s] -- Detecting CXX compiler ABI info
[1.680s] -- Detecting CXX compiler ABI info - done
[1.721s] -- Detecting CXX compile features
[1.722s] -- Detecting CXX compile features - done
[1.731s] -- Found ament_cmake_python: 0.9.12 (/opt/ros/foxy/share/ament_cmake_python/cmake)
[1.732s] -- Found ament_cmake_ros: 0.9.2 (/opt/ros/foxy/share/ament_cmake_ros/cmake)
[1.799s] -- Found PythonInterp: /usr/bin/python3 (found suitable version "3.8.10", minimum required is "3") 
[1.799s] -- Using PYTHON_EXECUTABLE: /usr/bin/python3
[2.118s] -- Found OpenCV: /usr (found version "4.2.0") found components: calib3d core highgui imgproc 
[2.120s] -- Found sensor_msgs: 2.0.5 (/opt/ros/foxy/share/sensor_msgs/cmake)
[2.148s] -- Using all available rosidl_typesupport_c: rosidl_typesupport_fastrtps_c;rosidl_typesupport_introspection_c
[2.155s] -- Found rosidl_adapter: 1.3.1 (/opt/ros/foxy/share/rosidl_adapter/cmake)
[2.537s] -- Found OpenSSL: /usr/lib/aarch64-linux-gnu/libcrypto.so (found version "1.1.1f")  
[2.566s] -- Found FastRTPS: /opt/ros/foxy/include  
[2.662s] -- Using all available rosidl_typesupport_cpp: rosidl_typesupport_fastrtps_cpp;rosidl_typesupport_introspection_cpp
[2.833s] -- Found gtest sources under '/opt/ros/foxy/src/gtest_vendor': C++ tests using 'Google Test' will be built
[2.836s] -- Looking for pthread.h
[3.070s] -- Looking for pthread.h - found
[3.071s] -- Performing Test CMAKE_HAVE_LIBC_PTHREAD
[3.402s] -- Performing Test CMAKE_HAVE_LIBC_PTHREAD - Failed
[3.403s] -- Check if compiler accepts -pthread
[3.706s] -- Check if compiler accepts -pthread - yes
[3.707s] -- Found Threads: TRUE  
[3.844s] -- Configuring done
[3.867s] -- Generating done
[3.869s] -- Build files have been written to: /root/CSE276A_Fall24/cse276a_ws/src/build/image_geometry
[3.883s] Invoked command in '/root/CSE276A_Fall24/cse276a_ws/src/build/image_geometry' returned '0': CMAKE_PREFIX_PATH=${CMAKE_PREFIX_PATH}:/opt/ros/foxy _=/usr/bin/env /usr/bin/cmake /root/CSE276A_Fall24/cse276a_ws/src/vision_opencv/image_geometry -DCMAKE_INSTALL_PREFIX=/root/CSE276A_Fall24/cse276a_ws/src/install/image_geometry
[3.898s] Invoking command in '/root/CSE276A_Fall24/cse276a_ws/src/build/image_geometry': CMAKE_PREFIX_PATH=${CMAKE_PREFIX_PATH}:/opt/ros/foxy _=/usr/bin/env /usr/bin/cmake --build /root/CSE276A_Fall24/cse276a_ws/src/build/image_geometry -- -j8 -l8
[4.025s] [35m[1mScanning dependencies of target image_geometry[0m
[4.035s] [35m[1mScanning dependencies of target gtest_main[0m
[4.048s] [35m[1mScanning dependencies of target gtest[0m
[4.084s] [  9%] [32mBuilding CXX object gtest/CMakeFiles/gtest_main.dir/src/gtest_main.cc.o[0m
[4.118s] [ 18%] [32mBuilding CXX object gtest/CMakeFiles/gtest.dir/src/gtest-all.cc.o[0m
[4.159s] [ 27%] [32mBuilding CXX object CMakeFiles/image_geometry.dir/src/pinhole_camera_model.cpp.o[0m
[4.162s] [ 36%] [32mBuilding CXX object CMakeFiles/image_geometry.dir/src/stereo_camera_model.cpp.o[0m
[5.272s] [ 45%] [32m[1mLinking CXX static library libgtest_main.a[0m
[5.475s] [ 45%] Built target gtest_main
[6.417s] [ 54%] [32m[1mLinking CXX shared library libimage_geometry.so[0m
[6.721s] [ 54%] Built target image_geometry
[7.816s] [ 63%] [32m[1mLinking CXX static library libgtest.a[0m
[8.146s] [ 63%] Built target gtest
[8.192s] [35m[1mScanning dependencies of target image_geometry-utest-equi[0m
[8.193s] [35m[1mScanning dependencies of target image_geometry-utest[0m
[8.289s] [ 72%] [32mBuilding CXX object test/CMakeFiles/image_geometry-utest-equi.dir/utest_equi.cpp.o[0m
[8.293s] [ 81%] [32mBuilding CXX object test/CMakeFiles/image_geometry-utest.dir/utest.cpp.o[0m
[11.418s] [ 90%] [32m[1mLinking CXX executable image_geometry-utest-equi[0m
[11.825s] [ 90%] Built target image_geometry-utest-equi
[13.092s] [100%] [32m[1mLinking CXX executable image_geometry-utest[0m
[13.520s] [100%] Built target image_geometry-utest
[13.581s] Invoked command in '/root/CSE276A_Fall24/cse276a_ws/src/build/image_geometry' returned '0': CMAKE_PREFIX_PATH=${CMAKE_PREFIX_PATH}:/opt/ros/foxy _=/usr/bin/env /usr/bin/cmake --build /root/CSE276A_Fall24/cse276a_ws/src/build/image_geometry -- -j8 -l8
[13.863s] Invoking command in '/root/CSE276A_Fall24/cse276a_ws/src/build/image_geometry': CMAKE_PREFIX_PATH=${CMAKE_PREFIX_PATH}:/opt/ros/foxy _=/usr/bin/env /usr/bin/cmake --install /root/CSE276A_Fall24/cse276a_ws/src/build/image_geometry
[13.893s] -- Install configuration: ""
[13.895s] -- Installing: /root/CSE276A_Fall24/cse276a_ws/src/install/image_geometry/share/image_geometry/environment/pythonpath.sh
[13.896s] -- Installing: /root/CSE276A_Fall24/cse276a_ws/src/install/image_geometry/share/image_geometry/environment/pythonpath.dsv
[13.897s] -- Installing: /root/CSE276A_Fall24/cse276a_ws/src/install/image_geometry/lib/python3.8/site-packages/image_geometry
[13.899s] -- Installing: /root/CSE276A_Fall24/cse276a_ws/src/install/image_geometry/lib/python3.8/site-packages/image_geometry/__init__.py
[13.900s] -- Installing: /root/CSE276A_Fall24/cse276a_ws/src/install/image_geometry/lib/python3.8/site-packages/image_geometry/cameramodels.py
[13.966s] Listing '/root/CSE276A_Fall24/cse276a_ws/src/install/image_geometry/lib/python3.8/site-packages/image_geometry'...
[13.967s] Compiling '/root/CSE276A_Fall24/cse276a_ws/src/install/image_geometry/lib/python3.8/site-packages/image_geometry/__init__.py'...
[13.969s] Compiling '/root/CSE276A_Fall24/cse276a_ws/src/install/image_geometry/lib/python3.8/site-packages/image_geometry/cameramodels.py'...
[13.976s] -- Installing: /root/CSE276A_Fall24/cse276a_ws/src/install/image_geometry/include/image_geometry
[13.978s] -- Installing: /root/CSE276A_Fall24/cse276a_ws/src/install/image_geometry/include/image_geometry/pinhole_camera_model.h
[13.979s] -- Installing: /root/CSE276A_Fall24/cse276a_ws/src/install/image_geometry/include/image_geometry/stereo_camera_model.h
[13.981s] -- Installing: /root/CSE276A_Fall24/cse276a_ws/src/install/image_geometry/include/image_geometry/visibility_control.hpp
[13.984s] -- Installing: /root/CSE276A_Fall24/cse276a_ws/src/install/image_geometry/lib/libimage_geometry.so
[13.994s] -- Set runtime path of "/root/CSE276A_Fall24/cse276a_ws/src/install/image_geometry/lib/libimage_geometry.so" to ""
[13.995s] -- Installing: /root/CSE276A_Fall24/cse276a_ws/src/install/image_geometry/share/image_geometry/environment/library_path.sh
[13.996s] -- Installing: /root/CSE276A_Fall24/cse276a_ws/src/install/image_geometry/share/image_geometry/environment/library_path.dsv
[13.997s] -- Installing: /root/CSE276A_Fall24/cse276a_ws/src/install/image_geometry/share/ament_index/resource_index/package_run_dependencies/image_geometry
[13.998s] -- Installing: /root/CSE276A_Fall24/cse276a_ws/src/install/image_geometry/share/ament_index/resource_index/parent_prefix_path/image_geometry
[13.999s] -- Installing: /root/CSE276A_Fall24/cse276a_ws/src/install/image_geometry/share/image_geometry/environment/ament_prefix_path.sh
[14.000s] -- Installing: /root/CSE276A_Fall24/cse276a_ws/src/install/image_geometry/share/image_geometry/environment/ament_prefix_path.dsv
[14.001s] -- Installing: /root/CSE276A_Fall24/cse276a_ws/src/install/image_geometry/share/image_geometry/environment/path.sh
[14.002s] -- Installing: /root/CSE276A_Fall24/cse276a_ws/src/install/image_geometry/share/image_geometry/environment/path.dsv
[14.003s] -- Installing: /root/CSE276A_Fall24/cse276a_ws/src/install/image_geometry/share/image_geometry/local_setup.bash
[14.004s] -- Installing: /root/CSE276A_Fall24/cse276a_ws/src/install/image_geometry/share/image_geometry/local_setup.sh
[14.004s] -- Installing: /root/CSE276A_Fall24/cse276a_ws/src/install/image_geometry/share/image_geometry/local_setup.zsh
[14.005s] -- Installing: /root/CSE276A_Fall24/cse276a_ws/src/install/image_geometry/share/image_geometry/local_setup.dsv
[14.006s] -- Installing: /root/CSE276A_Fall24/cse276a_ws/src/install/image_geometry/share/image_geometry/package.dsv
[14.007s] -- Installing: /root/CSE276A_Fall24/cse276a_ws/src/install/image_geometry/share/ament_index/resource_index/packages/image_geometry
[14.008s] -- Installing: /root/CSE276A_Fall24/cse276a_ws/src/install/image_geometry/share/image_geometry/cmake/ament_cmake_export_libraries-extras.cmake
[14.010s] -- Installing: /root/CSE276A_Fall24/cse276a_ws/src/install/image_geometry/share/image_geometry/cmake/ament_cmake_export_dependencies-extras.cmake
[14.011s] -- Installing: /root/CSE276A_Fall24/cse276a_ws/src/install/image_geometry/share/image_geometry/cmake/ament_cmake_export_include_directories-extras.cmake
[14.011s] -- Installing: /root/CSE276A_Fall24/cse276a_ws/src/install/image_geometry/share/image_geometry/cmake/image_geometryConfig.cmake
[14.012s] -- Installing: /root/CSE276A_Fall24/cse276a_ws/src/install/image_geometry/share/image_geometry/cmake/image_geometryConfig-version.cmake
[14.013s] -- Installing: /root/CSE276A_Fall24/cse276a_ws/src/install/image_geometry/share/image_geometry/package.xml
[14.024s] Invoked command in '/root/CSE276A_Fall24/cse276a_ws/src/build/image_geometry' returned '0': CMAKE_PREFIX_PATH=${CMAKE_PREFIX_PATH}:/opt/ros/foxy _=/usr/bin/env /usr/bin/cmake --install /root/CSE276A_Fall24/cse276a_ws/src/build/image_geometry
