-- Found ament_cmake: 0.9.12 (/opt/ros/foxy/share/ament_cmake/cmake)
-- Using PYTHON_EXECUTABLE: /usr/bin/python3
-- Found rclcpp: 2.4.3 (/opt/ros/foxy/share/rclcpp/cmake)
-- Using all available rosidl_typesupport_c: rosidl_typesupport_fastrtps_c;rosidl_typesupport_introspection_c
-- Found rosidl_adapter: 1.3.1 (/opt/ros/foxy/share/rosidl_adapter/cmake)
-- Using all available rosidl_typesupport_cpp: rosidl_typesupport_fastrtps_cpp;rosidl_typesupport_introspection_cpp
-- Found rmw_implementation_cmake: 1.0.4 (/opt/ros/foxy/share/rmw_implementation_cmake/cmake)
-- Using RMW implementation 'rmw_fastrtps_cpp' as default
-- Found rclpy: 1.0.13 (/opt/ros/foxy/share/rclpy/cmake)
-- Found ament_lint_auto: 0.9.8 (/opt/ros/foxy/share/ament_lint_auto/cmake)
-- Added test 'copyright' to check source files copyright and LICENSE
-- Added test 'cppcheck' to perform static code analysis on C / C++ code
-- Configured cppcheck include dirs: 
-- Configured cppcheck exclude dirs and/or files: 
-- Added test 'cpplint' to check C / C++ code against the Google style
-- Configured cpplint exclude dirs and/or files: 
-- Added test 'flake8' to check Python code syntax and style conventions
-- Added test 'lint_cmake' to check CMake code style
-- Added test 'pep257' to check Python code against some of the style conventions in PEP 257
-- Added test 'uncrustify' to check C / C++ code style
-- Configured uncrustify additional arguments: 
-- Added test 'xmllint' to check XML markup files
-- Configuring done
-- Generating done
-- Build files have been written to: /root/CSE276A_Fall24/cse276a_ws/build/rb5_ros2_control
-- Install configuration: ""
-- Installing: /root/CSE276A_Fall24/cse276a_ws/install/rb5_ros2_control/share/rb5_ros2_control/environment/pythonpath.sh
-- Installing: /root/CSE276A_Fall24/cse276a_ws/install/rb5_ros2_control/share/rb5_ros2_control/environment/pythonpath.dsv
-- Up-to-date: /root/CSE276A_Fall24/cse276a_ws/install/rb5_ros2_control/lib/python3.8/site-packages/rb5_ros2_control
-- Installing: /root/CSE276A_Fall24/cse276a_ws/install/rb5_ros2_control/lib/python3.8/site-packages/rb5_ros2_control/__init__.py
-- Up-to-date: /root/CSE276A_Fall24/cse276a_ws/install/rb5_ros2_control/lib/python3.8/site-packages/rb5_ros2_control/mpi_control.py
-- Installing: /root/CSE276A_Fall24/cse276a_ws/install/rb5_ros2_control/lib/python3.8/site-packages/rb5_ros2_control/rb5_control_node.py
-- Installing: /root/CSE276A_Fall24/cse276a_ws/install/rb5_ros2_control/lib/python3.8/site-packages/rb5_ros2_control/rb5_keyjoy_control_node.py
-- Installing: /root/CSE276A_Fall24/cse276a_ws/install/rb5_ros2_control/lib/python3.8/site-packages/rb5_ros2_control/assignment1.py
-- Installing: /root/CSE276A_Fall24/cse276a_ws/install/rb5_ros2_control/lib/python3.8/site-packages/rb5_ros2_control/.mpi_control.py.swp
Listing '/root/CSE276A_Fall24/cse276a_ws/install/rb5_ros2_control/lib/python3.8/site-packages/rb5_ros2_control'...
Compiling '/root/CSE276A_Fall24/cse276a_ws/install/rb5_ros2_control/lib/python3.8/site-packages/rb5_ros2_control/mpi_control.py'...
Compiling '/root/CSE276A_Fall24/cse276a_ws/install/rb5_ros2_control/lib/python3.8/site-packages/rb5_ros2_control/rb5_control_node.py'...
-- Up-to-date: /root/CSE276A_Fall24/cse276a_ws/install/rb5_ros2_control/lib/rb5_ros2_control/mpi_control.py
-- Installing: /root/CSE276A_Fall24/cse276a_ws/install/rb5_ros2_control/lib/rb5_ros2_control/rb5_control_node.py
-- Installing: /root/CSE276A_Fall24/cse276a_ws/install/rb5_ros2_control/lib/rb5_ros2_control/rb5_keyjoy_control_node.py
-- Installing: /root/CSE276A_Fall24/cse276a_ws/install/rb5_ros2_control/share/ament_index/resource_index/package_run_dependencies/rb5_ros2_control
-- Installing: /root/CSE276A_Fall24/cse276a_ws/install/rb5_ros2_control/share/ament_index/resource_index/parent_prefix_path/rb5_ros2_control
-- Installing: /root/CSE276A_Fall24/cse276a_ws/install/rb5_ros2_control/share/rb5_ros2_control/environment/ament_prefix_path.sh
-- Installing: /root/CSE276A_Fall24/cse276a_ws/install/rb5_ros2_control/share/rb5_ros2_control/environment/ament_prefix_path.dsv
-- Installing: /root/CSE276A_Fall24/cse276a_ws/install/rb5_ros2_control/share/rb5_ros2_control/environment/path.sh
-- Installing: /root/CSE276A_Fall24/cse276a_ws/install/rb5_ros2_control/share/rb5_ros2_control/environment/path.dsv
-- Installing: /root/CSE276A_Fall24/cse276a_ws/install/rb5_ros2_control/share/rb5_ros2_control/local_setup.bash
-- Installing: /root/CSE276A_Fall24/cse276a_ws/install/rb5_ros2_control/share/rb5_ros2_control/local_setup.sh
-- Installing: /root/CSE276A_Fall24/cse276a_ws/install/rb5_ros2_control/share/rb5_ros2_control/local_setup.zsh
-- Installing: /root/CSE276A_Fall24/cse276a_ws/install/rb5_ros2_control/share/rb5_ros2_control/local_setup.dsv
-- Installing: /root/CSE276A_Fall24/cse276a_ws/install/rb5_ros2_control/share/rb5_ros2_control/package.dsv
-- Installing: /root/CSE276A_Fall24/cse276a_ws/install/rb5_ros2_control/share/ament_index/resource_index/packages/rb5_ros2_control
-- Installing: /root/CSE276A_Fall24/cse276a_ws/install/rb5_ros2_control/share/rb5_ros2_control/cmake/rb5_ros2_controlConfig.cmake
-- Installing: /root/CSE276A_Fall24/cse276a_ws/install/rb5_ros2_control/share/rb5_ros2_control/cmake/rb5_ros2_controlConfig-version.cmake
-- Installing: /root/CSE276A_Fall24/cse276a_ws/install/rb5_ros2_control/share/rb5_ros2_control/package.xml
