Performing C SOURCE FILE Test CMAKE_HAVE_LIBC_PTHREAD failed with the following output:
Change Dir: /root/CSE276A_Fall24/cse276a_ws/build/rb5_ros2_control/CMakeFiles/CMakeTmp

Run Build Command(s):/usr/bin/make cmTC_09290/fast && /usr/bin/make -f CMakeFiles/cmTC_09290.dir/build.make CMakeFiles/cmTC_09290.dir/build
make[1]: Entering directory '/root/CSE276A_Fall24/cse276a_ws/build/rb5_ros2_control/CMakeFiles/CMakeTmp'
Building C object CMakeFiles/cmTC_09290.dir/src.c.o
/usr/bin/cc   -DCMAKE_HAVE_LIBC_PTHREAD   -o CMakeFiles/cmTC_09290.dir/src.c.o   -c /root/CSE276A_Fall24/cse276a_ws/build/rb5_ros2_control/CMakeFiles/CMakeTmp/src.c
Linking C executable cmTC_09290
/usr/bin/cmake -E cmake_link_script CMakeFiles/cmTC_09290.dir/link.txt --verbose=1
/usr/bin/cc  -DCMAKE_HAVE_LIBC_PTHREAD    CMakeFiles/cmTC_09290.dir/src.c.o  -o cmTC_09290 
/usr/bin/ld: CMakeFiles/cmTC_09290.dir/src.c.o: in function `main':
src.c:(.text+0x48): undefined reference to `pthread_create'
/usr/bin/ld: src.c:(.text+0x50): undefined reference to `pthread_detach'
/usr/bin/ld: src.c:(.text+0x5c): undefined reference to `pthread_join'
collect2: error: ld returned 1 exit status
make[1]: *** [CMakeFiles/cmTC_09290.dir/build.make:87: cmTC_09290] Error 1
make[1]: Leaving directory '/root/CSE276A_Fall24/cse276a_ws/build/rb5_ros2_control/CMakeFiles/CMakeTmp'
make: *** [Makefile:121: cmTC_09290/fast] Error 2


Source file was:
#include <pthread.h>

void* test_func(void* data)
{
  return data;
}

int main(void)
{
  pthread_t thread;
  pthread_create(&thread, NULL, test_func, NULL);
  pthread_detach(thread);
  pthread_join(thread, NULL);
  pthread_atfork(NULL, NULL, NULL);
  pthread_exit(NULL);

  return 0;
}

Determining if the function pthread_create exists in the pthreads failed with the following output:
Change Dir: /root/CSE276A_Fall24/cse276a_ws/build/rb5_ros2_control/CMakeFiles/CMakeTmp

Run Build Command(s):/usr/bin/make cmTC_dbfb8/fast && /usr/bin/make -f CMakeFiles/cmTC_dbfb8.dir/build.make CMakeFiles/cmTC_dbfb8.dir/build
make[1]: Entering directory '/root/CSE276A_Fall24/cse276a_ws/build/rb5_ros2_control/CMakeFiles/CMakeTmp'
Building C object CMakeFiles/cmTC_dbfb8.dir/CheckFunctionExists.c.o
/usr/bin/cc   -DCHECK_FUNCTION_EXISTS=pthread_create   -o CMakeFiles/cmTC_dbfb8.dir/CheckFunctionExists.c.o   -c /usr/share/cmake-3.16/Modules/CheckFunctionExists.c
Linking C executable cmTC_dbfb8
/usr/bin/cmake -E cmake_link_script CMakeFiles/cmTC_dbfb8.dir/link.txt --verbose=1
/usr/bin/cc  -DCHECK_FUNCTION_EXISTS=pthread_create    CMakeFiles/cmTC_dbfb8.dir/CheckFunctionExists.c.o  -o cmTC_dbfb8  -lpthreads 
/usr/bin/ld: cannot find -lpthreads
collect2: error: ld returned 1 exit status
make[1]: *** [CMakeFiles/cmTC_dbfb8.dir/build.make:87: cmTC_dbfb8] Error 1
make[1]: Leaving directory '/root/CSE276A_Fall24/cse276a_ws/build/rb5_ros2_control/CMakeFiles/CMakeTmp'
make: *** [Makefile:121: cmTC_dbfb8/fast] Error 2



Performing C SOURCE FILE Test CMAKE_HAVE_LIBC_PTHREAD failed with the following output:
Change Dir: /root/CSE276A_Fall24/cse276a_ws/build/rb5_ros2_control/CMakeFiles/CMakeTmp

Run Build Command(s):/usr/bin/make cmTC_cd1b1/fast && make[1]: Entering directory '/root/CSE276A_Fall24/cse276a_ws/build/rb5_ros2_control/CMakeFiles/CMakeTmp'
/usr/bin/make -f CMakeFiles/cmTC_cd1b1.dir/build.make CMakeFiles/cmTC_cd1b1.dir/build
make[2]: Entering directory '/root/CSE276A_Fall24/cse276a_ws/build/rb5_ros2_control/CMakeFiles/CMakeTmp'
Building C object CMakeFiles/cmTC_cd1b1.dir/src.c.o
/usr/bin/cc   -DCMAKE_HAVE_LIBC_PTHREAD   -o CMakeFiles/cmTC_cd1b1.dir/src.c.o   -c /root/CSE276A_Fall24/cse276a_ws/build/rb5_ros2_control/CMakeFiles/CMakeTmp/src.c
Linking C executable cmTC_cd1b1
/usr/bin/cmake -E cmake_link_script CMakeFiles/cmTC_cd1b1.dir/link.txt --verbose=1
/usr/bin/cc  -DCMAKE_HAVE_LIBC_PTHREAD    CMakeFiles/cmTC_cd1b1.dir/src.c.o  -o cmTC_cd1b1 
/usr/bin/ld: CMakeFiles/cmTC_cd1b1.dir/src.c.o: in function `main':
src.c:(.text+0x48): undefined reference to `pthread_create'
/usr/bin/ld: src.c:(.text+0x50): undefined reference to `pthread_detach'
/usr/bin/ld: src.c:(.text+0x5c): undefined reference to `pthread_join'
collect2: error: ld returned 1 exit status
make[2]: *** [CMakeFiles/cmTC_cd1b1.dir/build.make:87: cmTC_cd1b1] Error 1
make[2]: Leaving directory '/root/CSE276A_Fall24/cse276a_ws/build/rb5_ros2_control/CMakeFiles/CMakeTmp'
make[1]: *** [Makefile:121: cmTC_cd1b1/fast] Error 2
make[1]: Leaving directory '/root/CSE276A_Fall24/cse276a_ws/build/rb5_ros2_control/CMakeFiles/CMakeTmp'


Source file was:
#include <pthread.h>

void* test_func(void* data)
{
  return data;
}

int main(void)
{
  pthread_t thread;
  pthread_create(&thread, NULL, test_func, NULL);
  pthread_detach(thread);
  pthread_join(thread, NULL);
  pthread_atfork(NULL, NULL, NULL);
  pthread_exit(NULL);

  return 0;
}

Determining if the function pthread_create exists in the pthreads failed with the following output:
Change Dir: /root/CSE276A_Fall24/cse276a_ws/build/rb5_ros2_control/CMakeFiles/CMakeTmp

Run Build Command(s):/usr/bin/make cmTC_fdb75/fast && make[1]: Entering directory '/root/CSE276A_Fall24/cse276a_ws/build/rb5_ros2_control/CMakeFiles/CMakeTmp'
/usr/bin/make -f CMakeFiles/cmTC_fdb75.dir/build.make CMakeFiles/cmTC_fdb75.dir/build
make[2]: Entering directory '/root/CSE276A_Fall24/cse276a_ws/build/rb5_ros2_control/CMakeFiles/CMakeTmp'
Building C object CMakeFiles/cmTC_fdb75.dir/CheckFunctionExists.c.o
/usr/bin/cc   -DCHECK_FUNCTION_EXISTS=pthread_create   -o CMakeFiles/cmTC_fdb75.dir/CheckFunctionExists.c.o   -c /usr/share/cmake-3.16/Modules/CheckFunctionExists.c
Linking C executable cmTC_fdb75
/usr/bin/cmake -E cmake_link_script CMakeFiles/cmTC_fdb75.dir/link.txt --verbose=1
/usr/bin/cc  -DCHECK_FUNCTION_EXISTS=pthread_create    CMakeFiles/cmTC_fdb75.dir/CheckFunctionExists.c.o  -o cmTC_fdb75  -lpthreads 
/usr/bin/ld: cannot find -lpthreads
collect2: error: ld returned 1 exit status
make[2]: *** [CMakeFiles/cmTC_fdb75.dir/build.make:87: cmTC_fdb75] Error 1
make[2]: Leaving directory '/root/CSE276A_Fall24/cse276a_ws/build/rb5_ros2_control/CMakeFiles/CMakeTmp'
make[1]: *** [Makefile:121: cmTC_fdb75/fast] Error 2
make[1]: Leaving directory '/root/CSE276A_Fall24/cse276a_ws/build/rb5_ros2_control/CMakeFiles/CMakeTmp'



