-- Install configuration: ""
-- Up-to-date: /root/CSE276A_Fall24/cse276a_ws/install/rb5_control/lib/rb5_control/launch
-- Up-to-date: /root/CSE276A_Fall24/cse276a_ws/install/rb5_control/lib/rb5_control/launch/hw1_solution.launch
-- Up-to-date: /root/CSE276A_Fall24/cse276a_ws/install/rb5_control/lib/rb5_control/launch/mpi_twist_control.launch
-- Installing: /root/CSE276A_Fall24/cse276a_ws/install/rb5_control/lib/rb5_control/hw1_solution.py
-- Up-to-date: /root/CSE276A_Fall24/cse276a_ws/install/rb5_control/lib/rb5_control/mpi_twist_control_node.py
-- Up-to-date: /root/CSE276A_Fall24/cse276a_ws/install/rb5_control/lib/rb5_control/mpi_control.py
-- Up-to-date: /root/CSE276A_Fall24/cse276a_ws/install/rb5_control/share/ament_index/resource_index/package_run_dependencies/rb5_control
-- Up-to-date: /root/CSE276A_Fall24/cse276a_ws/install/rb5_control/share/ament_index/resource_index/parent_prefix_path/rb5_control
-- Up-to-date: /root/CSE276A_Fall24/cse276a_ws/install/rb5_control/share/rb5_control/environment/ament_prefix_path.sh
-- Up-to-date: /root/CSE276A_Fall24/cse276a_ws/install/rb5_control/share/rb5_control/environment/ament_prefix_path.dsv
-- Up-to-date: /root/CSE276A_Fall24/cse276a_ws/install/rb5_control/share/rb5_control/environment/path.sh
-- Up-to-date: /root/CSE276A_Fall24/cse276a_ws/install/rb5_control/share/rb5_control/environment/path.dsv
-- Up-to-date: /root/CSE276A_Fall24/cse276a_ws/install/rb5_control/share/rb5_control/local_setup.bash
-- Up-to-date: /root/CSE276A_Fall24/cse276a_ws/install/rb5_control/share/rb5_control/local_setup.sh
-- Up-to-date: /root/CSE276A_Fall24/cse276a_ws/install/rb5_control/share/rb5_control/local_setup.zsh
-- Up-to-date: /root/CSE276A_Fall24/cse276a_ws/install/rb5_control/share/rb5_control/local_setup.dsv
-- Installing: /root/CSE276A_Fall24/cse276a_ws/install/rb5_control/share/rb5_control/package.dsv
-- Up-to-date: /root/CSE276A_Fall24/cse276a_ws/install/rb5_control/share/ament_index/resource_index/packages/rb5_control
-- Up-to-date: /root/CSE276A_Fall24/cse276a_ws/install/rb5_control/share/rb5_control/cmake/rb5_controlConfig.cmake
-- Up-to-date: /root/CSE276A_Fall24/cse276a_ws/install/rb5_control/share/rb5_control/cmake/rb5_controlConfig-version.cmake
-- Up-to-date: /root/CSE276A_Fall24/cse276a_ws/install/rb5_control/share/rb5_control/package.xml
