[0.381s] DEBUG:colcon:Command line arguments: ['/usr/bin/colcon', 'build']
[0.381s] DEBUG:colcon:Parsed command line arguments: Namespace(allow_overriding=[], ament_cmake_args=None, base_paths=['.'], build_base='build', catkin_cmake_args=None, catkin_skip_building_tests=False, cmake_args=None, cmake_clean_cache=False, cmake_clean_first=False, cmake_force_configure=False, cmake_target=None, cmake_target_skip_unavailable=False, continue_on_error=False, event_handlers=None, executor='parallel', ignore_user_meta=False, install_base='install', log_base=None, log_level=None, main=<bound method BuildVerb.main of <colcon_core.verb.build.BuildVerb object at 0x7f9e95f8b0>>, merge_install=False, metas=['./colcon.meta'], mixin=None, mixin_files=None, mixin_verb=('build',), packages_above=None, packages_above_and_dependencies=None, packages_above_depth=None, packages_end=None, packages_ignore=None, packages_ignore_regex=None, packages_select=None, packages_select_build_failed=False, packages_select_by_dep=None, packages_select_regex=None, packages_select_test_failures=False, packages_skip=None, packages_skip_build_finished=False, packages_skip_by_dep=None, packages_skip_regex=None, packages_skip_test_passed=False, packages_skip_up_to=None, packages_start=None, packages_up_to=None, packages_up_to_regex=None, parallel_workers=8, paths=None, symlink_install=False, test_result_base=None, verb_extension=<colcon_core.verb.build.BuildVerb object at 0x7f9e95f8b0>, verb_name='build', verb_parser=<colcon_mixin.mixin.mixin_argument.MixinArgumentDecorator object at 0x7f9e808880>)
[0.516s] Level 1:colcon.colcon_core.package_discovery:discover_packages(colcon_meta) check parameters
[0.516s] Level 1:colcon.colcon_core.package_discovery:discover_packages(recursive) check parameters
[0.516s] Level 1:colcon.colcon_core.package_discovery:discover_packages(ignore) check parameters
[0.516s] Level 1:colcon.colcon_core.package_discovery:discover_packages(path) check parameters
[0.516s] Level 1:colcon.colcon_core.package_discovery:discover_packages(colcon_meta) discover
[0.517s] Level 1:colcon.colcon_core.package_discovery:discover_packages(recursive) discover
[0.517s] INFO:colcon.colcon_core.package_discovery:Crawling recursively for packages in '/root/cse276a_ws'
[0.517s] Level 1:colcon.colcon_core.package_identification:_identify(.) by extensions ['ignore', 'ignore_ament_install']
[0.517s] Level 1:colcon.colcon_core.package_identification:_identify(.) by extension 'ignore'
[0.517s] Level 1:colcon.colcon_core.package_identification:_identify(.) by extension 'ignore_ament_install'
[0.517s] Level 1:colcon.colcon_core.package_identification:_identify(.) by extensions ['colcon_pkg']
[0.517s] Level 1:colcon.colcon_core.package_identification:_identify(.) by extension 'colcon_pkg'
[0.517s] Level 1:colcon.colcon_core.package_identification:_identify(.) by extensions ['colcon_meta']
[0.517s] Level 1:colcon.colcon_core.package_identification:_identify(.) by extension 'colcon_meta'
[0.517s] Level 1:colcon.colcon_core.package_identification:_identify(.) by extensions ['ros']
[0.517s] Level 1:colcon.colcon_core.package_identification:_identify(.) by extension 'ros'
[0.532s] Level 1:colcon.colcon_core.package_identification:_identify(.) by extensions ['cmake', 'python']
[0.533s] Level 1:colcon.colcon_core.package_identification:_identify(.) by extension 'cmake'
[0.533s] Level 1:colcon.colcon_core.package_identification:_identify(.) by extension 'python'
[0.533s] Level 1:colcon.colcon_core.package_identification:_identify(.) by extensions ['python_setup_py']
[0.533s] Level 1:colcon.colcon_core.package_identification:_identify(.) by extension 'python_setup_py'
[0.533s] Level 1:colcon.colcon_core.package_identification:_identify(build) by extensions ['ignore', 'ignore_ament_install']
[0.533s] Level 1:colcon.colcon_core.package_identification:_identify(build) by extension 'ignore'
[0.533s] Level 1:colcon.colcon_core.package_identification:_identify(build) ignored
[0.533s] Level 1:colcon.colcon_core.package_identification:_identify(install) by extensions ['ignore', 'ignore_ament_install']
[0.533s] Level 1:colcon.colcon_core.package_identification:_identify(install) by extension 'ignore'
[0.533s] Level 1:colcon.colcon_core.package_identification:_identify(install) ignored
[0.533s] Level 1:colcon.colcon_core.package_identification:_identify(log) by extensions ['ignore', 'ignore_ament_install']
[0.533s] Level 1:colcon.colcon_core.package_identification:_identify(log) by extension 'ignore'
[0.534s] Level 1:colcon.colcon_core.package_identification:_identify(log) ignored
[0.534s] Level 1:colcon.colcon_core.package_identification:_identify(src) by extensions ['ignore', 'ignore_ament_install']
[0.534s] Level 1:colcon.colcon_core.package_identification:_identify(src) by extension 'ignore'
[0.534s] Level 1:colcon.colcon_core.package_identification:_identify(src) by extension 'ignore_ament_install'
[0.534s] Level 1:colcon.colcon_core.package_identification:_identify(src) by extensions ['colcon_pkg']
[0.534s] Level 1:colcon.colcon_core.package_identification:_identify(src) by extension 'colcon_pkg'
[0.534s] Level 1:colcon.colcon_core.package_identification:_identify(src) by extensions ['colcon_meta']
[0.534s] Level 1:colcon.colcon_core.package_identification:_identify(src) by extension 'colcon_meta'
[0.534s] Level 1:colcon.colcon_core.package_identification:_identify(src) by extensions ['ros']
[0.534s] Level 1:colcon.colcon_core.package_identification:_identify(src) by extension 'ros'
[0.534s] Level 1:colcon.colcon_core.package_identification:_identify(src) by extensions ['cmake', 'python']
[0.534s] Level 1:colcon.colcon_core.package_identification:_identify(src) by extension 'cmake'
[0.534s] Level 1:colcon.colcon_core.package_identification:_identify(src) by extension 'python'
[0.534s] Level 1:colcon.colcon_core.package_identification:_identify(src) by extensions ['python_setup_py']
[0.534s] Level 1:colcon.colcon_core.package_identification:_identify(src) by extension 'python_setup_py'
[0.534s] Level 1:colcon.colcon_core.package_identification:_identify(src/rb5_ros2) by extensions ['ignore', 'ignore_ament_install']
[0.534s] Level 1:colcon.colcon_core.package_identification:_identify(src/rb5_ros2) by extension 'ignore'
[0.534s] Level 1:colcon.colcon_core.package_identification:_identify(src/rb5_ros2) by extension 'ignore_ament_install'
[0.534s] Level 1:colcon.colcon_core.package_identification:_identify(src/rb5_ros2) by extensions ['colcon_pkg']
[0.534s] Level 1:colcon.colcon_core.package_identification:_identify(src/rb5_ros2) by extension 'colcon_pkg'
[0.535s] Level 1:colcon.colcon_core.package_identification:_identify(src/rb5_ros2) by extensions ['colcon_meta']
[0.535s] Level 1:colcon.colcon_core.package_identification:_identify(src/rb5_ros2) by extension 'colcon_meta'
[0.535s] Level 1:colcon.colcon_core.package_identification:_identify(src/rb5_ros2) by extensions ['ros']
[0.535s] Level 1:colcon.colcon_core.package_identification:_identify(src/rb5_ros2) by extension 'ros'
[0.535s] Level 1:colcon.colcon_core.package_identification:_identify(src/rb5_ros2) by extensions ['cmake', 'python']
[0.535s] Level 1:colcon.colcon_core.package_identification:_identify(src/rb5_ros2) by extension 'cmake'
[0.535s] Level 1:colcon.colcon_core.package_identification:_identify(src/rb5_ros2) by extension 'python'
[0.535s] Level 1:colcon.colcon_core.package_identification:_identify(src/rb5_ros2) by extensions ['python_setup_py']
[0.535s] Level 1:colcon.colcon_core.package_identification:_identify(src/rb5_ros2) by extension 'python_setup_py'
[0.535s] Level 1:colcon.colcon_core.package_identification:_identify(src/rb5_ros2/key_joy) by extensions ['ignore', 'ignore_ament_install']
[0.535s] Level 1:colcon.colcon_core.package_identification:_identify(src/rb5_ros2/key_joy) by extension 'ignore'
[0.535s] Level 1:colcon.colcon_core.package_identification:_identify(src/rb5_ros2/key_joy) by extension 'ignore_ament_install'
[0.535s] Level 1:colcon.colcon_core.package_identification:_identify(src/rb5_ros2/key_joy) by extensions ['colcon_pkg']
[0.535s] Level 1:colcon.colcon_core.package_identification:_identify(src/rb5_ros2/key_joy) by extension 'colcon_pkg'
[0.535s] Level 1:colcon.colcon_core.package_identification:_identify(src/rb5_ros2/key_joy) by extensions ['colcon_meta']
[0.535s] Level 1:colcon.colcon_core.package_identification:_identify(src/rb5_ros2/key_joy) by extension 'colcon_meta'
[0.535s] Level 1:colcon.colcon_core.package_identification:_identify(src/rb5_ros2/key_joy) by extensions ['ros']
[0.535s] Level 1:colcon.colcon_core.package_identification:_identify(src/rb5_ros2/key_joy) by extension 'ros'
[0.538s] DEBUG:colcon.colcon_core.package_identification:Package 'src/rb5_ros2/key_joy' with type 'ros.ament_cmake' and name 'key_joy'
[0.539s] Level 1:colcon.colcon_core.package_identification:_identify(src/rb5_ros2/rb5_ros2_control) by extensions ['ignore', 'ignore_ament_install']
[0.539s] Level 1:colcon.colcon_core.package_identification:_identify(src/rb5_ros2/rb5_ros2_control) by extension 'ignore'
[0.539s] Level 1:colcon.colcon_core.package_identification:_identify(src/rb5_ros2/rb5_ros2_control) by extension 'ignore_ament_install'
[0.539s] Level 1:colcon.colcon_core.package_identification:_identify(src/rb5_ros2/rb5_ros2_control) by extensions ['colcon_pkg']
[0.539s] Level 1:colcon.colcon_core.package_identification:_identify(src/rb5_ros2/rb5_ros2_control) by extension 'colcon_pkg'
[0.539s] Level 1:colcon.colcon_core.package_identification:_identify(src/rb5_ros2/rb5_ros2_control) by extensions ['colcon_meta']
[0.539s] Level 1:colcon.colcon_core.package_identification:_identify(src/rb5_ros2/rb5_ros2_control) by extension 'colcon_meta'
[0.539s] Level 1:colcon.colcon_core.package_identification:_identify(src/rb5_ros2/rb5_ros2_control) by extensions ['ros']
[0.539s] Level 1:colcon.colcon_core.package_identification:_identify(src/rb5_ros2/rb5_ros2_control) by extension 'ros'
[0.540s] DEBUG:colcon.colcon_core.package_identification:Package 'src/rb5_ros2/rb5_ros2_control' with type 'ros.ament_cmake' and name 'rb5_ros2_control'
[0.540s] Level 1:colcon.colcon_core.package_identification:_identify(src/rb5_ros2/rb5_ros2_vision) by extensions ['ignore', 'ignore_ament_install']
[0.540s] Level 1:colcon.colcon_core.package_identification:_identify(src/rb5_ros2/rb5_ros2_vision) by extension 'ignore'
[0.540s] Level 1:colcon.colcon_core.package_identification:_identify(src/rb5_ros2/rb5_ros2_vision) by extension 'ignore_ament_install'
[0.540s] Level 1:colcon.colcon_core.package_identification:_identify(src/rb5_ros2/rb5_ros2_vision) by extensions ['colcon_pkg']
[0.540s] Level 1:colcon.colcon_core.package_identification:_identify(src/rb5_ros2/rb5_ros2_vision) by extension 'colcon_pkg'
[0.540s] Level 1:colcon.colcon_core.package_identification:_identify(src/rb5_ros2/rb5_ros2_vision) by extensions ['colcon_meta']
[0.540s] Level 1:colcon.colcon_core.package_identification:_identify(src/rb5_ros2/rb5_ros2_vision) by extension 'colcon_meta'
[0.540s] Level 1:colcon.colcon_core.package_identification:_identify(src/rb5_ros2/rb5_ros2_vision) by extensions ['ros']
[0.540s] Level 1:colcon.colcon_core.package_identification:_identify(src/rb5_ros2/rb5_ros2_vision) by extension 'ros'
[0.541s] DEBUG:colcon.colcon_core.package_identification:Package 'src/rb5_ros2/rb5_ros2_vision' with type 'ros.ament_cmake' and name 'rb5_ros2_vision'
[0.541s] Level 1:colcon.colcon_core.package_identification:_identify(src/rb5_ros2/ros2_april_detection) by extensions ['ignore', 'ignore_ament_install']
[0.541s] Level 1:colcon.colcon_core.package_identification:_identify(src/rb5_ros2/ros2_april_detection) by extension 'ignore'
[0.541s] Level 1:colcon.colcon_core.package_identification:_identify(src/rb5_ros2/ros2_april_detection) by extension 'ignore_ament_install'
[0.541s] Level 1:colcon.colcon_core.package_identification:_identify(src/rb5_ros2/ros2_april_detection) by extensions ['colcon_pkg']
[0.541s] Level 1:colcon.colcon_core.package_identification:_identify(src/rb5_ros2/ros2_april_detection) by extension 'colcon_pkg'
[0.541s] Level 1:colcon.colcon_core.package_identification:_identify(src/rb5_ros2/ros2_april_detection) by extensions ['colcon_meta']
[0.541s] Level 1:colcon.colcon_core.package_identification:_identify(src/rb5_ros2/ros2_april_detection) by extension 'colcon_meta'
[0.541s] Level 1:colcon.colcon_core.package_identification:_identify(src/rb5_ros2/ros2_april_detection) by extensions ['ros']
[0.541s] Level 1:colcon.colcon_core.package_identification:_identify(src/rb5_ros2/ros2_april_detection) by extension 'ros'
[0.542s] DEBUG:colcon.colcon_core.package_identification:Package 'src/rb5_ros2/ros2_april_detection' with type 'ros.ament_cmake' and name 'ros2_april_detection'
[0.542s] Level 1:colcon.colcon_core.package_discovery:discover_packages(recursive) using defaults
[0.542s] Level 1:colcon.colcon_core.package_discovery:discover_packages(ignore) discover
[0.542s] Level 1:colcon.colcon_core.package_discovery:discover_packages(ignore) using defaults
[0.542s] Level 1:colcon.colcon_core.package_discovery:discover_packages(path) discover
[0.542s] Level 1:colcon.colcon_core.package_discovery:discover_packages(path) using defaults
[0.568s] Level 1:colcon.colcon_core.package_discovery:discover_packages(prefix_path) check parameters
[0.568s] Level 1:colcon.colcon_core.package_discovery:discover_packages(prefix_path) discover
[0.571s] DEBUG:colcon.colcon_installed_package_information.package_discovery:Found 173 installed packages in /opt/ros/foxy
[0.572s] Level 1:colcon.colcon_core.package_discovery:discover_packages(prefix_path) using defaults
[0.612s] Level 5:colcon.colcon_core.verb:set package 'key_joy' build argument 'cmake_args' from command line to 'None'
[0.613s] Level 5:colcon.colcon_core.verb:set package 'key_joy' build argument 'cmake_target' from command line to 'None'
[0.613s] Level 5:colcon.colcon_core.verb:set package 'key_joy' build argument 'cmake_target_skip_unavailable' from command line to 'False'
[0.613s] Level 5:colcon.colcon_core.verb:set package 'key_joy' build argument 'cmake_clean_cache' from command line to 'False'
[0.613s] Level 5:colcon.colcon_core.verb:set package 'key_joy' build argument 'cmake_clean_first' from command line to 'False'
[0.613s] Level 5:colcon.colcon_core.verb:set package 'key_joy' build argument 'cmake_force_configure' from command line to 'False'
[0.613s] Level 5:colcon.colcon_core.verb:set package 'key_joy' build argument 'ament_cmake_args' from command line to 'None'
[0.613s] Level 5:colcon.colcon_core.verb:set package 'key_joy' build argument 'catkin_cmake_args' from command line to 'None'
[0.613s] Level 5:colcon.colcon_core.verb:set package 'key_joy' build argument 'catkin_skip_building_tests' from command line to 'False'
[0.613s] DEBUG:colcon.colcon_core.verb:Building package 'key_joy' with the following arguments: {'ament_cmake_args': None, 'build_base': '/root/cse276a_ws/build/key_joy', 'catkin_cmake_args': None, 'catkin_skip_building_tests': False, 'cmake_args': None, 'cmake_clean_cache': False, 'cmake_clean_first': False, 'cmake_force_configure': False, 'cmake_target': None, 'cmake_target_skip_unavailable': False, 'install_base': '/root/cse276a_ws/install/key_joy', 'merge_install': False, 'path': '/root/cse276a_ws/src/rb5_ros2/key_joy', 'symlink_install': False, 'test_result_base': None}
[0.613s] Level 5:colcon.colcon_core.verb:set package 'rb5_ros2_control' build argument 'cmake_args' from command line to 'None'
[0.613s] Level 5:colcon.colcon_core.verb:set package 'rb5_ros2_control' build argument 'cmake_target' from command line to 'None'
[0.613s] Level 5:colcon.colcon_core.verb:set package 'rb5_ros2_control' build argument 'cmake_target_skip_unavailable' from command line to 'False'
[0.613s] Level 5:colcon.colcon_core.verb:set package 'rb5_ros2_control' build argument 'cmake_clean_cache' from command line to 'False'
[0.613s] Level 5:colcon.colcon_core.verb:set package 'rb5_ros2_control' build argument 'cmake_clean_first' from command line to 'False'
[0.613s] Level 5:colcon.colcon_core.verb:set package 'rb5_ros2_control' build argument 'cmake_force_configure' from command line to 'False'
[0.613s] Level 5:colcon.colcon_core.verb:set package 'rb5_ros2_control' build argument 'ament_cmake_args' from command line to 'None'
[0.613s] Level 5:colcon.colcon_core.verb:set package 'rb5_ros2_control' build argument 'catkin_cmake_args' from command line to 'None'
[0.613s] Level 5:colcon.colcon_core.verb:set package 'rb5_ros2_control' build argument 'catkin_skip_building_tests' from command line to 'False'
[0.613s] DEBUG:colcon.colcon_core.verb:Building package 'rb5_ros2_control' with the following arguments: {'ament_cmake_args': None, 'build_base': '/root/cse276a_ws/build/rb5_ros2_control', 'catkin_cmake_args': None, 'catkin_skip_building_tests': False, 'cmake_args': None, 'cmake_clean_cache': False, 'cmake_clean_first': False, 'cmake_force_configure': False, 'cmake_target': None, 'cmake_target_skip_unavailable': False, 'install_base': '/root/cse276a_ws/install/rb5_ros2_control', 'merge_install': False, 'path': '/root/cse276a_ws/src/rb5_ros2/rb5_ros2_control', 'symlink_install': False, 'test_result_base': None}
[0.614s] Level 5:colcon.colcon_core.verb:set package 'rb5_ros2_vision' build argument 'cmake_args' from command line to 'None'
[0.614s] Level 5:colcon.colcon_core.verb:set package 'rb5_ros2_vision' build argument 'cmake_target' from command line to 'None'
[0.614s] Level 5:colcon.colcon_core.verb:set package 'rb5_ros2_vision' build argument 'cmake_target_skip_unavailable' from command line to 'False'
[0.614s] Level 5:colcon.colcon_core.verb:set package 'rb5_ros2_vision' build argument 'cmake_clean_cache' from command line to 'False'
[0.614s] Level 5:colcon.colcon_core.verb:set package 'rb5_ros2_vision' build argument 'cmake_clean_first' from command line to 'False'
[0.614s] Level 5:colcon.colcon_core.verb:set package 'rb5_ros2_vision' build argument 'cmake_force_configure' from command line to 'False'
[0.614s] Level 5:colcon.colcon_core.verb:set package 'rb5_ros2_vision' build argument 'ament_cmake_args' from command line to 'None'
[0.614s] Level 5:colcon.colcon_core.verb:set package 'rb5_ros2_vision' build argument 'catkin_cmake_args' from command line to 'None'
[0.614s] Level 5:colcon.colcon_core.verb:set package 'rb5_ros2_vision' build argument 'catkin_skip_building_tests' from command line to 'False'
[0.614s] DEBUG:colcon.colcon_core.verb:Building package 'rb5_ros2_vision' with the following arguments: {'ament_cmake_args': None, 'build_base': '/root/cse276a_ws/build/rb5_ros2_vision', 'catkin_cmake_args': None, 'catkin_skip_building_tests': False, 'cmake_args': None, 'cmake_clean_cache': False, 'cmake_clean_first': False, 'cmake_force_configure': False, 'cmake_target': None, 'cmake_target_skip_unavailable': False, 'install_base': '/root/cse276a_ws/install/rb5_ros2_vision', 'merge_install': False, 'path': '/root/cse276a_ws/src/rb5_ros2/rb5_ros2_vision', 'symlink_install': False, 'test_result_base': None}
[0.614s] Level 5:colcon.colcon_core.verb:set package 'ros2_april_detection' build argument 'cmake_args' from command line to 'None'
[0.614s] Level 5:colcon.colcon_core.verb:set package 'ros2_april_detection' build argument 'cmake_target' from command line to 'None'
[0.614s] Level 5:colcon.colcon_core.verb:set package 'ros2_april_detection' build argument 'cmake_target_skip_unavailable' from command line to 'False'
[0.614s] Level 5:colcon.colcon_core.verb:set package 'ros2_april_detection' build argument 'cmake_clean_cache' from command line to 'False'
[0.614s] Level 5:colcon.colcon_core.verb:set package 'ros2_april_detection' build argument 'cmake_clean_first' from command line to 'False'
[0.614s] Level 5:colcon.colcon_core.verb:set package 'ros2_april_detection' build argument 'cmake_force_configure' from command line to 'False'
[0.614s] Level 5:colcon.colcon_core.verb:set package 'ros2_april_detection' build argument 'ament_cmake_args' from command line to 'None'
[0.614s] Level 5:colcon.colcon_core.verb:set package 'ros2_april_detection' build argument 'catkin_cmake_args' from command line to 'None'
[0.614s] Level 5:colcon.colcon_core.verb:set package 'ros2_april_detection' build argument 'catkin_skip_building_tests' from command line to 'False'
[0.614s] DEBUG:colcon.colcon_core.verb:Building package 'ros2_april_detection' with the following arguments: {'ament_cmake_args': None, 'build_base': '/root/cse276a_ws/build/ros2_april_detection', 'catkin_cmake_args': None, 'catkin_skip_building_tests': False, 'cmake_args': None, 'cmake_clean_cache': False, 'cmake_clean_first': False, 'cmake_force_configure': False, 'cmake_target': None, 'cmake_target_skip_unavailable': False, 'install_base': '/root/cse276a_ws/install/ros2_april_detection', 'merge_install': False, 'path': '/root/cse276a_ws/src/rb5_ros2/ros2_april_detection', 'symlink_install': False, 'test_result_base': None}
[0.614s] INFO:colcon.colcon_core.executor:Executing jobs using 'parallel' executor
[0.617s] DEBUG:colcon.colcon_parallel_executor.executor.parallel:run_until_complete
[0.617s] INFO:colcon.colcon_ros.task.ament_cmake.build:Building ROS package in '/root/cse276a_ws/src/rb5_ros2/key_joy' with build type 'ament_cmake'
[0.617s] INFO:colcon.colcon_cmake.task.cmake.build:Building CMake package in '/root/cse276a_ws/src/rb5_ros2/key_joy'
[0.625s] INFO:colcon.colcon_core.plugin_system:Skipping extension 'colcon_core.shell.bat': Not used on non-Windows systems
[0.625s] INFO:colcon.colcon_core.shell:Skip shell extension 'powershell' for command environment: Not usable outside of PowerShell
[0.625s] DEBUG:colcon.colcon_core.shell:Skip shell extension 'dsv' for command environment
[0.639s] INFO:colcon.colcon_ros.task.ament_cmake.build:Building ROS package in '/root/cse276a_ws/src/rb5_ros2/rb5_ros2_control' with build type 'ament_cmake'
[0.640s] INFO:colcon.colcon_cmake.task.cmake.build:Building CMake package in '/root/cse276a_ws/src/rb5_ros2/rb5_ros2_control'
[0.640s] INFO:colcon.colcon_core.shell:Skip shell extension 'powershell' for command environment: Not usable outside of PowerShell
[0.640s] DEBUG:colcon.colcon_core.shell:Skip shell extension 'dsv' for command environment
[0.651s] INFO:colcon.colcon_ros.task.ament_cmake.build:Building ROS package in '/root/cse276a_ws/src/rb5_ros2/rb5_ros2_vision' with build type 'ament_cmake'
[0.652s] INFO:colcon.colcon_cmake.task.cmake.build:Building CMake package in '/root/cse276a_ws/src/rb5_ros2/rb5_ros2_vision'
[0.652s] INFO:colcon.colcon_core.shell:Skip shell extension 'powershell' for command environment: Not usable outside of PowerShell
[0.652s] DEBUG:colcon.colcon_core.shell:Skip shell extension 'dsv' for command environment
[0.667s] INFO:colcon.colcon_ros.task.ament_cmake.build:Building ROS package in '/root/cse276a_ws/src/rb5_ros2/ros2_april_detection' with build type 'ament_cmake'
[0.669s] INFO:colcon.colcon_cmake.task.cmake.build:Building CMake package in '/root/cse276a_ws/src/rb5_ros2/ros2_april_detection'
[0.670s] INFO:colcon.colcon_core.shell:Skip shell extension 'powershell' for command environment: Not usable outside of PowerShell
[0.670s] DEBUG:colcon.colcon_core.shell:Skip shell extension 'dsv' for command environment
[0.694s] DEBUG:colcon.colcon_core.event_handler.log_command:Invoking command in '/root/cse276a_ws/build/key_joy': CMAKE_PREFIX_PATH=/opt/ros/foxy _=/usr/bin/env /usr/bin/cmake /root/cse276a_ws/src/rb5_ros2/key_joy -DCMAKE_INSTALL_PREFIX=/root/cse276a_ws/install/key_joy
[0.723s] DEBUG:colcon.colcon_core.event_handler.log_command:Invoking command in '/root/cse276a_ws/build/rb5_ros2_control': CMAKE_PREFIX_PATH=/opt/ros/foxy _=/usr/bin/env /usr/bin/cmake /root/cse276a_ws/src/rb5_ros2/rb5_ros2_control -DCMAKE_INSTALL_PREFIX=/root/cse276a_ws/install/rb5_ros2_control
[0.737s] DEBUG:colcon.colcon_core.event_handler.log_command:Invoking command in '/root/cse276a_ws/build/rb5_ros2_vision': CMAKE_PREFIX_PATH=/opt/ros/foxy _=/usr/bin/env /usr/bin/cmake /root/cse276a_ws/src/rb5_ros2/rb5_ros2_vision -DCMAKE_INSTALL_PREFIX=/root/cse276a_ws/install/rb5_ros2_vision
[0.767s] DEBUG:colcon.colcon_core.event_handler.log_command:Invoking command in '/root/cse276a_ws/build/ros2_april_detection': CMAKE_PREFIX_PATH=/opt/ros/foxy _=/usr/bin/env /usr/bin/cmake /root/cse276a_ws/src/rb5_ros2/ros2_april_detection -DCMAKE_INSTALL_PREFIX=/root/cse276a_ws/install/ros2_april_detection
[4.950s] DEBUG:colcon.colcon_core.event_handler.log_command:Invoked command in '/root/cse276a_ws/build/rb5_ros2_control' returned '0': CMAKE_PREFIX_PATH=/opt/ros/foxy _=/usr/bin/env /usr/bin/cmake /root/cse276a_ws/src/rb5_ros2/rb5_ros2_control -DCMAKE_INSTALL_PREFIX=/root/cse276a_ws/install/rb5_ros2_control
[4.993s] DEBUG:colcon.colcon_core.event_handler.log_command:Invoking command in '/root/cse276a_ws/build/rb5_ros2_control': CMAKE_PREFIX_PATH=/opt/ros/foxy _=/usr/bin/env /usr/bin/cmake --build /root/cse276a_ws/build/rb5_ros2_control -- -j8 -l8
[5.003s] DEBUG:colcon.colcon_core.event_handler.log_command:Invoked command in '/root/cse276a_ws/build/key_joy' returned '0': CMAKE_PREFIX_PATH=/opt/ros/foxy _=/usr/bin/env /usr/bin/cmake /root/cse276a_ws/src/rb5_ros2/key_joy -DCMAKE_INSTALL_PREFIX=/root/cse276a_ws/install/key_joy
[5.013s] DEBUG:colcon.colcon_core.event_handler.log_command:Invoking command in '/root/cse276a_ws/build/key_joy': CMAKE_PREFIX_PATH=/opt/ros/foxy _=/usr/bin/env /usr/bin/cmake --build /root/cse276a_ws/build/key_joy -- -j8 -l8
[5.127s] DEBUG:colcon.colcon_core.event_handler.log_command:Invoked command in '/root/cse276a_ws/build/rb5_ros2_control' returned '0': CMAKE_PREFIX_PATH=/opt/ros/foxy _=/usr/bin/env /usr/bin/cmake --build /root/cse276a_ws/build/rb5_ros2_control -- -j8 -l8
[5.139s] DEBUG:colcon.colcon_core.event_handler.log_command:Invoked command in '/root/cse276a_ws/build/key_joy' returned '0': CMAKE_PREFIX_PATH=/opt/ros/foxy _=/usr/bin/env /usr/bin/cmake --build /root/cse276a_ws/build/key_joy -- -j8 -l8
[5.277s] DEBUG:colcon.colcon_core.event_handler.log_command:Invoking command in '/root/cse276a_ws/build/rb5_ros2_control': CMAKE_PREFIX_PATH=/opt/ros/foxy _=/usr/bin/env /usr/bin/cmake --install /root/cse276a_ws/build/rb5_ros2_control
[5.301s] DEBUG:colcon.colcon_core.event_handler.log_command:Invoking command in '/root/cse276a_ws/build/key_joy': CMAKE_PREFIX_PATH=/opt/ros/foxy _=/usr/bin/env /usr/bin/cmake --install /root/cse276a_ws/build/key_joy
[5.398s] Level 1:colcon.colcon_core.environment:create_environment_scripts_only(rb5_ros2_control)
[5.401s] DEBUG:colcon.colcon_core.event_handler.log_command:Invoked command in '/root/cse276a_ws/build/rb5_ros2_control' returned '0': CMAKE_PREFIX_PATH=/opt/ros/foxy _=/usr/bin/env /usr/bin/cmake --install /root/cse276a_ws/build/rb5_ros2_control
[5.429s] Level 1:colcon.colcon_core.environment:checking '/root/cse276a_ws/install/rb5_ros2_control' for CMake module files
[5.433s] Level 1:colcon.colcon_core.environment:checking '/root/cse276a_ws/install/rb5_ros2_control' for CMake config files
[5.434s] Level 1:colcon.colcon_core.shell:create_environment_hook('rb5_ros2_control', 'cmake_prefix_path')
[5.436s] INFO:colcon.colcon_core.shell:Creating environment hook '/root/cse276a_ws/install/rb5_ros2_control/share/rb5_ros2_control/hook/cmake_prefix_path.ps1'
[5.440s] INFO:colcon.colcon_core.shell:Creating environment descriptor '/root/cse276a_ws/install/rb5_ros2_control/share/rb5_ros2_control/hook/cmake_prefix_path.dsv'
[5.442s] INFO:colcon.colcon_core.shell:Creating environment hook '/root/cse276a_ws/install/rb5_ros2_control/share/rb5_ros2_control/hook/cmake_prefix_path.sh'
[5.446s] Level 1:colcon.colcon_core.environment:checking '/root/cse276a_ws/install/rb5_ros2_control/lib'
[5.446s] Level 1:colcon.colcon_core.environment:checking '/root/cse276a_ws/install/rb5_ros2_control/bin'
[5.446s] Level 1:colcon.colcon_core.environment:checking '/root/cse276a_ws/install/rb5_ros2_control/lib/pkgconfig/rb5_ros2_control.pc'
[5.447s] Level 1:colcon.colcon_core.environment:checking '/root/cse276a_ws/install/rb5_ros2_control/lib/python3.8/site-packages'
[5.447s] Level 1:colcon.colcon_core.shell:create_environment_hook('rb5_ros2_control', 'pythonpath')
[5.447s] INFO:colcon.colcon_core.shell:Creating environment hook '/root/cse276a_ws/install/rb5_ros2_control/share/rb5_ros2_control/hook/pythonpath.ps1'
[5.448s] INFO:colcon.colcon_core.shell:Creating environment descriptor '/root/cse276a_ws/install/rb5_ros2_control/share/rb5_ros2_control/hook/pythonpath.dsv'
[5.448s] INFO:colcon.colcon_core.shell:Creating environment hook '/root/cse276a_ws/install/rb5_ros2_control/share/rb5_ros2_control/hook/pythonpath.sh'
[5.449s] Level 1:colcon.colcon_core.environment:checking '/root/cse276a_ws/install/rb5_ros2_control/bin'
[5.449s] INFO:colcon.colcon_core.shell:Creating package script '/root/cse276a_ws/install/rb5_ros2_control/share/rb5_ros2_control/package.ps1'
[5.451s] INFO:colcon.colcon_core.shell:Creating package descriptor '/root/cse276a_ws/install/rb5_ros2_control/share/rb5_ros2_control/package.dsv'
[5.452s] INFO:colcon.colcon_core.shell:Creating package script '/root/cse276a_ws/install/rb5_ros2_control/share/rb5_ros2_control/package.sh'
[5.454s] INFO:colcon.colcon_core.shell:Creating package script '/root/cse276a_ws/install/rb5_ros2_control/share/rb5_ros2_control/package.bash'
[5.457s] INFO:colcon.colcon_core.shell:Creating package script '/root/cse276a_ws/install/rb5_ros2_control/share/rb5_ros2_control/package.zsh'
[5.459s] Level 1:colcon.colcon_core.environment:create_file_with_runtime_dependencies(/root/cse276a_ws/install/rb5_ros2_control/share/colcon-core/packages/rb5_ros2_control)
[5.472s] Level 1:colcon.colcon_core.environment:create_environment_scripts_only(key_joy)
[5.473s] Level 1:colcon.colcon_core.environment:checking '/root/cse276a_ws/install/key_joy' for CMake module files
[5.474s] DEBUG:colcon.colcon_core.event_handler.log_command:Invoked command in '/root/cse276a_ws/build/key_joy' returned '0': CMAKE_PREFIX_PATH=/opt/ros/foxy _=/usr/bin/env /usr/bin/cmake --install /root/cse276a_ws/build/key_joy
[5.475s] Level 1:colcon.colcon_core.environment:checking '/root/cse276a_ws/install/key_joy' for CMake config files
[5.475s] Level 1:colcon.colcon_core.shell:create_environment_hook('key_joy', 'cmake_prefix_path')
[5.476s] INFO:colcon.colcon_core.shell:Creating environment hook '/root/cse276a_ws/install/key_joy/share/key_joy/hook/cmake_prefix_path.ps1'
[5.477s] INFO:colcon.colcon_core.shell:Creating environment descriptor '/root/cse276a_ws/install/key_joy/share/key_joy/hook/cmake_prefix_path.dsv'
[5.477s] INFO:colcon.colcon_core.shell:Creating environment hook '/root/cse276a_ws/install/key_joy/share/key_joy/hook/cmake_prefix_path.sh'
[5.478s] Level 1:colcon.colcon_core.environment:checking '/root/cse276a_ws/install/key_joy/lib'
[5.478s] Level 1:colcon.colcon_core.environment:checking '/root/cse276a_ws/install/key_joy/bin'
[5.478s] Level 1:colcon.colcon_core.environment:checking '/root/cse276a_ws/install/key_joy/lib/pkgconfig/key_joy.pc'
[5.479s] Level 1:colcon.colcon_core.environment:checking '/root/cse276a_ws/install/key_joy/lib/python3.8/site-packages'
[5.479s] Level 1:colcon.colcon_core.shell:create_environment_hook('key_joy', 'pythonpath')
[5.479s] INFO:colcon.colcon_core.shell:Creating environment hook '/root/cse276a_ws/install/key_joy/share/key_joy/hook/pythonpath.ps1'
[5.480s] INFO:colcon.colcon_core.shell:Creating environment descriptor '/root/cse276a_ws/install/key_joy/share/key_joy/hook/pythonpath.dsv'
[5.480s] INFO:colcon.colcon_core.shell:Creating environment hook '/root/cse276a_ws/install/key_joy/share/key_joy/hook/pythonpath.sh'
[5.481s] Level 1:colcon.colcon_core.environment:checking '/root/cse276a_ws/install/key_joy/bin'
[5.482s] INFO:colcon.colcon_core.shell:Creating package script '/root/cse276a_ws/install/key_joy/share/key_joy/package.ps1'
[5.483s] INFO:colcon.colcon_core.shell:Creating package descriptor '/root/cse276a_ws/install/key_joy/share/key_joy/package.dsv'
[5.483s] INFO:colcon.colcon_core.shell:Creating package script '/root/cse276a_ws/install/key_joy/share/key_joy/package.sh'
[5.484s] INFO:colcon.colcon_core.shell:Creating package script '/root/cse276a_ws/install/key_joy/share/key_joy/package.bash'
[5.485s] INFO:colcon.colcon_core.shell:Creating package script '/root/cse276a_ws/install/key_joy/share/key_joy/package.zsh'
[5.485s] Level 1:colcon.colcon_core.environment:create_file_with_runtime_dependencies(/root/cse276a_ws/install/key_joy/share/colcon-core/packages/key_joy)
[5.522s] DEBUG:colcon.colcon_core.event_handler.log_command:Invoked command in '/root/cse276a_ws/build/ros2_april_detection' returned '0': CMAKE_PREFIX_PATH=/opt/ros/foxy _=/usr/bin/env /usr/bin/cmake /root/cse276a_ws/src/rb5_ros2/ros2_april_detection -DCMAKE_INSTALL_PREFIX=/root/cse276a_ws/install/ros2_april_detection
[5.530s] DEBUG:colcon.colcon_core.event_handler.log_command:Invoking command in '/root/cse276a_ws/build/ros2_april_detection': CMAKE_PREFIX_PATH=/opt/ros/foxy _=/usr/bin/env /usr/bin/cmake --build /root/cse276a_ws/build/ros2_april_detection -- -j8 -l8
[5.575s] Level 1:colcon.colcon_core.environment:create_environment_scripts_only(rb5_ros2_control)
[5.576s] Level 1:colcon.colcon_core.environment:checking '/root/cse276a_ws/install/rb5_ros2_control' for CMake module files
[5.579s] Level 1:colcon.colcon_core.environment:checking '/root/cse276a_ws/install/rb5_ros2_control' for CMake config files
[5.580s] Level 1:colcon.colcon_core.shell:create_environment_hook('rb5_ros2_control', 'cmake_prefix_path')
[5.581s] INFO:colcon.colcon_core.shell:Creating environment hook '/root/cse276a_ws/install/rb5_ros2_control/share/rb5_ros2_control/hook/cmake_prefix_path.ps1'
[5.584s] INFO:colcon.colcon_core.shell:Creating environment descriptor '/root/cse276a_ws/install/rb5_ros2_control/share/rb5_ros2_control/hook/cmake_prefix_path.dsv'
[5.585s] INFO:colcon.colcon_core.shell:Creating environment hook '/root/cse276a_ws/install/rb5_ros2_control/share/rb5_ros2_control/hook/cmake_prefix_path.sh'
[5.588s] Level 1:colcon.colcon_core.environment:checking '/root/cse276a_ws/install/rb5_ros2_control/lib'
[5.588s] Level 1:colcon.colcon_core.environment:checking '/root/cse276a_ws/install/rb5_ros2_control/bin'
[5.588s] Level 1:colcon.colcon_core.environment:checking '/root/cse276a_ws/install/rb5_ros2_control/lib/pkgconfig/rb5_ros2_control.pc'
[5.589s] Level 1:colcon.colcon_core.environment:checking '/root/cse276a_ws/install/rb5_ros2_control/lib/python3.8/site-packages'
[5.590s] Level 1:colcon.colcon_core.shell:create_environment_hook('rb5_ros2_control', 'pythonpath')
[5.590s] INFO:colcon.colcon_core.shell:Creating environment hook '/root/cse276a_ws/install/rb5_ros2_control/share/rb5_ros2_control/hook/pythonpath.ps1'
[5.591s] INFO:colcon.colcon_core.shell:Creating environment descriptor '/root/cse276a_ws/install/rb5_ros2_control/share/rb5_ros2_control/hook/pythonpath.dsv'
[5.592s] INFO:colcon.colcon_core.shell:Creating environment hook '/root/cse276a_ws/install/rb5_ros2_control/share/rb5_ros2_control/hook/pythonpath.sh'
[5.592s] Level 1:colcon.colcon_core.environment:checking '/root/cse276a_ws/install/rb5_ros2_control/bin'
[5.593s] INFO:colcon.colcon_core.shell:Creating package script '/root/cse276a_ws/install/rb5_ros2_control/share/rb5_ros2_control/package.ps1'
[5.593s] INFO:colcon.colcon_core.shell:Creating package descriptor '/root/cse276a_ws/install/rb5_ros2_control/share/rb5_ros2_control/package.dsv'
[5.594s] INFO:colcon.colcon_core.shell:Creating package script '/root/cse276a_ws/install/rb5_ros2_control/share/rb5_ros2_control/package.sh'
[5.595s] INFO:colcon.colcon_core.shell:Creating package script '/root/cse276a_ws/install/rb5_ros2_control/share/rb5_ros2_control/package.bash'
[5.595s] INFO:colcon.colcon_core.shell:Creating package script '/root/cse276a_ws/install/rb5_ros2_control/share/rb5_ros2_control/package.zsh'
[5.595s] Level 1:colcon.colcon_core.environment:create_file_with_runtime_dependencies(/root/cse276a_ws/install/rb5_ros2_control/share/colcon-core/packages/rb5_ros2_control)
[5.597s] Level 1:colcon.colcon_core.environment:create_environment_scripts_only(key_joy)
[5.598s] Level 1:colcon.colcon_core.environment:checking '/root/cse276a_ws/install/key_joy' for CMake module files
[5.598s] Level 1:colcon.colcon_core.environment:checking '/root/cse276a_ws/install/key_joy' for CMake config files
[5.599s] Level 1:colcon.colcon_core.shell:create_environment_hook('key_joy', 'cmake_prefix_path')
[5.599s] INFO:colcon.colcon_core.shell:Creating environment hook '/root/cse276a_ws/install/key_joy/share/key_joy/hook/cmake_prefix_path.ps1'
[5.600s] INFO:colcon.colcon_core.shell:Creating environment descriptor '/root/cse276a_ws/install/key_joy/share/key_joy/hook/cmake_prefix_path.dsv'
[5.600s] INFO:colcon.colcon_core.shell:Creating environment hook '/root/cse276a_ws/install/key_joy/share/key_joy/hook/cmake_prefix_path.sh'
[5.601s] Level 1:colcon.colcon_core.environment:checking '/root/cse276a_ws/install/key_joy/lib'
[5.601s] Level 1:colcon.colcon_core.environment:checking '/root/cse276a_ws/install/key_joy/bin'
[5.601s] Level 1:colcon.colcon_core.environment:checking '/root/cse276a_ws/install/key_joy/lib/pkgconfig/key_joy.pc'
[5.601s] Level 1:colcon.colcon_core.environment:checking '/root/cse276a_ws/install/key_joy/lib/python3.8/site-packages'
[5.601s] Level 1:colcon.colcon_core.shell:create_environment_hook('key_joy', 'pythonpath')
[5.602s] INFO:colcon.colcon_core.shell:Creating environment hook '/root/cse276a_ws/install/key_joy/share/key_joy/hook/pythonpath.ps1'
[5.602s] INFO:colcon.colcon_core.shell:Creating environment descriptor '/root/cse276a_ws/install/key_joy/share/key_joy/hook/pythonpath.dsv'
[5.602s] INFO:colcon.colcon_core.shell:Creating environment hook '/root/cse276a_ws/install/key_joy/share/key_joy/hook/pythonpath.sh'
[5.603s] Level 1:colcon.colcon_core.environment:checking '/root/cse276a_ws/install/key_joy/bin'
[5.603s] INFO:colcon.colcon_core.shell:Creating package script '/root/cse276a_ws/install/key_joy/share/key_joy/package.ps1'
[5.604s] INFO:colcon.colcon_core.shell:Creating package descriptor '/root/cse276a_ws/install/key_joy/share/key_joy/package.dsv'
[5.604s] INFO:colcon.colcon_core.shell:Creating package script '/root/cse276a_ws/install/key_joy/share/key_joy/package.sh'
[5.605s] INFO:colcon.colcon_core.shell:Creating package script '/root/cse276a_ws/install/key_joy/share/key_joy/package.bash'
[5.605s] INFO:colcon.colcon_core.shell:Creating package script '/root/cse276a_ws/install/key_joy/share/key_joy/package.zsh'
[5.606s] Level 1:colcon.colcon_core.environment:create_file_with_runtime_dependencies(/root/cse276a_ws/install/key_joy/share/colcon-core/packages/key_joy)
[7.764s] DEBUG:colcon.colcon_core.event_handler.log_command:Invoked command in '/root/cse276a_ws/build/rb5_ros2_vision' returned '0': CMAKE_PREFIX_PATH=/opt/ros/foxy _=/usr/bin/env /usr/bin/cmake /root/cse276a_ws/src/rb5_ros2/rb5_ros2_vision -DCMAKE_INSTALL_PREFIX=/root/cse276a_ws/install/rb5_ros2_vision
[7.789s] DEBUG:colcon.colcon_core.event_handler.log_command:Invoking command in '/root/cse276a_ws/build/rb5_ros2_vision': CMAKE_PREFIX_PATH=/opt/ros/foxy _=/usr/bin/env /usr/bin/cmake --build /root/cse276a_ws/build/rb5_ros2_vision -- -j8 -l8
[14.971s] DEBUG:colcon.colcon_core.event_handler.log_command:Invoked command in '/root/cse276a_ws/build/rb5_ros2_vision' returned '0': CMAKE_PREFIX_PATH=/opt/ros/foxy _=/usr/bin/env /usr/bin/cmake --build /root/cse276a_ws/build/rb5_ros2_vision -- -j8 -l8
[15.192s] DEBUG:colcon.colcon_core.event_handler.log_command:Invoking command in '/root/cse276a_ws/build/rb5_ros2_vision': CMAKE_PREFIX_PATH=/opt/ros/foxy _=/usr/bin/env /usr/bin/cmake --install /root/cse276a_ws/build/rb5_ros2_vision
[15.230s] Level 1:colcon.colcon_core.environment:create_environment_scripts_only(rb5_ros2_vision)
[15.233s] Level 1:colcon.colcon_core.environment:checking '/root/cse276a_ws/install/rb5_ros2_vision' for CMake module files
[15.252s] Level 1:colcon.colcon_core.environment:checking '/root/cse276a_ws/install/rb5_ros2_vision' for CMake config files
[15.261s] Level 1:colcon.colcon_core.shell:create_environment_hook('rb5_ros2_vision', 'cmake_prefix_path')
[15.264s] INFO:colcon.colcon_core.shell:Creating environment hook '/root/cse276a_ws/install/rb5_ros2_vision/share/rb5_ros2_vision/hook/cmake_prefix_path.ps1'
[15.271s] INFO:colcon.colcon_core.shell:Creating environment descriptor '/root/cse276a_ws/install/rb5_ros2_vision/share/rb5_ros2_vision/hook/cmake_prefix_path.dsv'
[15.275s] DEBUG:colcon.colcon_core.event_handler.log_command:Invoked command in '/root/cse276a_ws/build/rb5_ros2_vision' returned '0': CMAKE_PREFIX_PATH=/opt/ros/foxy _=/usr/bin/env /usr/bin/cmake --install /root/cse276a_ws/build/rb5_ros2_vision
[15.277s] INFO:colcon.colcon_core.shell:Creating environment hook '/root/cse276a_ws/install/rb5_ros2_vision/share/rb5_ros2_vision/hook/cmake_prefix_path.sh'
[15.281s] Level 1:colcon.colcon_core.environment:checking '/root/cse276a_ws/install/rb5_ros2_vision/lib'
[15.282s] Level 1:colcon.colcon_core.environment:checking '/root/cse276a_ws/install/rb5_ros2_vision/bin'
[15.283s] Level 1:colcon.colcon_core.environment:checking '/root/cse276a_ws/install/rb5_ros2_vision/lib/pkgconfig/rb5_ros2_vision.pc'
[15.285s] Level 1:colcon.colcon_core.environment:checking '/root/cse276a_ws/install/rb5_ros2_vision/lib/python3.8/site-packages'
[15.287s] Level 1:colcon.colcon_core.environment:checking '/root/cse276a_ws/install/rb5_ros2_vision/bin'
[15.290s] INFO:colcon.colcon_core.shell:Creating package script '/root/cse276a_ws/install/rb5_ros2_vision/share/rb5_ros2_vision/package.ps1'
[15.294s] INFO:colcon.colcon_core.shell:Creating package descriptor '/root/cse276a_ws/install/rb5_ros2_vision/share/rb5_ros2_vision/package.dsv'
[15.297s] INFO:colcon.colcon_core.shell:Creating package script '/root/cse276a_ws/install/rb5_ros2_vision/share/rb5_ros2_vision/package.sh'
[15.300s] INFO:colcon.colcon_core.shell:Creating package script '/root/cse276a_ws/install/rb5_ros2_vision/share/rb5_ros2_vision/package.bash'
[15.303s] INFO:colcon.colcon_core.shell:Creating package script '/root/cse276a_ws/install/rb5_ros2_vision/share/rb5_ros2_vision/package.zsh'
[15.304s] Level 1:colcon.colcon_core.environment:create_file_with_runtime_dependencies(/root/cse276a_ws/install/rb5_ros2_vision/share/colcon-core/packages/rb5_ros2_vision)
[15.588s] Level 1:colcon.colcon_core.environment:create_environment_scripts_only(rb5_ros2_vision)
[15.590s] Level 1:colcon.colcon_core.environment:checking '/root/cse276a_ws/install/rb5_ros2_vision' for CMake module files
[15.594s] Level 1:colcon.colcon_core.environment:checking '/root/cse276a_ws/install/rb5_ros2_vision' for CMake config files
[15.595s] Level 1:colcon.colcon_core.shell:create_environment_hook('rb5_ros2_vision', 'cmake_prefix_path')
[15.597s] INFO:colcon.colcon_core.shell:Creating environment hook '/root/cse276a_ws/install/rb5_ros2_vision/share/rb5_ros2_vision/hook/cmake_prefix_path.ps1'
[15.600s] INFO:colcon.colcon_core.shell:Creating environment descriptor '/root/cse276a_ws/install/rb5_ros2_vision/share/rb5_ros2_vision/hook/cmake_prefix_path.dsv'
[15.602s] INFO:colcon.colcon_core.shell:Creating environment hook '/root/cse276a_ws/install/rb5_ros2_vision/share/rb5_ros2_vision/hook/cmake_prefix_path.sh'
[15.605s] Level 1:colcon.colcon_core.environment:checking '/root/cse276a_ws/install/rb5_ros2_vision/lib'
[15.606s] Level 1:colcon.colcon_core.environment:checking '/root/cse276a_ws/install/rb5_ros2_vision/bin'
[15.606s] Level 1:colcon.colcon_core.environment:checking '/root/cse276a_ws/install/rb5_ros2_vision/lib/pkgconfig/rb5_ros2_vision.pc'
[15.606s] Level 1:colcon.colcon_core.environment:checking '/root/cse276a_ws/install/rb5_ros2_vision/lib/python3.8/site-packages'
[15.607s] Level 1:colcon.colcon_core.environment:checking '/root/cse276a_ws/install/rb5_ros2_vision/bin'
[15.607s] INFO:colcon.colcon_core.shell:Creating package script '/root/cse276a_ws/install/rb5_ros2_vision/share/rb5_ros2_vision/package.ps1'
[15.608s] INFO:colcon.colcon_core.shell:Creating package descriptor '/root/cse276a_ws/install/rb5_ros2_vision/share/rb5_ros2_vision/package.dsv'
[15.609s] INFO:colcon.colcon_core.shell:Creating package script '/root/cse276a_ws/install/rb5_ros2_vision/share/rb5_ros2_vision/package.sh'
[15.610s] INFO:colcon.colcon_core.shell:Creating package script '/root/cse276a_ws/install/rb5_ros2_vision/share/rb5_ros2_vision/package.bash'
[15.610s] INFO:colcon.colcon_core.shell:Creating package script '/root/cse276a_ws/install/rb5_ros2_vision/share/rb5_ros2_vision/package.zsh'
[15.611s] Level 1:colcon.colcon_core.environment:create_file_with_runtime_dependencies(/root/cse276a_ws/install/rb5_ros2_vision/share/colcon-core/packages/rb5_ros2_vision)
[17.339s] DEBUG:colcon.colcon_core.event_handler.log_command:Invoked command in '/root/cse276a_ws/build/ros2_april_detection' returned '0': CMAKE_PREFIX_PATH=/opt/ros/foxy _=/usr/bin/env /usr/bin/cmake --build /root/cse276a_ws/build/ros2_april_detection -- -j8 -l8
[17.575s] DEBUG:colcon.colcon_core.event_handler.log_command:Invoking command in '/root/cse276a_ws/build/ros2_april_detection': CMAKE_PREFIX_PATH=/opt/ros/foxy _=/usr/bin/env /usr/bin/cmake --install /root/cse276a_ws/build/ros2_april_detection
[17.625s] Level 1:colcon.colcon_core.environment:create_environment_scripts_only(ros2_april_detection)
[17.627s] Level 1:colcon.colcon_core.environment:checking '/root/cse276a_ws/install/ros2_april_detection' for CMake module files
[17.635s] Level 1:colcon.colcon_core.environment:checking '/root/cse276a_ws/install/ros2_april_detection' for CMake config files
[17.636s] DEBUG:colcon.colcon_core.event_handler.log_command:Invoked command in '/root/cse276a_ws/build/ros2_april_detection' returned '0': CMAKE_PREFIX_PATH=/opt/ros/foxy _=/usr/bin/env /usr/bin/cmake --install /root/cse276a_ws/build/ros2_april_detection
[17.638s] Level 1:colcon.colcon_core.shell:create_environment_hook('ros2_april_detection', 'cmake_prefix_path')
[17.640s] INFO:colcon.colcon_core.shell:Creating environment hook '/root/cse276a_ws/install/ros2_april_detection/share/ros2_april_detection/hook/cmake_prefix_path.ps1'
[17.643s] INFO:colcon.colcon_core.shell:Creating environment descriptor '/root/cse276a_ws/install/ros2_april_detection/share/ros2_april_detection/hook/cmake_prefix_path.dsv'
[17.644s] INFO:colcon.colcon_core.shell:Creating environment hook '/root/cse276a_ws/install/ros2_april_detection/share/ros2_april_detection/hook/cmake_prefix_path.sh'
[17.646s] Level 1:colcon.colcon_core.environment:checking '/root/cse276a_ws/install/ros2_april_detection/lib'
[17.646s] Level 1:colcon.colcon_core.environment:checking '/root/cse276a_ws/install/ros2_april_detection/bin'
[17.647s] Level 1:colcon.colcon_core.environment:checking '/root/cse276a_ws/install/ros2_april_detection/lib/pkgconfig/ros2_april_detection.pc'
[17.648s] Level 1:colcon.colcon_core.environment:checking '/root/cse276a_ws/install/ros2_april_detection/lib/python3.8/site-packages'
[17.649s] Level 1:colcon.colcon_core.environment:checking '/root/cse276a_ws/install/ros2_april_detection/bin'
[17.650s] INFO:colcon.colcon_core.shell:Creating package script '/root/cse276a_ws/install/ros2_april_detection/share/ros2_april_detection/package.ps1'
[17.652s] INFO:colcon.colcon_core.shell:Creating package descriptor '/root/cse276a_ws/install/ros2_april_detection/share/ros2_april_detection/package.dsv'
[17.654s] INFO:colcon.colcon_core.shell:Creating package script '/root/cse276a_ws/install/ros2_april_detection/share/ros2_april_detection/package.sh'
[17.655s] INFO:colcon.colcon_core.shell:Creating package script '/root/cse276a_ws/install/ros2_april_detection/share/ros2_april_detection/package.bash'
[17.656s] INFO:colcon.colcon_core.shell:Creating package script '/root/cse276a_ws/install/ros2_april_detection/share/ros2_april_detection/package.zsh'
[17.658s] Level 1:colcon.colcon_core.environment:create_file_with_runtime_dependencies(/root/cse276a_ws/install/ros2_april_detection/share/colcon-core/packages/ros2_april_detection)
[17.879s] Level 1:colcon.colcon_core.environment:create_environment_scripts_only(ros2_april_detection)
[17.881s] Level 1:colcon.colcon_core.environment:checking '/root/cse276a_ws/install/ros2_april_detection' for CMake module files
[17.885s] Level 1:colcon.colcon_core.environment:checking '/root/cse276a_ws/install/ros2_april_detection' for CMake config files
[17.888s] Level 1:colcon.colcon_core.shell:create_environment_hook('ros2_april_detection', 'cmake_prefix_path')
[17.889s] INFO:colcon.colcon_core.shell:Creating environment hook '/root/cse276a_ws/install/ros2_april_detection/share/ros2_april_detection/hook/cmake_prefix_path.ps1'
[17.892s] INFO:colcon.colcon_core.shell:Creating environment descriptor '/root/cse276a_ws/install/ros2_april_detection/share/ros2_april_detection/hook/cmake_prefix_path.dsv'
[17.894s] INFO:colcon.colcon_core.shell:Creating environment hook '/root/cse276a_ws/install/ros2_april_detection/share/ros2_april_detection/hook/cmake_prefix_path.sh'
[17.896s] Level 1:colcon.colcon_core.environment:checking '/root/cse276a_ws/install/ros2_april_detection/lib'
[17.896s] Level 1:colcon.colcon_core.environment:checking '/root/cse276a_ws/install/ros2_april_detection/bin'
[17.897s] Level 1:colcon.colcon_core.environment:checking '/root/cse276a_ws/install/ros2_april_detection/lib/pkgconfig/ros2_april_detection.pc'
[17.898s] Level 1:colcon.colcon_core.environment:checking '/root/cse276a_ws/install/ros2_april_detection/lib/python3.8/site-packages'
[17.898s] Level 1:colcon.colcon_core.environment:checking '/root/cse276a_ws/install/ros2_april_detection/bin'
[17.900s] INFO:colcon.colcon_core.shell:Creating package script '/root/cse276a_ws/install/ros2_april_detection/share/ros2_april_detection/package.ps1'
[17.903s] INFO:colcon.colcon_core.shell:Creating package descriptor '/root/cse276a_ws/install/ros2_april_detection/share/ros2_april_detection/package.dsv'
[17.905s] INFO:colcon.colcon_core.shell:Creating package script '/root/cse276a_ws/install/ros2_april_detection/share/ros2_april_detection/package.sh'
[17.907s] INFO:colcon.colcon_core.shell:Creating package script '/root/cse276a_ws/install/ros2_april_detection/share/ros2_april_detection/package.bash'
[17.909s] INFO:colcon.colcon_core.shell:Creating package script '/root/cse276a_ws/install/ros2_april_detection/share/ros2_april_detection/package.zsh'
[17.911s] Level 1:colcon.colcon_core.environment:create_file_with_runtime_dependencies(/root/cse276a_ws/install/ros2_april_detection/share/colcon-core/packages/ros2_april_detection)
[17.912s] DEBUG:colcon.colcon_parallel_executor.executor.parallel:closing loop
[17.912s] DEBUG:colcon.colcon_parallel_executor.executor.parallel:loop closed
[17.912s] DEBUG:colcon.colcon_parallel_executor.executor.parallel:run_until_complete finished with '0'
[17.912s] DEBUG:colcon.colcon_core.event_reactor:joining thread
[17.962s] INFO:colcon.colcon_core.plugin_system:Skipping extension 'colcon_notification.desktop_notification.notify_send': Could not find 'notify-send'
[17.962s] INFO:colcon.colcon_core.plugin_system:Skipping extension 'colcon_notification.desktop_notification.terminal_notifier': Not used on non-Darwin systems
[17.963s] INFO:colcon.colcon_core.plugin_system:Skipping extension 'colcon_notification.desktop_notification.win32': Not used on non-Windows systems
[17.963s] INFO:colcon.colcon_notification.desktop_notification:Sending desktop notification using 'notify2'
[18.000s] DEBUG:colcon.colcon_notification.desktop_notification.notify2:Failed to initialize notify2: org.freedesktop.DBus.Error.ServiceUnknown: The name org.freedesktop.Notifications was not provided by any .service files
[18.000s] DEBUG:colcon.colcon_core.event_reactor:joined thread
[18.002s] INFO:colcon.colcon_core.shell:Creating prefix script '/root/cse276a_ws/install/local_setup.ps1'
[18.007s] INFO:colcon.colcon_core.shell:Creating prefix util module '/root/cse276a_ws/install/_local_setup_util_ps1.py'
[18.015s] INFO:colcon.colcon_core.shell:Creating prefix chain script '/root/cse276a_ws/install/setup.ps1'
[18.019s] INFO:colcon.colcon_core.shell:Creating prefix script '/root/cse276a_ws/install/local_setup.sh'
[18.022s] INFO:colcon.colcon_core.shell:Creating prefix util module '/root/cse276a_ws/install/_local_setup_util_sh.py'
[18.023s] INFO:colcon.colcon_core.shell:Creating prefix chain script '/root/cse276a_ws/install/setup.sh'
[18.027s] INFO:colcon.colcon_core.shell:Creating prefix script '/root/cse276a_ws/install/local_setup.bash'
[18.029s] INFO:colcon.colcon_core.shell:Creating prefix chain script '/root/cse276a_ws/install/setup.bash'
[18.032s] INFO:colcon.colcon_core.shell:Creating prefix script '/root/cse276a_ws/install/local_setup.zsh'
[18.035s] INFO:colcon.colcon_core.shell:Creating prefix chain script '/root/cse276a_ws/install/setup.zsh'
