[0.084s] Invoking command in '/root/cse276a_ws/build/rb5_ros2_vision': CMAKE_PREFIX_PATH=/opt/ros/foxy _=/usr/bin/env /usr/bin/cmake /root/cse276a_ws/src/rb5_ros2/rb5_ros2_vision -DCMAKE_INSTALL_PREFIX=/root/cse276a_ws/install/rb5_ros2_vision
[0.507s] -- The C compiler identification is GNU 9.4.0
[0.789s] -- The CXX compiler identification is GNU 9.4.0
[0.803s] -- Check for working C compiler: /usr/bin/cc
[1.015s] -- Check for working C compiler: /usr/bin/cc -- works
[1.018s] -- Detecting C compiler ABI info
[1.330s] -- Detecting C compiler ABI info - done
[1.361s] -- Detecting C compile features
[1.362s] -- Detecting C compile features - done
[1.363s] -- Check for working CXX compiler: /usr/bin/c++
[1.696s] -- Check for working CXX compiler: /usr/bin/c++ -- works
[1.701s] -- Detecting CXX compiler ABI info
[2.072s] -- Detecting CXX compiler ABI info - done
[2.113s] -- Detecting CXX compile features
[2.115s] -- Detecting CXX compile features - done
[2.116s] -- Found ament_cmake: 0.9.12 (/opt/ros/foxy/share/ament_cmake/cmake)
[2.168s] -- Found PythonInterp: /usr/bin/python3 (found suitable version "3.8.10", minimum required is "3") 
[2.169s] -- Using PYTHON_EXECUTABLE: /usr/bin/python3
[2.383s] -- Found rclcpp: 2.4.3 (/opt/ros/foxy/share/rclcpp/cmake)
[2.420s] -- Using all available rosidl_typesupport_c: rosidl_typesupport_fastrtps_c;rosidl_typesupport_introspection_c
[2.425s] -- Found rosidl_adapter: 1.3.1 (/opt/ros/foxy/share/rosidl_adapter/cmake)
[2.812s] -- Found OpenSSL: /usr/lib/aarch64-linux-gnu/libcrypto.so (found version "1.1.1f")  
[2.873s] -- Found FastRTPS: /opt/ros/foxy/include  
[2.962s] -- Using all available rosidl_typesupport_cpp: rosidl_typesupport_fastrtps_cpp;rosidl_typesupport_introspection_cpp
[3.013s] -- Found rmw_implementation_cmake: 1.0.4 (/opt/ros/foxy/share/rmw_implementation_cmake/cmake)
[3.014s] -- Using RMW implementation 'rmw_fastrtps_cpp' as default
[3.015s] -- Looking for pthread.h
[3.239s] -- Looking for pthread.h - found
[3.240s] -- Performing Test CMAKE_HAVE_LIBC_PTHREAD
[3.517s] -- Performing Test CMAKE_HAVE_LIBC_PTHREAD - Failed
[3.518s] -- Looking for pthread_create in pthreads
[3.721s] -- Looking for pthread_create in pthreads - not found
[3.722s] -- Looking for pthread_create in pthread
[3.989s] -- Looking for pthread_create in pthread - found
[3.994s] -- Found Threads: TRUE  
[4.173s] -- Found sensor_msgs: 2.0.5 (/opt/ros/foxy/share/sensor_msgs/cmake)
[4.342s] -- Found cv_bridge: 3.0.7 (/opt/ros/foxy/share/cv_bridge/cmake)
[4.348s] -- Found OpenCV: /usr (found version "4.2.0") 
[4.362s] -- Found PkgConfig: /usr/bin/pkg-config (found version "0.29.1") 
[4.362s] -- Checking for module 'gstreamer-1.0>=1.8'
[4.450s] --   Found gstreamer-1.0, version 1.16.3
[4.728s] -- Checking for one of the modules 'glib-2.0'
[5.079s] -- Checking for module 'gstreamer-1.0'
[5.216s] --   Found gstreamer-1.0, version 1.16.3
[5.548s] -- Checking for module 'gstreamer-app-1.0'
[5.675s] --   Found gstreamer-app-1.0, version 1.16.3
[5.986s] -- Checking for module 'gstreamer-video-1.0'
[6.109s] --   Found gstreamer-video-1.0, version 1.16.3
[6.429s] -- Check if compiler accepts -pthread
[6.850s] -- Check if compiler accepts -pthread - yes
[6.892s] -- Found ament_lint_auto: 0.9.8 (/opt/ros/foxy/share/ament_lint_auto/cmake)
[7.042s] -- Added test 'copyright' to check source files copyright and LICENSE
[7.045s] -- Added test 'cppcheck' to perform static code analysis on C / C++ code
[7.046s] -- Configured cppcheck include dirs: /root/cse276a_ws/src/rb5_ros2/rb5_ros2_vision/include/rb5_ros2_vision
[7.048s] -- Configured cppcheck exclude dirs and/or files: 
[7.051s] -- Added test 'cpplint' to check C / C++ code against the Google style
[7.052s] -- Configured cpplint exclude dirs and/or files: 
[7.054s] -- Added test 'flake8' to check Python code syntax and style conventions
[7.055s] -- Added test 'lint_cmake' to check CMake code style
[7.056s] -- Added test 'pep257' to check Python code against some of the style conventions in PEP 257
[7.058s] -- Added test 'uncrustify' to check C / C++ code style
[7.059s] -- Configured uncrustify additional arguments: 
[7.061s] -- Added test 'xmllint' to check XML markup files
[7.062s] -- Configuring done
[7.086s] -- Generating done
[7.089s] -- Build files have been written to: /root/cse276a_ws/build/rb5_ros2_vision
[7.110s] Invoked command in '/root/cse276a_ws/build/rb5_ros2_vision' returned '0': CMAKE_PREFIX_PATH=/opt/ros/foxy _=/usr/bin/env /usr/bin/cmake /root/cse276a_ws/src/rb5_ros2/rb5_ros2_vision -DCMAKE_INSTALL_PREFIX=/root/cse276a_ws/install/rb5_ros2_vision
[7.136s] Invoking command in '/root/cse276a_ws/build/rb5_ros2_vision': CMAKE_PREFIX_PATH=/opt/ros/foxy _=/usr/bin/env /usr/bin/cmake --build /root/cse276a_ws/build/rb5_ros2_vision -- -j8 -l8
[7.360s] [35m[1mScanning dependencies of target rb_camera_ocv_node[0m
[7.585s] [ 50%] [32mBuilding CXX object CMakeFiles/rb_camera_ocv_node.dir/src/rb_camera_ocv_node.cpp.o[0m
[13.600s] [100%] [32m[1mLinking CXX executable rb_camera_ocv_node[0m
[14.255s] [100%] Built target rb_camera_ocv_node
[14.314s] Invoked command in '/root/cse276a_ws/build/rb5_ros2_vision' returned '0': CMAKE_PREFIX_PATH=/opt/ros/foxy _=/usr/bin/env /usr/bin/cmake --build /root/cse276a_ws/build/rb5_ros2_vision -- -j8 -l8
[14.538s] Invoking command in '/root/cse276a_ws/build/rb5_ros2_vision': CMAKE_PREFIX_PATH=/opt/ros/foxy _=/usr/bin/env /usr/bin/cmake --install /root/cse276a_ws/build/rb5_ros2_vision
[14.563s] -- Install configuration: ""
[14.566s] -- Installing: /root/cse276a_ws/install/rb5_ros2_vision/share/rb5_ros2_vision/launch
[14.570s] -- Installing: /root/cse276a_ws/install/rb5_ros2_vision/share/rb5_ros2_vision/launch/rb_camera_both_ocv.launch
[14.572s] -- Installing: /root/cse276a_ws/install/rb5_ros2_vision/share/rb5_ros2_vision/launch/rb_camera_both_ocv_launch.py
[14.575s] -- Installing: /root/cse276a_ws/install/rb5_ros2_vision/share/rb5_ros2_vision/launch/rb_camera_main_ocv.launch.xml
[14.581s] -- Installing: /root/cse276a_ws/install/rb5_ros2_vision/share/rb5_ros2_vision/launch/rb_camera_main_ocv_launch.py
[14.585s] -- Installing: /root/cse276a_ws/install/rb5_ros2_vision/share/rb5_ros2_vision/launch/rb_camera_side_ocv.launch
[14.587s] -- Installing: /root/cse276a_ws/install/rb5_ros2_vision/share/rb5_ros2_vision/launch/rb_camera_side_ocv_launch.py
[14.588s] -- Installing: /root/cse276a_ws/install/rb5_ros2_vision/share/rb5_ros2_vision/launch/rb_camera_webcam_ocv.launch
[14.590s] -- Installing: /root/cse276a_ws/install/rb5_ros2_vision/share/rb5_ros2_vision/launch/rb_camera_webcam_ocv_launch.py
[14.591s] -- Installing: /root/cse276a_ws/install/rb5_ros2_vision/lib/rb5_ros2_vision/rb_camera_ocv_node
[14.593s] -- Set runtime path of "/root/cse276a_ws/install/rb5_ros2_vision/lib/rb5_ros2_vision/rb_camera_ocv_node" to ""
[14.594s] -- Installing: /root/cse276a_ws/install/rb5_ros2_vision/share/ament_index/resource_index/package_run_dependencies/rb5_ros2_vision
[14.596s] -- Installing: /root/cse276a_ws/install/rb5_ros2_vision/share/ament_index/resource_index/parent_prefix_path/rb5_ros2_vision
[14.597s] -- Installing: /root/cse276a_ws/install/rb5_ros2_vision/share/rb5_ros2_vision/environment/ament_prefix_path.sh
[14.599s] -- Installing: /root/cse276a_ws/install/rb5_ros2_vision/share/rb5_ros2_vision/environment/ament_prefix_path.dsv
[14.601s] -- Installing: /root/cse276a_ws/install/rb5_ros2_vision/share/rb5_ros2_vision/environment/path.sh
[14.602s] -- Installing: /root/cse276a_ws/install/rb5_ros2_vision/share/rb5_ros2_vision/environment/path.dsv
[14.603s] -- Installing: /root/cse276a_ws/install/rb5_ros2_vision/share/rb5_ros2_vision/local_setup.bash
[14.604s] -- Installing: /root/cse276a_ws/install/rb5_ros2_vision/share/rb5_ros2_vision/local_setup.sh
[14.606s] -- Installing: /root/cse276a_ws/install/rb5_ros2_vision/share/rb5_ros2_vision/local_setup.zsh
[14.607s] -- Installing: /root/cse276a_ws/install/rb5_ros2_vision/share/rb5_ros2_vision/local_setup.dsv
[14.608s] -- Installing: /root/cse276a_ws/install/rb5_ros2_vision/share/rb5_ros2_vision/package.dsv
[14.613s] -- Installing: /root/cse276a_ws/install/rb5_ros2_vision/share/ament_index/resource_index/packages/rb5_ros2_vision
[14.615s] -- Installing: /root/cse276a_ws/install/rb5_ros2_vision/share/rb5_ros2_vision/cmake/rb5_ros2_visionConfig.cmake
[14.616s] -- Installing: /root/cse276a_ws/install/rb5_ros2_vision/share/rb5_ros2_vision/cmake/rb5_ros2_visionConfig-version.cmake
[14.619s] -- Installing: /root/cse276a_ws/install/rb5_ros2_vision/share/rb5_ros2_vision/package.xml
[14.621s] Invoked command in '/root/cse276a_ws/build/rb5_ros2_vision' returned '0': CMAKE_PREFIX_PATH=/opt/ros/foxy _=/usr/bin/env /usr/bin/cmake --install /root/cse276a_ws/build/rb5_ros2_vision
