[0.284s] DEBUG:colcon:Command line arguments: ['/usr/bin/colcon', 'build']
[0.284s] DEBUG:colcon:Parsed command line arguments: Namespace(allow_overriding=[], ament_cmake_args=None, base_paths=['.'], build_base='build', catkin_cmake_args=None, catkin_skip_building_tests=False, cmake_args=None, cmake_clean_cache=False, cmake_clean_first=False, cmake_force_configure=False, cmake_target=None, cmake_target_skip_unavailable=False, continue_on_error=False, event_handlers=None, executor='parallel', ignore_user_meta=False, install_base='install', log_base=None, log_level=None, main=<bound method BuildVerb.main of <colcon_core.verb.build.BuildVerb object at 0x7f8a7946a0>>, merge_install=False, metas=['./colcon.meta'], mixin=None, mixin_files=None, mixin_verb=('build',), packages_above=None, packages_above_and_dependencies=None, packages_above_depth=None, packages_end=None, packages_ignore=None, packages_ignore_regex=None, packages_select=None, packages_select_build_failed=False, packages_select_by_dep=None, packages_select_regex=None, packages_select_test_failures=False, packages_skip=None, packages_skip_build_finished=False, packages_skip_by_dep=None, packages_skip_regex=None, packages_skip_test_passed=False, packages_skip_up_to=None, packages_start=None, packages_up_to=None, packages_up_to_regex=None, parallel_workers=8, paths=None, symlink_install=False, test_result_base=None, verb_extension=<colcon_core.verb.build.BuildVerb object at 0x7f8a7946a0>, verb_name='build', verb_parser=<colcon_mixin.mixin.mixin_argument.MixinArgumentDecorator object at 0x7f8a678550>)
[0.430s] Level 1:colcon.colcon_core.package_discovery:discover_packages(colcon_meta) check parameters
[0.430s] Level 1:colcon.colcon_core.package_discovery:discover_packages(recursive) check parameters
[0.430s] Level 1:colcon.colcon_core.package_discovery:discover_packages(ignore) check parameters
[0.430s] Level 1:colcon.colcon_core.package_discovery:discover_packages(path) check parameters
[0.431s] Level 1:colcon.colcon_core.package_discovery:discover_packages(colcon_meta) discover
[0.431s] Level 1:colcon.colcon_core.package_discovery:discover_packages(recursive) discover
[0.431s] INFO:colcon.colcon_core.package_discovery:Crawling recursively for packages in '/root/CSE276A_Fall24/cse276a_ws'
[0.431s] Level 1:colcon.colcon_core.package_identification:_identify(.) by extensions ['ignore', 'ignore_ament_install']
[0.431s] Level 1:colcon.colcon_core.package_identification:_identify(.) by extension 'ignore'
[0.431s] Level 1:colcon.colcon_core.package_identification:_identify(.) by extension 'ignore_ament_install'
[0.431s] Level 1:colcon.colcon_core.package_identification:_identify(.) by extensions ['colcon_pkg']
[0.431s] Level 1:colcon.colcon_core.package_identification:_identify(.) by extension 'colcon_pkg'
[0.431s] Level 1:colcon.colcon_core.package_identification:_identify(.) by extensions ['colcon_meta']
[0.431s] Level 1:colcon.colcon_core.package_identification:_identify(.) by extension 'colcon_meta'
[0.431s] Level 1:colcon.colcon_core.package_identification:_identify(.) by extensions ['ros']
[0.431s] Level 1:colcon.colcon_core.package_identification:_identify(.) by extension 'ros'
[0.448s] Level 1:colcon.colcon_core.package_identification:_identify(.) by extensions ['cmake', 'python']
[0.448s] Level 1:colcon.colcon_core.package_identification:_identify(.) by extension 'cmake'
[0.448s] Level 1:colcon.colcon_core.package_identification:_identify(.) by extension 'python'
[0.448s] Level 1:colcon.colcon_core.package_identification:_identify(.) by extensions ['python_setup_py']
[0.448s] Level 1:colcon.colcon_core.package_identification:_identify(.) by extension 'python_setup_py'
[0.448s] Level 1:colcon.colcon_core.package_identification:_identify(build) by extensions ['ignore', 'ignore_ament_install']
[0.449s] Level 1:colcon.colcon_core.package_identification:_identify(build) by extension 'ignore'
[0.449s] Level 1:colcon.colcon_core.package_identification:_identify(build) ignored
[0.449s] Level 1:colcon.colcon_core.package_identification:_identify(install) by extensions ['ignore', 'ignore_ament_install']
[0.449s] Level 1:colcon.colcon_core.package_identification:_identify(install) by extension 'ignore'
[0.449s] Level 1:colcon.colcon_core.package_identification:_identify(install) ignored
[0.449s] Level 1:colcon.colcon_core.package_identification:_identify(log) by extensions ['ignore', 'ignore_ament_install']
[0.449s] Level 1:colcon.colcon_core.package_identification:_identify(log) by extension 'ignore'
[0.449s] Level 1:colcon.colcon_core.package_identification:_identify(log) ignored
[0.449s] Level 1:colcon.colcon_core.package_identification:_identify(src) by extensions ['ignore', 'ignore_ament_install']
[0.450s] Level 1:colcon.colcon_core.package_identification:_identify(src) by extension 'ignore'
[0.450s] Level 1:colcon.colcon_core.package_identification:_identify(src) by extension 'ignore_ament_install'
[0.450s] Level 1:colcon.colcon_core.package_identification:_identify(src) by extensions ['colcon_pkg']
[0.450s] Level 1:colcon.colcon_core.package_identification:_identify(src) by extension 'colcon_pkg'
[0.450s] Level 1:colcon.colcon_core.package_identification:_identify(src) by extensions ['colcon_meta']
[0.450s] Level 1:colcon.colcon_core.package_identification:_identify(src) by extension 'colcon_meta'
[0.450s] Level 1:colcon.colcon_core.package_identification:_identify(src) by extensions ['ros']
[0.450s] Level 1:colcon.colcon_core.package_identification:_identify(src) by extension 'ros'
[0.450s] Level 1:colcon.colcon_core.package_identification:_identify(src) by extensions ['cmake', 'python']
[0.450s] Level 1:colcon.colcon_core.package_identification:_identify(src) by extension 'cmake'
[0.450s] Level 1:colcon.colcon_core.package_identification:_identify(src) by extension 'python'
[0.450s] Level 1:colcon.colcon_core.package_identification:_identify(src) by extensions ['python_setup_py']
[0.450s] Level 1:colcon.colcon_core.package_identification:_identify(src) by extension 'python_setup_py'
[0.451s] Level 1:colcon.colcon_core.package_identification:_identify(src/rb5_ros2) by extensions ['ignore', 'ignore_ament_install']
[0.451s] Level 1:colcon.colcon_core.package_identification:_identify(src/rb5_ros2) by extension 'ignore'
[0.451s] Level 1:colcon.colcon_core.package_identification:_identify(src/rb5_ros2) by extension 'ignore_ament_install'
[0.451s] Level 1:colcon.colcon_core.package_identification:_identify(src/rb5_ros2) by extensions ['colcon_pkg']
[0.451s] Level 1:colcon.colcon_core.package_identification:_identify(src/rb5_ros2) by extension 'colcon_pkg'
[0.451s] Level 1:colcon.colcon_core.package_identification:_identify(src/rb5_ros2) by extensions ['colcon_meta']
[0.451s] Level 1:colcon.colcon_core.package_identification:_identify(src/rb5_ros2) by extension 'colcon_meta'
[0.451s] Level 1:colcon.colcon_core.package_identification:_identify(src/rb5_ros2) by extensions ['ros']
[0.451s] Level 1:colcon.colcon_core.package_identification:_identify(src/rb5_ros2) by extension 'ros'
[0.451s] Level 1:colcon.colcon_core.package_identification:_identify(src/rb5_ros2) by extensions ['cmake', 'python']
[0.451s] Level 1:colcon.colcon_core.package_identification:_identify(src/rb5_ros2) by extension 'cmake'
[0.451s] Level 1:colcon.colcon_core.package_identification:_identify(src/rb5_ros2) by extension 'python'
[0.451s] Level 1:colcon.colcon_core.package_identification:_identify(src/rb5_ros2) by extensions ['python_setup_py']
[0.451s] Level 1:colcon.colcon_core.package_identification:_identify(src/rb5_ros2) by extension 'python_setup_py'
[0.451s] Level 1:colcon.colcon_core.package_identification:_identify(src/rb5_ros2/build) by extensions ['ignore', 'ignore_ament_install']
[0.452s] Level 1:colcon.colcon_core.package_identification:_identify(src/rb5_ros2/build) by extension 'ignore'
[0.452s] Level 1:colcon.colcon_core.package_identification:_identify(src/rb5_ros2/build) ignored
[0.452s] Level 1:colcon.colcon_core.package_identification:_identify(src/rb5_ros2/install) by extensions ['ignore', 'ignore_ament_install']
[0.452s] Level 1:colcon.colcon_core.package_identification:_identify(src/rb5_ros2/install) by extension 'ignore'
[0.452s] Level 1:colcon.colcon_core.package_identification:_identify(src/rb5_ros2/install) ignored
[0.452s] Level 1:colcon.colcon_core.package_identification:_identify(src/rb5_ros2/key_joy) by extensions ['ignore', 'ignore_ament_install']
[0.452s] Level 1:colcon.colcon_core.package_identification:_identify(src/rb5_ros2/key_joy) by extension 'ignore'
[0.452s] Level 1:colcon.colcon_core.package_identification:_identify(src/rb5_ros2/key_joy) by extension 'ignore_ament_install'
[0.452s] Level 1:colcon.colcon_core.package_identification:_identify(src/rb5_ros2/key_joy) by extensions ['colcon_pkg']
[0.452s] Level 1:colcon.colcon_core.package_identification:_identify(src/rb5_ros2/key_joy) by extension 'colcon_pkg'
[0.452s] Level 1:colcon.colcon_core.package_identification:_identify(src/rb5_ros2/key_joy) by extensions ['colcon_meta']
[0.452s] Level 1:colcon.colcon_core.package_identification:_identify(src/rb5_ros2/key_joy) by extension 'colcon_meta'
[0.452s] Level 1:colcon.colcon_core.package_identification:_identify(src/rb5_ros2/key_joy) by extensions ['ros']
[0.452s] Level 1:colcon.colcon_core.package_identification:_identify(src/rb5_ros2/key_joy) by extension 'ros'
[0.457s] DEBUG:colcon.colcon_core.package_identification:Package 'src/rb5_ros2/key_joy' with type 'ros.ament_cmake' and name 'key_joy'
[0.457s] Level 1:colcon.colcon_core.package_identification:_identify(src/rb5_ros2/log) by extensions ['ignore', 'ignore_ament_install']
[0.457s] Level 1:colcon.colcon_core.package_identification:_identify(src/rb5_ros2/log) by extension 'ignore'
[0.458s] Level 1:colcon.colcon_core.package_identification:_identify(src/rb5_ros2/log) ignored
[0.458s] Level 1:colcon.colcon_core.package_identification:_identify(src/rb5_ros2/rb5_ros2_control) by extensions ['ignore', 'ignore_ament_install']
[0.458s] Level 1:colcon.colcon_core.package_identification:_identify(src/rb5_ros2/rb5_ros2_control) by extension 'ignore'
[0.458s] Level 1:colcon.colcon_core.package_identification:_identify(src/rb5_ros2/rb5_ros2_control) by extension 'ignore_ament_install'
[0.458s] Level 1:colcon.colcon_core.package_identification:_identify(src/rb5_ros2/rb5_ros2_control) by extensions ['colcon_pkg']
[0.458s] Level 1:colcon.colcon_core.package_identification:_identify(src/rb5_ros2/rb5_ros2_control) by extension 'colcon_pkg'
[0.458s] Level 1:colcon.colcon_core.package_identification:_identify(src/rb5_ros2/rb5_ros2_control) by extensions ['colcon_meta']
[0.458s] Level 1:colcon.colcon_core.package_identification:_identify(src/rb5_ros2/rb5_ros2_control) by extension 'colcon_meta'
[0.458s] Level 1:colcon.colcon_core.package_identification:_identify(src/rb5_ros2/rb5_ros2_control) by extensions ['ros']
[0.458s] Level 1:colcon.colcon_core.package_identification:_identify(src/rb5_ros2/rb5_ros2_control) by extension 'ros'
[0.459s] DEBUG:colcon.colcon_core.package_identification:Package 'src/rb5_ros2/rb5_ros2_control' with type 'ros.ament_cmake' and name 'rb5_ros2_control'
[0.460s] Level 1:colcon.colcon_core.package_identification:_identify(src/rb5_ros2/rb5_ros2_vision) by extensions ['ignore', 'ignore_ament_install']
[0.460s] Level 1:colcon.colcon_core.package_identification:_identify(src/rb5_ros2/rb5_ros2_vision) by extension 'ignore'
[0.460s] Level 1:colcon.colcon_core.package_identification:_identify(src/rb5_ros2/rb5_ros2_vision) by extension 'ignore_ament_install'
[0.460s] Level 1:colcon.colcon_core.package_identification:_identify(src/rb5_ros2/rb5_ros2_vision) by extensions ['colcon_pkg']
[0.460s] Level 1:colcon.colcon_core.package_identification:_identify(src/rb5_ros2/rb5_ros2_vision) by extension 'colcon_pkg'
[0.460s] Level 1:colcon.colcon_core.package_identification:_identify(src/rb5_ros2/rb5_ros2_vision) by extensions ['colcon_meta']
[0.460s] Level 1:colcon.colcon_core.package_identification:_identify(src/rb5_ros2/rb5_ros2_vision) by extension 'colcon_meta'
[0.460s] Level 1:colcon.colcon_core.package_identification:_identify(src/rb5_ros2/rb5_ros2_vision) by extensions ['ros']
[0.460s] Level 1:colcon.colcon_core.package_identification:_identify(src/rb5_ros2/rb5_ros2_vision) by extension 'ros'
[0.461s] DEBUG:colcon.colcon_core.package_identification:Package 'src/rb5_ros2/rb5_ros2_vision' with type 'ros.ament_cmake' and name 'rb5_ros2_vision'
[0.461s] Level 1:colcon.colcon_core.package_identification:_identify(src/rb5_ros2/ros2_april_detection) by extensions ['ignore', 'ignore_ament_install']
[0.462s] Level 1:colcon.colcon_core.package_identification:_identify(src/rb5_ros2/ros2_april_detection) by extension 'ignore'
[0.462s] Level 1:colcon.colcon_core.package_identification:_identify(src/rb5_ros2/ros2_april_detection) by extension 'ignore_ament_install'
[0.462s] Level 1:colcon.colcon_core.package_identification:_identify(src/rb5_ros2/ros2_april_detection) by extensions ['colcon_pkg']
[0.462s] Level 1:colcon.colcon_core.package_identification:_identify(src/rb5_ros2/ros2_april_detection) by extension 'colcon_pkg'
[0.462s] Level 1:colcon.colcon_core.package_identification:_identify(src/rb5_ros2/ros2_april_detection) by extensions ['colcon_meta']
[0.462s] Level 1:colcon.colcon_core.package_identification:_identify(src/rb5_ros2/ros2_april_detection) by extension 'colcon_meta'
[0.462s] Level 1:colcon.colcon_core.package_identification:_identify(src/rb5_ros2/ros2_april_detection) by extensions ['ros']
[0.462s] Level 1:colcon.colcon_core.package_identification:_identify(src/rb5_ros2/ros2_april_detection) by extension 'ros'
[0.463s] DEBUG:colcon.colcon_core.package_identification:Package 'src/rb5_ros2/ros2_april_detection' with type 'ros.ament_cmake' and name 'ros2_april_detection'
[0.463s] Level 1:colcon.colcon_core.package_discovery:discover_packages(recursive) using defaults
[0.463s] Level 1:colcon.colcon_core.package_discovery:discover_packages(ignore) discover
[0.463s] Level 1:colcon.colcon_core.package_discovery:discover_packages(ignore) using defaults
[0.464s] Level 1:colcon.colcon_core.package_discovery:discover_packages(path) discover
[0.464s] Level 1:colcon.colcon_core.package_discovery:discover_packages(path) using defaults
[0.489s] Level 1:colcon.colcon_core.package_discovery:discover_packages(prefix_path) check parameters
[0.490s] Level 1:colcon.colcon_core.package_discovery:discover_packages(prefix_path) discover
[0.493s] DEBUG:colcon.colcon_installed_package_information.package_discovery:Found 4 installed packages in /root/CSE276A_Fall24/cse276a_ws/install
[0.494s] DEBUG:colcon.colcon_installed_package_information.package_discovery:Found 176 installed packages in /opt/ros/foxy
[0.495s] Level 1:colcon.colcon_core.package_discovery:discover_packages(prefix_path) using defaults
[0.541s] Level 5:colcon.colcon_core.verb:set package 'key_joy' build argument 'cmake_args' from command line to 'None'
[0.541s] Level 5:colcon.colcon_core.verb:set package 'key_joy' build argument 'cmake_target' from command line to 'None'
[0.541s] Level 5:colcon.colcon_core.verb:set package 'key_joy' build argument 'cmake_target_skip_unavailable' from command line to 'False'
[0.541s] Level 5:colcon.colcon_core.verb:set package 'key_joy' build argument 'cmake_clean_cache' from command line to 'False'
[0.541s] Level 5:colcon.colcon_core.verb:set package 'key_joy' build argument 'cmake_clean_first' from command line to 'False'
[0.541s] Level 5:colcon.colcon_core.verb:set package 'key_joy' build argument 'cmake_force_configure' from command line to 'False'
[0.541s] Level 5:colcon.colcon_core.verb:set package 'key_joy' build argument 'ament_cmake_args' from command line to 'None'
[0.541s] Level 5:colcon.colcon_core.verb:set package 'key_joy' build argument 'catkin_cmake_args' from command line to 'None'
[0.541s] Level 5:colcon.colcon_core.verb:set package 'key_joy' build argument 'catkin_skip_building_tests' from command line to 'False'
[0.541s] DEBUG:colcon.colcon_core.verb:Building package 'key_joy' with the following arguments: {'ament_cmake_args': None, 'build_base': '/root/CSE276A_Fall24/cse276a_ws/build/key_joy', 'catkin_cmake_args': None, 'catkin_skip_building_tests': False, 'cmake_args': None, 'cmake_clean_cache': False, 'cmake_clean_first': False, 'cmake_force_configure': False, 'cmake_target': None, 'cmake_target_skip_unavailable': False, 'install_base': '/root/CSE276A_Fall24/cse276a_ws/install/key_joy', 'merge_install': False, 'path': '/root/CSE276A_Fall24/cse276a_ws/src/rb5_ros2/key_joy', 'symlink_install': False, 'test_result_base': None}
[0.541s] Level 5:colcon.colcon_core.verb:set package 'rb5_ros2_control' build argument 'cmake_args' from command line to 'None'
[0.541s] Level 5:colcon.colcon_core.verb:set package 'rb5_ros2_control' build argument 'cmake_target' from command line to 'None'
[0.541s] Level 5:colcon.colcon_core.verb:set package 'rb5_ros2_control' build argument 'cmake_target_skip_unavailable' from command line to 'False'
[0.541s] Level 5:colcon.colcon_core.verb:set package 'rb5_ros2_control' build argument 'cmake_clean_cache' from command line to 'False'
[0.542s] Level 5:colcon.colcon_core.verb:set package 'rb5_ros2_control' build argument 'cmake_clean_first' from command line to 'False'
[0.542s] Level 5:colcon.colcon_core.verb:set package 'rb5_ros2_control' build argument 'cmake_force_configure' from command line to 'False'
[0.542s] Level 5:colcon.colcon_core.verb:set package 'rb5_ros2_control' build argument 'ament_cmake_args' from command line to 'None'
[0.542s] Level 5:colcon.colcon_core.verb:set package 'rb5_ros2_control' build argument 'catkin_cmake_args' from command line to 'None'
[0.542s] Level 5:colcon.colcon_core.verb:set package 'rb5_ros2_control' build argument 'catkin_skip_building_tests' from command line to 'False'
[0.542s] DEBUG:colcon.colcon_core.verb:Building package 'rb5_ros2_control' with the following arguments: {'ament_cmake_args': None, 'build_base': '/root/CSE276A_Fall24/cse276a_ws/build/rb5_ros2_control', 'catkin_cmake_args': None, 'catkin_skip_building_tests': False, 'cmake_args': None, 'cmake_clean_cache': False, 'cmake_clean_first': False, 'cmake_force_configure': False, 'cmake_target': None, 'cmake_target_skip_unavailable': False, 'install_base': '/root/CSE276A_Fall24/cse276a_ws/install/rb5_ros2_control', 'merge_install': False, 'path': '/root/CSE276A_Fall24/cse276a_ws/src/rb5_ros2/rb5_ros2_control', 'symlink_install': False, 'test_result_base': None}
[0.542s] Level 5:colcon.colcon_core.verb:set package 'rb5_ros2_vision' build argument 'cmake_args' from command line to 'None'
[0.542s] Level 5:colcon.colcon_core.verb:set package 'rb5_ros2_vision' build argument 'cmake_target' from command line to 'None'
[0.542s] Level 5:colcon.colcon_core.verb:set package 'rb5_ros2_vision' build argument 'cmake_target_skip_unavailable' from command line to 'False'
[0.542s] Level 5:colcon.colcon_core.verb:set package 'rb5_ros2_vision' build argument 'cmake_clean_cache' from command line to 'False'
[0.542s] Level 5:colcon.colcon_core.verb:set package 'rb5_ros2_vision' build argument 'cmake_clean_first' from command line to 'False'
[0.542s] Level 5:colcon.colcon_core.verb:set package 'rb5_ros2_vision' build argument 'cmake_force_configure' from command line to 'False'
[0.542s] Level 5:colcon.colcon_core.verb:set package 'rb5_ros2_vision' build argument 'ament_cmake_args' from command line to 'None'
[0.542s] Level 5:colcon.colcon_core.verb:set package 'rb5_ros2_vision' build argument 'catkin_cmake_args' from command line to 'None'
[0.542s] Level 5:colcon.colcon_core.verb:set package 'rb5_ros2_vision' build argument 'catkin_skip_building_tests' from command line to 'False'
[0.542s] DEBUG:colcon.colcon_core.verb:Building package 'rb5_ros2_vision' with the following arguments: {'ament_cmake_args': None, 'build_base': '/root/CSE276A_Fall24/cse276a_ws/build/rb5_ros2_vision', 'catkin_cmake_args': None, 'catkin_skip_building_tests': False, 'cmake_args': None, 'cmake_clean_cache': False, 'cmake_clean_first': False, 'cmake_force_configure': False, 'cmake_target': None, 'cmake_target_skip_unavailable': False, 'install_base': '/root/CSE276A_Fall24/cse276a_ws/install/rb5_ros2_vision', 'merge_install': False, 'path': '/root/CSE276A_Fall24/cse276a_ws/src/rb5_ros2/rb5_ros2_vision', 'symlink_install': False, 'test_result_base': None}
[0.543s] Level 5:colcon.colcon_core.verb:set package 'ros2_april_detection' build argument 'cmake_args' from command line to 'None'
[0.543s] Level 5:colcon.colcon_core.verb:set package 'ros2_april_detection' build argument 'cmake_target' from command line to 'None'
[0.543s] Level 5:colcon.colcon_core.verb:set package 'ros2_april_detection' build argument 'cmake_target_skip_unavailable' from command line to 'False'
[0.543s] Level 5:colcon.colcon_core.verb:set package 'ros2_april_detection' build argument 'cmake_clean_cache' from command line to 'False'
[0.543s] Level 5:colcon.colcon_core.verb:set package 'ros2_april_detection' build argument 'cmake_clean_first' from command line to 'False'
[0.543s] Level 5:colcon.colcon_core.verb:set package 'ros2_april_detection' build argument 'cmake_force_configure' from command line to 'False'
[0.543s] Level 5:colcon.colcon_core.verb:set package 'ros2_april_detection' build argument 'ament_cmake_args' from command line to 'None'
[0.543s] Level 5:colcon.colcon_core.verb:set package 'ros2_april_detection' build argument 'catkin_cmake_args' from command line to 'None'
[0.543s] Level 5:colcon.colcon_core.verb:set package 'ros2_april_detection' build argument 'catkin_skip_building_tests' from command line to 'False'
[0.543s] DEBUG:colcon.colcon_core.verb:Building package 'ros2_april_detection' with the following arguments: {'ament_cmake_args': None, 'build_base': '/root/CSE276A_Fall24/cse276a_ws/build/ros2_april_detection', 'catkin_cmake_args': None, 'catkin_skip_building_tests': False, 'cmake_args': None, 'cmake_clean_cache': False, 'cmake_clean_first': False, 'cmake_force_configure': False, 'cmake_target': None, 'cmake_target_skip_unavailable': False, 'install_base': '/root/CSE276A_Fall24/cse276a_ws/install/ros2_april_detection', 'merge_install': False, 'path': '/root/CSE276A_Fall24/cse276a_ws/src/rb5_ros2/ros2_april_detection', 'symlink_install': False, 'test_result_base': None}
[0.543s] INFO:colcon.colcon_core.executor:Executing jobs using 'parallel' executor
[0.545s] DEBUG:colcon.colcon_parallel_executor.executor.parallel:run_until_complete
[0.546s] INFO:colcon.colcon_ros.task.ament_cmake.build:Building ROS package in '/root/CSE276A_Fall24/cse276a_ws/src/rb5_ros2/key_joy' with build type 'ament_cmake'
[0.546s] INFO:colcon.colcon_cmake.task.cmake.build:Building CMake package in '/root/CSE276A_Fall24/cse276a_ws/src/rb5_ros2/key_joy'
[0.554s] INFO:colcon.colcon_core.plugin_system:Skipping extension 'colcon_core.shell.bat': Not used on non-Windows systems
[0.554s] INFO:colcon.colcon_core.shell:Skip shell extension 'powershell' for command environment: Not usable outside of PowerShell
[0.555s] DEBUG:colcon.colcon_core.shell:Skip shell extension 'dsv' for command environment
[0.572s] INFO:colcon.colcon_ros.task.ament_cmake.build:Building ROS package in '/root/CSE276A_Fall24/cse276a_ws/src/rb5_ros2/rb5_ros2_control' with build type 'ament_cmake'
[0.572s] INFO:colcon.colcon_cmake.task.cmake.build:Building CMake package in '/root/CSE276A_Fall24/cse276a_ws/src/rb5_ros2/rb5_ros2_control'
[0.572s] INFO:colcon.colcon_core.shell:Skip shell extension 'powershell' for command environment: Not usable outside of PowerShell
[0.573s] DEBUG:colcon.colcon_core.shell:Skip shell extension 'dsv' for command environment
[0.587s] INFO:colcon.colcon_ros.task.ament_cmake.build:Building ROS package in '/root/CSE276A_Fall24/cse276a_ws/src/rb5_ros2/rb5_ros2_vision' with build type 'ament_cmake'
[0.587s] INFO:colcon.colcon_cmake.task.cmake.build:Building CMake package in '/root/CSE276A_Fall24/cse276a_ws/src/rb5_ros2/rb5_ros2_vision'
[0.588s] INFO:colcon.colcon_core.shell:Skip shell extension 'powershell' for command environment: Not usable outside of PowerShell
[0.588s] DEBUG:colcon.colcon_core.shell:Skip shell extension 'dsv' for command environment
[0.601s] INFO:colcon.colcon_ros.task.ament_cmake.build:Building ROS package in '/root/CSE276A_Fall24/cse276a_ws/src/rb5_ros2/ros2_april_detection' with build type 'ament_cmake'
[0.601s] INFO:colcon.colcon_cmake.task.cmake.build:Building CMake package in '/root/CSE276A_Fall24/cse276a_ws/src/rb5_ros2/ros2_april_detection'
[0.602s] INFO:colcon.colcon_core.shell:Skip shell extension 'powershell' for command environment: Not usable outside of PowerShell
[0.602s] DEBUG:colcon.colcon_core.shell:Skip shell extension 'dsv' for command environment
[0.628s] DEBUG:colcon.colcon_core.event_handler.log_command:Invoking command in '/root/CSE276A_Fall24/cse276a_ws/build/key_joy': CMAKE_PREFIX_PATH=${CMAKE_PREFIX_PATH}:/opt/ros/foxy _=/usr/bin/env /usr/bin/cmake --build /root/CSE276A_Fall24/cse276a_ws/build/key_joy -- -j8 -l8
[0.645s] DEBUG:colcon.colcon_core.event_handler.log_command:Invoking command in '/root/CSE276A_Fall24/cse276a_ws/build/rb5_ros2_control': CMAKE_PREFIX_PATH=${CMAKE_PREFIX_PATH}:/opt/ros/foxy _=/usr/bin/env /usr/bin/cmake --build /root/CSE276A_Fall24/cse276a_ws/build/rb5_ros2_control -- -j8 -l8
[0.663s] DEBUG:colcon.colcon_core.event_handler.log_command:Invoking command in '/root/CSE276A_Fall24/cse276a_ws/build/rb5_ros2_vision': CMAKE_PREFIX_PATH=${CMAKE_PREFIX_PATH}:/opt/ros/foxy _=/usr/bin/env /usr/bin/cmake --build /root/CSE276A_Fall24/cse276a_ws/build/rb5_ros2_vision -- -j8 -l8
[0.679s] DEBUG:colcon.colcon_core.event_handler.log_command:Invoking command in '/root/CSE276A_Fall24/cse276a_ws/build/ros2_april_detection': CMAKE_PREFIX_PATH=${CMAKE_PREFIX_PATH}:/opt/ros/foxy _=/usr/bin/env /usr/bin/cmake --build /root/CSE276A_Fall24/cse276a_ws/build/ros2_april_detection -- -j8 -l8
[0.819s] DEBUG:colcon.colcon_core.event_handler.log_command:Invoked command in '/root/CSE276A_Fall24/cse276a_ws/build/key_joy' returned '0': CMAKE_PREFIX_PATH=${CMAKE_PREFIX_PATH}:/opt/ros/foxy _=/usr/bin/env /usr/bin/cmake --build /root/CSE276A_Fall24/cse276a_ws/build/key_joy -- -j8 -l8
[0.835s] DEBUG:colcon.colcon_core.event_handler.log_command:Invoked command in '/root/CSE276A_Fall24/cse276a_ws/build/rb5_ros2_control' returned '0': CMAKE_PREFIX_PATH=${CMAKE_PREFIX_PATH}:/opt/ros/foxy _=/usr/bin/env /usr/bin/cmake --build /root/CSE276A_Fall24/cse276a_ws/build/rb5_ros2_control -- -j8 -l8
[0.967s] DEBUG:colcon.colcon_core.event_handler.log_command:Invoking command in '/root/CSE276A_Fall24/cse276a_ws/build/key_joy': CMAKE_PREFIX_PATH=${CMAKE_PREFIX_PATH}:/opt/ros/foxy _=/usr/bin/env /usr/bin/cmake --install /root/CSE276A_Fall24/cse276a_ws/build/key_joy
[0.976s] DEBUG:colcon.colcon_core.event_handler.log_command:Invoked command in '/root/CSE276A_Fall24/cse276a_ws/build/ros2_april_detection' returned '0': CMAKE_PREFIX_PATH=${CMAKE_PREFIX_PATH}:/opt/ros/foxy _=/usr/bin/env /usr/bin/cmake --build /root/CSE276A_Fall24/cse276a_ws/build/ros2_april_detection -- -j8 -l8
[1.005s] DEBUG:colcon.colcon_core.event_handler.log_command:Invoking command in '/root/CSE276A_Fall24/cse276a_ws/build/rb5_ros2_control': CMAKE_PREFIX_PATH=${CMAKE_PREFIX_PATH}:/opt/ros/foxy _=/usr/bin/env /usr/bin/cmake --install /root/CSE276A_Fall24/cse276a_ws/build/rb5_ros2_control
[1.025s] DEBUG:colcon.colcon_core.event_handler.log_command:Invoked command in '/root/CSE276A_Fall24/cse276a_ws/build/rb5_ros2_vision' returned '0': CMAKE_PREFIX_PATH=${CMAKE_PREFIX_PATH}:/opt/ros/foxy _=/usr/bin/env /usr/bin/cmake --build /root/CSE276A_Fall24/cse276a_ws/build/rb5_ros2_vision -- -j8 -l8
[1.076s] Level 1:colcon.colcon_core.environment:create_environment_scripts_only(key_joy)
[1.083s] DEBUG:colcon.colcon_core.event_handler.log_command:Invoked command in '/root/CSE276A_Fall24/cse276a_ws/build/key_joy' returned '0': CMAKE_PREFIX_PATH=${CMAKE_PREFIX_PATH}:/opt/ros/foxy _=/usr/bin/env /usr/bin/cmake --install /root/CSE276A_Fall24/cse276a_ws/build/key_joy
[1.105s] Level 1:colcon.colcon_core.environment:checking '/root/CSE276A_Fall24/cse276a_ws/install/key_joy' for CMake module files
[1.112s] Level 1:colcon.colcon_core.environment:checking '/root/CSE276A_Fall24/cse276a_ws/install/key_joy' for CMake config files
[1.113s] Level 1:colcon.colcon_core.shell:create_environment_hook('key_joy', 'cmake_prefix_path')
[1.113s] INFO:colcon.colcon_core.shell:Creating environment hook '/root/CSE276A_Fall24/cse276a_ws/install/key_joy/share/key_joy/hook/cmake_prefix_path.ps1'
[1.117s] INFO:colcon.colcon_core.shell:Creating environment descriptor '/root/CSE276A_Fall24/cse276a_ws/install/key_joy/share/key_joy/hook/cmake_prefix_path.dsv'
[1.120s] INFO:colcon.colcon_core.shell:Creating environment hook '/root/CSE276A_Fall24/cse276a_ws/install/key_joy/share/key_joy/hook/cmake_prefix_path.sh'
[1.123s] Level 1:colcon.colcon_core.environment:checking '/root/CSE276A_Fall24/cse276a_ws/install/key_joy/lib'
[1.123s] Level 1:colcon.colcon_core.environment:checking '/root/CSE276A_Fall24/cse276a_ws/install/key_joy/bin'
[1.124s] Level 1:colcon.colcon_core.environment:checking '/root/CSE276A_Fall24/cse276a_ws/install/key_joy/lib/pkgconfig/key_joy.pc'
[1.124s] Level 1:colcon.colcon_core.environment:checking '/root/CSE276A_Fall24/cse276a_ws/install/key_joy/lib/python3.8/site-packages'
[1.124s] Level 1:colcon.colcon_core.shell:create_environment_hook('key_joy', 'pythonpath')
[1.125s] INFO:colcon.colcon_core.shell:Creating environment hook '/root/CSE276A_Fall24/cse276a_ws/install/key_joy/share/key_joy/hook/pythonpath.ps1'
[1.125s] INFO:colcon.colcon_core.shell:Creating environment descriptor '/root/CSE276A_Fall24/cse276a_ws/install/key_joy/share/key_joy/hook/pythonpath.dsv'
[1.126s] INFO:colcon.colcon_core.shell:Creating environment hook '/root/CSE276A_Fall24/cse276a_ws/install/key_joy/share/key_joy/hook/pythonpath.sh'
[1.127s] Level 1:colcon.colcon_core.environment:checking '/root/CSE276A_Fall24/cse276a_ws/install/key_joy/bin'
[1.128s] INFO:colcon.colcon_core.shell:Creating package script '/root/CSE276A_Fall24/cse276a_ws/install/key_joy/share/key_joy/package.ps1'
[1.129s] INFO:colcon.colcon_core.shell:Creating package descriptor '/root/CSE276A_Fall24/cse276a_ws/install/key_joy/share/key_joy/package.dsv'
[1.130s] INFO:colcon.colcon_core.shell:Creating package script '/root/CSE276A_Fall24/cse276a_ws/install/key_joy/share/key_joy/package.sh'
[1.132s] INFO:colcon.colcon_core.shell:Creating package script '/root/CSE276A_Fall24/cse276a_ws/install/key_joy/share/key_joy/package.bash'
[1.134s] INFO:colcon.colcon_core.shell:Creating package script '/root/CSE276A_Fall24/cse276a_ws/install/key_joy/share/key_joy/package.zsh'
[1.135s] Level 1:colcon.colcon_core.environment:create_file_with_runtime_dependencies(/root/CSE276A_Fall24/cse276a_ws/install/key_joy/share/colcon-core/packages/key_joy)
[1.155s] DEBUG:colcon.colcon_core.event_handler.log_command:Invoking command in '/root/CSE276A_Fall24/cse276a_ws/build/rb5_ros2_vision': CMAKE_PREFIX_PATH=${CMAKE_PREFIX_PATH}:/opt/ros/foxy _=/usr/bin/env /usr/bin/cmake --install /root/CSE276A_Fall24/cse276a_ws/build/rb5_ros2_vision
[1.164s] DEBUG:colcon.colcon_core.event_handler.log_command:Invoking command in '/root/CSE276A_Fall24/cse276a_ws/build/ros2_april_detection': CMAKE_PREFIX_PATH=${CMAKE_PREFIX_PATH}:/opt/ros/foxy _=/usr/bin/env /usr/bin/cmake --install /root/CSE276A_Fall24/cse276a_ws/build/ros2_april_detection
[1.175s] Level 1:colcon.colcon_core.environment:create_environment_scripts_only(rb5_ros2_control)
[1.175s] Level 1:colcon.colcon_core.environment:checking '/root/CSE276A_Fall24/cse276a_ws/install/rb5_ros2_control' for CMake module files
[1.180s] DEBUG:colcon.colcon_core.event_handler.log_command:Invoked command in '/root/CSE276A_Fall24/cse276a_ws/build/rb5_ros2_control' returned '0': CMAKE_PREFIX_PATH=${CMAKE_PREFIX_PATH}:/opt/ros/foxy _=/usr/bin/env /usr/bin/cmake --install /root/CSE276A_Fall24/cse276a_ws/build/rb5_ros2_control
[1.181s] Level 1:colcon.colcon_core.environment:checking '/root/CSE276A_Fall24/cse276a_ws/install/rb5_ros2_control' for CMake config files
[1.181s] Level 1:colcon.colcon_core.shell:create_environment_hook('rb5_ros2_control', 'cmake_prefix_path')
[1.181s] INFO:colcon.colcon_core.shell:Creating environment hook '/root/CSE276A_Fall24/cse276a_ws/install/rb5_ros2_control/share/rb5_ros2_control/hook/cmake_prefix_path.ps1'
[1.182s] INFO:colcon.colcon_core.shell:Creating environment descriptor '/root/CSE276A_Fall24/cse276a_ws/install/rb5_ros2_control/share/rb5_ros2_control/hook/cmake_prefix_path.dsv'
[1.183s] INFO:colcon.colcon_core.shell:Creating environment hook '/root/CSE276A_Fall24/cse276a_ws/install/rb5_ros2_control/share/rb5_ros2_control/hook/cmake_prefix_path.sh'
[1.185s] Level 1:colcon.colcon_core.environment:checking '/root/CSE276A_Fall24/cse276a_ws/install/rb5_ros2_control/lib'
[1.185s] Level 1:colcon.colcon_core.environment:checking '/root/CSE276A_Fall24/cse276a_ws/install/rb5_ros2_control/bin'
[1.185s] Level 1:colcon.colcon_core.environment:checking '/root/CSE276A_Fall24/cse276a_ws/install/rb5_ros2_control/lib/pkgconfig/rb5_ros2_control.pc'
[1.185s] Level 1:colcon.colcon_core.environment:checking '/root/CSE276A_Fall24/cse276a_ws/install/rb5_ros2_control/lib/python3.8/site-packages'
[1.185s] Level 1:colcon.colcon_core.shell:create_environment_hook('rb5_ros2_control', 'pythonpath')
[1.186s] INFO:colcon.colcon_core.shell:Creating environment hook '/root/CSE276A_Fall24/cse276a_ws/install/rb5_ros2_control/share/rb5_ros2_control/hook/pythonpath.ps1'
[1.186s] INFO:colcon.colcon_core.shell:Creating environment descriptor '/root/CSE276A_Fall24/cse276a_ws/install/rb5_ros2_control/share/rb5_ros2_control/hook/pythonpath.dsv'
[1.187s] INFO:colcon.colcon_core.shell:Creating environment hook '/root/CSE276A_Fall24/cse276a_ws/install/rb5_ros2_control/share/rb5_ros2_control/hook/pythonpath.sh'
[1.188s] Level 1:colcon.colcon_core.environment:checking '/root/CSE276A_Fall24/cse276a_ws/install/rb5_ros2_control/bin'
[1.188s] INFO:colcon.colcon_core.shell:Creating package script '/root/CSE276A_Fall24/cse276a_ws/install/rb5_ros2_control/share/rb5_ros2_control/package.ps1'
[1.189s] INFO:colcon.colcon_core.shell:Creating package descriptor '/root/CSE276A_Fall24/cse276a_ws/install/rb5_ros2_control/share/rb5_ros2_control/package.dsv'
[1.192s] INFO:colcon.colcon_core.shell:Creating package script '/root/CSE276A_Fall24/cse276a_ws/install/rb5_ros2_control/share/rb5_ros2_control/package.sh'
[1.194s] INFO:colcon.colcon_core.shell:Creating package script '/root/CSE276A_Fall24/cse276a_ws/install/rb5_ros2_control/share/rb5_ros2_control/package.bash'
[1.196s] INFO:colcon.colcon_core.shell:Creating package script '/root/CSE276A_Fall24/cse276a_ws/install/rb5_ros2_control/share/rb5_ros2_control/package.zsh'
[1.198s] Level 1:colcon.colcon_core.environment:create_file_with_runtime_dependencies(/root/CSE276A_Fall24/cse276a_ws/install/rb5_ros2_control/share/colcon-core/packages/rb5_ros2_control)
[1.214s] Level 1:colcon.colcon_core.environment:create_environment_scripts_only(ros2_april_detection)
[1.215s] Level 1:colcon.colcon_core.environment:checking '/root/CSE276A_Fall24/cse276a_ws/install/ros2_april_detection' for CMake module files
[1.224s] Level 1:colcon.colcon_core.environment:checking '/root/CSE276A_Fall24/cse276a_ws/install/ros2_april_detection' for CMake config files
[1.228s] Level 1:colcon.colcon_core.shell:create_environment_hook('ros2_april_detection', 'cmake_prefix_path')
[1.229s] INFO:colcon.colcon_core.shell:Creating environment hook '/root/CSE276A_Fall24/cse276a_ws/install/ros2_april_detection/share/ros2_april_detection/hook/cmake_prefix_path.ps1'
[1.231s] INFO:colcon.colcon_core.shell:Creating environment descriptor '/root/CSE276A_Fall24/cse276a_ws/install/ros2_april_detection/share/ros2_april_detection/hook/cmake_prefix_path.dsv'
[1.232s] INFO:colcon.colcon_core.shell:Creating environment hook '/root/CSE276A_Fall24/cse276a_ws/install/ros2_april_detection/share/ros2_april_detection/hook/cmake_prefix_path.sh'
[1.234s] Level 1:colcon.colcon_core.environment:checking '/root/CSE276A_Fall24/cse276a_ws/install/ros2_april_detection/lib'
[1.234s] Level 1:colcon.colcon_core.environment:checking '/root/CSE276A_Fall24/cse276a_ws/install/ros2_april_detection/bin'
[1.234s] Level 1:colcon.colcon_core.environment:checking '/root/CSE276A_Fall24/cse276a_ws/install/ros2_april_detection/lib/pkgconfig/ros2_april_detection.pc'
[1.235s] Level 1:colcon.colcon_core.environment:checking '/root/CSE276A_Fall24/cse276a_ws/install/ros2_april_detection/lib/python3.8/site-packages'
[1.235s] Level 1:colcon.colcon_core.environment:checking '/root/CSE276A_Fall24/cse276a_ws/install/ros2_april_detection/bin'
[1.236s] INFO:colcon.colcon_core.shell:Creating package script '/root/CSE276A_Fall24/cse276a_ws/install/ros2_april_detection/share/ros2_april_detection/package.ps1'
[1.237s] INFO:colcon.colcon_core.shell:Creating package descriptor '/root/CSE276A_Fall24/cse276a_ws/install/ros2_april_detection/share/ros2_april_detection/package.dsv'
[1.239s] INFO:colcon.colcon_core.shell:Creating package script '/root/CSE276A_Fall24/cse276a_ws/install/ros2_april_detection/share/ros2_april_detection/package.sh'
[1.239s] DEBUG:colcon.colcon_core.event_handler.log_command:Invoked command in '/root/CSE276A_Fall24/cse276a_ws/build/ros2_april_detection' returned '0': CMAKE_PREFIX_PATH=${CMAKE_PREFIX_PATH}:/opt/ros/foxy _=/usr/bin/env /usr/bin/cmake --install /root/CSE276A_Fall24/cse276a_ws/build/ros2_april_detection
[1.240s] INFO:colcon.colcon_core.shell:Creating package script '/root/CSE276A_Fall24/cse276a_ws/install/ros2_april_detection/share/ros2_april_detection/package.bash'
[1.241s] INFO:colcon.colcon_core.shell:Creating package script '/root/CSE276A_Fall24/cse276a_ws/install/ros2_april_detection/share/ros2_april_detection/package.zsh'
[1.241s] Level 1:colcon.colcon_core.environment:create_file_with_runtime_dependencies(/root/CSE276A_Fall24/cse276a_ws/install/ros2_april_detection/share/colcon-core/packages/ros2_april_detection)
[1.259s] Level 1:colcon.colcon_core.environment:create_environment_scripts_only(rb5_ros2_vision)
[1.261s] DEBUG:colcon.colcon_core.event_handler.log_command:Invoked command in '/root/CSE276A_Fall24/cse276a_ws/build/rb5_ros2_vision' returned '0': CMAKE_PREFIX_PATH=${CMAKE_PREFIX_PATH}:/opt/ros/foxy _=/usr/bin/env /usr/bin/cmake --install /root/CSE276A_Fall24/cse276a_ws/build/rb5_ros2_vision
[1.262s] Level 1:colcon.colcon_core.environment:checking '/root/CSE276A_Fall24/cse276a_ws/install/rb5_ros2_vision' for CMake module files
[1.263s] Level 1:colcon.colcon_core.environment:checking '/root/CSE276A_Fall24/cse276a_ws/install/rb5_ros2_vision' for CMake config files
[1.263s] Level 1:colcon.colcon_core.shell:create_environment_hook('rb5_ros2_vision', 'cmake_prefix_path')
[1.263s] INFO:colcon.colcon_core.shell:Creating environment hook '/root/CSE276A_Fall24/cse276a_ws/install/rb5_ros2_vision/share/rb5_ros2_vision/hook/cmake_prefix_path.ps1'
[1.264s] INFO:colcon.colcon_core.shell:Creating environment descriptor '/root/CSE276A_Fall24/cse276a_ws/install/rb5_ros2_vision/share/rb5_ros2_vision/hook/cmake_prefix_path.dsv'
[1.265s] INFO:colcon.colcon_core.shell:Creating environment hook '/root/CSE276A_Fall24/cse276a_ws/install/rb5_ros2_vision/share/rb5_ros2_vision/hook/cmake_prefix_path.sh'
[1.265s] Level 1:colcon.colcon_core.environment:checking '/root/CSE276A_Fall24/cse276a_ws/install/rb5_ros2_vision/lib'
[1.265s] Level 1:colcon.colcon_core.environment:checking '/root/CSE276A_Fall24/cse276a_ws/install/rb5_ros2_vision/bin'
[1.266s] Level 1:colcon.colcon_core.environment:checking '/root/CSE276A_Fall24/cse276a_ws/install/rb5_ros2_vision/lib/pkgconfig/rb5_ros2_vision.pc'
[1.266s] Level 1:colcon.colcon_core.environment:checking '/root/CSE276A_Fall24/cse276a_ws/install/rb5_ros2_vision/lib/python3.8/site-packages'
[1.266s] Level 1:colcon.colcon_core.environment:checking '/root/CSE276A_Fall24/cse276a_ws/install/rb5_ros2_vision/bin'
[1.266s] INFO:colcon.colcon_core.shell:Creating package script '/root/CSE276A_Fall24/cse276a_ws/install/rb5_ros2_vision/share/rb5_ros2_vision/package.ps1'
[1.267s] INFO:colcon.colcon_core.shell:Creating package descriptor '/root/CSE276A_Fall24/cse276a_ws/install/rb5_ros2_vision/share/rb5_ros2_vision/package.dsv'
[1.267s] INFO:colcon.colcon_core.shell:Creating package script '/root/CSE276A_Fall24/cse276a_ws/install/rb5_ros2_vision/share/rb5_ros2_vision/package.sh'
[1.268s] INFO:colcon.colcon_core.shell:Creating package script '/root/CSE276A_Fall24/cse276a_ws/install/rb5_ros2_vision/share/rb5_ros2_vision/package.bash'
[1.268s] INFO:colcon.colcon_core.shell:Creating package script '/root/CSE276A_Fall24/cse276a_ws/install/rb5_ros2_vision/share/rb5_ros2_vision/package.zsh'
[1.269s] Level 1:colcon.colcon_core.environment:create_file_with_runtime_dependencies(/root/CSE276A_Fall24/cse276a_ws/install/rb5_ros2_vision/share/colcon-core/packages/rb5_ros2_vision)
[1.280s] Level 1:colcon.colcon_core.environment:create_environment_scripts_only(key_joy)
[1.280s] Level 1:colcon.colcon_core.environment:checking '/root/CSE276A_Fall24/cse276a_ws/install/key_joy' for CMake module files
[1.281s] Level 1:colcon.colcon_core.environment:checking '/root/CSE276A_Fall24/cse276a_ws/install/key_joy' for CMake config files
[1.281s] Level 1:colcon.colcon_core.shell:create_environment_hook('key_joy', 'cmake_prefix_path')
[1.282s] INFO:colcon.colcon_core.shell:Creating environment hook '/root/CSE276A_Fall24/cse276a_ws/install/key_joy/share/key_joy/hook/cmake_prefix_path.ps1'
[1.283s] INFO:colcon.colcon_core.shell:Creating environment descriptor '/root/CSE276A_Fall24/cse276a_ws/install/key_joy/share/key_joy/hook/cmake_prefix_path.dsv'
[1.284s] INFO:colcon.colcon_core.shell:Creating environment hook '/root/CSE276A_Fall24/cse276a_ws/install/key_joy/share/key_joy/hook/cmake_prefix_path.sh'
[1.285s] Level 1:colcon.colcon_core.environment:checking '/root/CSE276A_Fall24/cse276a_ws/install/key_joy/lib'
[1.285s] Level 1:colcon.colcon_core.environment:checking '/root/CSE276A_Fall24/cse276a_ws/install/key_joy/bin'
[1.285s] Level 1:colcon.colcon_core.environment:checking '/root/CSE276A_Fall24/cse276a_ws/install/key_joy/lib/pkgconfig/key_joy.pc'
[1.285s] Level 1:colcon.colcon_core.environment:checking '/root/CSE276A_Fall24/cse276a_ws/install/key_joy/lib/python3.8/site-packages'
[1.285s] Level 1:colcon.colcon_core.shell:create_environment_hook('key_joy', 'pythonpath')
[1.286s] INFO:colcon.colcon_core.shell:Creating environment hook '/root/CSE276A_Fall24/cse276a_ws/install/key_joy/share/key_joy/hook/pythonpath.ps1'
[1.286s] INFO:colcon.colcon_core.shell:Creating environment descriptor '/root/CSE276A_Fall24/cse276a_ws/install/key_joy/share/key_joy/hook/pythonpath.dsv'
[1.287s] INFO:colcon.colcon_core.shell:Creating environment hook '/root/CSE276A_Fall24/cse276a_ws/install/key_joy/share/key_joy/hook/pythonpath.sh'
[1.287s] Level 1:colcon.colcon_core.environment:checking '/root/CSE276A_Fall24/cse276a_ws/install/key_joy/bin'
[1.288s] INFO:colcon.colcon_core.shell:Creating package script '/root/CSE276A_Fall24/cse276a_ws/install/key_joy/share/key_joy/package.ps1'
[1.289s] INFO:colcon.colcon_core.shell:Creating package descriptor '/root/CSE276A_Fall24/cse276a_ws/install/key_joy/share/key_joy/package.dsv'
[1.289s] INFO:colcon.colcon_core.shell:Creating package script '/root/CSE276A_Fall24/cse276a_ws/install/key_joy/share/key_joy/package.sh'
[1.290s] INFO:colcon.colcon_core.shell:Creating package script '/root/CSE276A_Fall24/cse276a_ws/install/key_joy/share/key_joy/package.bash'
[1.291s] INFO:colcon.colcon_core.shell:Creating package script '/root/CSE276A_Fall24/cse276a_ws/install/key_joy/share/key_joy/package.zsh'
[1.292s] Level 1:colcon.colcon_core.environment:create_file_with_runtime_dependencies(/root/CSE276A_Fall24/cse276a_ws/install/key_joy/share/colcon-core/packages/key_joy)
[1.305s] Level 1:colcon.colcon_core.environment:create_environment_scripts_only(rb5_ros2_control)
[1.305s] Level 1:colcon.colcon_core.environment:checking '/root/CSE276A_Fall24/cse276a_ws/install/rb5_ros2_control' for CMake module files
[1.306s] Level 1:colcon.colcon_core.environment:checking '/root/CSE276A_Fall24/cse276a_ws/install/rb5_ros2_control' for CMake config files
[1.306s] Level 1:colcon.colcon_core.shell:create_environment_hook('rb5_ros2_control', 'cmake_prefix_path')
[1.306s] INFO:colcon.colcon_core.shell:Creating environment hook '/root/CSE276A_Fall24/cse276a_ws/install/rb5_ros2_control/share/rb5_ros2_control/hook/cmake_prefix_path.ps1'
[1.307s] INFO:colcon.colcon_core.shell:Creating environment descriptor '/root/CSE276A_Fall24/cse276a_ws/install/rb5_ros2_control/share/rb5_ros2_control/hook/cmake_prefix_path.dsv'
[1.308s] INFO:colcon.colcon_core.shell:Creating environment hook '/root/CSE276A_Fall24/cse276a_ws/install/rb5_ros2_control/share/rb5_ros2_control/hook/cmake_prefix_path.sh'
[1.308s] Level 1:colcon.colcon_core.environment:checking '/root/CSE276A_Fall24/cse276a_ws/install/rb5_ros2_control/lib'
[1.309s] Level 1:colcon.colcon_core.environment:checking '/root/CSE276A_Fall24/cse276a_ws/install/rb5_ros2_control/bin'
[1.309s] Level 1:colcon.colcon_core.environment:checking '/root/CSE276A_Fall24/cse276a_ws/install/rb5_ros2_control/lib/pkgconfig/rb5_ros2_control.pc'
[1.309s] Level 1:colcon.colcon_core.environment:checking '/root/CSE276A_Fall24/cse276a_ws/install/rb5_ros2_control/lib/python3.8/site-packages'
[1.309s] Level 1:colcon.colcon_core.shell:create_environment_hook('rb5_ros2_control', 'pythonpath')
[1.309s] INFO:colcon.colcon_core.shell:Creating environment hook '/root/CSE276A_Fall24/cse276a_ws/install/rb5_ros2_control/share/rb5_ros2_control/hook/pythonpath.ps1'
[1.310s] INFO:colcon.colcon_core.shell:Creating environment descriptor '/root/CSE276A_Fall24/cse276a_ws/install/rb5_ros2_control/share/rb5_ros2_control/hook/pythonpath.dsv'
[1.310s] INFO:colcon.colcon_core.shell:Creating environment hook '/root/CSE276A_Fall24/cse276a_ws/install/rb5_ros2_control/share/rb5_ros2_control/hook/pythonpath.sh'
[1.311s] Level 1:colcon.colcon_core.environment:checking '/root/CSE276A_Fall24/cse276a_ws/install/rb5_ros2_control/bin'
[1.312s] INFO:colcon.colcon_core.shell:Creating package script '/root/CSE276A_Fall24/cse276a_ws/install/rb5_ros2_control/share/rb5_ros2_control/package.ps1'
[1.313s] INFO:colcon.colcon_core.shell:Creating package descriptor '/root/CSE276A_Fall24/cse276a_ws/install/rb5_ros2_control/share/rb5_ros2_control/package.dsv'
[1.314s] INFO:colcon.colcon_core.shell:Creating package script '/root/CSE276A_Fall24/cse276a_ws/install/rb5_ros2_control/share/rb5_ros2_control/package.sh'
[1.314s] INFO:colcon.colcon_core.shell:Creating package script '/root/CSE276A_Fall24/cse276a_ws/install/rb5_ros2_control/share/rb5_ros2_control/package.bash'
[1.315s] INFO:colcon.colcon_core.shell:Creating package script '/root/CSE276A_Fall24/cse276a_ws/install/rb5_ros2_control/share/rb5_ros2_control/package.zsh'
[1.316s] Level 1:colcon.colcon_core.environment:create_file_with_runtime_dependencies(/root/CSE276A_Fall24/cse276a_ws/install/rb5_ros2_control/share/colcon-core/packages/rb5_ros2_control)
[1.358s] Level 1:colcon.colcon_core.environment:create_environment_scripts_only(ros2_april_detection)
[1.358s] Level 1:colcon.colcon_core.environment:checking '/root/CSE276A_Fall24/cse276a_ws/install/ros2_april_detection' for CMake module files
[1.360s] Level 1:colcon.colcon_core.environment:checking '/root/CSE276A_Fall24/cse276a_ws/install/ros2_april_detection' for CMake config files
[1.361s] Level 1:colcon.colcon_core.shell:create_environment_hook('ros2_april_detection', 'cmake_prefix_path')
[1.362s] INFO:colcon.colcon_core.shell:Creating environment hook '/root/CSE276A_Fall24/cse276a_ws/install/ros2_april_detection/share/ros2_april_detection/hook/cmake_prefix_path.ps1'
[1.363s] INFO:colcon.colcon_core.shell:Creating environment descriptor '/root/CSE276A_Fall24/cse276a_ws/install/ros2_april_detection/share/ros2_april_detection/hook/cmake_prefix_path.dsv'
[1.364s] INFO:colcon.colcon_core.shell:Creating environment hook '/root/CSE276A_Fall24/cse276a_ws/install/ros2_april_detection/share/ros2_april_detection/hook/cmake_prefix_path.sh'
[1.366s] Level 1:colcon.colcon_core.environment:checking '/root/CSE276A_Fall24/cse276a_ws/install/ros2_april_detection/lib'
[1.366s] Level 1:colcon.colcon_core.environment:checking '/root/CSE276A_Fall24/cse276a_ws/install/ros2_april_detection/bin'
[1.367s] Level 1:colcon.colcon_core.environment:checking '/root/CSE276A_Fall24/cse276a_ws/install/ros2_april_detection/lib/pkgconfig/ros2_april_detection.pc'
[1.367s] Level 1:colcon.colcon_core.environment:checking '/root/CSE276A_Fall24/cse276a_ws/install/ros2_april_detection/lib/python3.8/site-packages'
[1.368s] Level 1:colcon.colcon_core.environment:checking '/root/CSE276A_Fall24/cse276a_ws/install/ros2_april_detection/bin'
[1.369s] INFO:colcon.colcon_core.shell:Creating package script '/root/CSE276A_Fall24/cse276a_ws/install/ros2_april_detection/share/ros2_april_detection/package.ps1'
[1.370s] INFO:colcon.colcon_core.shell:Creating package descriptor '/root/CSE276A_Fall24/cse276a_ws/install/ros2_april_detection/share/ros2_april_detection/package.dsv'
[1.371s] INFO:colcon.colcon_core.shell:Creating package script '/root/CSE276A_Fall24/cse276a_ws/install/ros2_april_detection/share/ros2_april_detection/package.sh'
[1.372s] INFO:colcon.colcon_core.shell:Creating package script '/root/CSE276A_Fall24/cse276a_ws/install/ros2_april_detection/share/ros2_april_detection/package.bash'
[1.372s] INFO:colcon.colcon_core.shell:Creating package script '/root/CSE276A_Fall24/cse276a_ws/install/ros2_april_detection/share/ros2_april_detection/package.zsh'
[1.373s] Level 1:colcon.colcon_core.environment:create_file_with_runtime_dependencies(/root/CSE276A_Fall24/cse276a_ws/install/ros2_april_detection/share/colcon-core/packages/ros2_april_detection)
[1.408s] Level 1:colcon.colcon_core.environment:create_environment_scripts_only(rb5_ros2_vision)
[1.410s] Level 1:colcon.colcon_core.environment:checking '/root/CSE276A_Fall24/cse276a_ws/install/rb5_ros2_vision' for CMake module files
[1.418s] Level 1:colcon.colcon_core.environment:checking '/root/CSE276A_Fall24/cse276a_ws/install/rb5_ros2_vision' for CMake config files
[1.421s] Level 1:colcon.colcon_core.shell:create_environment_hook('rb5_ros2_vision', 'cmake_prefix_path')
[1.423s] INFO:colcon.colcon_core.shell:Creating environment hook '/root/CSE276A_Fall24/cse276a_ws/install/rb5_ros2_vision/share/rb5_ros2_vision/hook/cmake_prefix_path.ps1'
[1.426s] INFO:colcon.colcon_core.shell:Creating environment descriptor '/root/CSE276A_Fall24/cse276a_ws/install/rb5_ros2_vision/share/rb5_ros2_vision/hook/cmake_prefix_path.dsv'
[1.428s] INFO:colcon.colcon_core.shell:Creating environment hook '/root/CSE276A_Fall24/cse276a_ws/install/rb5_ros2_vision/share/rb5_ros2_vision/hook/cmake_prefix_path.sh'
[1.430s] Level 1:colcon.colcon_core.environment:checking '/root/CSE276A_Fall24/cse276a_ws/install/rb5_ros2_vision/lib'
[1.431s] Level 1:colcon.colcon_core.environment:checking '/root/CSE276A_Fall24/cse276a_ws/install/rb5_ros2_vision/bin'
[1.431s] Level 1:colcon.colcon_core.environment:checking '/root/CSE276A_Fall24/cse276a_ws/install/rb5_ros2_vision/lib/pkgconfig/rb5_ros2_vision.pc'
[1.432s] Level 1:colcon.colcon_core.environment:checking '/root/CSE276A_Fall24/cse276a_ws/install/rb5_ros2_vision/lib/python3.8/site-packages'
[1.433s] Level 1:colcon.colcon_core.environment:checking '/root/CSE276A_Fall24/cse276a_ws/install/rb5_ros2_vision/bin'
[1.435s] INFO:colcon.colcon_core.shell:Creating package script '/root/CSE276A_Fall24/cse276a_ws/install/rb5_ros2_vision/share/rb5_ros2_vision/package.ps1'
[1.438s] INFO:colcon.colcon_core.shell:Creating package descriptor '/root/CSE276A_Fall24/cse276a_ws/install/rb5_ros2_vision/share/rb5_ros2_vision/package.dsv'
[1.440s] INFO:colcon.colcon_core.shell:Creating package script '/root/CSE276A_Fall24/cse276a_ws/install/rb5_ros2_vision/share/rb5_ros2_vision/package.sh'
[1.442s] INFO:colcon.colcon_core.shell:Creating package script '/root/CSE276A_Fall24/cse276a_ws/install/rb5_ros2_vision/share/rb5_ros2_vision/package.bash'
[1.444s] INFO:colcon.colcon_core.shell:Creating package script '/root/CSE276A_Fall24/cse276a_ws/install/rb5_ros2_vision/share/rb5_ros2_vision/package.zsh'
[1.445s] Level 1:colcon.colcon_core.environment:create_file_with_runtime_dependencies(/root/CSE276A_Fall24/cse276a_ws/install/rb5_ros2_vision/share/colcon-core/packages/rb5_ros2_vision)
[1.447s] DEBUG:colcon.colcon_parallel_executor.executor.parallel:closing loop
[1.448s] DEBUG:colcon.colcon_parallel_executor.executor.parallel:loop closed
[1.449s] DEBUG:colcon.colcon_parallel_executor.executor.parallel:run_until_complete finished with '0'
[1.449s] DEBUG:colcon.colcon_core.event_reactor:joining thread
[1.474s] INFO:colcon.colcon_core.plugin_system:Skipping extension 'colcon_notification.desktop_notification.terminal_notifier': Not used on non-Darwin systems
[1.474s] INFO:colcon.colcon_core.plugin_system:Skipping extension 'colcon_notification.desktop_notification.win32': Not used on non-Windows systems
[1.474s] INFO:colcon.colcon_notification.desktop_notification:Sending desktop notification using 'notify2'
[26.552s] DEBUG:colcon.colcon_notification.desktop_notification.notify2:Failed to initialize notify2: org.freedesktop.DBus.Error.NoReply: Did not receive a reply. Possible causes include: the remote application did not send a reply, the message bus security policy blocked the reply, the reply timeout expired, or the network connection was broken.
[26.555s] DEBUG:colcon.colcon_core.event_reactor:joined thread
[26.557s] INFO:colcon.colcon_core.shell:Creating prefix script '/root/CSE276A_Fall24/cse276a_ws/install/local_setup.ps1'
[26.574s] INFO:colcon.colcon_core.shell:Creating prefix util module '/root/CSE276A_Fall24/cse276a_ws/install/_local_setup_util_ps1.py'
[26.584s] INFO:colcon.colcon_core.shell:Creating prefix chain script '/root/CSE276A_Fall24/cse276a_ws/install/setup.ps1'
[26.591s] INFO:colcon.colcon_core.shell:Creating prefix script '/root/CSE276A_Fall24/cse276a_ws/install/local_setup.sh'
[26.594s] INFO:colcon.colcon_core.shell:Creating prefix util module '/root/CSE276A_Fall24/cse276a_ws/install/_local_setup_util_sh.py'
[26.596s] INFO:colcon.colcon_core.shell:Creating prefix chain script '/root/CSE276A_Fall24/cse276a_ws/install/setup.sh'
[26.601s] INFO:colcon.colcon_core.shell:Creating prefix script '/root/CSE276A_Fall24/cse276a_ws/install/local_setup.bash'
[26.604s] INFO:colcon.colcon_core.shell:Creating prefix chain script '/root/CSE276A_Fall24/cse276a_ws/install/setup.bash'
[26.609s] INFO:colcon.colcon_core.shell:Creating prefix script '/root/CSE276A_Fall24/cse276a_ws/install/local_setup.zsh'
[26.610s] INFO:colcon.colcon_core.shell:Creating prefix chain script '/root/CSE276A_Fall24/cse276a_ws/install/setup.zsh'
