[0.412s] Invoking command in '/root/CSE276A_Fall24/build/rb5_ros2_vision': AMENT_PREFIX_PATH=/root/CSE276A_Fall24/install/cv_bridge:${AMENT_PREFIX_PATH} CMAKE_PREFIX_PATH=/root/CSE276A_Fall24/install/cv_bridge:/root/CSE276A_Fall24/cse276a_ws/install/vision_opencv:/root/CSE276A_Fall24/cse276a_ws/install/ros2_april_detection:/root/CSE276A_Fall24/cse276a_ws/install/rb5_ros2_vision:/root/CSE276A_Fall24/cse276a_ws/install/rb5_ros2_control:/root/CSE276A_Fall24/cse276a_ws/install/rb5_control:/root/CSE276A_Fall24/cse276a_ws/install/key_joy:/root/CSE276A_Fall24/cse276a_ws/install/image_geometry:/root/CSE276A_Fall24/cse276a_ws/install/cv_bridge:/root/CSE276A_Fall24/cse276a_ws/install/opencv_tests:/opt/ros/foxy LD_LIBRARY_PATH=/root/CSE276A_Fall24/install/cv_bridge/lib:${LD_LIBRARY_PATH} PYTHONPATH=/root/CSE276A_Fall24/install/cv_bridge/lib/python3.8/site-packages:${PYTHONPATH} _=/usr/bin/env /usr/bin/cmake /root/CSE276A_Fall24/cse276a_ws/src/rb5_ros2/rb5_ros2_vision -DCMAKE_INSTALL_PREFIX=/root/CSE276A_Fall24/install/rb5_ros2_vision
[0.668s] -- The C compiler identification is GNU 9.4.0
[0.891s] -- The CXX compiler identification is GNU 9.4.0
[0.922s] -- Check for working C compiler: /usr/bin/cc
[1.234s] -- Check for working C compiler: /usr/bin/cc -- works
[1.234s] -- Detecting C compiler ABI info
[1.525s] -- Detecting C compiler ABI info - done
[1.551s] -- Detecting C compile features
[1.552s] -- Detecting C compile features - done
[1.552s] -- Check for working CXX compiler: /usr/bin/c++
[1.865s] -- Check for working CXX compiler: /usr/bin/c++ -- works
[1.865s] -- Detecting CXX compiler ABI info
[2.154s] -- Detecting CXX compiler ABI info - done
[2.179s] -- Detecting CXX compile features
[2.180s] -- Detecting CXX compile features - done
[2.183s] -- Found ament_cmake: 0.9.12 (/opt/ros/foxy/share/ament_cmake/cmake)
[2.234s] -- Found PythonInterp: /usr/bin/python3 (found suitable version "3.8.10", minimum required is "3") 
[2.235s] -- Using PYTHON_EXECUTABLE: /usr/bin/python3
[2.599s] -- Found rclcpp: 2.4.3 (/opt/ros/foxy/share/rclcpp/cmake)
[2.687s] -- Using all available rosidl_typesupport_c: rosidl_typesupport_fastrtps_c;rosidl_typesupport_introspection_c
[2.700s] -- Found rosidl_adapter: 1.3.1 (/opt/ros/foxy/share/rosidl_adapter/cmake)
[3.149s] -- Found OpenSSL: /usr/lib/aarch64-linux-gnu/libcrypto.so (found version "1.1.1f")  
[3.206s] -- Found FastRTPS: /opt/ros/foxy/include  
[3.343s] -- Using all available rosidl_typesupport_cpp: rosidl_typesupport_fastrtps_cpp;rosidl_typesupport_introspection_cpp
[3.449s] -- Found rmw_implementation_cmake: 1.0.4 (/opt/ros/foxy/share/rmw_implementation_cmake/cmake)
[3.452s] -- Using RMW implementation 'rmw_fastrtps_cpp' as default
[3.454s] -- Looking for pthread.h
[3.695s] -- Looking for pthread.h - found
[3.696s] -- Performing Test CMAKE_HAVE_LIBC_PTHREAD
[3.937s] -- Performing Test CMAKE_HAVE_LIBC_PTHREAD - Failed
[3.938s] -- Looking for pthread_create in pthreads
[4.182s] -- Looking for pthread_create in pthreads - not found
[4.183s] -- Looking for pthread_create in pthread
[4.435s] -- Looking for pthread_create in pthread - found
[4.440s] -- Found Threads: TRUE  
[4.688s] -- Found sensor_msgs: 2.0.5 (/opt/ros/foxy/share/sensor_msgs/cmake)
[4.858s] -- Found cv_bridge: 3.0.7 (/root/CSE276A_Fall24/install/cv_bridge/share/cv_bridge/cmake)
[4.903s] -- Found OpenCV: /usr (found version "4.2.0") 
[4.916s] -- Found PkgConfig: /usr/bin/pkg-config (found version "0.29.1") 
[4.917s] -- Checking for module 'gstreamer-1.0>=1.8'
[5.005s] --   Found gstreamer-1.0, version 1.16.3
[5.296s] -- Checking for one of the modules 'glib-2.0'
[5.635s] -- Checking for module 'gstreamer-1.0'
[5.753s] --   Found gstreamer-1.0, version 1.16.3
[6.039s] -- Checking for module 'gstreamer-app-1.0'
[6.104s] --   Found gstreamer-app-1.0, version 1.16.3
[6.351s] -- Checking for module 'gstreamer-video-1.0'
[6.447s] --   Found gstreamer-video-1.0, version 1.16.3
[6.718s] -- Check if compiler accepts -pthread
[7.045s] -- Check if compiler accepts -pthread - yes
[7.078s] -- Found ament_lint_auto: 0.9.8 (/opt/ros/foxy/share/ament_lint_auto/cmake)
[7.278s] -- Added test 'copyright' to check source files copyright and LICENSE
[7.282s] -- Added test 'cppcheck' to perform static code analysis on C / C++ code
[7.283s] -- Configured cppcheck include dirs: /root/CSE276A_Fall24/cse276a_ws/src/rb5_ros2/rb5_ros2_vision/include/rb5_ros2_vision
[7.283s] -- Configured cppcheck exclude dirs and/or files: 
[7.285s] -- Added test 'cpplint' to check C / C++ code against the Google style
[7.286s] -- Configured cpplint exclude dirs and/or files: 
[7.287s] -- Added test 'flake8' to check Python code syntax and style conventions
[7.289s] -- Added test 'lint_cmake' to check CMake code style
[7.291s] -- Added test 'pep257' to check Python code against some of the style conventions in PEP 257
[7.294s] -- Added test 'uncrustify' to check C / C++ code style
[7.295s] -- Configured uncrustify additional arguments: 
[7.296s] -- Added test 'xmllint' to check XML markup files
[7.307s] -- Configuring done
[7.340s] -- Generating done
[7.341s] -- Build files have been written to: /root/CSE276A_Fall24/build/rb5_ros2_vision
[7.363s] Invoked command in '/root/CSE276A_Fall24/build/rb5_ros2_vision' returned '0': AMENT_PREFIX_PATH=/root/CSE276A_Fall24/install/cv_bridge:${AMENT_PREFIX_PATH} CMAKE_PREFIX_PATH=/root/CSE276A_Fall24/install/cv_bridge:/root/CSE276A_Fall24/cse276a_ws/install/vision_opencv:/root/CSE276A_Fall24/cse276a_ws/install/ros2_april_detection:/root/CSE276A_Fall24/cse276a_ws/install/rb5_ros2_vision:/root/CSE276A_Fall24/cse276a_ws/install/rb5_ros2_control:/root/CSE276A_Fall24/cse276a_ws/install/rb5_control:/root/CSE276A_Fall24/cse276a_ws/install/key_joy:/root/CSE276A_Fall24/cse276a_ws/install/image_geometry:/root/CSE276A_Fall24/cse276a_ws/install/cv_bridge:/root/CSE276A_Fall24/cse276a_ws/install/opencv_tests:/opt/ros/foxy LD_LIBRARY_PATH=/root/CSE276A_Fall24/install/cv_bridge/lib:${LD_LIBRARY_PATH} PYTHONPATH=/root/CSE276A_Fall24/install/cv_bridge/lib/python3.8/site-packages:${PYTHONPATH} _=/usr/bin/env /usr/bin/cmake /root/CSE276A_Fall24/cse276a_ws/src/rb5_ros2/rb5_ros2_vision -DCMAKE_INSTALL_PREFIX=/root/CSE276A_Fall24/install/rb5_ros2_vision
[7.377s] Invoking command in '/root/CSE276A_Fall24/build/rb5_ros2_vision': AMENT_PREFIX_PATH=/root/CSE276A_Fall24/install/cv_bridge:${AMENT_PREFIX_PATH} CMAKE_PREFIX_PATH=/root/CSE276A_Fall24/install/cv_bridge:/root/CSE276A_Fall24/cse276a_ws/install/vision_opencv:/root/CSE276A_Fall24/cse276a_ws/install/ros2_april_detection:/root/CSE276A_Fall24/cse276a_ws/install/rb5_ros2_vision:/root/CSE276A_Fall24/cse276a_ws/install/rb5_ros2_control:/root/CSE276A_Fall24/cse276a_ws/install/rb5_control:/root/CSE276A_Fall24/cse276a_ws/install/key_joy:/root/CSE276A_Fall24/cse276a_ws/install/image_geometry:/root/CSE276A_Fall24/cse276a_ws/install/cv_bridge:/root/CSE276A_Fall24/cse276a_ws/install/opencv_tests:/opt/ros/foxy LD_LIBRARY_PATH=/root/CSE276A_Fall24/install/cv_bridge/lib:${LD_LIBRARY_PATH} PYTHONPATH=/root/CSE276A_Fall24/install/cv_bridge/lib/python3.8/site-packages:${PYTHONPATH} _=/usr/bin/env /usr/bin/cmake --build /root/CSE276A_Fall24/build/rb5_ros2_vision -- -j8 -l8
[7.541s] [35m[1mScanning dependencies of target rb_camera_ocv_node[0m
[7.828s] [ 50%] [32mBuilding CXX object CMakeFiles/rb_camera_ocv_node.dir/src/rb_camera_ocv_node.cpp.o[0m
[17.311s] [100%] [32m[1mLinking CXX executable rb_camera_ocv_node[0m
[17.946s] [100%] Built target rb_camera_ocv_node
[17.994s] Invoked command in '/root/CSE276A_Fall24/build/rb5_ros2_vision' returned '0': AMENT_PREFIX_PATH=/root/CSE276A_Fall24/install/cv_bridge:${AMENT_PREFIX_PATH} CMAKE_PREFIX_PATH=/root/CSE276A_Fall24/install/cv_bridge:/root/CSE276A_Fall24/cse276a_ws/install/vision_opencv:/root/CSE276A_Fall24/cse276a_ws/install/ros2_april_detection:/root/CSE276A_Fall24/cse276a_ws/install/rb5_ros2_vision:/root/CSE276A_Fall24/cse276a_ws/install/rb5_ros2_control:/root/CSE276A_Fall24/cse276a_ws/install/rb5_control:/root/CSE276A_Fall24/cse276a_ws/install/key_joy:/root/CSE276A_Fall24/cse276a_ws/install/image_geometry:/root/CSE276A_Fall24/cse276a_ws/install/cv_bridge:/root/CSE276A_Fall24/cse276a_ws/install/opencv_tests:/opt/ros/foxy LD_LIBRARY_PATH=/root/CSE276A_Fall24/install/cv_bridge/lib:${LD_LIBRARY_PATH} PYTHONPATH=/root/CSE276A_Fall24/install/cv_bridge/lib/python3.8/site-packages:${PYTHONPATH} _=/usr/bin/env /usr/bin/cmake --build /root/CSE276A_Fall24/build/rb5_ros2_vision -- -j8 -l8
[18.141s] Invoking command in '/root/CSE276A_Fall24/build/rb5_ros2_vision': AMENT_PREFIX_PATH=/root/CSE276A_Fall24/install/cv_bridge:${AMENT_PREFIX_PATH} CMAKE_PREFIX_PATH=/root/CSE276A_Fall24/install/cv_bridge:/root/CSE276A_Fall24/cse276a_ws/install/vision_opencv:/root/CSE276A_Fall24/cse276a_ws/install/ros2_april_detection:/root/CSE276A_Fall24/cse276a_ws/install/rb5_ros2_vision:/root/CSE276A_Fall24/cse276a_ws/install/rb5_ros2_control:/root/CSE276A_Fall24/cse276a_ws/install/rb5_control:/root/CSE276A_Fall24/cse276a_ws/install/key_joy:/root/CSE276A_Fall24/cse276a_ws/install/image_geometry:/root/CSE276A_Fall24/cse276a_ws/install/cv_bridge:/root/CSE276A_Fall24/cse276a_ws/install/opencv_tests:/opt/ros/foxy LD_LIBRARY_PATH=/root/CSE276A_Fall24/install/cv_bridge/lib:${LD_LIBRARY_PATH} PYTHONPATH=/root/CSE276A_Fall24/install/cv_bridge/lib/python3.8/site-packages:${PYTHONPATH} _=/usr/bin/env /usr/bin/cmake --install /root/CSE276A_Fall24/build/rb5_ros2_vision
[18.185s] -- Install configuration: ""
[18.186s] -- Installing: /root/CSE276A_Fall24/install/rb5_ros2_vision/share/rb5_ros2_vision/launch
[18.186s] -- Installing: /root/CSE276A_Fall24/install/rb5_ros2_vision/share/rb5_ros2_vision/launch/rb_camera_both_ocv.launch
[18.188s] -- Installing: /root/CSE276A_Fall24/install/rb5_ros2_vision/share/rb5_ros2_vision/launch/rb_camera_both_ocv_launch.py
[18.190s] -- Installing: /root/CSE276A_Fall24/install/rb5_ros2_vision/share/rb5_ros2_vision/launch/rb_camera_main_ocv.launch.xml
[18.190s] -- Installing: /root/CSE276A_Fall24/install/rb5_ros2_vision/share/rb5_ros2_vision/launch/rb_camera_main_ocv_launch.py
[18.191s] -- Installing: /root/CSE276A_Fall24/install/rb5_ros2_vision/share/rb5_ros2_vision/launch/rb_camera_side_ocv.launch
[18.191s] -- Installing: /root/CSE276A_Fall24/install/rb5_ros2_vision/share/rb5_ros2_vision/launch/rb_camera_side_ocv_launch.py
[18.192s] -- Installing: /root/CSE276A_Fall24/install/rb5_ros2_vision/share/rb5_ros2_vision/launch/rb_camera_webcam_ocv.launch
[18.192s] -- Installing: /root/CSE276A_Fall24/install/rb5_ros2_vision/share/rb5_ros2_vision/launch/rb_camera_webcam_ocv_launch.py
[18.193s] -- Installing: /root/CSE276A_Fall24/install/rb5_ros2_vision/lib/rb5_ros2_vision/rb_camera_ocv_node
[18.196s] -- Set runtime path of "/root/CSE276A_Fall24/install/rb5_ros2_vision/lib/rb5_ros2_vision/rb_camera_ocv_node" to ""
[18.196s] -- Installing: /root/CSE276A_Fall24/install/rb5_ros2_vision/lib/rb5_ros2_vision/click_images.py
[18.197s] -- Installing: /root/CSE276A_Fall24/install/rb5_ros2_vision/share/ament_index/resource_index/package_run_dependencies/rb5_ros2_vision
[18.198s] -- Installing: /root/CSE276A_Fall24/install/rb5_ros2_vision/share/ament_index/resource_index/parent_prefix_path/rb5_ros2_vision
[18.198s] -- Installing: /root/CSE276A_Fall24/install/rb5_ros2_vision/share/rb5_ros2_vision/environment/ament_prefix_path.sh
[18.199s] -- Installing: /root/CSE276A_Fall24/install/rb5_ros2_vision/share/rb5_ros2_vision/environment/ament_prefix_path.dsv
[18.203s] -- Installing: /root/CSE276A_Fall24/install/rb5_ros2_vision/share/rb5_ros2_vision/environment/path.sh
[18.203s] -- Installing: /root/CSE276A_Fall24/install/rb5_ros2_vision/share/rb5_ros2_vision/environment/path.dsv
[18.204s] -- Installing: /root/CSE276A_Fall24/install/rb5_ros2_vision/share/rb5_ros2_vision/local_setup.bash
[18.205s] -- Installing: /root/CSE276A_Fall24/install/rb5_ros2_vision/share/rb5_ros2_vision/local_setup.sh
[18.206s] -- Installing: /root/CSE276A_Fall24/install/rb5_ros2_vision/share/rb5_ros2_vision/local_setup.zsh
[18.206s] -- Installing: /root/CSE276A_Fall24/install/rb5_ros2_vision/share/rb5_ros2_vision/local_setup.dsv
[18.207s] -- Installing: /root/CSE276A_Fall24/install/rb5_ros2_vision/share/rb5_ros2_vision/package.dsv
[18.207s] -- Installing: /root/CSE276A_Fall24/install/rb5_ros2_vision/share/ament_index/resource_index/packages/rb5_ros2_vision
[18.208s] -- Installing: /root/CSE276A_Fall24/install/rb5_ros2_vision/share/rb5_ros2_vision/cmake/rb5_ros2_visionConfig.cmake
[18.208s] -- Installing: /root/CSE276A_Fall24/install/rb5_ros2_vision/share/rb5_ros2_vision/cmake/rb5_ros2_visionConfig-version.cmake
[18.208s] -- Installing: /root/CSE276A_Fall24/install/rb5_ros2_vision/share/rb5_ros2_vision/package.xml
[18.219s] Invoked command in '/root/CSE276A_Fall24/build/rb5_ros2_vision' returned '0': AMENT_PREFIX_PATH=/root/CSE276A_Fall24/install/cv_bridge:${AMENT_PREFIX_PATH} CMAKE_PREFIX_PATH=/root/CSE276A_Fall24/install/cv_bridge:/root/CSE276A_Fall24/cse276a_ws/install/vision_opencv:/root/CSE276A_Fall24/cse276a_ws/install/ros2_april_detection:/root/CSE276A_Fall24/cse276a_ws/install/rb5_ros2_vision:/root/CSE276A_Fall24/cse276a_ws/install/rb5_ros2_control:/root/CSE276A_Fall24/cse276a_ws/install/rb5_control:/root/CSE276A_Fall24/cse276a_ws/install/key_joy:/root/CSE276A_Fall24/cse276a_ws/install/image_geometry:/root/CSE276A_Fall24/cse276a_ws/install/cv_bridge:/root/CSE276A_Fall24/cse276a_ws/install/opencv_tests:/opt/ros/foxy LD_LIBRARY_PATH=/root/CSE276A_Fall24/install/cv_bridge/lib:${LD_LIBRARY_PATH} PYTHONPATH=/root/CSE276A_Fall24/install/cv_bridge/lib/python3.8/site-packages:${PYTHONPATH} _=/usr/bin/env /usr/bin/cmake --install /root/CSE276A_Fall24/build/rb5_ros2_vision
