[0.066s] Invoking command in '/root/CSE276A_Fall24/cse276a_ws/build/image_geometry': CMAKE_PREFIX_PATH=${CMAKE_PREFIX_PATH}:/root/CSE276A_Fall24/cse276a_ws/install/opencv_tests:/opt/ros/foxy _=/usr/bin/env /usr/bin/cmake --build /root/CSE276A_Fall24/cse276a_ws/build/image_geometry -- -j8 -l8
[0.236s] [ 27%] Built target image_geometry
[0.251s] [ 45%] Built target gtest_main
[0.252s] [ 63%] Built target gtest
[0.305s] [ 81%] Built target image_geometry-utest-equi
[0.322s] [100%] Built target image_geometry-utest
[0.379s] Invoked command in '/root/CSE276A_Fall24/cse276a_ws/build/image_geometry' returned '0': CMAKE_PREFIX_PATH=${CMAKE_PREFIX_PATH}:/root/CSE276A_Fall24/cse276a_ws/install/opencv_tests:/opt/ros/foxy _=/usr/bin/env /usr/bin/cmake --build /root/CSE276A_Fall24/cse276a_ws/build/image_geometry -- -j8 -l8
[0.566s] Invoking command in '/root/CSE276A_Fall24/cse276a_ws/build/image_geometry': CMAKE_PREFIX_PATH=${CMAKE_PREFIX_PATH}:/root/CSE276A_Fall24/cse276a_ws/install/opencv_tests:/opt/ros/foxy _=/usr/bin/env /usr/bin/cmake --install /root/CSE276A_Fall24/cse276a_ws/build/image_geometry
[0.596s] -- Install configuration: ""
[0.596s] -- Up-to-date: /root/CSE276A_Fall24/cse276a_ws/install/image_geometry/share/image_geometry/environment/pythonpath.sh
[0.597s] -- Up-to-date: /root/CSE276A_Fall24/cse276a_ws/install/image_geometry/share/image_geometry/environment/pythonpath.dsv
[0.598s] -- Up-to-date: /root/CSE276A_Fall24/cse276a_ws/install/image_geometry/lib/python3.8/site-packages/image_geometry
[0.598s] -- Up-to-date: /root/CSE276A_Fall24/cse276a_ws/install/image_geometry/lib/python3.8/site-packages/image_geometry/__init__.py
[0.599s] -- Up-to-date: /root/CSE276A_Fall24/cse276a_ws/install/image_geometry/lib/python3.8/site-packages/image_geometry/cameramodels.py
[0.654s] Listing '/root/CSE276A_Fall24/cse276a_ws/install/image_geometry/lib/python3.8/site-packages/image_geometry'...
[0.663s] -- Up-to-date: /root/CSE276A_Fall24/cse276a_ws/install/image_geometry/include/image_geometry
[0.665s] -- Up-to-date: /root/CSE276A_Fall24/cse276a_ws/install/image_geometry/include/image_geometry/pinhole_camera_model.h
[0.666s] -- Up-to-date: /root/CSE276A_Fall24/cse276a_ws/install/image_geometry/include/image_geometry/stereo_camera_model.h
[0.667s] -- Up-to-date: /root/CSE276A_Fall24/cse276a_ws/install/image_geometry/include/image_geometry/visibility_control.hpp
[0.669s] -- Up-to-date: /root/CSE276A_Fall24/cse276a_ws/install/image_geometry/lib/libimage_geometry.so
[0.671s] -- Up-to-date: /root/CSE276A_Fall24/cse276a_ws/install/image_geometry/share/image_geometry/environment/library_path.sh
[0.673s] -- Up-to-date: /root/CSE276A_Fall24/cse276a_ws/install/image_geometry/share/image_geometry/environment/library_path.dsv
[0.675s] -- Up-to-date: /root/CSE276A_Fall24/cse276a_ws/install/image_geometry/share/ament_index/resource_index/package_run_dependencies/image_geometry
[0.677s] -- Up-to-date: /root/CSE276A_Fall24/cse276a_ws/install/image_geometry/share/ament_index/resource_index/parent_prefix_path/image_geometry
[0.679s] -- Up-to-date: /root/CSE276A_Fall24/cse276a_ws/install/image_geometry/share/image_geometry/environment/ament_prefix_path.sh
[0.680s] -- Up-to-date: /root/CSE276A_Fall24/cse276a_ws/install/image_geometry/share/image_geometry/environment/ament_prefix_path.dsv
[0.685s] -- Up-to-date: /root/CSE276A_Fall24/cse276a_ws/install/image_geometry/share/image_geometry/environment/path.sh
[0.687s] -- Up-to-date: /root/CSE276A_Fall24/cse276a_ws/install/image_geometry/share/image_geometry/environment/path.dsv
[0.689s] -- Up-to-date: /root/CSE276A_Fall24/cse276a_ws/install/image_geometry/share/image_geometry/local_setup.bash
[0.690s] -- Up-to-date: /root/CSE276A_Fall24/cse276a_ws/install/image_geometry/share/image_geometry/local_setup.sh
[0.690s] -- Up-to-date: /root/CSE276A_Fall24/cse276a_ws/install/image_geometry/share/image_geometry/local_setup.zsh
[0.690s] -- Up-to-date: /root/CSE276A_Fall24/cse276a_ws/install/image_geometry/share/image_geometry/local_setup.dsv
[0.691s] -- Installing: /root/CSE276A_Fall24/cse276a_ws/install/image_geometry/share/image_geometry/package.dsv
[0.701s] -- Up-to-date: /root/CSE276A_Fall24/cse276a_ws/install/image_geometry/share/ament_index/resource_index/packages/image_geometry
[0.702s] -- Up-to-date: /root/CSE276A_Fall24/cse276a_ws/install/image_geometry/share/image_geometry/cmake/ament_cmake_export_libraries-extras.cmake
[0.705s] -- Up-to-date: /root/CSE276A_Fall24/cse276a_ws/install/image_geometry/share/image_geometry/cmake/ament_cmake_export_dependencies-extras.cmake
[0.712s] -- Up-to-date: /root/CSE276A_Fall24/cse276a_ws/install/image_geometry/share/image_geometry/cmake/ament_cmake_export_include_directories-extras.cmake
[0.714s] -- Up-to-date: /root/CSE276A_Fall24/cse276a_ws/install/image_geometry/share/image_geometry/cmake/image_geometryConfig.cmake
[0.715s] -- Up-to-date: /root/CSE276A_Fall24/cse276a_ws/install/image_geometry/share/image_geometry/cmake/image_geometryConfig-version.cmake
[0.715s] -- Up-to-date: /root/CSE276A_Fall24/cse276a_ws/install/image_geometry/share/image_geometry/package.xml
[0.755s] Invoked command in '/root/CSE276A_Fall24/cse276a_ws/build/image_geometry' returned '0': CMAKE_PREFIX_PATH=${CMAKE_PREFIX_PATH}:/root/CSE276A_Fall24/cse276a_ws/install/opencv_tests:/opt/ros/foxy _=/usr/bin/env /usr/bin/cmake --install /root/CSE276A_Fall24/cse276a_ws/build/image_geometry
