[0.098s] Invoking command in '/root/cse276a_ws/build/ros2_april_detection': CMAKE_PREFIX_PATH=/opt/ros/foxy _=/usr/bin/env /usr/bin/cmake /root/cse276a_ws/src/rb5_ros2/ros2_april_detection -DCMAKE_INSTALL_PREFIX=/root/cse276a_ws/install/ros2_april_detection
[0.476s] -- The C compiler identification is GNU 9.4.0
[0.773s] -- The CXX compiler identification is GNU 9.4.0
[0.786s] -- Check for working C compiler: /usr/bin/cc
[1.063s] -- Check for working C compiler: /usr/bin/cc -- works
[1.064s] -- Detecting C compiler ABI info
[1.371s] -- Detecting C compiler ABI info - done
[1.391s] -- Detecting C compile features
[1.392s] -- Detecting C compile features - done
[1.393s] -- Check for working CXX compiler: /usr/bin/c++
[1.682s] -- Check for working CXX compiler: /usr/bin/c++ -- works
[1.686s] -- Detecting CXX compiler ABI info
[1.976s] -- Detecting CXX compiler ABI info - done
[2.021s] -- Detecting CXX compile features
[2.022s] -- Detecting CXX compile features - done
[2.024s] -- Found ament_cmake: 0.9.12 (/opt/ros/foxy/share/ament_cmake/cmake)
[2.074s] -- Found PythonInterp: /usr/bin/python3 (found suitable version "3.8.10", minimum required is "3") 
[2.075s] -- Using PYTHON_EXECUTABLE: /usr/bin/python3
[2.267s] -- Found rclcpp: 2.4.3 (/opt/ros/foxy/share/rclcpp/cmake)
[2.312s] -- Using all available rosidl_typesupport_c: rosidl_typesupport_fastrtps_c;rosidl_typesupport_introspection_c
[2.317s] -- Found rosidl_adapter: 1.3.1 (/opt/ros/foxy/share/rosidl_adapter/cmake)
[2.700s] -- Found OpenSSL: /usr/lib/aarch64-linux-gnu/libcrypto.so (found version "1.1.1f")  
[2.735s] -- Found FastRTPS: /opt/ros/foxy/include  
[2.820s] -- Using all available rosidl_typesupport_cpp: rosidl_typesupport_fastrtps_cpp;rosidl_typesupport_introspection_cpp
[2.870s] -- Found rmw_implementation_cmake: 1.0.4 (/opt/ros/foxy/share/rmw_implementation_cmake/cmake)
[2.871s] -- Using RMW implementation 'rmw_fastrtps_cpp' as default
[2.872s] -- Looking for pthread.h
[3.166s] -- Looking for pthread.h - found
[3.167s] -- Performing Test CMAKE_HAVE_LIBC_PTHREAD
[3.473s] -- Performing Test CMAKE_HAVE_LIBC_PTHREAD - Failed
[3.474s] -- Looking for pthread_create in pthreads
[3.685s] -- Looking for pthread_create in pthreads - not found
[3.685s] -- Looking for pthread_create in pthread
[3.973s] -- Looking for pthread_create in pthread - found
[3.979s] -- Found Threads: TRUE  
[4.167s] -- Found sensor_msgs: 2.0.5 (/opt/ros/foxy/share/sensor_msgs/cmake)
[4.323s] -- Found cv_bridge: 3.0.7 (/opt/ros/foxy/share/cv_bridge/cmake)
[4.330s] -- Found tf2: 0.13.14 (/opt/ros/foxy/share/tf2/cmake)
[4.332s] -- Found tf2_ros: 0.13.14 (/opt/ros/foxy/share/tf2_ros/cmake)
[4.680s] -- Found OpenCV: /usr (found version "4.2.0") 
[4.689s] -- Found ament_lint_auto: 0.9.8 (/opt/ros/foxy/share/ament_lint_auto/cmake)
[4.787s] -- Added test 'copyright' to check source files copyright and LICENSE
[4.788s] -- Added test 'cppcheck' to perform static code analysis on C / C++ code
[4.790s] -- Configured cppcheck include dirs: /root/cse276a_ws/src/rb5_ros2/ros2_april_detection/include
[4.791s] -- Configured cppcheck exclude dirs and/or files: 
[4.791s] -- Added test 'cpplint' to check C / C++ code against the Google style
[4.792s] -- Configured cpplint exclude dirs and/or files: 
[4.793s] -- Added test 'lint_cmake' to check CMake code style
[4.797s] -- Added test 'uncrustify' to check C / C++ code style
[4.798s] -- Configured uncrustify additional arguments: 
[4.798s] -- Added test 'xmllint' to check XML markup files
[4.799s] -- Configuring done
[4.835s] -- Generating done
[4.837s] -- Build files have been written to: /root/cse276a_ws/build/ros2_april_detection
[4.854s] Invoked command in '/root/cse276a_ws/build/ros2_april_detection' returned '0': CMAKE_PREFIX_PATH=/opt/ros/foxy _=/usr/bin/env /usr/bin/cmake /root/cse276a_ws/src/rb5_ros2/ros2_april_detection -DCMAKE_INSTALL_PREFIX=/root/cse276a_ws/install/ros2_april_detection
[4.862s] Invoking command in '/root/cse276a_ws/build/ros2_april_detection': CMAKE_PREFIX_PATH=/opt/ros/foxy _=/usr/bin/env /usr/bin/cmake --build /root/cse276a_ws/build/ros2_april_detection -- -j8 -l8
[4.994s] [35m[1mScanning dependencies of target april_detection_node[0m
[5.262s] [ 66%] [32mBuilding CXX object CMakeFiles/april_detection_node.dir/src/april_detection_node.cpp.o[0m
[5.263s] [ 66%] [32mBuilding CXX object CMakeFiles/april_detection_node.dir/src/april_detection.cpp.o[0m
[7.642s] [01m[K/root/cse276a_ws/src/rb5_ros2/ros2_april_detection/src/april_detection.cpp:[m[K In member function ‘[01m[Kstd::tuple<std::vector<apriltag_pose_t, std::allocator<apriltag_pose_t> >, std::vector<int, std::allocator<int> >, cv::Mat> AprilDetection::processImage(cv::Mat) const[m[K’:
[7.644s] [01m[K/root/cse276a_ws/src/rb5_ros2/ros2_april_detection/src/april_detection.cpp:24:21:[m[K [01;35m[Kwarning: [m[KC++ designated initializers only available with ‘[01m[K-std=c++2a[m[K’ or ‘[01m[K-std=gnu++2a[m[K’ [[01;35m[K-Wpedantic[m[K]
[7.645s]    24 |   image_u8_t im = { [01;35m[K.[m[Kwidth  = image_gray.cols,
[7.646s]       |                     [01;35m[K^[m[K
[7.648s] [01m[K/root/cse276a_ws/src/rb5_ros2/ros2_april_detection/src/april_detection.cpp:25:21:[m[K [01;35m[Kwarning: [m[KC++ designated initializers only available with ‘[01m[K-std=c++2a[m[K’ or ‘[01m[K-std=gnu++2a[m[K’ [[01;35m[K-Wpedantic[m[K]
[7.649s]    25 |                     [01;35m[K.[m[Kheight = image_gray.rows,
[7.650s]       |                     [01;35m[K^[m[K
[7.651s] [01m[K/root/cse276a_ws/src/rb5_ros2/ros2_april_detection/src/april_detection.cpp:26:21:[m[K [01;35m[Kwarning: [m[KC++ designated initializers only available with ‘[01m[K-std=c++2a[m[K’ or ‘[01m[K-std=gnu++2a[m[K’ [[01;35m[K-Wpedantic[m[K]
[7.653s]    26 |                     [01;35m[K.[m[Kstride = image_gray.cols,
[7.654s]       |                     [01;35m[K^[m[K
[7.655s] [01m[K/root/cse276a_ws/src/rb5_ros2/ros2_april_detection/src/april_detection.cpp:27:21:[m[K [01;35m[Kwarning: [m[KC++ designated initializers only available with ‘[01m[K-std=c++2a[m[K’ or ‘[01m[K-std=gnu++2a[m[K’ [[01;35m[K-Wpedantic[m[K]
[7.657s]    27 |                     [01;35m[K.[m[Kbuf    = image_gray.data
[7.658s]       |                     [01;35m[K^[m[K
[15.523s] [100%] [32m[1mLinking CXX executable april_detection_node[0m
[16.593s] [100%] Built target april_detection_node
[16.671s] Invoked command in '/root/cse276a_ws/build/ros2_april_detection' returned '0': CMAKE_PREFIX_PATH=/opt/ros/foxy _=/usr/bin/env /usr/bin/cmake --build /root/cse276a_ws/build/ros2_april_detection -- -j8 -l8
[16.905s] Invoking command in '/root/cse276a_ws/build/ros2_april_detection': CMAKE_PREFIX_PATH=/opt/ros/foxy _=/usr/bin/env /usr/bin/cmake --install /root/cse276a_ws/build/ros2_april_detection
[16.944s] -- Install configuration: ""
[16.946s] -- Installing: /root/cse276a_ws/install/ros2_april_detection/lib/ros2_april_detection/april_detection_node
[16.950s] -- Set runtime path of "/root/cse276a_ws/install/ros2_april_detection/lib/ros2_april_detection/april_detection_node" to ""
[16.952s] -- Installing: /root/cse276a_ws/install/ros2_april_detection/share/ament_index/resource_index/package_run_dependencies/ros2_april_detection
[16.954s] -- Installing: /root/cse276a_ws/install/ros2_april_detection/share/ament_index/resource_index/parent_prefix_path/ros2_april_detection
[16.955s] -- Installing: /root/cse276a_ws/install/ros2_april_detection/share/ros2_april_detection/environment/ament_prefix_path.sh
[16.956s] -- Installing: /root/cse276a_ws/install/ros2_april_detection/share/ros2_april_detection/environment/ament_prefix_path.dsv
[16.960s] -- Installing: /root/cse276a_ws/install/ros2_april_detection/share/ros2_april_detection/environment/path.sh
[16.961s] -- Installing: /root/cse276a_ws/install/ros2_april_detection/share/ros2_april_detection/environment/path.dsv
[16.962s] -- Installing: /root/cse276a_ws/install/ros2_april_detection/share/ros2_april_detection/local_setup.bash
[16.963s] -- Installing: /root/cse276a_ws/install/ros2_april_detection/share/ros2_april_detection/local_setup.sh
[16.963s] -- Installing: /root/cse276a_ws/install/ros2_april_detection/share/ros2_april_detection/local_setup.zsh
[16.964s] -- Installing: /root/cse276a_ws/install/ros2_april_detection/share/ros2_april_detection/local_setup.dsv
[16.964s] -- Installing: /root/cse276a_ws/install/ros2_april_detection/share/ros2_april_detection/package.dsv
[16.965s] -- Installing: /root/cse276a_ws/install/ros2_april_detection/share/ament_index/resource_index/packages/ros2_april_detection
[16.966s] -- Installing: /root/cse276a_ws/install/ros2_april_detection/share/ros2_april_detection/cmake/ros2_april_detectionConfig.cmake
[16.966s] -- Installing: /root/cse276a_ws/install/ros2_april_detection/share/ros2_april_detection/cmake/ros2_april_detectionConfig-version.cmake
[16.967s] -- Installing: /root/cse276a_ws/install/ros2_april_detection/share/ros2_april_detection/package.xml
[16.968s] Invoked command in '/root/cse276a_ws/build/ros2_april_detection' returned '0': CMAKE_PREFIX_PATH=/opt/ros/foxy _=/usr/bin/env /usr/bin/cmake --install /root/cse276a_ws/build/ros2_april_detection
