[0.104s] Invoking command in '/root/CSE276A_Fall24/cse276a_ws/build/rb5_ros2_control': CMAKE_PREFIX_PATH=${CMAKE_PREFIX_PATH}:/root/CSE276A_Fall24/cse276a_ws/install/opencv_tests:/opt/ros/foxy _=/usr/bin/env /usr/bin/cmake --build /root/CSE276A_Fall24/cse276a_ws/build/rb5_ros2_control -- -j8 -l8
[0.300s] Invoked command in '/root/CSE276A_Fall24/cse276a_ws/build/rb5_ros2_control' returned '0': CMAKE_PREFIX_PATH=${CMAKE_PREFIX_PATH}:/root/CSE276A_Fall24/cse276a_ws/install/opencv_tests:/opt/ros/foxy _=/usr/bin/env /usr/bin/cmake --build /root/CSE276A_Fall24/cse276a_ws/build/rb5_ros2_control -- -j8 -l8
[0.515s] Invoking command in '/root/CSE276A_Fall24/cse276a_ws/build/rb5_ros2_control': CMAKE_PREFIX_PATH=${CMAKE_PREFIX_PATH}:/root/CSE276A_Fall24/cse276a_ws/install/opencv_tests:/opt/ros/foxy _=/usr/bin/env /usr/bin/cmake --install /root/CSE276A_Fall24/cse276a_ws/build/rb5_ros2_control
[0.540s] -- Install configuration: ""
[0.540s] -- Up-to-date: /root/CSE276A_Fall24/cse276a_ws/install/rb5_ros2_control/share/rb5_ros2_control/environment/pythonpath.sh
[0.540s] -- Up-to-date: /root/CSE276A_Fall24/cse276a_ws/install/rb5_ros2_control/share/rb5_ros2_control/environment/pythonpath.dsv
[0.540s] -- Up-to-date: /root/CSE276A_Fall24/cse276a_ws/install/rb5_ros2_control/lib/python3.8/site-packages/rb5_ros2_control
[0.541s] -- Up-to-date: /root/CSE276A_Fall24/cse276a_ws/install/rb5_ros2_control/lib/python3.8/site-packages/rb5_ros2_control/__init__.py
[0.541s] -- Up-to-date: /root/CSE276A_Fall24/cse276a_ws/install/rb5_ros2_control/lib/python3.8/site-packages/rb5_ros2_control/mpi_control.py
[0.541s] -- Up-to-date: /root/CSE276A_Fall24/cse276a_ws/install/rb5_ros2_control/lib/python3.8/site-packages/rb5_ros2_control/rb5_control_node.py
[0.541s] -- Up-to-date: /root/CSE276A_Fall24/cse276a_ws/install/rb5_ros2_control/lib/python3.8/site-packages/rb5_ros2_control/rb5_keyjoy_control_node.py
[0.541s] -- Up-to-date: /root/CSE276A_Fall24/cse276a_ws/install/rb5_ros2_control/lib/python3.8/site-packages/rb5_ros2_control/assignment1.py
[0.541s] -- Up-to-date: /root/CSE276A_Fall24/cse276a_ws/install/rb5_ros2_control/lib/python3.8/site-packages/rb5_ros2_control/.mpi_control.py.swp
[0.541s] -- Up-to-date: /root/CSE276A_Fall24/cse276a_ws/install/rb5_ros2_control/lib/python3.8/site-packages/rb5_ros2_control/rb5_control_node copy.py
[0.657s] Listing '/root/CSE276A_Fall24/cse276a_ws/install/rb5_ros2_control/lib/python3.8/site-packages/rb5_ros2_control'...
[0.672s] -- Up-to-date: /root/CSE276A_Fall24/cse276a_ws/install/rb5_ros2_control/lib/rb5_ros2_control/mpi_control.py
[0.673s] -- Up-to-date: /root/CSE276A_Fall24/cse276a_ws/install/rb5_ros2_control/lib/rb5_ros2_control/rb5_control_node.py
[0.673s] -- Up-to-date: /root/CSE276A_Fall24/cse276a_ws/install/rb5_ros2_control/lib/rb5_ros2_control/rb5_keyjoy_control_node.py
[0.674s] -- Up-to-date: /root/CSE276A_Fall24/cse276a_ws/install/rb5_ros2_control/share/ament_index/resource_index/package_run_dependencies/rb5_ros2_control
[0.676s] -- Up-to-date: /root/CSE276A_Fall24/cse276a_ws/install/rb5_ros2_control/share/ament_index/resource_index/parent_prefix_path/rb5_ros2_control
[0.677s] -- Up-to-date: /root/CSE276A_Fall24/cse276a_ws/install/rb5_ros2_control/share/rb5_ros2_control/environment/ament_prefix_path.sh
[0.677s] -- Up-to-date: /root/CSE276A_Fall24/cse276a_ws/install/rb5_ros2_control/share/rb5_ros2_control/environment/ament_prefix_path.dsv
[0.678s] -- Up-to-date: /root/CSE276A_Fall24/cse276a_ws/install/rb5_ros2_control/share/rb5_ros2_control/environment/path.sh
[0.678s] -- Up-to-date: /root/CSE276A_Fall24/cse276a_ws/install/rb5_ros2_control/share/rb5_ros2_control/environment/path.dsv
[0.679s] -- Up-to-date: /root/CSE276A_Fall24/cse276a_ws/install/rb5_ros2_control/share/rb5_ros2_control/local_setup.bash
[0.679s] -- Up-to-date: /root/CSE276A_Fall24/cse276a_ws/install/rb5_ros2_control/share/rb5_ros2_control/local_setup.sh
[0.682s] -- Up-to-date: /root/CSE276A_Fall24/cse276a_ws/install/rb5_ros2_control/share/rb5_ros2_control/local_setup.zsh
[0.683s] -- Up-to-date: /root/CSE276A_Fall24/cse276a_ws/install/rb5_ros2_control/share/rb5_ros2_control/local_setup.dsv
[0.684s] -- Installing: /root/CSE276A_Fall24/cse276a_ws/install/rb5_ros2_control/share/rb5_ros2_control/package.dsv
[0.684s] -- Up-to-date: /root/CSE276A_Fall24/cse276a_ws/install/rb5_ros2_control/share/ament_index/resource_index/packages/rb5_ros2_control
[0.685s] -- Up-to-date: /root/CSE276A_Fall24/cse276a_ws/install/rb5_ros2_control/share/rb5_ros2_control/cmake/rb5_ros2_controlConfig.cmake
[0.686s] -- Up-to-date: /root/CSE276A_Fall24/cse276a_ws/install/rb5_ros2_control/share/rb5_ros2_control/cmake/rb5_ros2_controlConfig-version.cmake
[0.686s] -- Up-to-date: /root/CSE276A_Fall24/cse276a_ws/install/rb5_ros2_control/share/rb5_ros2_control/package.xml
[0.712s] Invoked command in '/root/CSE276A_Fall24/cse276a_ws/build/rb5_ros2_control' returned '0': CMAKE_PREFIX_PATH=${CMAKE_PREFIX_PATH}:/root/CSE276A_Fall24/cse276a_ws/install/opencv_tests:/opt/ros/foxy _=/usr/bin/env /usr/bin/cmake --install /root/CSE276A_Fall24/cse276a_ws/build/rb5_ros2_control
