[0.078s] Invoking command in '/root/CSE276A_Fall24/cse276a_ws/build/ros2_april_detection': CMAKE_PREFIX_PATH=${CMAKE_PREFIX_PATH}:/opt/ros/foxy _=/usr/bin/env /usr/bin/cmake --build /root/CSE276A_Fall24/cse276a_ws/build/ros2_april_detection -- -j8 -l8
[0.154s] -- Found ament_cmake: 0.9.12 (/opt/ros/foxy/share/ament_cmake/cmake)
[0.174s] -- Using PYTHON_EXECUTABLE: /usr/bin/python3
[0.436s] -- Found rclcpp: 2.4.3 (/opt/ros/foxy/share/rclcpp/cmake)
[0.478s] -- Using all available rosidl_typesupport_c: rosidl_typesupport_fastrtps_c;rosidl_typesupport_introspection_c
[0.485s] -- Found rosidl_adapter: 1.3.1 (/opt/ros/foxy/share/rosidl_adapter/cmake)
[0.634s] -- Using all available rosidl_typesupport_cpp: rosidl_typesupport_fastrtps_cpp;rosidl_typesupport_introspection_cpp
[0.691s] -- Found rmw_implementation_cmake: 1.0.4 (/opt/ros/foxy/share/rmw_implementation_cmake/cmake)
[0.692s] -- Using RMW implementation 'rmw_fastrtps_cpp' as default
[0.853s] -- Found sensor_msgs: 2.0.5 (/opt/ros/foxy/share/sensor_msgs/cmake)
[0.983s] -- Found cv_bridge: 3.0.7 (/opt/ros/foxy/share/cv_bridge/cmake)
[1.013s] -- Found tf2: 0.13.14 (/opt/ros/foxy/share/tf2/cmake)
[1.025s] -- Found tf2_ros: 0.13.14 (/opt/ros/foxy/share/tf2_ros/cmake)
[1.423s] -- Found ament_lint_auto: 0.9.8 (/opt/ros/foxy/share/ament_lint_auto/cmake)
[1.508s] -- Added test 'copyright' to check source files copyright and LICENSE
[1.509s] -- Added test 'cppcheck' to perform static code analysis on C / C++ code
[1.509s] -- Configured cppcheck include dirs: /root/CSE276A_Fall24/cse276a_ws/src/rb5_ros2/ros2_april_detection/include
[1.510s] -- Configured cppcheck exclude dirs and/or files: 
[1.510s] -- Added test 'cpplint' to check C / C++ code against the Google style
[1.511s] -- Configured cpplint exclude dirs and/or files: 
[1.511s] -- Added test 'lint_cmake' to check CMake code style
[1.514s] -- Added test 'uncrustify' to check C / C++ code style
[1.515s] -- Configured uncrustify additional arguments: 
[1.515s] -- Added test 'xmllint' to check XML markup files
[1.521s] -- Configuring done
[1.559s] -- Generating done
[1.565s] -- Build files have been written to: /root/CSE276A_Fall24/cse276a_ws/build/ros2_april_detection
[1.767s] [100%] Built target april_detection_node
[1.828s] Invoked command in '/root/CSE276A_Fall24/cse276a_ws/build/ros2_april_detection' returned '0': CMAKE_PREFIX_PATH=${CMAKE_PREFIX_PATH}:/opt/ros/foxy _=/usr/bin/env /usr/bin/cmake --build /root/CSE276A_Fall24/cse276a_ws/build/ros2_april_detection -- -j8 -l8
[2.090s] Invoking command in '/root/CSE276A_Fall24/cse276a_ws/build/ros2_april_detection': CMAKE_PREFIX_PATH=${CMAKE_PREFIX_PATH}:/opt/ros/foxy _=/usr/bin/env /usr/bin/cmake --install /root/CSE276A_Fall24/cse276a_ws/build/ros2_april_detection
[2.131s] -- Install configuration: ""
[2.133s] -- Up-to-date: /root/CSE276A_Fall24/cse276a_ws/install/ros2_april_detection/lib/ros2_april_detection/april_detection_node
[2.135s] -- Installing: /root/CSE276A_Fall24/cse276a_ws/install/ros2_april_detection/share/ament_index/resource_index/package_run_dependencies/ros2_april_detection
[2.136s] -- Installing: /root/CSE276A_Fall24/cse276a_ws/install/ros2_april_detection/share/ament_index/resource_index/parent_prefix_path/ros2_april_detection
[2.136s] -- Installing: /root/CSE276A_Fall24/cse276a_ws/install/ros2_april_detection/share/ros2_april_detection/environment/ament_prefix_path.sh
[2.138s] -- Installing: /root/CSE276A_Fall24/cse276a_ws/install/ros2_april_detection/share/ros2_april_detection/environment/ament_prefix_path.dsv
[2.141s] -- Installing: /root/CSE276A_Fall24/cse276a_ws/install/ros2_april_detection/share/ros2_april_detection/environment/path.sh
[2.151s] -- Installing: /root/CSE276A_Fall24/cse276a_ws/install/ros2_april_detection/share/ros2_april_detection/environment/path.dsv
[2.153s] -- Installing: /root/CSE276A_Fall24/cse276a_ws/install/ros2_april_detection/share/ros2_april_detection/local_setup.bash
[2.155s] -- Installing: /root/CSE276A_Fall24/cse276a_ws/install/ros2_april_detection/share/ros2_april_detection/local_setup.sh
[2.157s] -- Installing: /root/CSE276A_Fall24/cse276a_ws/install/ros2_april_detection/share/ros2_april_detection/local_setup.zsh
[2.158s] -- Installing: /root/CSE276A_Fall24/cse276a_ws/install/ros2_april_detection/share/ros2_april_detection/local_setup.dsv
[2.160s] -- Installing: /root/CSE276A_Fall24/cse276a_ws/install/ros2_april_detection/share/ros2_april_detection/package.dsv
[2.161s] -- Installing: /root/CSE276A_Fall24/cse276a_ws/install/ros2_april_detection/share/ament_index/resource_index/packages/ros2_april_detection
[2.163s] -- Installing: /root/CSE276A_Fall24/cse276a_ws/install/ros2_april_detection/share/ros2_april_detection/cmake/ros2_april_detectionConfig.cmake
[2.165s] -- Installing: /root/CSE276A_Fall24/cse276a_ws/install/ros2_april_detection/share/ros2_april_detection/cmake/ros2_april_detectionConfig-version.cmake
[2.166s] -- Installing: /root/CSE276A_Fall24/cse276a_ws/install/ros2_april_detection/share/ros2_april_detection/package.xml
[2.168s] Invoked command in '/root/CSE276A_Fall24/cse276a_ws/build/ros2_april_detection' returned '0': CMAKE_PREFIX_PATH=${CMAKE_PREFIX_PATH}:/opt/ros/foxy _=/usr/bin/env /usr/bin/cmake --install /root/CSE276A_Fall24/cse276a_ws/build/ros2_april_detection
