[0.095s] Invoking command in '/root/CSE276A_Fall24/cse276a_ws/src/build/cv_bridge': CMAKE_PREFIX_PATH=${CMAKE_PREFIX_PATH}:/opt/ros/foxy _=/usr/bin/env /usr/bin/cmake /root/CSE276A_Fall24/cse276a_ws/src/vision_opencv/cv_bridge -DCMAKE_INSTALL_PREFIX=/root/CSE276A_Fall24/cse276a_ws/src/install/cv_bridge
[0.295s] -- The C compiler identification is GNU 9.4.0
[0.439s] -- The CXX compiler identification is GNU 9.4.0
[0.445s] -- Check for working C compiler: /usr/bin/cc
[0.738s] -- Check for working C compiler: /usr/bin/cc -- works
[0.742s] -- Detecting C compiler ABI info
[1.002s] -- Detecting C compiler ABI info - done
[1.024s] -- Detecting C compile features
[1.025s] -- Detecting C compile features - done
[1.026s] -- Check for working CXX compiler: /usr/bin/c++
[1.377s] -- Check for working CXX compiler: /usr/bin/c++ -- works
[1.392s] -- Detecting CXX compiler ABI info
[1.652s] -- Detecting CXX compiler ABI info - done
[1.679s] -- Detecting CXX compile features
[1.681s] -- Detecting CXX compile features - done
[1.684s] -- Found ament_cmake_ros: 0.9.2 (/opt/ros/foxy/share/ament_cmake_ros/cmake)
[1.754s] -- Found PythonInterp: /usr/bin/python3 (found suitable version "3.8.10", minimum required is "3") 
[1.756s] -- Using PYTHON_EXECUTABLE: /usr/bin/python3
[1.973s] -- Found PythonLibs: /usr/lib/aarch64-linux-gnu/libpython3.8.so (found version "3.8.10") 
[1.981s] -- Boost_VERSION_STRING: 1.71.0
[1.987s] -- Found Boost: /usr/lib/aarch64-linux-gnu/cmake/Boost-1.71.0/BoostConfig.cmake (found version "1.71.0") found components: python38 
[1.988s] -- Found rcpputils: 1.3.2 (/opt/ros/foxy/share/rcpputils/cmake)
[1.998s] -- Found sensor_msgs: 2.0.5 (/opt/ros/foxy/share/sensor_msgs/cmake)
[2.018s] -- Using all available rosidl_typesupport_c: rosidl_typesupport_fastrtps_c;rosidl_typesupport_introspection_c
[2.025s] -- Found rosidl_adapter: 1.3.1 (/opt/ros/foxy/share/rosidl_adapter/cmake)
[2.436s] -- Found OpenSSL: /usr/lib/aarch64-linux-gnu/libcrypto.so (found version "1.1.1f")  
[2.464s] -- Found FastRTPS: /opt/ros/foxy/include  
[2.542s] -- Using all available rosidl_typesupport_cpp: rosidl_typesupport_fastrtps_cpp;rosidl_typesupport_introspection_cpp
[2.772s] -- Performing Test COMPILER_HAS_HIDDEN_VISIBILITY
[3.030s] -- Performing Test COMPILER_HAS_HIDDEN_VISIBILITY - Success
[3.034s] -- Performing Test COMPILER_HAS_HIDDEN_INLINE_VISIBILITY
[3.231s] -- Performing Test COMPILER_HAS_HIDDEN_INLINE_VISIBILITY - Success
[3.232s] -- Performing Test COMPILER_HAS_DEPRECATED_ATTR
[3.542s] -- Performing Test COMPILER_HAS_DEPRECATED_ATTR - Success
[3.610s] -- Found PythonInterp: /usr/bin/python3 (found version "3.8.10") 
[3.622s] -- Found PythonLibs: /usr/lib/aarch64-linux-gnu/libpython3.8.so (found suitable version "3.8.10", minimum required is "3.8") 
[3.833s] -- Found ament_lint_auto: 0.9.8 (/opt/ros/foxy/share/ament_lint_auto/cmake)
[3.948s] -- Found gtest sources under '/opt/ros/foxy/src/gtest_vendor': C++ tests using 'Google Test' will be built
[3.951s] -- Looking for pthread.h
[4.286s] -- Looking for pthread.h - found
[4.287s] -- Performing Test CMAKE_HAVE_LIBC_PTHREAD
[4.744s] -- Performing Test CMAKE_HAVE_LIBC_PTHREAD - Failed
[4.745s] -- Check if compiler accepts -pthread
[5.200s] -- Check if compiler accepts -pthread - yes
[5.205s] -- Found Threads: TRUE  
[7.453s] -- Configuring done
[7.479s] -- Generating done
[7.482s] -- Build files have been written to: /root/CSE276A_Fall24/cse276a_ws/src/build/cv_bridge
[7.500s] Invoked command in '/root/CSE276A_Fall24/cse276a_ws/src/build/cv_bridge' returned '0': CMAKE_PREFIX_PATH=${CMAKE_PREFIX_PATH}:/opt/ros/foxy _=/usr/bin/env /usr/bin/cmake /root/CSE276A_Fall24/cse276a_ws/src/vision_opencv/cv_bridge -DCMAKE_INSTALL_PREFIX=/root/CSE276A_Fall24/cse276a_ws/src/install/cv_bridge
[7.519s] Invoking command in '/root/CSE276A_Fall24/cse276a_ws/src/build/cv_bridge': CMAKE_PREFIX_PATH=${CMAKE_PREFIX_PATH}:/opt/ros/foxy _=/usr/bin/env /usr/bin/cmake --build /root/CSE276A_Fall24/cse276a_ws/src/build/cv_bridge -- -j8 -l8
[7.726s] [35m[1mScanning dependencies of target gtest[0m
[7.728s] [35m[1mScanning dependencies of target cv_bridge[0m
[7.730s] [35m[1mScanning dependencies of target gtest_main[0m
[7.789s] [ 12%] [32mBuilding CXX object gtest/CMakeFiles/gtest_main.dir/src/gtest_main.cc.o[0m
[7.796s] [ 12%] [32mBuilding CXX object gtest/CMakeFiles/gtest.dir/src/gtest-all.cc.o[0m
[7.833s] [ 25%] [32mBuilding CXX object src/CMakeFiles/cv_bridge.dir/cv_bridge.cpp.o[0m
[7.833s] [ 25%] [32mBuilding CXX object src/CMakeFiles/cv_bridge.dir/rgb_colors.cpp.o[0m
[8.941s] [ 31%] [32m[1mLinking CXX static library libgtest_main.a[0m
[9.121s] [ 31%] Built target gtest_main
[11.756s] [ 37%] [32m[1mLinking CXX static library libgtest.a[0m
[11.999s] [ 37%] Built target gtest
[13.833s] [ 43%] [32m[1mLinking CXX shared library libcv_bridge.so[0m
[14.137s] [ 43%] Built target cv_bridge
[14.190s] [35m[1mScanning dependencies of target cv_bridge-utest[0m
[14.191s] [35m[1mScanning dependencies of target cv_bridge_boost[0m
[14.289s] [ 50%] [32mBuilding CXX object test/CMakeFiles/cv_bridge-utest.dir/utest.cpp.o[0m
[14.293s] [ 56%] [32mBuilding CXX object src/CMakeFiles/cv_bridge_boost.dir/module_opencv3.cpp.o[0m
[14.294s] [ 62%] [32mBuilding CXX object src/CMakeFiles/cv_bridge_boost.dir/module.cpp.o[0m
[14.305s] [ 68%] [32mBuilding CXX object test/CMakeFiles/cv_bridge-utest.dir/test_compression.cpp.o[0m
[14.306s] [ 75%] [32mBuilding CXX object test/CMakeFiles/cv_bridge-utest.dir/test_endian.cpp.o[0m
[14.307s] [ 81%] [32mBuilding CXX object test/CMakeFiles/cv_bridge-utest.dir/utest2.cpp.o[0m
[14.308s] [ 87%] [32mBuilding CXX object test/CMakeFiles/cv_bridge-utest.dir/test_rgb_colors.cpp.o[0m
[19.260s] [ 93%] [32m[1mLinking CXX shared library boost/cv_bridge_boost.so[0m
[19.595s] [ 93%] Built target cv_bridge_boost
[20.001s] [100%] [32m[1mLinking CXX executable cv_bridge-utest[0m
[20.687s] [100%] Built target cv_bridge-utest
[20.746s] Invoked command in '/root/CSE276A_Fall24/cse276a_ws/src/build/cv_bridge' returned '0': CMAKE_PREFIX_PATH=${CMAKE_PREFIX_PATH}:/opt/ros/foxy _=/usr/bin/env /usr/bin/cmake --build /root/CSE276A_Fall24/cse276a_ws/src/build/cv_bridge -- -j8 -l8
[20.979s] Invoking command in '/root/CSE276A_Fall24/cse276a_ws/src/build/cv_bridge': CMAKE_PREFIX_PATH=${CMAKE_PREFIX_PATH}:/opt/ros/foxy _=/usr/bin/env /usr/bin/cmake --install /root/CSE276A_Fall24/cse276a_ws/src/build/cv_bridge
[21.020s] -- Install configuration: ""
[21.022s] -- Installing: /root/CSE276A_Fall24/cse276a_ws/src/install/cv_bridge/share/cv_bridge/environment/pythonpath.sh
[21.023s] -- Installing: /root/CSE276A_Fall24/cse276a_ws/src/install/cv_bridge/share/cv_bridge/environment/pythonpath.dsv
[21.024s] -- Installing: /root/CSE276A_Fall24/cse276a_ws/src/install/cv_bridge/lib/python3.8/site-packages/cv_bridge
[21.026s] -- Installing: /root/CSE276A_Fall24/cse276a_ws/src/install/cv_bridge/lib/python3.8/site-packages/cv_bridge/__init__.py
[21.027s] -- Installing: /root/CSE276A_Fall24/cse276a_ws/src/install/cv_bridge/lib/python3.8/site-packages/cv_bridge/core.py
[21.091s] Listing '/root/CSE276A_Fall24/cse276a_ws/src/install/cv_bridge/lib/python3.8/site-packages/cv_bridge'...
[21.093s] Compiling '/root/CSE276A_Fall24/cse276a_ws/src/install/cv_bridge/lib/python3.8/site-packages/cv_bridge/__init__.py'...
[21.094s] Compiling '/root/CSE276A_Fall24/cse276a_ws/src/install/cv_bridge/lib/python3.8/site-packages/cv_bridge/core.py'...
[21.099s] -- Installing: /root/CSE276A_Fall24/cse276a_ws/src/install/cv_bridge/share/cv_bridge/environment/library_path.sh
[21.102s] -- Installing: /root/CSE276A_Fall24/cse276a_ws/src/install/cv_bridge/share/cv_bridge/environment/library_path.dsv
[21.105s] -- Installing: /root/CSE276A_Fall24/cse276a_ws/src/install/cv_bridge/include/cv_bridge
[21.106s] -- Installing: /root/CSE276A_Fall24/cse276a_ws/src/install/cv_bridge/include/cv_bridge/cv_bridge.h
[21.108s] -- Installing: /root/CSE276A_Fall24/cse276a_ws/src/install/cv_bridge/include/cv_bridge/rgb_colors.h
[21.110s] -- Installing: /root/CSE276A_Fall24/cse276a_ws/src/install/cv_bridge/lib/libcv_bridge.so
[21.126s] -- Set runtime path of "/root/CSE276A_Fall24/cse276a_ws/src/install/cv_bridge/lib/libcv_bridge.so" to ""
[21.127s] -- Installing: /root/CSE276A_Fall24/cse276a_ws/src/install/cv_bridge/share/ament_index/resource_index/package_run_dependencies/cv_bridge
[21.128s] -- Installing: /root/CSE276A_Fall24/cse276a_ws/src/install/cv_bridge/share/ament_index/resource_index/parent_prefix_path/cv_bridge
[21.129s] -- Installing: /root/CSE276A_Fall24/cse276a_ws/src/install/cv_bridge/share/cv_bridge/environment/ament_prefix_path.sh
[21.130s] -- Installing: /root/CSE276A_Fall24/cse276a_ws/src/install/cv_bridge/share/cv_bridge/environment/ament_prefix_path.dsv
[21.131s] -- Installing: /root/CSE276A_Fall24/cse276a_ws/src/install/cv_bridge/share/cv_bridge/environment/path.sh
[21.132s] -- Installing: /root/CSE276A_Fall24/cse276a_ws/src/install/cv_bridge/share/cv_bridge/environment/path.dsv
[21.133s] -- Installing: /root/CSE276A_Fall24/cse276a_ws/src/install/cv_bridge/share/cv_bridge/local_setup.bash
[21.133s] -- Installing: /root/CSE276A_Fall24/cse276a_ws/src/install/cv_bridge/share/cv_bridge/local_setup.sh
[21.134s] -- Installing: /root/CSE276A_Fall24/cse276a_ws/src/install/cv_bridge/share/cv_bridge/local_setup.zsh
[21.135s] -- Installing: /root/CSE276A_Fall24/cse276a_ws/src/install/cv_bridge/share/cv_bridge/local_setup.dsv
[21.136s] -- Installing: /root/CSE276A_Fall24/cse276a_ws/src/install/cv_bridge/share/cv_bridge/package.dsv
[21.137s] -- Installing: /root/CSE276A_Fall24/cse276a_ws/src/install/cv_bridge/share/ament_index/resource_index/packages/cv_bridge
[21.138s] -- Installing: /root/CSE276A_Fall24/cse276a_ws/src/install/cv_bridge/share/cv_bridge/cmake/cv_bridge-extras.cmake
[21.139s] -- Installing: /root/CSE276A_Fall24/cse276a_ws/src/install/cv_bridge/share/cv_bridge/cmake/ament_cmake_export_dependencies-extras.cmake
[21.141s] -- Installing: /root/CSE276A_Fall24/cse276a_ws/src/install/cv_bridge/share/cv_bridge/cmake/ament_cmake_export_include_directories-extras.cmake
[21.142s] -- Installing: /root/CSE276A_Fall24/cse276a_ws/src/install/cv_bridge/share/cv_bridge/cmake/ament_cmake_export_libraries-extras.cmake
[21.142s] -- Installing: /root/CSE276A_Fall24/cse276a_ws/src/install/cv_bridge/share/cv_bridge/cmake/cv_bridgeConfig.cmake
[21.143s] -- Installing: /root/CSE276A_Fall24/cse276a_ws/src/install/cv_bridge/share/cv_bridge/cmake/cv_bridgeConfig-version.cmake
[21.144s] -- Installing: /root/CSE276A_Fall24/cse276a_ws/src/install/cv_bridge/share/cv_bridge/package.xml
[21.145s] -- Up-to-date: /root/CSE276A_Fall24/cse276a_ws/src/install/cv_bridge/lib/libcv_bridge.so
[21.145s] -- Installing: /root/CSE276A_Fall24/cse276a_ws/src/install/cv_bridge/include/cv_bridge/cv_bridge_export.h
[21.146s] -- Installing: /root/CSE276A_Fall24/cse276a_ws/src/install/cv_bridge/lib/python3.8/site-packages/cv_bridge/boost/cv_bridge_boost.so
[21.147s] -- Set runtime path of "/root/CSE276A_Fall24/cse276a_ws/src/install/cv_bridge/lib/python3.8/site-packages/cv_bridge/boost/cv_bridge_boost.so" to ""
[21.166s] Invoked command in '/root/CSE276A_Fall24/cse276a_ws/src/build/cv_bridge' returned '0': CMAKE_PREFIX_PATH=${CMAKE_PREFIX_PATH}:/opt/ros/foxy _=/usr/bin/env /usr/bin/cmake --install /root/CSE276A_Fall24/cse276a_ws/src/build/cv_bridge
