[0.088s] Invoking command in '/root/CSE276A_Fall24/cse276a_ws/build/key_joy': CMAKE_PREFIX_PATH=${CMAKE_PREFIX_PATH}:/opt/ros/foxy _=/usr/bin/env /usr/bin/cmake --build /root/CSE276A_Fall24/cse276a_ws/build/key_joy -- -j8 -l8
[0.215s] Invoked command in '/root/CSE276A_Fall24/cse276a_ws/build/key_joy' returned '0': CMAKE_PREFIX_PATH=${CMAKE_PREFIX_PATH}:/opt/ros/foxy _=/usr/bin/env /usr/bin/cmake --build /root/CSE276A_Fall24/cse276a_ws/build/key_joy -- -j8 -l8
[0.394s] Invoking command in '/root/CSE276A_Fall24/cse276a_ws/build/key_joy': CMAKE_PREFIX_PATH=${CMAKE_PREFIX_PATH}:/opt/ros/foxy _=/usr/bin/env /usr/bin/cmake --install /root/CSE276A_Fall24/cse276a_ws/build/key_joy
[0.444s] -- Install configuration: ""
[0.449s] -- Up-to-date: /root/CSE276A_Fall24/cse276a_ws/install/key_joy/share/key_joy/environment/pythonpath.sh
[0.450s] -- Up-to-date: /root/CSE276A_Fall24/cse276a_ws/install/key_joy/share/key_joy/environment/pythonpath.dsv
[0.450s] -- Up-to-date: /root/CSE276A_Fall24/cse276a_ws/install/key_joy/lib/python3.8/site-packages/key_joy
[0.451s] -- Up-to-date: /root/CSE276A_Fall24/cse276a_ws/install/key_joy/lib/python3.8/site-packages/key_joy/__init__.py
[0.452s] -- Up-to-date: /root/CSE276A_Fall24/cse276a_ws/install/key_joy/lib/python3.8/site-packages/key_joy/key_joy_node.py
[0.452s] -- Up-to-date: /root/CSE276A_Fall24/cse276a_ws/install/key_joy/lib/python3.8/site-packages/key_joy/key_parser.py
[0.509s] Listing '/root/CSE276A_Fall24/cse276a_ws/install/key_joy/lib/python3.8/site-packages/key_joy'...
[0.522s] -- Up-to-date: /root/CSE276A_Fall24/cse276a_ws/install/key_joy/lib/key_joy/key_parser.py
[0.523s] -- Up-to-date: /root/CSE276A_Fall24/cse276a_ws/install/key_joy/lib/key_joy/key_joy_node.py
[0.525s] -- Up-to-date: /root/CSE276A_Fall24/cse276a_ws/install/key_joy/share/ament_index/resource_index/package_run_dependencies/key_joy
[0.525s] -- Up-to-date: /root/CSE276A_Fall24/cse276a_ws/install/key_joy/share/ament_index/resource_index/parent_prefix_path/key_joy
[0.525s] -- Up-to-date: /root/CSE276A_Fall24/cse276a_ws/install/key_joy/share/key_joy/environment/ament_prefix_path.sh
[0.526s] -- Up-to-date: /root/CSE276A_Fall24/cse276a_ws/install/key_joy/share/key_joy/environment/ament_prefix_path.dsv
[0.527s] -- Up-to-date: /root/CSE276A_Fall24/cse276a_ws/install/key_joy/share/key_joy/environment/path.sh
[0.527s] -- Up-to-date: /root/CSE276A_Fall24/cse276a_ws/install/key_joy/share/key_joy/environment/path.dsv
[0.528s] -- Up-to-date: /root/CSE276A_Fall24/cse276a_ws/install/key_joy/share/key_joy/local_setup.bash
[0.529s] -- Up-to-date: /root/CSE276A_Fall24/cse276a_ws/install/key_joy/share/key_joy/local_setup.sh
[0.529s] -- Up-to-date: /root/CSE276A_Fall24/cse276a_ws/install/key_joy/share/key_joy/local_setup.zsh
[0.530s] -- Up-to-date: /root/CSE276A_Fall24/cse276a_ws/install/key_joy/share/key_joy/local_setup.dsv
[0.532s] -- Installing: /root/CSE276A_Fall24/cse276a_ws/install/key_joy/share/key_joy/package.dsv
[0.534s] -- Up-to-date: /root/CSE276A_Fall24/cse276a_ws/install/key_joy/share/ament_index/resource_index/packages/key_joy
[0.536s] -- Up-to-date: /root/CSE276A_Fall24/cse276a_ws/install/key_joy/share/key_joy/cmake/key_joyConfig.cmake
[0.536s] -- Up-to-date: /root/CSE276A_Fall24/cse276a_ws/install/key_joy/share/key_joy/cmake/key_joyConfig-version.cmake
[0.537s] -- Up-to-date: /root/CSE276A_Fall24/cse276a_ws/install/key_joy/share/key_joy/package.xml
[0.538s] Invoked command in '/root/CSE276A_Fall24/cse276a_ws/build/key_joy' returned '0': CMAKE_PREFIX_PATH=${CMAKE_PREFIX_PATH}:/opt/ros/foxy _=/usr/bin/env /usr/bin/cmake --install /root/CSE276A_Fall24/cse276a_ws/build/key_joy
