[0.394s] Invoking command in '/root/CSE276A_Fall24/cse276a_ws/src/build/vision_opencv': AMENT_PREFIX_PATH=/root/CSE276A_Fall24/cse276a_ws/src/install/image_geometry:/root/CSE276A_Fall24/cse276a_ws/src/install/cv_bridge:${AMENT_PREFIX_PATH} CMAKE_PREFIX_PATH=/root/CSE276A_Fall24/cse276a_ws/src/install/image_geometry:/root/CSE276A_Fall24/cse276a_ws/src/install/cv_bridge:/root/CSE276A_Fall24/cse276a_ws/install/cv_bridge:/root/CSE276A_Fall24/cse276a_ws/install/ros2_april_detection:/root/CSE276A_Fall24/cse276a_ws/install/rb5_ros2_vision:/root/CSE276A_Fall24/cse276a_ws/install/rb5_ros2_control:/root/CSE276A_Fall24/cse276a_ws/install/key_joy:/opt/ros/foxy LD_LIBRARY_PATH=/root/CSE276A_Fall24/cse276a_ws/src/install/image_geometry/lib:/root/CSE276A_Fall24/cse276a_ws/src/install/cv_bridge/lib:${LD_LIBRARY_PATH} PYTHONPATH=/root/CSE276A_Fall24/cse276a_ws/src/install/image_geometry/lib/python3.8/site-packages:/root/CSE276A_Fall24/cse276a_ws/src/install/cv_bridge/lib/python3.8/site-packages:${PYTHONPATH} _=/usr/bin/env /usr/bin/cmake /root/CSE276A_Fall24/cse276a_ws/src/vision_opencv/vision_opencv -DCMAKE_INSTALL_PREFIX=/root/CSE276A_Fall24/cse276a_ws/src/install/vision_opencv
[0.680s] -- The C compiler identification is GNU 9.4.0
[0.902s] -- The CXX compiler identification is GNU 9.4.0
[0.912s] -- Check for working C compiler: /usr/bin/cc
[1.219s] -- Check for working C compiler: /usr/bin/cc -- works
[1.227s] -- Detecting C compiler ABI info
[1.565s] -- Detecting C compiler ABI info - done
[1.590s] -- Detecting C compile features
[1.591s] -- Detecting C compile features - done
[1.593s] -- Check for working CXX compiler: /usr/bin/c++
[1.904s] -- Check for working CXX compiler: /usr/bin/c++ -- works
[1.910s] -- Detecting CXX compiler ABI info
[2.292s] -- Detecting CXX compiler ABI info - done
[2.347s] -- Detecting CXX compile features
[2.351s] -- Detecting CXX compile features - done
[2.354s] -- Found ament_cmake: 0.9.12 (/opt/ros/foxy/share/ament_cmake/cmake)
[2.415s] -- Found PythonInterp: /usr/bin/python3 (found suitable version "3.8.10", minimum required is "3") 
[2.416s] -- Using PYTHON_EXECUTABLE: /usr/bin/python3
[2.797s] -- Configuring done
[2.801s] -- Generating done
[2.803s] -- Build files have been written to: /root/CSE276A_Fall24/cse276a_ws/src/build/vision_opencv
[2.814s] Invoked command in '/root/CSE276A_Fall24/cse276a_ws/src/build/vision_opencv' returned '0': AMENT_PREFIX_PATH=/root/CSE276A_Fall24/cse276a_ws/src/install/image_geometry:/root/CSE276A_Fall24/cse276a_ws/src/install/cv_bridge:${AMENT_PREFIX_PATH} CMAKE_PREFIX_PATH=/root/CSE276A_Fall24/cse276a_ws/src/install/image_geometry:/root/CSE276A_Fall24/cse276a_ws/src/install/cv_bridge:/root/CSE276A_Fall24/cse276a_ws/install/cv_bridge:/root/CSE276A_Fall24/cse276a_ws/install/ros2_april_detection:/root/CSE276A_Fall24/cse276a_ws/install/rb5_ros2_vision:/root/CSE276A_Fall24/cse276a_ws/install/rb5_ros2_control:/root/CSE276A_Fall24/cse276a_ws/install/key_joy:/opt/ros/foxy LD_LIBRARY_PATH=/root/CSE276A_Fall24/cse276a_ws/src/install/image_geometry/lib:/root/CSE276A_Fall24/cse276a_ws/src/install/cv_bridge/lib:${LD_LIBRARY_PATH} PYTHONPATH=/root/CSE276A_Fall24/cse276a_ws/src/install/image_geometry/lib/python3.8/site-packages:/root/CSE276A_Fall24/cse276a_ws/src/install/cv_bridge/lib/python3.8/site-packages:${PYTHONPATH} _=/usr/bin/env /usr/bin/cmake /root/CSE276A_Fall24/cse276a_ws/src/vision_opencv/vision_opencv -DCMAKE_INSTALL_PREFIX=/root/CSE276A_Fall24/cse276a_ws/src/install/vision_opencv
[2.818s] Invoking command in '/root/CSE276A_Fall24/cse276a_ws/src/build/vision_opencv': AMENT_PREFIX_PATH=/root/CSE276A_Fall24/cse276a_ws/src/install/image_geometry:/root/CSE276A_Fall24/cse276a_ws/src/install/cv_bridge:${AMENT_PREFIX_PATH} CMAKE_PREFIX_PATH=/root/CSE276A_Fall24/cse276a_ws/src/install/image_geometry:/root/CSE276A_Fall24/cse276a_ws/src/install/cv_bridge:/root/CSE276A_Fall24/cse276a_ws/install/cv_bridge:/root/CSE276A_Fall24/cse276a_ws/install/ros2_april_detection:/root/CSE276A_Fall24/cse276a_ws/install/rb5_ros2_vision:/root/CSE276A_Fall24/cse276a_ws/install/rb5_ros2_control:/root/CSE276A_Fall24/cse276a_ws/install/key_joy:/opt/ros/foxy LD_LIBRARY_PATH=/root/CSE276A_Fall24/cse276a_ws/src/install/image_geometry/lib:/root/CSE276A_Fall24/cse276a_ws/src/install/cv_bridge/lib:${LD_LIBRARY_PATH} PYTHONPATH=/root/CSE276A_Fall24/cse276a_ws/src/install/image_geometry/lib/python3.8/site-packages:/root/CSE276A_Fall24/cse276a_ws/src/install/cv_bridge/lib/python3.8/site-packages:${PYTHONPATH} _=/usr/bin/env /usr/bin/cmake --build /root/CSE276A_Fall24/cse276a_ws/src/build/vision_opencv -- -j8 -l8
[2.981s] Invoked command in '/root/CSE276A_Fall24/cse276a_ws/src/build/vision_opencv' returned '0': AMENT_PREFIX_PATH=/root/CSE276A_Fall24/cse276a_ws/src/install/image_geometry:/root/CSE276A_Fall24/cse276a_ws/src/install/cv_bridge:${AMENT_PREFIX_PATH} CMAKE_PREFIX_PATH=/root/CSE276A_Fall24/cse276a_ws/src/install/image_geometry:/root/CSE276A_Fall24/cse276a_ws/src/install/cv_bridge:/root/CSE276A_Fall24/cse276a_ws/install/cv_bridge:/root/CSE276A_Fall24/cse276a_ws/install/ros2_april_detection:/root/CSE276A_Fall24/cse276a_ws/install/rb5_ros2_vision:/root/CSE276A_Fall24/cse276a_ws/install/rb5_ros2_control:/root/CSE276A_Fall24/cse276a_ws/install/key_joy:/opt/ros/foxy LD_LIBRARY_PATH=/root/CSE276A_Fall24/cse276a_ws/src/install/image_geometry/lib:/root/CSE276A_Fall24/cse276a_ws/src/install/cv_bridge/lib:${LD_LIBRARY_PATH} PYTHONPATH=/root/CSE276A_Fall24/cse276a_ws/src/install/image_geometry/lib/python3.8/site-packages:/root/CSE276A_Fall24/cse276a_ws/src/install/cv_bridge/lib/python3.8/site-packages:${PYTHONPATH} _=/usr/bin/env /usr/bin/cmake --build /root/CSE276A_Fall24/cse276a_ws/src/build/vision_opencv -- -j8 -l8
[3.115s] Invoking command in '/root/CSE276A_Fall24/cse276a_ws/src/build/vision_opencv': AMENT_PREFIX_PATH=/root/CSE276A_Fall24/cse276a_ws/src/install/image_geometry:/root/CSE276A_Fall24/cse276a_ws/src/install/cv_bridge:${AMENT_PREFIX_PATH} CMAKE_PREFIX_PATH=/root/CSE276A_Fall24/cse276a_ws/src/install/image_geometry:/root/CSE276A_Fall24/cse276a_ws/src/install/cv_bridge:/root/CSE276A_Fall24/cse276a_ws/install/cv_bridge:/root/CSE276A_Fall24/cse276a_ws/install/ros2_april_detection:/root/CSE276A_Fall24/cse276a_ws/install/rb5_ros2_vision:/root/CSE276A_Fall24/cse276a_ws/install/rb5_ros2_control:/root/CSE276A_Fall24/cse276a_ws/install/key_joy:/opt/ros/foxy LD_LIBRARY_PATH=/root/CSE276A_Fall24/cse276a_ws/src/install/image_geometry/lib:/root/CSE276A_Fall24/cse276a_ws/src/install/cv_bridge/lib:${LD_LIBRARY_PATH} PYTHONPATH=/root/CSE276A_Fall24/cse276a_ws/src/install/image_geometry/lib/python3.8/site-packages:/root/CSE276A_Fall24/cse276a_ws/src/install/cv_bridge/lib/python3.8/site-packages:${PYTHONPATH} _=/usr/bin/env /usr/bin/cmake --install /root/CSE276A_Fall24/cse276a_ws/src/build/vision_opencv
[3.143s] -- Install configuration: ""
[3.144s] -- Installing: /root/CSE276A_Fall24/cse276a_ws/src/install/vision_opencv/share/ament_index/resource_index/package_run_dependencies/vision_opencv
[3.145s] -- Installing: /root/CSE276A_Fall24/cse276a_ws/src/install/vision_opencv/share/ament_index/resource_index/parent_prefix_path/vision_opencv
[3.146s] -- Installing: /root/CSE276A_Fall24/cse276a_ws/src/install/vision_opencv/share/vision_opencv/environment/ament_prefix_path.sh
[3.146s] -- Installing: /root/CSE276A_Fall24/cse276a_ws/src/install/vision_opencv/share/vision_opencv/environment/ament_prefix_path.dsv
[3.147s] -- Installing: /root/CSE276A_Fall24/cse276a_ws/src/install/vision_opencv/share/vision_opencv/environment/path.sh
[3.147s] -- Installing: /root/CSE276A_Fall24/cse276a_ws/src/install/vision_opencv/share/vision_opencv/environment/path.dsv
[3.147s] -- Installing: /root/CSE276A_Fall24/cse276a_ws/src/install/vision_opencv/share/vision_opencv/local_setup.bash
[3.148s] -- Installing: /root/CSE276A_Fall24/cse276a_ws/src/install/vision_opencv/share/vision_opencv/local_setup.sh
[3.149s] -- Installing: /root/CSE276A_Fall24/cse276a_ws/src/install/vision_opencv/share/vision_opencv/local_setup.zsh
[3.149s] -- Installing: /root/CSE276A_Fall24/cse276a_ws/src/install/vision_opencv/share/vision_opencv/local_setup.dsv
[3.149s] -- Installing: /root/CSE276A_Fall24/cse276a_ws/src/install/vision_opencv/share/vision_opencv/package.dsv
[3.151s] -- Installing: /root/CSE276A_Fall24/cse276a_ws/src/install/vision_opencv/share/ament_index/resource_index/packages/vision_opencv
[3.153s] -- Installing: /root/CSE276A_Fall24/cse276a_ws/src/install/vision_opencv/share/vision_opencv/cmake/vision_opencvConfig.cmake
[3.157s] -- Installing: /root/CSE276A_Fall24/cse276a_ws/src/install/vision_opencv/share/vision_opencv/cmake/vision_opencvConfig-version.cmake
[3.158s] -- Installing: /root/CSE276A_Fall24/cse276a_ws/src/install/vision_opencv/share/vision_opencv/package.xml
[3.159s] Invoked command in '/root/CSE276A_Fall24/cse276a_ws/src/build/vision_opencv' returned '0': AMENT_PREFIX_PATH=/root/CSE276A_Fall24/cse276a_ws/src/install/image_geometry:/root/CSE276A_Fall24/cse276a_ws/src/install/cv_bridge:${AMENT_PREFIX_PATH} CMAKE_PREFIX_PATH=/root/CSE276A_Fall24/cse276a_ws/src/install/image_geometry:/root/CSE276A_Fall24/cse276a_ws/src/install/cv_bridge:/root/CSE276A_Fall24/cse276a_ws/install/cv_bridge:/root/CSE276A_Fall24/cse276a_ws/install/ros2_april_detection:/root/CSE276A_Fall24/cse276a_ws/install/rb5_ros2_vision:/root/CSE276A_Fall24/cse276a_ws/install/rb5_ros2_control:/root/CSE276A_Fall24/cse276a_ws/install/key_joy:/opt/ros/foxy LD_LIBRARY_PATH=/root/CSE276A_Fall24/cse276a_ws/src/install/image_geometry/lib:/root/CSE276A_Fall24/cse276a_ws/src/install/cv_bridge/lib:${LD_LIBRARY_PATH} PYTHONPATH=/root/CSE276A_Fall24/cse276a_ws/src/install/image_geometry/lib/python3.8/site-packages:/root/CSE276A_Fall24/cse276a_ws/src/install/cv_bridge/lib/python3.8/site-packages:${PYTHONPATH} _=/usr/bin/env /usr/bin/cmake --install /root/CSE276A_Fall24/cse276a_ws/src/build/vision_opencv
