[0.409s] Invoking command in '/root/CSE276A_Fall24/build/ros2_april_detection': AMENT_PREFIX_PATH=/root/CSE276A_Fall24/install/cv_bridge:${AMENT_PREFIX_PATH} CMAKE_PREFIX_PATH=/root/CSE276A_Fall24/install/cv_bridge:/root/CSE276A_Fall24/cse276a_ws/install/vision_opencv:/root/CSE276A_Fall24/cse276a_ws/install/ros2_april_detection:/root/CSE276A_Fall24/cse276a_ws/install/rb5_ros2_vision:/root/CSE276A_Fall24/cse276a_ws/install/rb5_ros2_control:/root/CSE276A_Fall24/cse276a_ws/install/rb5_control:/root/CSE276A_Fall24/cse276a_ws/install/key_joy:/root/CSE276A_Fall24/cse276a_ws/install/image_geometry:/root/CSE276A_Fall24/cse276a_ws/install/cv_bridge:/root/CSE276A_Fall24/cse276a_ws/install/opencv_tests:/opt/ros/foxy LD_LIBRARY_PATH=/root/CSE276A_Fall24/install/cv_bridge/lib:${LD_LIBRARY_PATH} PYTHONPATH=/root/CSE276A_Fall24/install/cv_bridge/lib/python3.8/site-packages:${PYTHONPATH} _=/usr/bin/env /usr/bin/cmake /root/CSE276A_Fall24/cse276a_ws/src/rb5_ros2/ros2_april_detection -DCMAKE_INSTALL_PREFIX=/root/CSE276A_Fall24/install/ros2_april_detection
[0.632s] -- The C compiler identification is GNU 9.4.0
[0.853s] -- The CXX compiler identification is GNU 9.4.0
[0.859s] -- Check for working C compiler: /usr/bin/cc
[1.186s] -- Check for working C compiler: /usr/bin/cc -- works
[1.192s] -- Detecting C compiler ABI info
[1.479s] -- Detecting C compiler ABI info - done
[1.516s] -- Detecting C compile features
[1.516s] -- Detecting C compile features - done
[1.521s] -- Check for working CXX compiler: /usr/bin/c++
[1.840s] -- Check for working CXX compiler: /usr/bin/c++ -- works
[1.846s] -- Detecting CXX compiler ABI info
[2.139s] -- Detecting CXX compiler ABI info - done
[2.175s] -- Detecting CXX compile features
[2.176s] -- Detecting CXX compile features - done
[2.181s] -- Found ament_cmake: 0.9.12 (/opt/ros/foxy/share/ament_cmake/cmake)
[2.242s] -- Found PythonInterp: /usr/bin/python3 (found suitable version "3.8.10", minimum required is "3") 
[2.243s] -- Using PYTHON_EXECUTABLE: /usr/bin/python3
[2.640s] -- Found rclcpp: 2.4.3 (/opt/ros/foxy/share/rclcpp/cmake)
[2.721s] -- Using all available rosidl_typesupport_c: rosidl_typesupport_fastrtps_c;rosidl_typesupport_introspection_c
[2.734s] -- Found rosidl_adapter: 1.3.1 (/opt/ros/foxy/share/rosidl_adapter/cmake)
[3.074s] -- Found OpenSSL: /usr/lib/aarch64-linux-gnu/libcrypto.so (found version "1.1.1f")  
[3.119s] -- Found FastRTPS: /opt/ros/foxy/include  
[3.258s] -- Using all available rosidl_typesupport_cpp: rosidl_typesupport_fastrtps_cpp;rosidl_typesupport_introspection_cpp
[3.353s] -- Found rmw_implementation_cmake: 1.0.4 (/opt/ros/foxy/share/rmw_implementation_cmake/cmake)
[3.361s] -- Using RMW implementation 'rmw_fastrtps_cpp' as default
[3.362s] -- Looking for pthread.h
[3.615s] -- Looking for pthread.h - found
[3.615s] -- Performing Test CMAKE_HAVE_LIBC_PTHREAD
[3.896s] -- Performing Test CMAKE_HAVE_LIBC_PTHREAD - Failed
[3.897s] -- Looking for pthread_create in pthreads
[4.150s] -- Looking for pthread_create in pthreads - not found
[4.150s] -- Looking for pthread_create in pthread
[4.378s] -- Looking for pthread_create in pthread - found
[4.379s] -- Found Threads: TRUE  
[4.621s] -- Found sensor_msgs: 2.0.5 (/opt/ros/foxy/share/sensor_msgs/cmake)
[4.792s] -- Found cv_bridge: 3.0.7 (/root/CSE276A_Fall24/install/cv_bridge/share/cv_bridge/cmake)
[4.841s] -- Found tf2: 0.13.14 (/opt/ros/foxy/share/tf2/cmake)
[4.880s] -- Found tf2_ros: 0.13.14 (/opt/ros/foxy/share/tf2_ros/cmake)
[5.457s] -- Found OpenCV: /usr (found version "4.2.0") 
[5.472s] -- Found ament_lint_auto: 0.9.8 (/opt/ros/foxy/share/ament_lint_auto/cmake)
[5.620s] -- Added test 'copyright' to check source files copyright and LICENSE
[5.622s] -- Added test 'cppcheck' to perform static code analysis on C / C++ code
[5.625s] -- Configured cppcheck include dirs: /root/CSE276A_Fall24/cse276a_ws/src/rb5_ros2/ros2_april_detection/include
[5.625s] -- Configured cppcheck exclude dirs and/or files: 
[5.625s] -- Added test 'cpplint' to check C / C++ code against the Google style
[5.625s] -- Configured cpplint exclude dirs and/or files: 
[5.626s] -- Added test 'lint_cmake' to check CMake code style
[5.629s] -- Added test 'uncrustify' to check C / C++ code style
[5.629s] -- Configured uncrustify additional arguments: 
[5.630s] -- Added test 'xmllint' to check XML markup files
[5.641s] -- Configuring done
[5.691s] -- Generating done
[5.694s] -- Build files have been written to: /root/CSE276A_Fall24/build/ros2_april_detection
[5.723s] Invoked command in '/root/CSE276A_Fall24/build/ros2_april_detection' returned '0': AMENT_PREFIX_PATH=/root/CSE276A_Fall24/install/cv_bridge:${AMENT_PREFIX_PATH} CMAKE_PREFIX_PATH=/root/CSE276A_Fall24/install/cv_bridge:/root/CSE276A_Fall24/cse276a_ws/install/vision_opencv:/root/CSE276A_Fall24/cse276a_ws/install/ros2_april_detection:/root/CSE276A_Fall24/cse276a_ws/install/rb5_ros2_vision:/root/CSE276A_Fall24/cse276a_ws/install/rb5_ros2_control:/root/CSE276A_Fall24/cse276a_ws/install/rb5_control:/root/CSE276A_Fall24/cse276a_ws/install/key_joy:/root/CSE276A_Fall24/cse276a_ws/install/image_geometry:/root/CSE276A_Fall24/cse276a_ws/install/cv_bridge:/root/CSE276A_Fall24/cse276a_ws/install/opencv_tests:/opt/ros/foxy LD_LIBRARY_PATH=/root/CSE276A_Fall24/install/cv_bridge/lib:${LD_LIBRARY_PATH} PYTHONPATH=/root/CSE276A_Fall24/install/cv_bridge/lib/python3.8/site-packages:${PYTHONPATH} _=/usr/bin/env /usr/bin/cmake /root/CSE276A_Fall24/cse276a_ws/src/rb5_ros2/ros2_april_detection -DCMAKE_INSTALL_PREFIX=/root/CSE276A_Fall24/install/ros2_april_detection
[5.742s] Invoking command in '/root/CSE276A_Fall24/build/ros2_april_detection': AMENT_PREFIX_PATH=/root/CSE276A_Fall24/install/cv_bridge:${AMENT_PREFIX_PATH} CMAKE_PREFIX_PATH=/root/CSE276A_Fall24/install/cv_bridge:/root/CSE276A_Fall24/cse276a_ws/install/vision_opencv:/root/CSE276A_Fall24/cse276a_ws/install/ros2_april_detection:/root/CSE276A_Fall24/cse276a_ws/install/rb5_ros2_vision:/root/CSE276A_Fall24/cse276a_ws/install/rb5_ros2_control:/root/CSE276A_Fall24/cse276a_ws/install/rb5_control:/root/CSE276A_Fall24/cse276a_ws/install/key_joy:/root/CSE276A_Fall24/cse276a_ws/install/image_geometry:/root/CSE276A_Fall24/cse276a_ws/install/cv_bridge:/root/CSE276A_Fall24/cse276a_ws/install/opencv_tests:/opt/ros/foxy LD_LIBRARY_PATH=/root/CSE276A_Fall24/install/cv_bridge/lib:${LD_LIBRARY_PATH} PYTHONPATH=/root/CSE276A_Fall24/install/cv_bridge/lib/python3.8/site-packages:${PYTHONPATH} _=/usr/bin/env /usr/bin/cmake --build /root/CSE276A_Fall24/build/ros2_april_detection -- -j8 -l8
[5.892s] [35m[1mScanning dependencies of target april_detection_node[0m
[6.050s] [ 33%] [32mBuilding CXX object CMakeFiles/april_detection_node.dir/src/april_detection_node.cpp.o[0m
[20.587s] [ 66%] [32mBuilding CXX object CMakeFiles/april_detection_node.dir/src/april_detection.cpp.o[0m
[24.070s] [01m[K/root/CSE276A_Fall24/cse276a_ws/src/rb5_ros2/ros2_april_detection/src/april_detection.cpp:[m[K In member function ‘[01m[Kstd::tuple<std::vector<apriltag_pose_t, std::allocator<apriltag_pose_t> >, std::vector<int, std::allocator<int> >, cv::Mat> AprilDetection::processImage(cv::Mat) const[m[K’:
[24.071s] [01m[K/root/CSE276A_Fall24/cse276a_ws/src/rb5_ros2/ros2_april_detection/src/april_detection.cpp:24:21:[m[K [01;35m[Kwarning: [m[KC++ designated initializers only available with ‘[01m[K-std=c++2a[m[K’ or ‘[01m[K-std=gnu++2a[m[K’ [[01;35m[K-Wpedantic[m[K]
[24.071s]    24 |   image_u8_t im = { [01;35m[K.[m[Kwidth  = image_gray.cols,
[24.072s]       |                     [01;35m[K^[m[K
[24.072s] [01m[K/root/CSE276A_Fall24/cse276a_ws/src/rb5_ros2/ros2_april_detection/src/april_detection.cpp:25:21:[m[K [01;35m[Kwarning: [m[KC++ designated initializers only available with ‘[01m[K-std=c++2a[m[K’ or ‘[01m[K-std=gnu++2a[m[K’ [[01;35m[K-Wpedantic[m[K]
[24.073s]    25 |                     [01;35m[K.[m[Kheight = image_gray.rows,
[24.073s]       |                     [01;35m[K^[m[K
[24.073s] [01m[K/root/CSE276A_Fall24/cse276a_ws/src/rb5_ros2/ros2_april_detection/src/april_detection.cpp:26:21:[m[K [01;35m[Kwarning: [m[KC++ designated initializers only available with ‘[01m[K-std=c++2a[m[K’ or ‘[01m[K-std=gnu++2a[m[K’ [[01;35m[K-Wpedantic[m[K]
[24.074s]    26 |                     [01;35m[K.[m[Kstride = image_gray.cols,
[24.074s]       |                     [01;35m[K^[m[K
[24.074s] [01m[K/root/CSE276A_Fall24/cse276a_ws/src/rb5_ros2/ros2_april_detection/src/april_detection.cpp:27:21:[m[K [01;35m[Kwarning: [m[KC++ designated initializers only available with ‘[01m[K-std=c++2a[m[K’ or ‘[01m[K-std=gnu++2a[m[K’ [[01;35m[K-Wpedantic[m[K]
[24.075s]    27 |                     [01;35m[K.[m[Kbuf    = image_gray.data
[24.075s]       |                     [01;35m[K^[m[K
[25.432s] [100%] [32m[1mLinking CXX executable april_detection_node[0m
[26.797s] [100%] Built target april_detection_node
[26.836s] Invoked command in '/root/CSE276A_Fall24/build/ros2_april_detection' returned '0': AMENT_PREFIX_PATH=/root/CSE276A_Fall24/install/cv_bridge:${AMENT_PREFIX_PATH} CMAKE_PREFIX_PATH=/root/CSE276A_Fall24/install/cv_bridge:/root/CSE276A_Fall24/cse276a_ws/install/vision_opencv:/root/CSE276A_Fall24/cse276a_ws/install/ros2_april_detection:/root/CSE276A_Fall24/cse276a_ws/install/rb5_ros2_vision:/root/CSE276A_Fall24/cse276a_ws/install/rb5_ros2_control:/root/CSE276A_Fall24/cse276a_ws/install/rb5_control:/root/CSE276A_Fall24/cse276a_ws/install/key_joy:/root/CSE276A_Fall24/cse276a_ws/install/image_geometry:/root/CSE276A_Fall24/cse276a_ws/install/cv_bridge:/root/CSE276A_Fall24/cse276a_ws/install/opencv_tests:/opt/ros/foxy LD_LIBRARY_PATH=/root/CSE276A_Fall24/install/cv_bridge/lib:${LD_LIBRARY_PATH} PYTHONPATH=/root/CSE276A_Fall24/install/cv_bridge/lib/python3.8/site-packages:${PYTHONPATH} _=/usr/bin/env /usr/bin/cmake --build /root/CSE276A_Fall24/build/ros2_april_detection -- -j8 -l8
[26.982s] Invoking command in '/root/CSE276A_Fall24/build/ros2_april_detection': AMENT_PREFIX_PATH=/root/CSE276A_Fall24/install/cv_bridge:${AMENT_PREFIX_PATH} CMAKE_PREFIX_PATH=/root/CSE276A_Fall24/install/cv_bridge:/root/CSE276A_Fall24/cse276a_ws/install/vision_opencv:/root/CSE276A_Fall24/cse276a_ws/install/ros2_april_detection:/root/CSE276A_Fall24/cse276a_ws/install/rb5_ros2_vision:/root/CSE276A_Fall24/cse276a_ws/install/rb5_ros2_control:/root/CSE276A_Fall24/cse276a_ws/install/rb5_control:/root/CSE276A_Fall24/cse276a_ws/install/key_joy:/root/CSE276A_Fall24/cse276a_ws/install/image_geometry:/root/CSE276A_Fall24/cse276a_ws/install/cv_bridge:/root/CSE276A_Fall24/cse276a_ws/install/opencv_tests:/opt/ros/foxy LD_LIBRARY_PATH=/root/CSE276A_Fall24/install/cv_bridge/lib:${LD_LIBRARY_PATH} PYTHONPATH=/root/CSE276A_Fall24/install/cv_bridge/lib/python3.8/site-packages:${PYTHONPATH} _=/usr/bin/env /usr/bin/cmake --install /root/CSE276A_Fall24/build/ros2_april_detection
[26.999s] -- Install configuration: ""
[27.000s] -- Installing: /root/CSE276A_Fall24/install/ros2_april_detection/lib/ros2_april_detection/april_detection_node
[27.007s] -- Set runtime path of "/root/CSE276A_Fall24/install/ros2_april_detection/lib/ros2_april_detection/april_detection_node" to ""
[27.008s] -- Installing: /root/CSE276A_Fall24/install/ros2_april_detection/share/ament_index/resource_index/package_run_dependencies/ros2_april_detection
[27.009s] -- Installing: /root/CSE276A_Fall24/install/ros2_april_detection/share/ament_index/resource_index/parent_prefix_path/ros2_april_detection
[27.009s] -- Installing: /root/CSE276A_Fall24/install/ros2_april_detection/share/ros2_april_detection/environment/ament_prefix_path.sh
[27.010s] -- Installing: /root/CSE276A_Fall24/install/ros2_april_detection/share/ros2_april_detection/environment/ament_prefix_path.dsv
[27.010s] -- Installing: /root/CSE276A_Fall24/install/ros2_april_detection/share/ros2_april_detection/environment/path.sh
[27.011s] -- Installing: /root/CSE276A_Fall24/install/ros2_april_detection/share/ros2_april_detection/environment/path.dsv
[27.012s] -- Installing: /root/CSE276A_Fall24/install/ros2_april_detection/share/ros2_april_detection/local_setup.bash
[27.012s] -- Installing: /root/CSE276A_Fall24/install/ros2_april_detection/share/ros2_april_detection/local_setup.sh
[27.013s] -- Installing: /root/CSE276A_Fall24/install/ros2_april_detection/share/ros2_april_detection/local_setup.zsh
[27.013s] -- Installing: /root/CSE276A_Fall24/install/ros2_april_detection/share/ros2_april_detection/local_setup.dsv
[27.014s] -- Installing: /root/CSE276A_Fall24/install/ros2_april_detection/share/ros2_april_detection/package.dsv
[27.014s] -- Installing: /root/CSE276A_Fall24/install/ros2_april_detection/share/ament_index/resource_index/packages/ros2_april_detection
[27.014s] -- Installing: /root/CSE276A_Fall24/install/ros2_april_detection/share/ros2_april_detection/cmake/ros2_april_detectionConfig.cmake
[27.016s] -- Installing: /root/CSE276A_Fall24/install/ros2_april_detection/share/ros2_april_detection/cmake/ros2_april_detectionConfig-version.cmake
[27.018s] -- Installing: /root/CSE276A_Fall24/install/ros2_april_detection/share/ros2_april_detection/package.xml
[27.022s] Invoked command in '/root/CSE276A_Fall24/build/ros2_april_detection' returned '0': AMENT_PREFIX_PATH=/root/CSE276A_Fall24/install/cv_bridge:${AMENT_PREFIX_PATH} CMAKE_PREFIX_PATH=/root/CSE276A_Fall24/install/cv_bridge:/root/CSE276A_Fall24/cse276a_ws/install/vision_opencv:/root/CSE276A_Fall24/cse276a_ws/install/ros2_april_detection:/root/CSE276A_Fall24/cse276a_ws/install/rb5_ros2_vision:/root/CSE276A_Fall24/cse276a_ws/install/rb5_ros2_control:/root/CSE276A_Fall24/cse276a_ws/install/rb5_control:/root/CSE276A_Fall24/cse276a_ws/install/key_joy:/root/CSE276A_Fall24/cse276a_ws/install/image_geometry:/root/CSE276A_Fall24/cse276a_ws/install/cv_bridge:/root/CSE276A_Fall24/cse276a_ws/install/opencv_tests:/opt/ros/foxy LD_LIBRARY_PATH=/root/CSE276A_Fall24/install/cv_bridge/lib:${LD_LIBRARY_PATH} PYTHONPATH=/root/CSE276A_Fall24/install/cv_bridge/lib/python3.8/site-packages:${PYTHONPATH} _=/usr/bin/env /usr/bin/cmake --install /root/CSE276A_Fall24/build/ros2_april_detection
