[0.088s] Invoking command in '/root/CSE276A_Fall24/cse276a_ws/src/rb5_ros2/build/rb5_ros2_vision': CMAKE_PREFIX_PATH=${CMAKE_PREFIX_PATH}:/opt/ros/foxy _=/usr/bin/env /usr/bin/cmake /root/CSE276A_Fall24/cse276a_ws/src/rb5_ros2/rb5_ros2_vision -DCMAKE_INSTALL_PREFIX=/root/CSE276A_Fall24/cse276a_ws/src/rb5_ros2/install/rb5_ros2_vision
[0.269s] -- The C compiler identification is GNU 9.4.0
[0.404s] -- The CXX compiler identification is GNU 9.4.0
[0.411s] -- Check for working C compiler: /usr/bin/cc
[0.694s] -- Check for working C compiler: /usr/bin/cc -- works
[0.698s] -- Detecting C compiler ABI info
[0.971s] -- Detecting C compiler ABI info - done
[1.006s] -- Detecting C compile features
[1.007s] -- Detecting C compile features - done
[1.008s] -- Check for working CXX compiler: /usr/bin/c++
[1.294s] -- Check for working CXX compiler: /usr/bin/c++ -- works
[1.298s] -- Detecting CXX compiler ABI info
[1.592s] -- Detecting CXX compiler ABI info - done
[1.620s] -- Detecting CXX compile features
[1.621s] -- Detecting CXX compile features - done
[1.624s] -- Found ament_cmake: 0.9.12 (/opt/ros/foxy/share/ament_cmake/cmake)
[1.663s] -- Found PythonInterp: /usr/bin/python3 (found suitable version "3.8.10", minimum required is "3") 
[1.664s] -- Using PYTHON_EXECUTABLE: /usr/bin/python3
[1.960s] -- Found rclcpp: 2.4.3 (/opt/ros/foxy/share/rclcpp/cmake)
[1.997s] -- Using all available rosidl_typesupport_c: rosidl_typesupport_fastrtps_c;rosidl_typesupport_introspection_c
[2.002s] -- Found rosidl_adapter: 1.3.1 (/opt/ros/foxy/share/rosidl_adapter/cmake)
[2.381s] -- Found OpenSSL: /usr/lib/aarch64-linux-gnu/libcrypto.so (found version "1.1.1f")  
[2.442s] -- Found FastRTPS: /opt/ros/foxy/include  
[2.548s] -- Using all available rosidl_typesupport_cpp: rosidl_typesupport_fastrtps_cpp;rosidl_typesupport_introspection_cpp
[2.604s] -- Found rmw_implementation_cmake: 1.0.4 (/opt/ros/foxy/share/rmw_implementation_cmake/cmake)
[2.606s] -- Using RMW implementation 'rmw_fastrtps_cpp' as default
[2.606s] -- Looking for pthread.h
[2.839s] -- Looking for pthread.h - found
[2.839s] -- Performing Test CMAKE_HAVE_LIBC_PTHREAD
[3.133s] -- Performing Test CMAKE_HAVE_LIBC_PTHREAD - Failed
[3.134s] -- Looking for pthread_create in pthreads
[3.283s] -- Looking for pthread_create in pthreads - not found
[3.287s] -- Looking for pthread_create in pthread
[3.519s] -- Looking for pthread_create in pthread - found
[3.523s] -- Found Threads: TRUE  
[3.696s] -- Found sensor_msgs: 2.0.5 (/opt/ros/foxy/share/sensor_msgs/cmake)
[3.828s] -- Found cv_bridge: 3.0.7 (/opt/ros/foxy/share/cv_bridge/cmake)
[3.868s] -- Found OpenCV: /usr (found version "4.2.0") 
[3.878s] -- Found PkgConfig: /usr/bin/pkg-config (found version "0.29.1") 
[3.879s] -- Checking for module 'gstreamer-1.0>=1.8'
[3.983s] --   Found gstreamer-1.0, version 1.16.3
[4.281s] -- Checking for one of the modules 'glib-2.0'
[4.667s] -- Checking for module 'gstreamer-1.0'
[4.774s] --   Found gstreamer-1.0, version 1.16.3
[5.104s] -- Checking for module 'gstreamer-app-1.0'
[5.221s] --   Found gstreamer-app-1.0, version 1.16.3
[5.566s] -- Checking for module 'gstreamer-video-1.0'
[5.689s] --   Found gstreamer-video-1.0, version 1.16.3
[6.013s] -- Check if compiler accepts -pthread
[6.400s] -- Check if compiler accepts -pthread - yes
[6.445s] -- Found ament_lint_auto: 0.9.8 (/opt/ros/foxy/share/ament_lint_auto/cmake)
[6.598s] -- Added test 'copyright' to check source files copyright and LICENSE
[6.601s] -- Added test 'cppcheck' to perform static code analysis on C / C++ code
[6.602s] -- Configured cppcheck include dirs: /root/CSE276A_Fall24/cse276a_ws/src/rb5_ros2/rb5_ros2_vision/include/rb5_ros2_vision
[6.604s] -- Configured cppcheck exclude dirs and/or files: 
[6.606s] -- Added test 'cpplint' to check C / C++ code against the Google style
[6.607s] -- Configured cpplint exclude dirs and/or files: 
[6.609s] -- Added test 'flake8' to check Python code syntax and style conventions
[6.610s] -- Added test 'lint_cmake' to check CMake code style
[6.612s] -- Added test 'pep257' to check Python code against some of the style conventions in PEP 257
[6.614s] -- Added test 'uncrustify' to check C / C++ code style
[6.615s] -- Configured uncrustify additional arguments: 
[6.616s] -- Added test 'xmllint' to check XML markup files
[6.618s] -- Configuring done
[6.644s] -- Generating done
[6.647s] -- Build files have been written to: /root/CSE276A_Fall24/cse276a_ws/src/rb5_ros2/build/rb5_ros2_vision
[6.666s] Invoked command in '/root/CSE276A_Fall24/cse276a_ws/src/rb5_ros2/build/rb5_ros2_vision' returned '0': CMAKE_PREFIX_PATH=${CMAKE_PREFIX_PATH}:/opt/ros/foxy _=/usr/bin/env /usr/bin/cmake /root/CSE276A_Fall24/cse276a_ws/src/rb5_ros2/rb5_ros2_vision -DCMAKE_INSTALL_PREFIX=/root/CSE276A_Fall24/cse276a_ws/src/rb5_ros2/install/rb5_ros2_vision
[6.696s] Invoking command in '/root/CSE276A_Fall24/cse276a_ws/src/rb5_ros2/build/rb5_ros2_vision': CMAKE_PREFIX_PATH=${CMAKE_PREFIX_PATH}:/opt/ros/foxy _=/usr/bin/env /usr/bin/cmake --build /root/CSE276A_Fall24/cse276a_ws/src/rb5_ros2/build/rb5_ros2_vision -- -j8 -l8
[6.927s] [35m[1mScanning dependencies of target rb_camera_ocv_node[0m
[7.153s] [ 50%] [32mBuilding CXX object CMakeFiles/rb_camera_ocv_node.dir/src/rb_camera_ocv_node.cpp.o[0m
[14.224s] [100%] [32m[1mLinking CXX executable rb_camera_ocv_node[0m
[14.880s] [100%] Built target rb_camera_ocv_node
[14.940s] Invoked command in '/root/CSE276A_Fall24/cse276a_ws/src/rb5_ros2/build/rb5_ros2_vision' returned '0': CMAKE_PREFIX_PATH=${CMAKE_PREFIX_PATH}:/opt/ros/foxy _=/usr/bin/env /usr/bin/cmake --build /root/CSE276A_Fall24/cse276a_ws/src/rb5_ros2/build/rb5_ros2_vision -- -j8 -l8
[15.216s] Invoking command in '/root/CSE276A_Fall24/cse276a_ws/src/rb5_ros2/build/rb5_ros2_vision': CMAKE_PREFIX_PATH=${CMAKE_PREFIX_PATH}:/opt/ros/foxy _=/usr/bin/env /usr/bin/cmake --install /root/CSE276A_Fall24/cse276a_ws/src/rb5_ros2/build/rb5_ros2_vision
[15.265s] -- Install configuration: ""
[15.268s] -- Installing: /root/CSE276A_Fall24/cse276a_ws/src/rb5_ros2/install/rb5_ros2_vision/share/rb5_ros2_vision/launch
[15.271s] -- Installing: /root/CSE276A_Fall24/cse276a_ws/src/rb5_ros2/install/rb5_ros2_vision/share/rb5_ros2_vision/launch/rb_camera_both_ocv.launch
[15.275s] -- Installing: /root/CSE276A_Fall24/cse276a_ws/src/rb5_ros2/install/rb5_ros2_vision/share/rb5_ros2_vision/launch/rb_camera_both_ocv_launch.py
[15.279s] -- Installing: /root/CSE276A_Fall24/cse276a_ws/src/rb5_ros2/install/rb5_ros2_vision/share/rb5_ros2_vision/launch/rb_camera_main_ocv.launch.xml
[15.290s] -- Installing: /root/CSE276A_Fall24/cse276a_ws/src/rb5_ros2/install/rb5_ros2_vision/share/rb5_ros2_vision/launch/rb_camera_main_ocv_launch.py
[15.296s] -- Installing: /root/CSE276A_Fall24/cse276a_ws/src/rb5_ros2/install/rb5_ros2_vision/share/rb5_ros2_vision/launch/rb_camera_side_ocv.launch
[15.298s] -- Installing: /root/CSE276A_Fall24/cse276a_ws/src/rb5_ros2/install/rb5_ros2_vision/share/rb5_ros2_vision/launch/rb_camera_side_ocv_launch.py
[15.300s] -- Installing: /root/CSE276A_Fall24/cse276a_ws/src/rb5_ros2/install/rb5_ros2_vision/share/rb5_ros2_vision/launch/rb_camera_webcam_ocv.launch
[15.302s] -- Installing: /root/CSE276A_Fall24/cse276a_ws/src/rb5_ros2/install/rb5_ros2_vision/share/rb5_ros2_vision/launch/rb_camera_webcam_ocv_launch.py
[15.304s] -- Installing: /root/CSE276A_Fall24/cse276a_ws/src/rb5_ros2/install/rb5_ros2_vision/lib/rb5_ros2_vision/rb_camera_ocv_node
[15.306s] -- Set runtime path of "/root/CSE276A_Fall24/cse276a_ws/src/rb5_ros2/install/rb5_ros2_vision/lib/rb5_ros2_vision/rb_camera_ocv_node" to ""
[15.309s] -- Installing: /root/CSE276A_Fall24/cse276a_ws/src/rb5_ros2/install/rb5_ros2_vision/share/ament_index/resource_index/package_run_dependencies/rb5_ros2_vision
[15.311s] -- Installing: /root/CSE276A_Fall24/cse276a_ws/src/rb5_ros2/install/rb5_ros2_vision/share/ament_index/resource_index/parent_prefix_path/rb5_ros2_vision
[15.313s] -- Installing: /root/CSE276A_Fall24/cse276a_ws/src/rb5_ros2/install/rb5_ros2_vision/share/rb5_ros2_vision/environment/ament_prefix_path.sh
[15.316s] -- Installing: /root/CSE276A_Fall24/cse276a_ws/src/rb5_ros2/install/rb5_ros2_vision/share/rb5_ros2_vision/environment/ament_prefix_path.dsv
[15.318s] -- Installing: /root/CSE276A_Fall24/cse276a_ws/src/rb5_ros2/install/rb5_ros2_vision/share/rb5_ros2_vision/environment/path.sh
[15.320s] -- Installing: /root/CSE276A_Fall24/cse276a_ws/src/rb5_ros2/install/rb5_ros2_vision/share/rb5_ros2_vision/environment/path.dsv
[15.322s] -- Installing: /root/CSE276A_Fall24/cse276a_ws/src/rb5_ros2/install/rb5_ros2_vision/share/rb5_ros2_vision/local_setup.bash
[15.324s] -- Installing: /root/CSE276A_Fall24/cse276a_ws/src/rb5_ros2/install/rb5_ros2_vision/share/rb5_ros2_vision/local_setup.sh
[15.326s] -- Installing: /root/CSE276A_Fall24/cse276a_ws/src/rb5_ros2/install/rb5_ros2_vision/share/rb5_ros2_vision/local_setup.zsh
[15.327s] -- Installing: /root/CSE276A_Fall24/cse276a_ws/src/rb5_ros2/install/rb5_ros2_vision/share/rb5_ros2_vision/local_setup.dsv
[15.333s] -- Installing: /root/CSE276A_Fall24/cse276a_ws/src/rb5_ros2/install/rb5_ros2_vision/share/rb5_ros2_vision/package.dsv
[15.338s] -- Installing: /root/CSE276A_Fall24/cse276a_ws/src/rb5_ros2/install/rb5_ros2_vision/share/ament_index/resource_index/packages/rb5_ros2_vision
[15.340s] -- Installing: /root/CSE276A_Fall24/cse276a_ws/src/rb5_ros2/install/rb5_ros2_vision/share/rb5_ros2_vision/cmake/rb5_ros2_visionConfig.cmake
[15.344s] -- Installing: /root/CSE276A_Fall24/cse276a_ws/src/rb5_ros2/install/rb5_ros2_vision/share/rb5_ros2_vision/cmake/rb5_ros2_visionConfig-version.cmake
[15.347s] -- Installing: /root/CSE276A_Fall24/cse276a_ws/src/rb5_ros2/install/rb5_ros2_vision/share/rb5_ros2_vision/package.xml
[15.350s] Invoked command in '/root/CSE276A_Fall24/cse276a_ws/src/rb5_ros2/build/rb5_ros2_vision' returned '0': CMAKE_PREFIX_PATH=${CMAKE_PREFIX_PATH}:/opt/ros/foxy _=/usr/bin/env /usr/bin/cmake --install /root/CSE276A_Fall24/cse276a_ws/src/rb5_ros2/build/rb5_ros2_vision
