[0.184s] DEBUG:colcon:Command line arguments: ['/usr/bin/colcon', 'build']
[0.184s] DEBUG:colcon:Parsed command line arguments: Namespace(allow_overriding=[], ament_cmake_args=None, base_paths=['.'], build_base='build', catkin_cmake_args=None, catkin_skip_building_tests=False, cmake_args=None, cmake_clean_cache=False, cmake_clean_first=False, cmake_force_configure=False, cmake_target=None, cmake_target_skip_unavailable=False, continue_on_error=False, event_handlers=None, executor='parallel', ignore_user_meta=False, install_base='install', log_base=None, log_level=None, main=<bound method BuildVerb.main of <colcon_core.verb.build.BuildVerb object at 0x7fadc83670>>, merge_install=False, metas=['./colcon.meta'], mixin=None, mixin_files=None, mixin_verb=('build',), packages_above=None, packages_above_and_dependencies=None, packages_above_depth=None, packages_end=None, packages_ignore=None, packages_ignore_regex=None, packages_select=None, packages_select_build_failed=False, packages_select_by_dep=None, packages_select_regex=None, packages_select_test_failures=False, packages_skip=None, packages_skip_build_finished=False, packages_skip_by_dep=None, packages_skip_regex=None, packages_skip_test_passed=False, packages_skip_up_to=None, packages_start=None, packages_up_to=None, packages_up_to_regex=None, parallel_workers=8, paths=None, symlink_install=False, test_result_base=None, verb_extension=<colcon_core.verb.build.BuildVerb object at 0x7fadc83670>, verb_name='build', verb_parser=<colcon_mixin.mixin.mixin_argument.MixinArgumentDecorator object at 0x7fadb67520>)
[0.287s] Level 1:colcon.colcon_core.package_discovery:discover_packages(colcon_meta) check parameters
[0.287s] Level 1:colcon.colcon_core.package_discovery:discover_packages(recursive) check parameters
[0.287s] Level 1:colcon.colcon_core.package_discovery:discover_packages(ignore) check parameters
[0.287s] Level 1:colcon.colcon_core.package_discovery:discover_packages(path) check parameters
[0.287s] Level 1:colcon.colcon_core.package_discovery:discover_packages(colcon_meta) discover
[0.287s] Level 1:colcon.colcon_core.package_discovery:discover_packages(recursive) discover
[0.287s] INFO:colcon.colcon_core.package_discovery:Crawling recursively for packages in '/root/CSE276A_Fall24/cse276a_ws'
[0.287s] Level 1:colcon.colcon_core.package_identification:_identify(.) by extensions ['ignore', 'ignore_ament_install']
[0.287s] Level 1:colcon.colcon_core.package_identification:_identify(.) by extension 'ignore'
[0.287s] Level 1:colcon.colcon_core.package_identification:_identify(.) by extension 'ignore_ament_install'
[0.288s] Level 1:colcon.colcon_core.package_identification:_identify(.) by extensions ['colcon_pkg']
[0.288s] Level 1:colcon.colcon_core.package_identification:_identify(.) by extension 'colcon_pkg'
[0.288s] Level 1:colcon.colcon_core.package_identification:_identify(.) by extensions ['colcon_meta']
[0.288s] Level 1:colcon.colcon_core.package_identification:_identify(.) by extension 'colcon_meta'
[0.288s] Level 1:colcon.colcon_core.package_identification:_identify(.) by extensions ['ros']
[0.288s] Level 1:colcon.colcon_core.package_identification:_identify(.) by extension 'ros'
[0.298s] Level 1:colcon.colcon_core.package_identification:_identify(.) by extensions ['cmake', 'python']
[0.299s] Level 1:colcon.colcon_core.package_identification:_identify(.) by extension 'cmake'
[0.299s] Level 1:colcon.colcon_core.package_identification:_identify(.) by extension 'python'
[0.299s] Level 1:colcon.colcon_core.package_identification:_identify(.) by extensions ['python_setup_py']
[0.299s] Level 1:colcon.colcon_core.package_identification:_identify(.) by extension 'python_setup_py'
[0.299s] Level 1:colcon.colcon_core.package_identification:_identify(build) by extensions ['ignore', 'ignore_ament_install']
[0.299s] Level 1:colcon.colcon_core.package_identification:_identify(build) by extension 'ignore'
[0.299s] Level 1:colcon.colcon_core.package_identification:_identify(build) ignored
[0.299s] Level 1:colcon.colcon_core.package_identification:_identify(install) by extensions ['ignore', 'ignore_ament_install']
[0.300s] Level 1:colcon.colcon_core.package_identification:_identify(install) by extension 'ignore'
[0.300s] Level 1:colcon.colcon_core.package_identification:_identify(install) ignored
[0.300s] Level 1:colcon.colcon_core.package_identification:_identify(log) by extensions ['ignore', 'ignore_ament_install']
[0.300s] Level 1:colcon.colcon_core.package_identification:_identify(log) by extension 'ignore'
[0.300s] Level 1:colcon.colcon_core.package_identification:_identify(log) ignored
[0.300s] Level 1:colcon.colcon_core.package_identification:_identify(src) by extensions ['ignore', 'ignore_ament_install']
[0.300s] Level 1:colcon.colcon_core.package_identification:_identify(src) by extension 'ignore'
[0.300s] Level 1:colcon.colcon_core.package_identification:_identify(src) by extension 'ignore_ament_install'
[0.300s] Level 1:colcon.colcon_core.package_identification:_identify(src) by extensions ['colcon_pkg']
[0.300s] Level 1:colcon.colcon_core.package_identification:_identify(src) by extension 'colcon_pkg'
[0.300s] Level 1:colcon.colcon_core.package_identification:_identify(src) by extensions ['colcon_meta']
[0.300s] Level 1:colcon.colcon_core.package_identification:_identify(src) by extension 'colcon_meta'
[0.300s] Level 1:colcon.colcon_core.package_identification:_identify(src) by extensions ['ros']
[0.300s] Level 1:colcon.colcon_core.package_identification:_identify(src) by extension 'ros'
[0.300s] Level 1:colcon.colcon_core.package_identification:_identify(src) by extensions ['cmake', 'python']
[0.300s] Level 1:colcon.colcon_core.package_identification:_identify(src) by extension 'cmake'
[0.300s] Level 1:colcon.colcon_core.package_identification:_identify(src) by extension 'python'
[0.300s] Level 1:colcon.colcon_core.package_identification:_identify(src) by extensions ['python_setup_py']
[0.300s] Level 1:colcon.colcon_core.package_identification:_identify(src) by extension 'python_setup_py'
[0.300s] Level 1:colcon.colcon_core.package_identification:_identify(src/rb5_ros2) by extensions ['ignore', 'ignore_ament_install']
[0.301s] Level 1:colcon.colcon_core.package_identification:_identify(src/rb5_ros2) by extension 'ignore'
[0.301s] Level 1:colcon.colcon_core.package_identification:_identify(src/rb5_ros2) by extension 'ignore_ament_install'
[0.301s] Level 1:colcon.colcon_core.package_identification:_identify(src/rb5_ros2) by extensions ['colcon_pkg']
[0.301s] Level 1:colcon.colcon_core.package_identification:_identify(src/rb5_ros2) by extension 'colcon_pkg'
[0.301s] Level 1:colcon.colcon_core.package_identification:_identify(src/rb5_ros2) by extensions ['colcon_meta']
[0.301s] Level 1:colcon.colcon_core.package_identification:_identify(src/rb5_ros2) by extension 'colcon_meta'
[0.301s] Level 1:colcon.colcon_core.package_identification:_identify(src/rb5_ros2) by extensions ['ros']
[0.301s] Level 1:colcon.colcon_core.package_identification:_identify(src/rb5_ros2) by extension 'ros'
[0.301s] Level 1:colcon.colcon_core.package_identification:_identify(src/rb5_ros2) by extensions ['cmake', 'python']
[0.301s] Level 1:colcon.colcon_core.package_identification:_identify(src/rb5_ros2) by extension 'cmake'
[0.301s] Level 1:colcon.colcon_core.package_identification:_identify(src/rb5_ros2) by extension 'python'
[0.301s] Level 1:colcon.colcon_core.package_identification:_identify(src/rb5_ros2) by extensions ['python_setup_py']
[0.301s] Level 1:colcon.colcon_core.package_identification:_identify(src/rb5_ros2) by extension 'python_setup_py'
[0.301s] Level 1:colcon.colcon_core.package_identification:_identify(src/rb5_ros2/build) by extensions ['ignore', 'ignore_ament_install']
[0.301s] Level 1:colcon.colcon_core.package_identification:_identify(src/rb5_ros2/build) by extension 'ignore'
[0.301s] Level 1:colcon.colcon_core.package_identification:_identify(src/rb5_ros2/build) ignored
[0.301s] Level 1:colcon.colcon_core.package_identification:_identify(src/rb5_ros2/install) by extensions ['ignore', 'ignore_ament_install']
[0.301s] Level 1:colcon.colcon_core.package_identification:_identify(src/rb5_ros2/install) by extension 'ignore'
[0.301s] Level 1:colcon.colcon_core.package_identification:_identify(src/rb5_ros2/install) ignored
[0.301s] Level 1:colcon.colcon_core.package_identification:_identify(src/rb5_ros2/key_joy) by extensions ['ignore', 'ignore_ament_install']
[0.301s] Level 1:colcon.colcon_core.package_identification:_identify(src/rb5_ros2/key_joy) by extension 'ignore'
[0.302s] Level 1:colcon.colcon_core.package_identification:_identify(src/rb5_ros2/key_joy) by extension 'ignore_ament_install'
[0.302s] Level 1:colcon.colcon_core.package_identification:_identify(src/rb5_ros2/key_joy) by extensions ['colcon_pkg']
[0.302s] Level 1:colcon.colcon_core.package_identification:_identify(src/rb5_ros2/key_joy) by extension 'colcon_pkg'
[0.302s] Level 1:colcon.colcon_core.package_identification:_identify(src/rb5_ros2/key_joy) by extensions ['colcon_meta']
[0.302s] Level 1:colcon.colcon_core.package_identification:_identify(src/rb5_ros2/key_joy) by extension 'colcon_meta'
[0.302s] Level 1:colcon.colcon_core.package_identification:_identify(src/rb5_ros2/key_joy) by extensions ['ros']
[0.302s] Level 1:colcon.colcon_core.package_identification:_identify(src/rb5_ros2/key_joy) by extension 'ros'
[0.304s] DEBUG:colcon.colcon_core.package_identification:Package 'src/rb5_ros2/key_joy' with type 'ros.ament_cmake' and name 'key_joy'
[0.304s] Level 1:colcon.colcon_core.package_identification:_identify(src/rb5_ros2/log) by extensions ['ignore', 'ignore_ament_install']
[0.304s] Level 1:colcon.colcon_core.package_identification:_identify(src/rb5_ros2/log) by extension 'ignore'
[0.304s] Level 1:colcon.colcon_core.package_identification:_identify(src/rb5_ros2/log) ignored
[0.305s] Level 1:colcon.colcon_core.package_identification:_identify(src/rb5_ros2/rb5_ros2_control) by extensions ['ignore', 'ignore_ament_install']
[0.305s] Level 1:colcon.colcon_core.package_identification:_identify(src/rb5_ros2/rb5_ros2_control) by extension 'ignore'
[0.305s] Level 1:colcon.colcon_core.package_identification:_identify(src/rb5_ros2/rb5_ros2_control) by extension 'ignore_ament_install'
[0.305s] Level 1:colcon.colcon_core.package_identification:_identify(src/rb5_ros2/rb5_ros2_control) by extensions ['colcon_pkg']
[0.305s] Level 1:colcon.colcon_core.package_identification:_identify(src/rb5_ros2/rb5_ros2_control) by extension 'colcon_pkg'
[0.305s] Level 1:colcon.colcon_core.package_identification:_identify(src/rb5_ros2/rb5_ros2_control) by extensions ['colcon_meta']
[0.305s] Level 1:colcon.colcon_core.package_identification:_identify(src/rb5_ros2/rb5_ros2_control) by extension 'colcon_meta'
[0.305s] Level 1:colcon.colcon_core.package_identification:_identify(src/rb5_ros2/rb5_ros2_control) by extensions ['ros']
[0.305s] Level 1:colcon.colcon_core.package_identification:_identify(src/rb5_ros2/rb5_ros2_control) by extension 'ros'
[0.306s] DEBUG:colcon.colcon_core.package_identification:Package 'src/rb5_ros2/rb5_ros2_control' with type 'ros.ament_cmake' and name 'rb5_ros2_control'
[0.306s] Level 1:colcon.colcon_core.package_identification:_identify(src/rb5_ros2/rb5_ros2_vision) by extensions ['ignore', 'ignore_ament_install']
[0.306s] Level 1:colcon.colcon_core.package_identification:_identify(src/rb5_ros2/rb5_ros2_vision) by extension 'ignore'
[0.306s] Level 1:colcon.colcon_core.package_identification:_identify(src/rb5_ros2/rb5_ros2_vision) by extension 'ignore_ament_install'
[0.306s] Level 1:colcon.colcon_core.package_identification:_identify(src/rb5_ros2/rb5_ros2_vision) by extensions ['colcon_pkg']
[0.306s] Level 1:colcon.colcon_core.package_identification:_identify(src/rb5_ros2/rb5_ros2_vision) by extension 'colcon_pkg'
[0.306s] Level 1:colcon.colcon_core.package_identification:_identify(src/rb5_ros2/rb5_ros2_vision) by extensions ['colcon_meta']
[0.306s] Level 1:colcon.colcon_core.package_identification:_identify(src/rb5_ros2/rb5_ros2_vision) by extension 'colcon_meta'
[0.306s] Level 1:colcon.colcon_core.package_identification:_identify(src/rb5_ros2/rb5_ros2_vision) by extensions ['ros']
[0.306s] Level 1:colcon.colcon_core.package_identification:_identify(src/rb5_ros2/rb5_ros2_vision) by extension 'ros'
[0.307s] DEBUG:colcon.colcon_core.package_identification:Package 'src/rb5_ros2/rb5_ros2_vision' with type 'ros.ament_cmake' and name 'rb5_ros2_vision'
[0.307s] Level 1:colcon.colcon_core.package_identification:_identify(src/rb5_ros2/ros2_april_detection) by extensions ['ignore', 'ignore_ament_install']
[0.307s] Level 1:colcon.colcon_core.package_identification:_identify(src/rb5_ros2/ros2_april_detection) by extension 'ignore'
[0.307s] Level 1:colcon.colcon_core.package_identification:_identify(src/rb5_ros2/ros2_april_detection) by extension 'ignore_ament_install'
[0.307s] Level 1:colcon.colcon_core.package_identification:_identify(src/rb5_ros2/ros2_april_detection) by extensions ['colcon_pkg']
[0.307s] Level 1:colcon.colcon_core.package_identification:_identify(src/rb5_ros2/ros2_april_detection) by extension 'colcon_pkg'
[0.307s] Level 1:colcon.colcon_core.package_identification:_identify(src/rb5_ros2/ros2_april_detection) by extensions ['colcon_meta']
[0.307s] Level 1:colcon.colcon_core.package_identification:_identify(src/rb5_ros2/ros2_april_detection) by extension 'colcon_meta'
[0.307s] Level 1:colcon.colcon_core.package_identification:_identify(src/rb5_ros2/ros2_april_detection) by extensions ['ros']
[0.307s] Level 1:colcon.colcon_core.package_identification:_identify(src/rb5_ros2/ros2_april_detection) by extension 'ros'
[0.308s] DEBUG:colcon.colcon_core.package_identification:Package 'src/rb5_ros2/ros2_april_detection' with type 'ros.ament_cmake' and name 'ros2_april_detection'
[0.308s] Level 1:colcon.colcon_core.package_discovery:discover_packages(recursive) using defaults
[0.308s] Level 1:colcon.colcon_core.package_discovery:discover_packages(ignore) discover
[0.308s] Level 1:colcon.colcon_core.package_discovery:discover_packages(ignore) using defaults
[0.308s] Level 1:colcon.colcon_core.package_discovery:discover_packages(path) discover
[0.308s] Level 1:colcon.colcon_core.package_discovery:discover_packages(path) using defaults
[0.324s] Level 1:colcon.colcon_core.package_discovery:discover_packages(prefix_path) check parameters
[0.325s] Level 1:colcon.colcon_core.package_discovery:discover_packages(prefix_path) discover
[0.326s] DEBUG:colcon.colcon_installed_package_information.package_discovery:Found 4 installed packages in /root/CSE276A_Fall24/cse276a_ws/install
[0.327s] DEBUG:colcon.colcon_installed_package_information.package_discovery:Found 176 installed packages in /opt/ros/foxy
[0.328s] Level 1:colcon.colcon_core.package_discovery:discover_packages(prefix_path) using defaults
[0.360s] Level 5:colcon.colcon_core.verb:set package 'key_joy' build argument 'cmake_args' from command line to 'None'
[0.360s] Level 5:colcon.colcon_core.verb:set package 'key_joy' build argument 'cmake_target' from command line to 'None'
[0.360s] Level 5:colcon.colcon_core.verb:set package 'key_joy' build argument 'cmake_target_skip_unavailable' from command line to 'False'
[0.360s] Level 5:colcon.colcon_core.verb:set package 'key_joy' build argument 'cmake_clean_cache' from command line to 'False'
[0.360s] Level 5:colcon.colcon_core.verb:set package 'key_joy' build argument 'cmake_clean_first' from command line to 'False'
[0.360s] Level 5:colcon.colcon_core.verb:set package 'key_joy' build argument 'cmake_force_configure' from command line to 'False'
[0.360s] Level 5:colcon.colcon_core.verb:set package 'key_joy' build argument 'ament_cmake_args' from command line to 'None'
[0.360s] Level 5:colcon.colcon_core.verb:set package 'key_joy' build argument 'catkin_cmake_args' from command line to 'None'
[0.360s] Level 5:colcon.colcon_core.verb:set package 'key_joy' build argument 'catkin_skip_building_tests' from command line to 'False'
[0.360s] DEBUG:colcon.colcon_core.verb:Building package 'key_joy' with the following arguments: {'ament_cmake_args': None, 'build_base': '/root/CSE276A_Fall24/cse276a_ws/build/key_joy', 'catkin_cmake_args': None, 'catkin_skip_building_tests': False, 'cmake_args': None, 'cmake_clean_cache': False, 'cmake_clean_first': False, 'cmake_force_configure': False, 'cmake_target': None, 'cmake_target_skip_unavailable': False, 'install_base': '/root/CSE276A_Fall24/cse276a_ws/install/key_joy', 'merge_install': False, 'path': '/root/CSE276A_Fall24/cse276a_ws/src/rb5_ros2/key_joy', 'symlink_install': False, 'test_result_base': None}
[0.361s] Level 5:colcon.colcon_core.verb:set package 'rb5_ros2_control' build argument 'cmake_args' from command line to 'None'
[0.361s] Level 5:colcon.colcon_core.verb:set package 'rb5_ros2_control' build argument 'cmake_target' from command line to 'None'
[0.361s] Level 5:colcon.colcon_core.verb:set package 'rb5_ros2_control' build argument 'cmake_target_skip_unavailable' from command line to 'False'
[0.361s] Level 5:colcon.colcon_core.verb:set package 'rb5_ros2_control' build argument 'cmake_clean_cache' from command line to 'False'
[0.361s] Level 5:colcon.colcon_core.verb:set package 'rb5_ros2_control' build argument 'cmake_clean_first' from command line to 'False'
[0.361s] Level 5:colcon.colcon_core.verb:set package 'rb5_ros2_control' build argument 'cmake_force_configure' from command line to 'False'
[0.361s] Level 5:colcon.colcon_core.verb:set package 'rb5_ros2_control' build argument 'ament_cmake_args' from command line to 'None'
[0.361s] Level 5:colcon.colcon_core.verb:set package 'rb5_ros2_control' build argument 'catkin_cmake_args' from command line to 'None'
[0.361s] Level 5:colcon.colcon_core.verb:set package 'rb5_ros2_control' build argument 'catkin_skip_building_tests' from command line to 'False'
[0.361s] DEBUG:colcon.colcon_core.verb:Building package 'rb5_ros2_control' with the following arguments: {'ament_cmake_args': None, 'build_base': '/root/CSE276A_Fall24/cse276a_ws/build/rb5_ros2_control', 'catkin_cmake_args': None, 'catkin_skip_building_tests': False, 'cmake_args': None, 'cmake_clean_cache': False, 'cmake_clean_first': False, 'cmake_force_configure': False, 'cmake_target': None, 'cmake_target_skip_unavailable': False, 'install_base': '/root/CSE276A_Fall24/cse276a_ws/install/rb5_ros2_control', 'merge_install': False, 'path': '/root/CSE276A_Fall24/cse276a_ws/src/rb5_ros2/rb5_ros2_control', 'symlink_install': False, 'test_result_base': None}
[0.361s] Level 5:colcon.colcon_core.verb:set package 'rb5_ros2_vision' build argument 'cmake_args' from command line to 'None'
[0.361s] Level 5:colcon.colcon_core.verb:set package 'rb5_ros2_vision' build argument 'cmake_target' from command line to 'None'
[0.361s] Level 5:colcon.colcon_core.verb:set package 'rb5_ros2_vision' build argument 'cmake_target_skip_unavailable' from command line to 'False'
[0.361s] Level 5:colcon.colcon_core.verb:set package 'rb5_ros2_vision' build argument 'cmake_clean_cache' from command line to 'False'
[0.361s] Level 5:colcon.colcon_core.verb:set package 'rb5_ros2_vision' build argument 'cmake_clean_first' from command line to 'False'
[0.361s] Level 5:colcon.colcon_core.verb:set package 'rb5_ros2_vision' build argument 'cmake_force_configure' from command line to 'False'
[0.361s] Level 5:colcon.colcon_core.verb:set package 'rb5_ros2_vision' build argument 'ament_cmake_args' from command line to 'None'
[0.361s] Level 5:colcon.colcon_core.verb:set package 'rb5_ros2_vision' build argument 'catkin_cmake_args' from command line to 'None'
[0.361s] Level 5:colcon.colcon_core.verb:set package 'rb5_ros2_vision' build argument 'catkin_skip_building_tests' from command line to 'False'
[0.361s] DEBUG:colcon.colcon_core.verb:Building package 'rb5_ros2_vision' with the following arguments: {'ament_cmake_args': None, 'build_base': '/root/CSE276A_Fall24/cse276a_ws/build/rb5_ros2_vision', 'catkin_cmake_args': None, 'catkin_skip_building_tests': False, 'cmake_args': None, 'cmake_clean_cache': False, 'cmake_clean_first': False, 'cmake_force_configure': False, 'cmake_target': None, 'cmake_target_skip_unavailable': False, 'install_base': '/root/CSE276A_Fall24/cse276a_ws/install/rb5_ros2_vision', 'merge_install': False, 'path': '/root/CSE276A_Fall24/cse276a_ws/src/rb5_ros2/rb5_ros2_vision', 'symlink_install': False, 'test_result_base': None}
[0.362s] Level 5:colcon.colcon_core.verb:set package 'ros2_april_detection' build argument 'cmake_args' from command line to 'None'
[0.362s] Level 5:colcon.colcon_core.verb:set package 'ros2_april_detection' build argument 'cmake_target' from command line to 'None'
[0.362s] Level 5:colcon.colcon_core.verb:set package 'ros2_april_detection' build argument 'cmake_target_skip_unavailable' from command line to 'False'
[0.362s] Level 5:colcon.colcon_core.verb:set package 'ros2_april_detection' build argument 'cmake_clean_cache' from command line to 'False'
[0.362s] Level 5:colcon.colcon_core.verb:set package 'ros2_april_detection' build argument 'cmake_clean_first' from command line to 'False'
[0.362s] Level 5:colcon.colcon_core.verb:set package 'ros2_april_detection' build argument 'cmake_force_configure' from command line to 'False'
[0.362s] Level 5:colcon.colcon_core.verb:set package 'ros2_april_detection' build argument 'ament_cmake_args' from command line to 'None'
[0.362s] Level 5:colcon.colcon_core.verb:set package 'ros2_april_detection' build argument 'catkin_cmake_args' from command line to 'None'
[0.362s] Level 5:colcon.colcon_core.verb:set package 'ros2_april_detection' build argument 'catkin_skip_building_tests' from command line to 'False'
[0.362s] DEBUG:colcon.colcon_core.verb:Building package 'ros2_april_detection' with the following arguments: {'ament_cmake_args': None, 'build_base': '/root/CSE276A_Fall24/cse276a_ws/build/ros2_april_detection', 'catkin_cmake_args': None, 'catkin_skip_building_tests': False, 'cmake_args': None, 'cmake_clean_cache': False, 'cmake_clean_first': False, 'cmake_force_configure': False, 'cmake_target': None, 'cmake_target_skip_unavailable': False, 'install_base': '/root/CSE276A_Fall24/cse276a_ws/install/ros2_april_detection', 'merge_install': False, 'path': '/root/CSE276A_Fall24/cse276a_ws/src/rb5_ros2/ros2_april_detection', 'symlink_install': False, 'test_result_base': None}
[0.362s] INFO:colcon.colcon_core.executor:Executing jobs using 'parallel' executor
[0.369s] DEBUG:colcon.colcon_parallel_executor.executor.parallel:run_until_complete
[0.370s] INFO:colcon.colcon_ros.task.ament_cmake.build:Building ROS package in '/root/CSE276A_Fall24/cse276a_ws/src/rb5_ros2/key_joy' with build type 'ament_cmake'
[0.370s] INFO:colcon.colcon_cmake.task.cmake.build:Building CMake package in '/root/CSE276A_Fall24/cse276a_ws/src/rb5_ros2/key_joy'
[0.375s] INFO:colcon.colcon_core.plugin_system:Skipping extension 'colcon_core.shell.bat': Not used on non-Windows systems
[0.375s] INFO:colcon.colcon_core.shell:Skip shell extension 'powershell' for command environment: Not usable outside of PowerShell
[0.375s] DEBUG:colcon.colcon_core.shell:Skip shell extension 'dsv' for command environment
[0.395s] INFO:colcon.colcon_ros.task.ament_cmake.build:Building ROS package in '/root/CSE276A_Fall24/cse276a_ws/src/rb5_ros2/rb5_ros2_control' with build type 'ament_cmake'
[0.398s] INFO:colcon.colcon_cmake.task.cmake.build:Building CMake package in '/root/CSE276A_Fall24/cse276a_ws/src/rb5_ros2/rb5_ros2_control'
[0.398s] INFO:colcon.colcon_core.shell:Skip shell extension 'powershell' for command environment: Not usable outside of PowerShell
[0.398s] DEBUG:colcon.colcon_core.shell:Skip shell extension 'dsv' for command environment
[0.408s] INFO:colcon.colcon_ros.task.ament_cmake.build:Building ROS package in '/root/CSE276A_Fall24/cse276a_ws/src/rb5_ros2/rb5_ros2_vision' with build type 'ament_cmake'
[0.408s] INFO:colcon.colcon_cmake.task.cmake.build:Building CMake package in '/root/CSE276A_Fall24/cse276a_ws/src/rb5_ros2/rb5_ros2_vision'
[0.408s] INFO:colcon.colcon_core.shell:Skip shell extension 'powershell' for command environment: Not usable outside of PowerShell
[0.408s] DEBUG:colcon.colcon_core.shell:Skip shell extension 'dsv' for command environment
[0.418s] INFO:colcon.colcon_ros.task.ament_cmake.build:Building ROS package in '/root/CSE276A_Fall24/cse276a_ws/src/rb5_ros2/ros2_april_detection' with build type 'ament_cmake'
[0.419s] INFO:colcon.colcon_cmake.task.cmake.build:Building CMake package in '/root/CSE276A_Fall24/cse276a_ws/src/rb5_ros2/ros2_april_detection'
[0.419s] INFO:colcon.colcon_core.shell:Skip shell extension 'powershell' for command environment: Not usable outside of PowerShell
[0.420s] DEBUG:colcon.colcon_core.shell:Skip shell extension 'dsv' for command environment
[0.447s] DEBUG:colcon.colcon_core.event_handler.log_command:Invoking command in '/root/CSE276A_Fall24/cse276a_ws/build/key_joy': CMAKE_PREFIX_PATH=${CMAKE_PREFIX_PATH}:/opt/ros/foxy _=/usr/bin/env /usr/bin/cmake --build /root/CSE276A_Fall24/cse276a_ws/build/key_joy -- -j8 -l8
[0.463s] DEBUG:colcon.colcon_core.event_handler.log_command:Invoking command in '/root/CSE276A_Fall24/cse276a_ws/build/rb5_ros2_control': CMAKE_PREFIX_PATH=${CMAKE_PREFIX_PATH}:/opt/ros/foxy _=/usr/bin/env /usr/bin/cmake --build /root/CSE276A_Fall24/cse276a_ws/build/rb5_ros2_control -- -j8 -l8
[0.486s] DEBUG:colcon.colcon_core.event_handler.log_command:Invoking command in '/root/CSE276A_Fall24/cse276a_ws/build/rb5_ros2_vision': CMAKE_PREFIX_PATH=${CMAKE_PREFIX_PATH}:/opt/ros/foxy _=/usr/bin/env /usr/bin/cmake --build /root/CSE276A_Fall24/cse276a_ws/build/rb5_ros2_vision -- -j8 -l8
[0.506s] DEBUG:colcon.colcon_core.event_handler.log_command:Invoking command in '/root/CSE276A_Fall24/cse276a_ws/build/ros2_april_detection': CMAKE_PREFIX_PATH=${CMAKE_PREFIX_PATH}:/opt/ros/foxy _=/usr/bin/env /usr/bin/cmake --build /root/CSE276A_Fall24/cse276a_ws/build/ros2_april_detection -- -j8 -l8
[0.586s] DEBUG:colcon.colcon_core.event_handler.log_command:Invoked command in '/root/CSE276A_Fall24/cse276a_ws/build/rb5_ros2_control' returned '0': CMAKE_PREFIX_PATH=${CMAKE_PREFIX_PATH}:/opt/ros/foxy _=/usr/bin/env /usr/bin/cmake --build /root/CSE276A_Fall24/cse276a_ws/build/rb5_ros2_control -- -j8 -l8
[0.616s] DEBUG:colcon.colcon_core.event_handler.log_command:Invoked command in '/root/CSE276A_Fall24/cse276a_ws/build/key_joy' returned '0': CMAKE_PREFIX_PATH=${CMAKE_PREFIX_PATH}:/opt/ros/foxy _=/usr/bin/env /usr/bin/cmake --build /root/CSE276A_Fall24/cse276a_ws/build/key_joy -- -j8 -l8
[0.782s] DEBUG:colcon.colcon_core.event_handler.log_command:Invoking command in '/root/CSE276A_Fall24/cse276a_ws/build/rb5_ros2_control': CMAKE_PREFIX_PATH=${CMAKE_PREFIX_PATH}:/opt/ros/foxy _=/usr/bin/env /usr/bin/cmake --install /root/CSE276A_Fall24/cse276a_ws/build/rb5_ros2_control
[0.798s] DEBUG:colcon.colcon_core.event_handler.log_command:Invoked command in '/root/CSE276A_Fall24/cse276a_ws/build/ros2_april_detection' returned '0': CMAKE_PREFIX_PATH=${CMAKE_PREFIX_PATH}:/opt/ros/foxy _=/usr/bin/env /usr/bin/cmake --build /root/CSE276A_Fall24/cse276a_ws/build/ros2_april_detection -- -j8 -l8
[0.814s] DEBUG:colcon.colcon_core.event_handler.log_command:Invoked command in '/root/CSE276A_Fall24/cse276a_ws/build/rb5_ros2_vision' returned '0': CMAKE_PREFIX_PATH=${CMAKE_PREFIX_PATH}:/opt/ros/foxy _=/usr/bin/env /usr/bin/cmake --build /root/CSE276A_Fall24/cse276a_ws/build/rb5_ros2_vision -- -j8 -l8
[0.841s] DEBUG:colcon.colcon_core.event_handler.log_command:Invoking command in '/root/CSE276A_Fall24/cse276a_ws/build/key_joy': CMAKE_PREFIX_PATH=${CMAKE_PREFIX_PATH}:/opt/ros/foxy _=/usr/bin/env /usr/bin/cmake --install /root/CSE276A_Fall24/cse276a_ws/build/key_joy
[0.900s] Level 1:colcon.colcon_core.environment:create_environment_scripts_only(rb5_ros2_control)
[0.904s] DEBUG:colcon.colcon_core.event_handler.log_command:Invoked command in '/root/CSE276A_Fall24/cse276a_ws/build/rb5_ros2_control' returned '0': CMAKE_PREFIX_PATH=${CMAKE_PREFIX_PATH}:/opt/ros/foxy _=/usr/bin/env /usr/bin/cmake --install /root/CSE276A_Fall24/cse276a_ws/build/rb5_ros2_control
[0.913s] Level 1:colcon.colcon_core.environment:checking '/root/CSE276A_Fall24/cse276a_ws/install/rb5_ros2_control' for CMake module files
[0.917s] Level 1:colcon.colcon_core.environment:checking '/root/CSE276A_Fall24/cse276a_ws/install/rb5_ros2_control' for CMake config files
[0.918s] Level 1:colcon.colcon_core.shell:create_environment_hook('rb5_ros2_control', 'cmake_prefix_path')
[0.919s] INFO:colcon.colcon_core.shell:Creating environment hook '/root/CSE276A_Fall24/cse276a_ws/install/rb5_ros2_control/share/rb5_ros2_control/hook/cmake_prefix_path.ps1'
[0.922s] INFO:colcon.colcon_core.shell:Creating environment descriptor '/root/CSE276A_Fall24/cse276a_ws/install/rb5_ros2_control/share/rb5_ros2_control/hook/cmake_prefix_path.dsv'
[0.925s] INFO:colcon.colcon_core.shell:Creating environment hook '/root/CSE276A_Fall24/cse276a_ws/install/rb5_ros2_control/share/rb5_ros2_control/hook/cmake_prefix_path.sh'
[0.926s] Level 1:colcon.colcon_core.environment:checking '/root/CSE276A_Fall24/cse276a_ws/install/rb5_ros2_control/lib'
[0.927s] Level 1:colcon.colcon_core.environment:checking '/root/CSE276A_Fall24/cse276a_ws/install/rb5_ros2_control/bin'
[0.927s] Level 1:colcon.colcon_core.environment:checking '/root/CSE276A_Fall24/cse276a_ws/install/rb5_ros2_control/lib/pkgconfig/rb5_ros2_control.pc'
[0.927s] Level 1:colcon.colcon_core.environment:checking '/root/CSE276A_Fall24/cse276a_ws/install/rb5_ros2_control/lib/python3.8/site-packages'
[0.927s] Level 1:colcon.colcon_core.shell:create_environment_hook('rb5_ros2_control', 'pythonpath')
[0.927s] INFO:colcon.colcon_core.shell:Creating environment hook '/root/CSE276A_Fall24/cse276a_ws/install/rb5_ros2_control/share/rb5_ros2_control/hook/pythonpath.ps1'
[0.928s] INFO:colcon.colcon_core.shell:Creating environment descriptor '/root/CSE276A_Fall24/cse276a_ws/install/rb5_ros2_control/share/rb5_ros2_control/hook/pythonpath.dsv'
[0.929s] INFO:colcon.colcon_core.shell:Creating environment hook '/root/CSE276A_Fall24/cse276a_ws/install/rb5_ros2_control/share/rb5_ros2_control/hook/pythonpath.sh'
[0.929s] Level 1:colcon.colcon_core.environment:checking '/root/CSE276A_Fall24/cse276a_ws/install/rb5_ros2_control/bin'
[0.930s] INFO:colcon.colcon_core.shell:Creating package script '/root/CSE276A_Fall24/cse276a_ws/install/rb5_ros2_control/share/rb5_ros2_control/package.ps1'
[0.932s] INFO:colcon.colcon_core.shell:Creating package descriptor '/root/CSE276A_Fall24/cse276a_ws/install/rb5_ros2_control/share/rb5_ros2_control/package.dsv'
[0.933s] INFO:colcon.colcon_core.shell:Creating package script '/root/CSE276A_Fall24/cse276a_ws/install/rb5_ros2_control/share/rb5_ros2_control/package.sh'
[0.935s] INFO:colcon.colcon_core.shell:Creating package script '/root/CSE276A_Fall24/cse276a_ws/install/rb5_ros2_control/share/rb5_ros2_control/package.bash'
[0.937s] INFO:colcon.colcon_core.shell:Creating package script '/root/CSE276A_Fall24/cse276a_ws/install/rb5_ros2_control/share/rb5_ros2_control/package.zsh'
[0.938s] Level 1:colcon.colcon_core.environment:create_file_with_runtime_dependencies(/root/CSE276A_Fall24/cse276a_ws/install/rb5_ros2_control/share/colcon-core/packages/rb5_ros2_control)
[0.953s] DEBUG:colcon.colcon_core.event_handler.log_command:Invoking command in '/root/CSE276A_Fall24/cse276a_ws/build/ros2_april_detection': CMAKE_PREFIX_PATH=${CMAKE_PREFIX_PATH}:/opt/ros/foxy _=/usr/bin/env /usr/bin/cmake --install /root/CSE276A_Fall24/cse276a_ws/build/ros2_april_detection
[0.982s] DEBUG:colcon.colcon_core.event_handler.log_command:Invoking command in '/root/CSE276A_Fall24/cse276a_ws/build/rb5_ros2_vision': CMAKE_PREFIX_PATH=${CMAKE_PREFIX_PATH}:/opt/ros/foxy _=/usr/bin/env /usr/bin/cmake --install /root/CSE276A_Fall24/cse276a_ws/build/rb5_ros2_vision
[0.988s] Level 1:colcon.colcon_core.environment:create_environment_scripts_only(key_joy)
[0.989s] Level 1:colcon.colcon_core.environment:checking '/root/CSE276A_Fall24/cse276a_ws/install/key_joy' for CMake module files
[0.993s] DEBUG:colcon.colcon_core.event_handler.log_command:Invoked command in '/root/CSE276A_Fall24/cse276a_ws/build/key_joy' returned '0': CMAKE_PREFIX_PATH=${CMAKE_PREFIX_PATH}:/opt/ros/foxy _=/usr/bin/env /usr/bin/cmake --install /root/CSE276A_Fall24/cse276a_ws/build/key_joy
[0.994s] Level 1:colcon.colcon_core.environment:checking '/root/CSE276A_Fall24/cse276a_ws/install/key_joy' for CMake config files
[0.996s] Level 1:colcon.colcon_core.shell:create_environment_hook('key_joy', 'cmake_prefix_path')
[0.996s] INFO:colcon.colcon_core.shell:Creating environment hook '/root/CSE276A_Fall24/cse276a_ws/install/key_joy/share/key_joy/hook/cmake_prefix_path.ps1'
[0.997s] INFO:colcon.colcon_core.shell:Creating environment descriptor '/root/CSE276A_Fall24/cse276a_ws/install/key_joy/share/key_joy/hook/cmake_prefix_path.dsv'
[0.999s] INFO:colcon.colcon_core.shell:Creating environment hook '/root/CSE276A_Fall24/cse276a_ws/install/key_joy/share/key_joy/hook/cmake_prefix_path.sh'
[1.000s] Level 1:colcon.colcon_core.environment:checking '/root/CSE276A_Fall24/cse276a_ws/install/key_joy/lib'
[1.000s] Level 1:colcon.colcon_core.environment:checking '/root/CSE276A_Fall24/cse276a_ws/install/key_joy/bin'
[1.001s] Level 1:colcon.colcon_core.environment:checking '/root/CSE276A_Fall24/cse276a_ws/install/key_joy/lib/pkgconfig/key_joy.pc'
[1.001s] Level 1:colcon.colcon_core.environment:checking '/root/CSE276A_Fall24/cse276a_ws/install/key_joy/lib/python3.8/site-packages'
[1.001s] Level 1:colcon.colcon_core.shell:create_environment_hook('key_joy', 'pythonpath')
[1.001s] INFO:colcon.colcon_core.shell:Creating environment hook '/root/CSE276A_Fall24/cse276a_ws/install/key_joy/share/key_joy/hook/pythonpath.ps1'
[1.002s] INFO:colcon.colcon_core.shell:Creating environment descriptor '/root/CSE276A_Fall24/cse276a_ws/install/key_joy/share/key_joy/hook/pythonpath.dsv'
[1.003s] INFO:colcon.colcon_core.shell:Creating environment hook '/root/CSE276A_Fall24/cse276a_ws/install/key_joy/share/key_joy/hook/pythonpath.sh'
[1.005s] Level 1:colcon.colcon_core.environment:checking '/root/CSE276A_Fall24/cse276a_ws/install/key_joy/bin'
[1.005s] INFO:colcon.colcon_core.shell:Creating package script '/root/CSE276A_Fall24/cse276a_ws/install/key_joy/share/key_joy/package.ps1'
[1.006s] INFO:colcon.colcon_core.shell:Creating package descriptor '/root/CSE276A_Fall24/cse276a_ws/install/key_joy/share/key_joy/package.dsv'
[1.007s] INFO:colcon.colcon_core.shell:Creating package script '/root/CSE276A_Fall24/cse276a_ws/install/key_joy/share/key_joy/package.sh'
[1.008s] INFO:colcon.colcon_core.shell:Creating package script '/root/CSE276A_Fall24/cse276a_ws/install/key_joy/share/key_joy/package.bash'
[1.008s] INFO:colcon.colcon_core.shell:Creating package script '/root/CSE276A_Fall24/cse276a_ws/install/key_joy/share/key_joy/package.zsh'
[1.008s] Level 1:colcon.colcon_core.environment:create_file_with_runtime_dependencies(/root/CSE276A_Fall24/cse276a_ws/install/key_joy/share/colcon-core/packages/key_joy)
[1.021s] Level 1:colcon.colcon_core.environment:create_environment_scripts_only(ros2_april_detection)
[1.022s] Level 1:colcon.colcon_core.environment:checking '/root/CSE276A_Fall24/cse276a_ws/install/ros2_april_detection' for CMake module files
[1.025s] Level 1:colcon.colcon_core.environment:checking '/root/CSE276A_Fall24/cse276a_ws/install/ros2_april_detection' for CMake config files
[1.028s] Level 1:colcon.colcon_core.shell:create_environment_hook('ros2_april_detection', 'cmake_prefix_path')
[1.028s] INFO:colcon.colcon_core.shell:Creating environment hook '/root/CSE276A_Fall24/cse276a_ws/install/ros2_april_detection/share/ros2_april_detection/hook/cmake_prefix_path.ps1'
[1.030s] INFO:colcon.colcon_core.shell:Creating environment descriptor '/root/CSE276A_Fall24/cse276a_ws/install/ros2_april_detection/share/ros2_april_detection/hook/cmake_prefix_path.dsv'
[1.031s] INFO:colcon.colcon_core.shell:Creating environment hook '/root/CSE276A_Fall24/cse276a_ws/install/ros2_april_detection/share/ros2_april_detection/hook/cmake_prefix_path.sh'
[1.032s] Level 1:colcon.colcon_core.environment:checking '/root/CSE276A_Fall24/cse276a_ws/install/ros2_april_detection/lib'
[1.032s] Level 1:colcon.colcon_core.environment:checking '/root/CSE276A_Fall24/cse276a_ws/install/ros2_april_detection/bin'
[1.033s] Level 1:colcon.colcon_core.environment:checking '/root/CSE276A_Fall24/cse276a_ws/install/ros2_april_detection/lib/pkgconfig/ros2_april_detection.pc'
[1.033s] Level 1:colcon.colcon_core.environment:checking '/root/CSE276A_Fall24/cse276a_ws/install/ros2_april_detection/lib/python3.8/site-packages'
[1.033s] Level 1:colcon.colcon_core.environment:checking '/root/CSE276A_Fall24/cse276a_ws/install/ros2_april_detection/bin'
[1.033s] INFO:colcon.colcon_core.shell:Creating package script '/root/CSE276A_Fall24/cse276a_ws/install/ros2_april_detection/share/ros2_april_detection/package.ps1'
[1.035s] INFO:colcon.colcon_core.shell:Creating package descriptor '/root/CSE276A_Fall24/cse276a_ws/install/ros2_april_detection/share/ros2_april_detection/package.dsv'
[1.037s] INFO:colcon.colcon_core.shell:Creating package script '/root/CSE276A_Fall24/cse276a_ws/install/ros2_april_detection/share/ros2_april_detection/package.sh'
[1.038s] DEBUG:colcon.colcon_core.event_handler.log_command:Invoked command in '/root/CSE276A_Fall24/cse276a_ws/build/ros2_april_detection' returned '0': CMAKE_PREFIX_PATH=${CMAKE_PREFIX_PATH}:/opt/ros/foxy _=/usr/bin/env /usr/bin/cmake --install /root/CSE276A_Fall24/cse276a_ws/build/ros2_april_detection
[1.038s] INFO:colcon.colcon_core.shell:Creating package script '/root/CSE276A_Fall24/cse276a_ws/install/ros2_april_detection/share/ros2_april_detection/package.bash'
[1.039s] INFO:colcon.colcon_core.shell:Creating package script '/root/CSE276A_Fall24/cse276a_ws/install/ros2_april_detection/share/ros2_april_detection/package.zsh'
[1.039s] Level 1:colcon.colcon_core.environment:create_file_with_runtime_dependencies(/root/CSE276A_Fall24/cse276a_ws/install/ros2_april_detection/share/colcon-core/packages/ros2_april_detection)
[1.050s] Level 1:colcon.colcon_core.environment:create_environment_scripts_only(rb5_ros2_vision)
[1.051s] Level 1:colcon.colcon_core.environment:checking '/root/CSE276A_Fall24/cse276a_ws/install/rb5_ros2_vision' for CMake module files
[1.053s] DEBUG:colcon.colcon_core.event_handler.log_command:Invoked command in '/root/CSE276A_Fall24/cse276a_ws/build/rb5_ros2_vision' returned '0': CMAKE_PREFIX_PATH=${CMAKE_PREFIX_PATH}:/opt/ros/foxy _=/usr/bin/env /usr/bin/cmake --install /root/CSE276A_Fall24/cse276a_ws/build/rb5_ros2_vision
[1.054s] Level 1:colcon.colcon_core.environment:checking '/root/CSE276A_Fall24/cse276a_ws/install/rb5_ros2_vision' for CMake config files
[1.056s] Level 1:colcon.colcon_core.shell:create_environment_hook('rb5_ros2_vision', 'cmake_prefix_path')
[1.056s] INFO:colcon.colcon_core.shell:Creating environment hook '/root/CSE276A_Fall24/cse276a_ws/install/rb5_ros2_vision/share/rb5_ros2_vision/hook/cmake_prefix_path.ps1'
[1.057s] INFO:colcon.colcon_core.shell:Creating environment descriptor '/root/CSE276A_Fall24/cse276a_ws/install/rb5_ros2_vision/share/rb5_ros2_vision/hook/cmake_prefix_path.dsv'
[1.058s] INFO:colcon.colcon_core.shell:Creating environment hook '/root/CSE276A_Fall24/cse276a_ws/install/rb5_ros2_vision/share/rb5_ros2_vision/hook/cmake_prefix_path.sh'
[1.059s] Level 1:colcon.colcon_core.environment:checking '/root/CSE276A_Fall24/cse276a_ws/install/rb5_ros2_vision/lib'
[1.059s] Level 1:colcon.colcon_core.environment:checking '/root/CSE276A_Fall24/cse276a_ws/install/rb5_ros2_vision/bin'
[1.059s] Level 1:colcon.colcon_core.environment:checking '/root/CSE276A_Fall24/cse276a_ws/install/rb5_ros2_vision/lib/pkgconfig/rb5_ros2_vision.pc'
[1.060s] Level 1:colcon.colcon_core.environment:checking '/root/CSE276A_Fall24/cse276a_ws/install/rb5_ros2_vision/lib/python3.8/site-packages'
[1.060s] Level 1:colcon.colcon_core.environment:checking '/root/CSE276A_Fall24/cse276a_ws/install/rb5_ros2_vision/bin'
[1.060s] INFO:colcon.colcon_core.shell:Creating package script '/root/CSE276A_Fall24/cse276a_ws/install/rb5_ros2_vision/share/rb5_ros2_vision/package.ps1'
[1.061s] INFO:colcon.colcon_core.shell:Creating package descriptor '/root/CSE276A_Fall24/cse276a_ws/install/rb5_ros2_vision/share/rb5_ros2_vision/package.dsv'
[1.062s] INFO:colcon.colcon_core.shell:Creating package script '/root/CSE276A_Fall24/cse276a_ws/install/rb5_ros2_vision/share/rb5_ros2_vision/package.sh'
[1.063s] INFO:colcon.colcon_core.shell:Creating package script '/root/CSE276A_Fall24/cse276a_ws/install/rb5_ros2_vision/share/rb5_ros2_vision/package.bash'
[1.063s] INFO:colcon.colcon_core.shell:Creating package script '/root/CSE276A_Fall24/cse276a_ws/install/rb5_ros2_vision/share/rb5_ros2_vision/package.zsh'
[1.064s] Level 1:colcon.colcon_core.environment:create_file_with_runtime_dependencies(/root/CSE276A_Fall24/cse276a_ws/install/rb5_ros2_vision/share/colcon-core/packages/rb5_ros2_vision)
[1.077s] Level 1:colcon.colcon_core.environment:create_environment_scripts_only(rb5_ros2_control)
[1.078s] Level 1:colcon.colcon_core.environment:checking '/root/CSE276A_Fall24/cse276a_ws/install/rb5_ros2_control' for CMake module files
[1.079s] Level 1:colcon.colcon_core.environment:checking '/root/CSE276A_Fall24/cse276a_ws/install/rb5_ros2_control' for CMake config files
[1.079s] Level 1:colcon.colcon_core.shell:create_environment_hook('rb5_ros2_control', 'cmake_prefix_path')
[1.080s] INFO:colcon.colcon_core.shell:Creating environment hook '/root/CSE276A_Fall24/cse276a_ws/install/rb5_ros2_control/share/rb5_ros2_control/hook/cmake_prefix_path.ps1'
[1.081s] INFO:colcon.colcon_core.shell:Creating environment descriptor '/root/CSE276A_Fall24/cse276a_ws/install/rb5_ros2_control/share/rb5_ros2_control/hook/cmake_prefix_path.dsv'
[1.081s] INFO:colcon.colcon_core.shell:Creating environment hook '/root/CSE276A_Fall24/cse276a_ws/install/rb5_ros2_control/share/rb5_ros2_control/hook/cmake_prefix_path.sh'
[1.082s] Level 1:colcon.colcon_core.environment:checking '/root/CSE276A_Fall24/cse276a_ws/install/rb5_ros2_control/lib'
[1.083s] Level 1:colcon.colcon_core.environment:checking '/root/CSE276A_Fall24/cse276a_ws/install/rb5_ros2_control/bin'
[1.083s] Level 1:colcon.colcon_core.environment:checking '/root/CSE276A_Fall24/cse276a_ws/install/rb5_ros2_control/lib/pkgconfig/rb5_ros2_control.pc'
[1.083s] Level 1:colcon.colcon_core.environment:checking '/root/CSE276A_Fall24/cse276a_ws/install/rb5_ros2_control/lib/python3.8/site-packages'
[1.083s] Level 1:colcon.colcon_core.shell:create_environment_hook('rb5_ros2_control', 'pythonpath')
[1.084s] INFO:colcon.colcon_core.shell:Creating environment hook '/root/CSE276A_Fall24/cse276a_ws/install/rb5_ros2_control/share/rb5_ros2_control/hook/pythonpath.ps1'
[1.085s] INFO:colcon.colcon_core.shell:Creating environment descriptor '/root/CSE276A_Fall24/cse276a_ws/install/rb5_ros2_control/share/rb5_ros2_control/hook/pythonpath.dsv'
[1.086s] INFO:colcon.colcon_core.shell:Creating environment hook '/root/CSE276A_Fall24/cse276a_ws/install/rb5_ros2_control/share/rb5_ros2_control/hook/pythonpath.sh'
[1.087s] Level 1:colcon.colcon_core.environment:checking '/root/CSE276A_Fall24/cse276a_ws/install/rb5_ros2_control/bin'
[1.088s] INFO:colcon.colcon_core.shell:Creating package script '/root/CSE276A_Fall24/cse276a_ws/install/rb5_ros2_control/share/rb5_ros2_control/package.ps1'
[1.089s] INFO:colcon.colcon_core.shell:Creating package descriptor '/root/CSE276A_Fall24/cse276a_ws/install/rb5_ros2_control/share/rb5_ros2_control/package.dsv'
[1.090s] INFO:colcon.colcon_core.shell:Creating package script '/root/CSE276A_Fall24/cse276a_ws/install/rb5_ros2_control/share/rb5_ros2_control/package.sh'
[1.091s] INFO:colcon.colcon_core.shell:Creating package script '/root/CSE276A_Fall24/cse276a_ws/install/rb5_ros2_control/share/rb5_ros2_control/package.bash'
[1.093s] INFO:colcon.colcon_core.shell:Creating package script '/root/CSE276A_Fall24/cse276a_ws/install/rb5_ros2_control/share/rb5_ros2_control/package.zsh'
[1.093s] Level 1:colcon.colcon_core.environment:create_file_with_runtime_dependencies(/root/CSE276A_Fall24/cse276a_ws/install/rb5_ros2_control/share/colcon-core/packages/rb5_ros2_control)
[1.122s] Level 1:colcon.colcon_core.environment:create_environment_scripts_only(key_joy)
[1.122s] Level 1:colcon.colcon_core.environment:checking '/root/CSE276A_Fall24/cse276a_ws/install/key_joy' for CMake module files
[1.124s] Level 1:colcon.colcon_core.environment:checking '/root/CSE276A_Fall24/cse276a_ws/install/key_joy' for CMake config files
[1.124s] Level 1:colcon.colcon_core.shell:create_environment_hook('key_joy', 'cmake_prefix_path')
[1.124s] INFO:colcon.colcon_core.shell:Creating environment hook '/root/CSE276A_Fall24/cse276a_ws/install/key_joy/share/key_joy/hook/cmake_prefix_path.ps1'
[1.126s] INFO:colcon.colcon_core.shell:Creating environment descriptor '/root/CSE276A_Fall24/cse276a_ws/install/key_joy/share/key_joy/hook/cmake_prefix_path.dsv'
[1.126s] INFO:colcon.colcon_core.shell:Creating environment hook '/root/CSE276A_Fall24/cse276a_ws/install/key_joy/share/key_joy/hook/cmake_prefix_path.sh'
[1.128s] Level 1:colcon.colcon_core.environment:checking '/root/CSE276A_Fall24/cse276a_ws/install/key_joy/lib'
[1.128s] Level 1:colcon.colcon_core.environment:checking '/root/CSE276A_Fall24/cse276a_ws/install/key_joy/bin'
[1.128s] Level 1:colcon.colcon_core.environment:checking '/root/CSE276A_Fall24/cse276a_ws/install/key_joy/lib/pkgconfig/key_joy.pc'
[1.128s] Level 1:colcon.colcon_core.environment:checking '/root/CSE276A_Fall24/cse276a_ws/install/key_joy/lib/python3.8/site-packages'
[1.129s] Level 1:colcon.colcon_core.shell:create_environment_hook('key_joy', 'pythonpath')
[1.129s] INFO:colcon.colcon_core.shell:Creating environment hook '/root/CSE276A_Fall24/cse276a_ws/install/key_joy/share/key_joy/hook/pythonpath.ps1'
[1.130s] INFO:colcon.colcon_core.shell:Creating environment descriptor '/root/CSE276A_Fall24/cse276a_ws/install/key_joy/share/key_joy/hook/pythonpath.dsv'
[1.131s] INFO:colcon.colcon_core.shell:Creating environment hook '/root/CSE276A_Fall24/cse276a_ws/install/key_joy/share/key_joy/hook/pythonpath.sh'
[1.132s] Level 1:colcon.colcon_core.environment:checking '/root/CSE276A_Fall24/cse276a_ws/install/key_joy/bin'
[1.133s] INFO:colcon.colcon_core.shell:Creating package script '/root/CSE276A_Fall24/cse276a_ws/install/key_joy/share/key_joy/package.ps1'
[1.134s] INFO:colcon.colcon_core.shell:Creating package descriptor '/root/CSE276A_Fall24/cse276a_ws/install/key_joy/share/key_joy/package.dsv'
[1.136s] INFO:colcon.colcon_core.shell:Creating package script '/root/CSE276A_Fall24/cse276a_ws/install/key_joy/share/key_joy/package.sh'
[1.137s] INFO:colcon.colcon_core.shell:Creating package script '/root/CSE276A_Fall24/cse276a_ws/install/key_joy/share/key_joy/package.bash'
[1.138s] INFO:colcon.colcon_core.shell:Creating package script '/root/CSE276A_Fall24/cse276a_ws/install/key_joy/share/key_joy/package.zsh'
[1.139s] Level 1:colcon.colcon_core.environment:create_file_with_runtime_dependencies(/root/CSE276A_Fall24/cse276a_ws/install/key_joy/share/colcon-core/packages/key_joy)
[1.184s] Level 1:colcon.colcon_core.environment:create_environment_scripts_only(ros2_april_detection)
[1.186s] Level 1:colcon.colcon_core.environment:checking '/root/CSE276A_Fall24/cse276a_ws/install/ros2_april_detection' for CMake module files
[1.190s] Level 1:colcon.colcon_core.environment:checking '/root/CSE276A_Fall24/cse276a_ws/install/ros2_april_detection' for CMake config files
[1.191s] Level 1:colcon.colcon_core.shell:create_environment_hook('ros2_april_detection', 'cmake_prefix_path')
[1.192s] INFO:colcon.colcon_core.shell:Creating environment hook '/root/CSE276A_Fall24/cse276a_ws/install/ros2_april_detection/share/ros2_april_detection/hook/cmake_prefix_path.ps1'
[1.195s] INFO:colcon.colcon_core.shell:Creating environment descriptor '/root/CSE276A_Fall24/cse276a_ws/install/ros2_april_detection/share/ros2_april_detection/hook/cmake_prefix_path.dsv'
[1.196s] INFO:colcon.colcon_core.shell:Creating environment hook '/root/CSE276A_Fall24/cse276a_ws/install/ros2_april_detection/share/ros2_april_detection/hook/cmake_prefix_path.sh'
[1.198s] Level 1:colcon.colcon_core.environment:checking '/root/CSE276A_Fall24/cse276a_ws/install/ros2_april_detection/lib'
[1.199s] Level 1:colcon.colcon_core.environment:checking '/root/CSE276A_Fall24/cse276a_ws/install/ros2_april_detection/bin'
[1.199s] Level 1:colcon.colcon_core.environment:checking '/root/CSE276A_Fall24/cse276a_ws/install/ros2_april_detection/lib/pkgconfig/ros2_april_detection.pc'
[1.200s] Level 1:colcon.colcon_core.environment:checking '/root/CSE276A_Fall24/cse276a_ws/install/ros2_april_detection/lib/python3.8/site-packages'
[1.201s] Level 1:colcon.colcon_core.environment:checking '/root/CSE276A_Fall24/cse276a_ws/install/ros2_april_detection/bin'
[1.202s] INFO:colcon.colcon_core.shell:Creating package script '/root/CSE276A_Fall24/cse276a_ws/install/ros2_april_detection/share/ros2_april_detection/package.ps1'
[1.204s] INFO:colcon.colcon_core.shell:Creating package descriptor '/root/CSE276A_Fall24/cse276a_ws/install/ros2_april_detection/share/ros2_april_detection/package.dsv'
[1.206s] INFO:colcon.colcon_core.shell:Creating package script '/root/CSE276A_Fall24/cse276a_ws/install/ros2_april_detection/share/ros2_april_detection/package.sh'
[1.208s] INFO:colcon.colcon_core.shell:Creating package script '/root/CSE276A_Fall24/cse276a_ws/install/ros2_april_detection/share/ros2_april_detection/package.bash'
[1.210s] INFO:colcon.colcon_core.shell:Creating package script '/root/CSE276A_Fall24/cse276a_ws/install/ros2_april_detection/share/ros2_april_detection/package.zsh'
[1.212s] Level 1:colcon.colcon_core.environment:create_file_with_runtime_dependencies(/root/CSE276A_Fall24/cse276a_ws/install/ros2_april_detection/share/colcon-core/packages/ros2_april_detection)
[1.215s] Level 1:colcon.colcon_core.environment:create_environment_scripts_only(rb5_ros2_vision)
[1.215s] Level 1:colcon.colcon_core.environment:checking '/root/CSE276A_Fall24/cse276a_ws/install/rb5_ros2_vision' for CMake module files
[1.218s] Level 1:colcon.colcon_core.environment:checking '/root/CSE276A_Fall24/cse276a_ws/install/rb5_ros2_vision' for CMake config files
[1.219s] Level 1:colcon.colcon_core.shell:create_environment_hook('rb5_ros2_vision', 'cmake_prefix_path')
[1.219s] INFO:colcon.colcon_core.shell:Creating environment hook '/root/CSE276A_Fall24/cse276a_ws/install/rb5_ros2_vision/share/rb5_ros2_vision/hook/cmake_prefix_path.ps1'
[1.221s] INFO:colcon.colcon_core.shell:Creating environment descriptor '/root/CSE276A_Fall24/cse276a_ws/install/rb5_ros2_vision/share/rb5_ros2_vision/hook/cmake_prefix_path.dsv'
[1.221s] INFO:colcon.colcon_core.shell:Creating environment hook '/root/CSE276A_Fall24/cse276a_ws/install/rb5_ros2_vision/share/rb5_ros2_vision/hook/cmake_prefix_path.sh'
[1.222s] Level 1:colcon.colcon_core.environment:checking '/root/CSE276A_Fall24/cse276a_ws/install/rb5_ros2_vision/lib'
[1.222s] Level 1:colcon.colcon_core.environment:checking '/root/CSE276A_Fall24/cse276a_ws/install/rb5_ros2_vision/bin'
[1.223s] Level 1:colcon.colcon_core.environment:checking '/root/CSE276A_Fall24/cse276a_ws/install/rb5_ros2_vision/lib/pkgconfig/rb5_ros2_vision.pc'
[1.223s] Level 1:colcon.colcon_core.environment:checking '/root/CSE276A_Fall24/cse276a_ws/install/rb5_ros2_vision/lib/python3.8/site-packages'
[1.223s] Level 1:colcon.colcon_core.environment:checking '/root/CSE276A_Fall24/cse276a_ws/install/rb5_ros2_vision/bin'
[1.224s] INFO:colcon.colcon_core.shell:Creating package script '/root/CSE276A_Fall24/cse276a_ws/install/rb5_ros2_vision/share/rb5_ros2_vision/package.ps1'
[1.225s] INFO:colcon.colcon_core.shell:Creating package descriptor '/root/CSE276A_Fall24/cse276a_ws/install/rb5_ros2_vision/share/rb5_ros2_vision/package.dsv'
[1.226s] INFO:colcon.colcon_core.shell:Creating package script '/root/CSE276A_Fall24/cse276a_ws/install/rb5_ros2_vision/share/rb5_ros2_vision/package.sh'
[1.227s] INFO:colcon.colcon_core.shell:Creating package script '/root/CSE276A_Fall24/cse276a_ws/install/rb5_ros2_vision/share/rb5_ros2_vision/package.bash'
[1.227s] INFO:colcon.colcon_core.shell:Creating package script '/root/CSE276A_Fall24/cse276a_ws/install/rb5_ros2_vision/share/rb5_ros2_vision/package.zsh'
[1.228s] Level 1:colcon.colcon_core.environment:create_file_with_runtime_dependencies(/root/CSE276A_Fall24/cse276a_ws/install/rb5_ros2_vision/share/colcon-core/packages/rb5_ros2_vision)
[1.229s] DEBUG:colcon.colcon_parallel_executor.executor.parallel:closing loop
[1.230s] DEBUG:colcon.colcon_parallel_executor.executor.parallel:loop closed
[1.230s] DEBUG:colcon.colcon_parallel_executor.executor.parallel:run_until_complete finished with '0'
[1.230s] DEBUG:colcon.colcon_core.event_reactor:joining thread
[1.281s] INFO:colcon.colcon_core.plugin_system:Skipping extension 'colcon_notification.desktop_notification.terminal_notifier': Not used on non-Darwin systems
[1.282s] INFO:colcon.colcon_core.plugin_system:Skipping extension 'colcon_notification.desktop_notification.win32': Not used on non-Windows systems
[1.282s] INFO:colcon.colcon_notification.desktop_notification:Sending desktop notification using 'notify2'
[26.313s] DEBUG:colcon.colcon_notification.desktop_notification.notify2:Failed to initialize notify2: org.freedesktop.DBus.Error.NoReply: Did not receive a reply. Possible causes include: the remote application did not send a reply, the message bus security policy blocked the reply, the reply timeout expired, or the network connection was broken.
[26.315s] DEBUG:colcon.colcon_core.event_reactor:joined thread
[26.319s] INFO:colcon.colcon_core.shell:Creating prefix script '/root/CSE276A_Fall24/cse276a_ws/install/local_setup.ps1'
[26.337s] INFO:colcon.colcon_core.shell:Creating prefix util module '/root/CSE276A_Fall24/cse276a_ws/install/_local_setup_util_ps1.py'
[26.346s] INFO:colcon.colcon_core.shell:Creating prefix chain script '/root/CSE276A_Fall24/cse276a_ws/install/setup.ps1'
[26.353s] INFO:colcon.colcon_core.shell:Creating prefix script '/root/CSE276A_Fall24/cse276a_ws/install/local_setup.sh'
[26.356s] INFO:colcon.colcon_core.shell:Creating prefix util module '/root/CSE276A_Fall24/cse276a_ws/install/_local_setup_util_sh.py'
[26.359s] INFO:colcon.colcon_core.shell:Creating prefix chain script '/root/CSE276A_Fall24/cse276a_ws/install/setup.sh'
[26.365s] INFO:colcon.colcon_core.shell:Creating prefix script '/root/CSE276A_Fall24/cse276a_ws/install/local_setup.bash'
[26.367s] INFO:colcon.colcon_core.shell:Creating prefix chain script '/root/CSE276A_Fall24/cse276a_ws/install/setup.bash'
[26.372s] INFO:colcon.colcon_core.shell:Creating prefix script '/root/CSE276A_Fall24/cse276a_ws/install/local_setup.zsh'
[26.374s] INFO:colcon.colcon_core.shell:Creating prefix chain script '/root/CSE276A_Fall24/cse276a_ws/install/setup.zsh'
