[ 50%] [32mBuilding CXX object CMakeFiles/rb_camera_ocv_node.dir/src/rb_camera_ocv_node.cpp.o[0m
[100%] [32m[1mLinking CXX executable rb_camera_ocv_node[0m
[100%] Built target rb_camera_ocv_node
-- Install configuration: ""
-- Up-to-date: /root/CSE276A_Fall24/cse276a_ws/install/rb5_ros2_vision/share/rb5_ros2_vision/launch
-- Up-to-date: /root/CSE276A_Fall24/cse276a_ws/install/rb5_ros2_vision/share/rb5_ros2_vision/launch/rb_camera_both_ocv.launch
-- Up-to-date: /root/CSE276A_Fall24/cse276a_ws/install/rb5_ros2_vision/share/rb5_ros2_vision/launch/rb_camera_both_ocv_launch.py
-- Up-to-date: /root/CSE276A_Fall24/cse276a_ws/install/rb5_ros2_vision/share/rb5_ros2_vision/launch/rb_camera_main_ocv.launch.xml
-- Up-to-date: /root/CSE276A_Fall24/cse276a_ws/install/rb5_ros2_vision/share/rb5_ros2_vision/launch/rb_camera_main_ocv_launch.py
-- Up-to-date: /root/CSE276A_Fall24/cse276a_ws/install/rb5_ros2_vision/share/rb5_ros2_vision/launch/rb_camera_side_ocv.launch
-- Up-to-date: /root/CSE276A_Fall24/cse276a_ws/install/rb5_ros2_vision/share/rb5_ros2_vision/launch/rb_camera_side_ocv_launch.py
-- Up-to-date: /root/CSE276A_Fall24/cse276a_ws/install/rb5_ros2_vision/share/rb5_ros2_vision/launch/rb_camera_webcam_ocv.launch
-- Up-to-date: /root/CSE276A_Fall24/cse276a_ws/install/rb5_ros2_vision/share/rb5_ros2_vision/launch/rb_camera_webcam_ocv_launch.py
-- Installing: /root/CSE276A_Fall24/cse276a_ws/install/rb5_ros2_vision/lib/rb5_ros2_vision/rb_camera_ocv_node
-- Set runtime path of "/root/CSE276A_Fall24/cse276a_ws/install/rb5_ros2_vision/lib/rb5_ros2_vision/rb_camera_ocv_node" to ""
-- Up-to-date: /root/CSE276A_Fall24/cse276a_ws/install/rb5_ros2_vision/lib/rb5_ros2_vision/click_images.py
-- Up-to-date: /root/CSE276A_Fall24/cse276a_ws/install/rb5_ros2_vision/share/ament_index/resource_index/package_run_dependencies/rb5_ros2_vision
-- Installing: /root/CSE276A_Fall24/cse276a_ws/install/rb5_ros2_vision/share/ament_index/resource_index/parent_prefix_path/rb5_ros2_vision
-- Up-to-date: /root/CSE276A_Fall24/cse276a_ws/install/rb5_ros2_vision/share/rb5_ros2_vision/environment/ament_prefix_path.sh
-- Installing: /root/CSE276A_Fall24/cse276a_ws/install/rb5_ros2_vision/share/rb5_ros2_vision/environment/ament_prefix_path.dsv
-- Up-to-date: /root/CSE276A_Fall24/cse276a_ws/install/rb5_ros2_vision/share/rb5_ros2_vision/environment/path.sh
-- Installing: /root/CSE276A_Fall24/cse276a_ws/install/rb5_ros2_vision/share/rb5_ros2_vision/environment/path.dsv
-- Up-to-date: /root/CSE276A_Fall24/cse276a_ws/install/rb5_ros2_vision/share/rb5_ros2_vision/local_setup.bash
-- Up-to-date: /root/CSE276A_Fall24/cse276a_ws/install/rb5_ros2_vision/share/rb5_ros2_vision/local_setup.sh
-- Up-to-date: /root/CSE276A_Fall24/cse276a_ws/install/rb5_ros2_vision/share/rb5_ros2_vision/local_setup.zsh
-- Installing: /root/CSE276A_Fall24/cse276a_ws/install/rb5_ros2_vision/share/rb5_ros2_vision/local_setup.dsv
-- Installing: /root/CSE276A_Fall24/cse276a_ws/install/rb5_ros2_vision/share/rb5_ros2_vision/package.dsv
-- Up-to-date: /root/CSE276A_Fall24/cse276a_ws/install/rb5_ros2_vision/share/ament_index/resource_index/packages/rb5_ros2_vision
-- Up-to-date: /root/CSE276A_Fall24/cse276a_ws/install/rb5_ros2_vision/share/rb5_ros2_vision/cmake/rb5_ros2_visionConfig.cmake
-- Up-to-date: /root/CSE276A_Fall24/cse276a_ws/install/rb5_ros2_vision/share/rb5_ros2_vision/cmake/rb5_ros2_visionConfig-version.cmake
-- Up-to-date: /root/CSE276A_Fall24/cse276a_ws/install/rb5_ros2_vision/share/rb5_ros2_vision/package.xml
