[0.089s] Invoking command in '/root/CSE276A_Fall24/cse276a_ws/build/cv_bridge': CMAKE_PREFIX_PATH=${CMAKE_PREFIX_PATH}:/root/CSE276A_Fall24/cse276a_ws/install/opencv_tests:/opt/ros/foxy _=/usr/bin/env /usr/bin/cmake --build /root/CSE276A_Fall24/cse276a_ws/build/cv_bridge -- -j8 -l8
[0.237s] [ 12%] Built target gtest_main
[0.250s] [ 25%] Built target gtest
[0.276s] [ 43%] Built target cv_bridge
[0.332s] [ 81%] Built target cv_bridge-utest
[0.345s] [100%] Built target cv_bridge_boost
[0.435s] Invoked command in '/root/CSE276A_Fall24/cse276a_ws/build/cv_bridge' returned '0': CMAKE_PREFIX_PATH=${CMAKE_PREFIX_PATH}:/root/CSE276A_Fall24/cse276a_ws/install/opencv_tests:/opt/ros/foxy _=/usr/bin/env /usr/bin/cmake --build /root/CSE276A_Fall24/cse276a_ws/build/cv_bridge -- -j8 -l8
[0.612s] Invoking command in '/root/CSE276A_Fall24/cse276a_ws/build/cv_bridge': CMAKE_PREFIX_PATH=${CMAKE_PREFIX_PATH}:/root/CSE276A_Fall24/cse276a_ws/install/opencv_tests:/opt/ros/foxy _=/usr/bin/env /usr/bin/cmake --install /root/CSE276A_Fall24/cse276a_ws/build/cv_bridge
[0.627s] -- Install configuration: ""
[0.628s] -- Up-to-date: /root/CSE276A_Fall24/cse276a_ws/install/cv_bridge/share/cv_bridge/environment/pythonpath.sh
[0.629s] -- Up-to-date: /root/CSE276A_Fall24/cse276a_ws/install/cv_bridge/share/cv_bridge/environment/pythonpath.dsv
[0.629s] -- Up-to-date: /root/CSE276A_Fall24/cse276a_ws/install/cv_bridge/lib/python3.8/site-packages/cv_bridge
[0.630s] -- Up-to-date: /root/CSE276A_Fall24/cse276a_ws/install/cv_bridge/lib/python3.8/site-packages/cv_bridge/__init__.py
[0.631s] -- Up-to-date: /root/CSE276A_Fall24/cse276a_ws/install/cv_bridge/lib/python3.8/site-packages/cv_bridge/core.py
[0.676s] Listing '/root/CSE276A_Fall24/cse276a_ws/install/cv_bridge/lib/python3.8/site-packages/cv_bridge'...
[0.676s] Listing '/root/CSE276A_Fall24/cse276a_ws/install/cv_bridge/lib/python3.8/site-packages/cv_bridge/boost'...
[0.685s] -- Up-to-date: /root/CSE276A_Fall24/cse276a_ws/install/cv_bridge/share/cv_bridge/environment/library_path.sh
[0.687s] -- Up-to-date: /root/CSE276A_Fall24/cse276a_ws/install/cv_bridge/share/cv_bridge/environment/library_path.dsv
[0.687s] -- Up-to-date: /root/CSE276A_Fall24/cse276a_ws/install/cv_bridge/include/cv_bridge
[0.690s] -- Up-to-date: /root/CSE276A_Fall24/cse276a_ws/install/cv_bridge/include/cv_bridge/cv_bridge.h
[0.691s] -- Up-to-date: /root/CSE276A_Fall24/cse276a_ws/install/cv_bridge/include/cv_bridge/rgb_colors.h
[0.691s] -- Up-to-date: /root/CSE276A_Fall24/cse276a_ws/install/cv_bridge/lib/libcv_bridge.so
[0.691s] -- Up-to-date: /root/CSE276A_Fall24/cse276a_ws/install/cv_bridge/share/ament_index/resource_index/package_run_dependencies/cv_bridge
[0.692s] -- Up-to-date: /root/CSE276A_Fall24/cse276a_ws/install/cv_bridge/share/ament_index/resource_index/parent_prefix_path/cv_bridge
[0.693s] -- Up-to-date: /root/CSE276A_Fall24/cse276a_ws/install/cv_bridge/share/cv_bridge/environment/ament_prefix_path.sh
[0.693s] -- Up-to-date: /root/CSE276A_Fall24/cse276a_ws/install/cv_bridge/share/cv_bridge/environment/ament_prefix_path.dsv
[0.694s] -- Up-to-date: /root/CSE276A_Fall24/cse276a_ws/install/cv_bridge/share/cv_bridge/environment/path.sh
[0.694s] -- Up-to-date: /root/CSE276A_Fall24/cse276a_ws/install/cv_bridge/share/cv_bridge/environment/path.dsv
[0.695s] -- Up-to-date: /root/CSE276A_Fall24/cse276a_ws/install/cv_bridge/share/cv_bridge/local_setup.bash
[0.696s] -- Up-to-date: /root/CSE276A_Fall24/cse276a_ws/install/cv_bridge/share/cv_bridge/local_setup.sh
[0.697s] -- Up-to-date: /root/CSE276A_Fall24/cse276a_ws/install/cv_bridge/share/cv_bridge/local_setup.zsh
[0.698s] -- Up-to-date: /root/CSE276A_Fall24/cse276a_ws/install/cv_bridge/share/cv_bridge/local_setup.dsv
[0.699s] -- Installing: /root/CSE276A_Fall24/cse276a_ws/install/cv_bridge/share/cv_bridge/package.dsv
[0.701s] -- Up-to-date: /root/CSE276A_Fall24/cse276a_ws/install/cv_bridge/share/ament_index/resource_index/packages/cv_bridge
[0.702s] -- Up-to-date: /root/CSE276A_Fall24/cse276a_ws/install/cv_bridge/share/cv_bridge/cmake/cv_bridge-extras.cmake
[0.704s] -- Up-to-date: /root/CSE276A_Fall24/cse276a_ws/install/cv_bridge/share/cv_bridge/cmake/ament_cmake_export_dependencies-extras.cmake
[0.705s] -- Up-to-date: /root/CSE276A_Fall24/cse276a_ws/install/cv_bridge/share/cv_bridge/cmake/ament_cmake_export_include_directories-extras.cmake
[0.705s] -- Up-to-date: /root/CSE276A_Fall24/cse276a_ws/install/cv_bridge/share/cv_bridge/cmake/ament_cmake_export_libraries-extras.cmake
[0.706s] -- Up-to-date: /root/CSE276A_Fall24/cse276a_ws/install/cv_bridge/share/cv_bridge/cmake/cv_bridgeConfig.cmake
[0.707s] -- Up-to-date: /root/CSE276A_Fall24/cse276a_ws/install/cv_bridge/share/cv_bridge/cmake/cv_bridgeConfig-version.cmake
[0.708s] -- Up-to-date: /root/CSE276A_Fall24/cse276a_ws/install/cv_bridge/share/cv_bridge/package.xml
[0.708s] -- Up-to-date: /root/CSE276A_Fall24/cse276a_ws/install/cv_bridge/lib/libcv_bridge.so
[0.710s] -- Up-to-date: /root/CSE276A_Fall24/cse276a_ws/install/cv_bridge/include/cv_bridge/cv_bridge_export.h
[0.711s] -- Up-to-date: /root/CSE276A_Fall24/cse276a_ws/install/cv_bridge/lib/python3.8/site-packages/cv_bridge/boost/cv_bridge_boost.so
[0.773s] Invoked command in '/root/CSE276A_Fall24/cse276a_ws/build/cv_bridge' returned '0': CMAKE_PREFIX_PATH=${CMAKE_PREFIX_PATH}:/root/CSE276A_Fall24/cse276a_ws/install/opencv_tests:/opt/ros/foxy _=/usr/bin/env /usr/bin/cmake --install /root/CSE276A_Fall24/cse276a_ws/build/cv_bridge
