[0.085s] Invoking command in '/root/CSE276A_Fall24/cse276a_ws/build/rb5_ros2_control': CMAKE_PREFIX_PATH=${CMAKE_PREFIX_PATH}:/opt/ros/foxy _=/usr/bin/env /usr/bin/cmake --build /root/CSE276A_Fall24/cse276a_ws/build/rb5_ros2_control -- -j8 -l8
[0.234s] Invoked command in '/root/CSE276A_Fall24/cse276a_ws/build/rb5_ros2_control' returned '0': CMAKE_PREFIX_PATH=${CMAKE_PREFIX_PATH}:/opt/ros/foxy _=/usr/bin/env /usr/bin/cmake --build /root/CSE276A_Fall24/cse276a_ws/build/rb5_ros2_control -- -j8 -l8
[0.366s] Invoking command in '/root/CSE276A_Fall24/cse276a_ws/build/rb5_ros2_control': CMAKE_PREFIX_PATH=${CMAKE_PREFIX_PATH}:/opt/ros/foxy _=/usr/bin/env /usr/bin/cmake --install /root/CSE276A_Fall24/cse276a_ws/build/rb5_ros2_control
[0.381s] -- Install configuration: ""
[0.381s] -- Up-to-date: /root/CSE276A_Fall24/cse276a_ws/install/rb5_ros2_control/share/rb5_ros2_control/environment/pythonpath.sh
[0.382s] -- Up-to-date: /root/CSE276A_Fall24/cse276a_ws/install/rb5_ros2_control/share/rb5_ros2_control/environment/pythonpath.dsv
[0.382s] -- Up-to-date: /root/CSE276A_Fall24/cse276a_ws/install/rb5_ros2_control/lib/python3.8/site-packages/rb5_ros2_control
[0.383s] -- Up-to-date: /root/CSE276A_Fall24/cse276a_ws/install/rb5_ros2_control/lib/python3.8/site-packages/rb5_ros2_control/__init__.py
[0.383s] -- Installing: /root/CSE276A_Fall24/cse276a_ws/install/rb5_ros2_control/lib/python3.8/site-packages/rb5_ros2_control/mpi_control.py
[0.384s] -- Up-to-date: /root/CSE276A_Fall24/cse276a_ws/install/rb5_ros2_control/lib/python3.8/site-packages/rb5_ros2_control/rb5_control_node.py
[0.384s] -- Up-to-date: /root/CSE276A_Fall24/cse276a_ws/install/rb5_ros2_control/lib/python3.8/site-packages/rb5_ros2_control/rb5_keyjoy_control_node.py
[0.385s] -- Up-to-date: /root/CSE276A_Fall24/cse276a_ws/install/rb5_ros2_control/lib/python3.8/site-packages/rb5_ros2_control/assignment1.py
[0.436s] Listing '/root/CSE276A_Fall24/cse276a_ws/install/rb5_ros2_control/lib/python3.8/site-packages/rb5_ros2_control'...
[0.437s] Compiling '/root/CSE276A_Fall24/cse276a_ws/install/rb5_ros2_control/lib/python3.8/site-packages/rb5_ros2_control/mpi_control.py'...
[0.438s] -- Installing: /root/CSE276A_Fall24/cse276a_ws/install/rb5_ros2_control/lib/rb5_ros2_control/mpi_control.py
[0.439s] -- Up-to-date: /root/CSE276A_Fall24/cse276a_ws/install/rb5_ros2_control/lib/rb5_ros2_control/rb5_control_node.py
[0.440s] -- Up-to-date: /root/CSE276A_Fall24/cse276a_ws/install/rb5_ros2_control/lib/rb5_ros2_control/rb5_keyjoy_control_node.py
[0.441s] -- Up-to-date: /root/CSE276A_Fall24/cse276a_ws/install/rb5_ros2_control/share/ament_index/resource_index/package_run_dependencies/rb5_ros2_control
[0.442s] -- Up-to-date: /root/CSE276A_Fall24/cse276a_ws/install/rb5_ros2_control/share/ament_index/resource_index/parent_prefix_path/rb5_ros2_control
[0.443s] -- Up-to-date: /root/CSE276A_Fall24/cse276a_ws/install/rb5_ros2_control/share/rb5_ros2_control/environment/ament_prefix_path.sh
[0.443s] -- Up-to-date: /root/CSE276A_Fall24/cse276a_ws/install/rb5_ros2_control/share/rb5_ros2_control/environment/ament_prefix_path.dsv
[0.444s] -- Up-to-date: /root/CSE276A_Fall24/cse276a_ws/install/rb5_ros2_control/share/rb5_ros2_control/environment/path.sh
[0.445s] -- Up-to-date: /root/CSE276A_Fall24/cse276a_ws/install/rb5_ros2_control/share/rb5_ros2_control/environment/path.dsv
[0.446s] -- Up-to-date: /root/CSE276A_Fall24/cse276a_ws/install/rb5_ros2_control/share/rb5_ros2_control/local_setup.bash
[0.447s] -- Up-to-date: /root/CSE276A_Fall24/cse276a_ws/install/rb5_ros2_control/share/rb5_ros2_control/local_setup.sh
[0.448s] -- Up-to-date: /root/CSE276A_Fall24/cse276a_ws/install/rb5_ros2_control/share/rb5_ros2_control/local_setup.zsh
[0.449s] -- Up-to-date: /root/CSE276A_Fall24/cse276a_ws/install/rb5_ros2_control/share/rb5_ros2_control/local_setup.dsv
[0.450s] -- Installing: /root/CSE276A_Fall24/cse276a_ws/install/rb5_ros2_control/share/rb5_ros2_control/package.dsv
[0.452s] -- Up-to-date: /root/CSE276A_Fall24/cse276a_ws/install/rb5_ros2_control/share/ament_index/resource_index/packages/rb5_ros2_control
[0.452s] -- Up-to-date: /root/CSE276A_Fall24/cse276a_ws/install/rb5_ros2_control/share/rb5_ros2_control/cmake/rb5_ros2_controlConfig.cmake
[0.453s] -- Up-to-date: /root/CSE276A_Fall24/cse276a_ws/install/rb5_ros2_control/share/rb5_ros2_control/cmake/rb5_ros2_controlConfig-version.cmake
[0.454s] -- Up-to-date: /root/CSE276A_Fall24/cse276a_ws/install/rb5_ros2_control/share/rb5_ros2_control/package.xml
[0.514s] Invoked command in '/root/CSE276A_Fall24/cse276a_ws/build/rb5_ros2_control' returned '0': CMAKE_PREFIX_PATH=${CMAKE_PREFIX_PATH}:/opt/ros/foxy _=/usr/bin/env /usr/bin/cmake --install /root/CSE276A_Fall24/cse276a_ws/build/rb5_ros2_control
