[0.044s] Invoking command in '/root/CSE276A_Fall24/cse276a_ws/build/cv_bridge': CMAKE_PREFIX_PATH=${CMAKE_PREFIX_PATH}:/opt/ros/foxy _=/usr/bin/env /usr/bin/cmake /root/CSE276A_Fall24/cse276a_ws/src/vision_opencv/cv_bridge -DCMAKE_INSTALL_PREFIX=/root/CSE276A_Fall24/cse276a_ws/install/cv_bridge
[0.563s] -- The C compiler identification is GNU 9.4.0
[0.840s] -- The CXX compiler identification is GNU 9.4.0
[0.869s] -- Check for working C compiler: /usr/bin/cc
[1.257s] -- Check for working C compiler: /usr/bin/cc -- works
[1.268s] -- Detecting C compiler ABI info
[1.660s] -- Detecting C compiler ABI info - done
[1.710s] -- Detecting C compile features
[1.711s] -- Detecting C compile features - done
[1.716s] -- Check for working CXX compiler: /usr/bin/c++
[2.118s] -- Check for working CXX compiler: /usr/bin/c++ -- works
[2.129s] -- Detecting CXX compiler ABI info
[2.550s] -- Detecting CXX compiler ABI info - done
[2.605s] -- Detecting CXX compile features
[2.607s] -- Detecting CXX compile features - done
[2.613s] -- Found ament_cmake_ros: 0.9.2 (/opt/ros/foxy/share/ament_cmake_ros/cmake)
[2.729s] -- Found PythonInterp: /usr/bin/python3 (found suitable version "3.8.10", minimum required is "3") 
[2.731s] -- Using PYTHON_EXECUTABLE: /usr/bin/python3
[3.010s] -- Found PythonLibs: /usr/lib/aarch64-linux-gnu/libpython3.8.so (found version "3.8.10") 
[3.024s] -- Boost_VERSION_STRING: 1.71.0
[3.032s] -- Found Boost: /usr/lib/aarch64-linux-gnu/cmake/Boost-1.71.0/BoostConfig.cmake (found version "1.71.0") found components: python38 
[3.034s] -- Found rcpputils: 1.3.2 (/opt/ros/foxy/share/rcpputils/cmake)
[3.043s] -- Found sensor_msgs: 2.0.5 (/opt/ros/foxy/share/sensor_msgs/cmake)
[3.063s] -- Using all available rosidl_typesupport_c: rosidl_typesupport_fastrtps_c;rosidl_typesupport_introspection_c
[3.068s] -- Found rosidl_adapter: 1.3.1 (/opt/ros/foxy/share/rosidl_adapter/cmake)
[3.480s] -- Found OpenSSL: /usr/lib/aarch64-linux-gnu/libcrypto.so (found version "1.1.1f")  
[3.552s] -- Found FastRTPS: /opt/ros/foxy/include  
[3.693s] -- Using all available rosidl_typesupport_cpp: rosidl_typesupport_fastrtps_cpp;rosidl_typesupport_introspection_cpp
[3.929s] -- Performing Test COMPILER_HAS_HIDDEN_VISIBILITY
[4.352s] -- Performing Test COMPILER_HAS_HIDDEN_VISIBILITY - Success
[4.357s] -- Performing Test COMPILER_HAS_HIDDEN_INLINE_VISIBILITY
[4.798s] -- Performing Test COMPILER_HAS_HIDDEN_INLINE_VISIBILITY - Success
[4.800s] -- Performing Test COMPILER_HAS_DEPRECATED_ATTR
[5.247s] -- Performing Test COMPILER_HAS_DEPRECATED_ATTR - Success
[5.316s] -- Found PythonInterp: /usr/bin/python3 (found version "3.8.10") 
[5.321s] -- Found PythonLibs: /usr/lib/aarch64-linux-gnu/libpython3.8.so (found suitable version "3.8.10", minimum required is "3.8") 
[5.483s] -- Found ament_lint_auto: 0.9.8 (/opt/ros/foxy/share/ament_lint_auto/cmake)
[5.649s] -- Found gtest sources under '/opt/ros/foxy/src/gtest_vendor': C++ tests using 'Google Test' will be built
[5.653s] -- Looking for pthread.h
[6.041s] -- Looking for pthread.h - found
[6.044s] -- Performing Test CMAKE_HAVE_LIBC_PTHREAD
[6.479s] -- Performing Test CMAKE_HAVE_LIBC_PTHREAD - Failed
[6.480s] -- Check if compiler accepts -pthread
[6.886s] -- Check if compiler accepts -pthread - yes
[6.893s] -- Found Threads: TRUE  
[8.747s] -- Configuring done
[8.783s] -- Generating done
[8.786s] -- Build files have been written to: /root/CSE276A_Fall24/cse276a_ws/build/cv_bridge
[8.806s] Invoked command in '/root/CSE276A_Fall24/cse276a_ws/build/cv_bridge' returned '0': CMAKE_PREFIX_PATH=${CMAKE_PREFIX_PATH}:/opt/ros/foxy _=/usr/bin/env /usr/bin/cmake /root/CSE276A_Fall24/cse276a_ws/src/vision_opencv/cv_bridge -DCMAKE_INSTALL_PREFIX=/root/CSE276A_Fall24/cse276a_ws/install/cv_bridge
[8.839s] Invoking command in '/root/CSE276A_Fall24/cse276a_ws/build/cv_bridge': CMAKE_PREFIX_PATH=${CMAKE_PREFIX_PATH}:/opt/ros/foxy _=/usr/bin/env /usr/bin/cmake --build /root/CSE276A_Fall24/cse276a_ws/build/cv_bridge -- -j8 -l8
[9.061s] [35m[1mScanning dependencies of target gtest[0m
[9.062s] [35m[1mScanning dependencies of target gtest_main[0m
[9.062s] [35m[1mScanning dependencies of target cv_bridge[0m
[9.128s] [ 12%] [32mBuilding CXX object gtest/CMakeFiles/gtest.dir/src/gtest-all.cc.o[0m
[9.129s] [ 12%] [32mBuilding CXX object gtest/CMakeFiles/gtest_main.dir/src/gtest_main.cc.o[0m
[9.163s] [ 25%] [32mBuilding CXX object src/CMakeFiles/cv_bridge.dir/cv_bridge.cpp.o[0m
[9.165s] [ 25%] [32mBuilding CXX object src/CMakeFiles/cv_bridge.dir/rgb_colors.cpp.o[0m
[10.054s] [ 31%] [32m[1mLinking CXX static library libgtest_main.a[0m
[10.246s] [ 31%] Built target gtest_main
[13.305s] [ 37%] [32m[1mLinking CXX static library libgtest.a[0m
[13.590s] [ 37%] Built target gtest
[14.762s] [ 43%] [32m[1mLinking CXX shared library libcv_bridge.so[0m
[15.079s] [ 43%] Built target cv_bridge
[15.116s] [35m[1mScanning dependencies of target cv_bridge_boost[0m
[15.124s] [35m[1mScanning dependencies of target cv_bridge-utest[0m
[15.236s] [ 50%] [32mBuilding CXX object test/CMakeFiles/cv_bridge-utest.dir/utest.cpp.o[0m
[15.238s] [ 56%] [32mBuilding CXX object test/CMakeFiles/cv_bridge-utest.dir/test_rgb_colors.cpp.o[0m
[15.249s] [ 62%] [32mBuilding CXX object test/CMakeFiles/cv_bridge-utest.dir/utest2.cpp.o[0m
[15.262s] [ 68%] [32mBuilding CXX object test/CMakeFiles/cv_bridge-utest.dir/test_endian.cpp.o[0m
[15.264s] [ 75%] [32mBuilding CXX object src/CMakeFiles/cv_bridge_boost.dir/module.cpp.o[0m
[15.266s] [ 81%] [32mBuilding CXX object test/CMakeFiles/cv_bridge-utest.dir/test_compression.cpp.o[0m
[15.272s] [ 87%] [32mBuilding CXX object src/CMakeFiles/cv_bridge_boost.dir/module_opencv3.cpp.o[0m
[19.607s] [ 93%] [32m[1mLinking CXX executable cv_bridge-utest[0m
[20.375s] [ 93%] Built target cv_bridge-utest
[21.175s] [100%] [32m[1mLinking CXX shared library boost/cv_bridge_boost.so[0m
[21.495s] [100%] Built target cv_bridge_boost
[21.571s] Invoked command in '/root/CSE276A_Fall24/cse276a_ws/build/cv_bridge' returned '0': CMAKE_PREFIX_PATH=${CMAKE_PREFIX_PATH}:/opt/ros/foxy _=/usr/bin/env /usr/bin/cmake --build /root/CSE276A_Fall24/cse276a_ws/build/cv_bridge -- -j8 -l8
[21.931s] Invoking command in '/root/CSE276A_Fall24/cse276a_ws/build/cv_bridge': CMAKE_PREFIX_PATH=${CMAKE_PREFIX_PATH}:/opt/ros/foxy _=/usr/bin/env /usr/bin/cmake --install /root/CSE276A_Fall24/cse276a_ws/build/cv_bridge
[21.974s] -- Install configuration: ""
[21.975s] -- Installing: /root/CSE276A_Fall24/cse276a_ws/install/cv_bridge/share/cv_bridge/environment/pythonpath.sh
[21.977s] -- Installing: /root/CSE276A_Fall24/cse276a_ws/install/cv_bridge/share/cv_bridge/environment/pythonpath.dsv
[21.978s] -- Installing: /root/CSE276A_Fall24/cse276a_ws/install/cv_bridge/lib/python3.8/site-packages/cv_bridge
[21.979s] -- Installing: /root/CSE276A_Fall24/cse276a_ws/install/cv_bridge/lib/python3.8/site-packages/cv_bridge/__init__.py
[21.980s] -- Installing: /root/CSE276A_Fall24/cse276a_ws/install/cv_bridge/lib/python3.8/site-packages/cv_bridge/core.py
[22.047s] Listing '/root/CSE276A_Fall24/cse276a_ws/install/cv_bridge/lib/python3.8/site-packages/cv_bridge'...
[22.048s] Compiling '/root/CSE276A_Fall24/cse276a_ws/install/cv_bridge/lib/python3.8/site-packages/cv_bridge/__init__.py'...
[22.049s] Compiling '/root/CSE276A_Fall24/cse276a_ws/install/cv_bridge/lib/python3.8/site-packages/cv_bridge/core.py'...
[22.056s] -- Installing: /root/CSE276A_Fall24/cse276a_ws/install/cv_bridge/share/cv_bridge/environment/library_path.sh
[22.058s] -- Installing: /root/CSE276A_Fall24/cse276a_ws/install/cv_bridge/share/cv_bridge/environment/library_path.dsv
[22.060s] -- Installing: /root/CSE276A_Fall24/cse276a_ws/install/cv_bridge/include/cv_bridge
[22.062s] -- Installing: /root/CSE276A_Fall24/cse276a_ws/install/cv_bridge/include/cv_bridge/cv_bridge.h
[22.065s] -- Installing: /root/CSE276A_Fall24/cse276a_ws/install/cv_bridge/include/cv_bridge/rgb_colors.h
[22.068s] -- Installing: /root/CSE276A_Fall24/cse276a_ws/install/cv_bridge/lib/libcv_bridge.so
[22.092s] -- Set runtime path of "/root/CSE276A_Fall24/cse276a_ws/install/cv_bridge/lib/libcv_bridge.so" to ""
[22.093s] -- Installing: /root/CSE276A_Fall24/cse276a_ws/install/cv_bridge/share/ament_index/resource_index/package_run_dependencies/cv_bridge
[22.095s] -- Installing: /root/CSE276A_Fall24/cse276a_ws/install/cv_bridge/share/ament_index/resource_index/parent_prefix_path/cv_bridge
[22.096s] -- Installing: /root/CSE276A_Fall24/cse276a_ws/install/cv_bridge/share/cv_bridge/environment/ament_prefix_path.sh
[22.097s] -- Installing: /root/CSE276A_Fall24/cse276a_ws/install/cv_bridge/share/cv_bridge/environment/ament_prefix_path.dsv
[22.098s] -- Installing: /root/CSE276A_Fall24/cse276a_ws/install/cv_bridge/share/cv_bridge/environment/path.sh
[22.099s] -- Installing: /root/CSE276A_Fall24/cse276a_ws/install/cv_bridge/share/cv_bridge/environment/path.dsv
[22.100s] -- Installing: /root/CSE276A_Fall24/cse276a_ws/install/cv_bridge/share/cv_bridge/local_setup.bash
[22.101s] -- Installing: /root/CSE276A_Fall24/cse276a_ws/install/cv_bridge/share/cv_bridge/local_setup.sh
[22.102s] -- Installing: /root/CSE276A_Fall24/cse276a_ws/install/cv_bridge/share/cv_bridge/local_setup.zsh
[22.103s] -- Installing: /root/CSE276A_Fall24/cse276a_ws/install/cv_bridge/share/cv_bridge/local_setup.dsv
[22.104s] -- Installing: /root/CSE276A_Fall24/cse276a_ws/install/cv_bridge/share/cv_bridge/package.dsv
[22.105s] -- Installing: /root/CSE276A_Fall24/cse276a_ws/install/cv_bridge/share/ament_index/resource_index/packages/cv_bridge
[22.106s] -- Installing: /root/CSE276A_Fall24/cse276a_ws/install/cv_bridge/share/cv_bridge/cmake/cv_bridge-extras.cmake
[22.107s] -- Installing: /root/CSE276A_Fall24/cse276a_ws/install/cv_bridge/share/cv_bridge/cmake/ament_cmake_export_dependencies-extras.cmake
[22.108s] -- Installing: /root/CSE276A_Fall24/cse276a_ws/install/cv_bridge/share/cv_bridge/cmake/ament_cmake_export_include_directories-extras.cmake
[22.109s] -- Installing: /root/CSE276A_Fall24/cse276a_ws/install/cv_bridge/share/cv_bridge/cmake/ament_cmake_export_libraries-extras.cmake
[22.110s] -- Installing: /root/CSE276A_Fall24/cse276a_ws/install/cv_bridge/share/cv_bridge/cmake/cv_bridgeConfig.cmake
[22.110s] -- Installing: /root/CSE276A_Fall24/cse276a_ws/install/cv_bridge/share/cv_bridge/cmake/cv_bridgeConfig-version.cmake
[22.112s] -- Installing: /root/CSE276A_Fall24/cse276a_ws/install/cv_bridge/share/cv_bridge/package.xml
[22.114s] -- Up-to-date: /root/CSE276A_Fall24/cse276a_ws/install/cv_bridge/lib/libcv_bridge.so
[22.114s] -- Installing: /root/CSE276A_Fall24/cse276a_ws/install/cv_bridge/include/cv_bridge/cv_bridge_export.h
[22.115s] -- Installing: /root/CSE276A_Fall24/cse276a_ws/install/cv_bridge/lib/python3.8/site-packages/cv_bridge/boost/cv_bridge_boost.so
[22.117s] -- Set runtime path of "/root/CSE276A_Fall24/cse276a_ws/install/cv_bridge/lib/python3.8/site-packages/cv_bridge/boost/cv_bridge_boost.so" to ""
[22.130s] Invoked command in '/root/CSE276A_Fall24/cse276a_ws/build/cv_bridge' returned '0': CMAKE_PREFIX_PATH=${CMAKE_PREFIX_PATH}:/opt/ros/foxy _=/usr/bin/env /usr/bin/cmake --install /root/CSE276A_Fall24/cse276a_ws/build/cv_bridge
