[0.257s] DEBUG:colcon:Command line arguments: ['/usr/bin/colcon', 'build']
[0.257s] DEBUG:colcon:Parsed command line arguments: Namespace(allow_overriding=[], ament_cmake_args=None, base_paths=['.'], build_base='build', catkin_cmake_args=None, catkin_skip_building_tests=False, cmake_args=None, cmake_clean_cache=False, cmake_clean_first=False, cmake_force_configure=False, cmake_target=None, cmake_target_skip_unavailable=False, continue_on_error=False, event_handlers=None, executor='parallel', ignore_user_meta=False, install_base='install', log_base=None, log_level=None, main=<bound method BuildVerb.main of <colcon_core.verb.build.BuildVerb object at 0x7f925cf8e0>>, merge_install=False, metas=['./colcon.meta'], mixin=None, mixin_files=None, mixin_verb=('build',), packages_above=None, packages_above_and_dependencies=None, packages_above_depth=None, packages_end=None, packages_ignore=None, packages_ignore_regex=None, packages_select=None, packages_select_build_failed=False, packages_select_by_dep=None, packages_select_regex=None, packages_select_test_failures=False, packages_skip=None, packages_skip_build_finished=False, packages_skip_by_dep=None, packages_skip_regex=None, packages_skip_test_passed=False, packages_skip_up_to=None, packages_start=None, packages_up_to=None, packages_up_to_regex=None, parallel_workers=8, paths=None, symlink_install=False, test_result_base=None, verb_extension=<colcon_core.verb.build.BuildVerb object at 0x7f925cf8e0>, verb_name='build', verb_parser=<colcon_mixin.mixin.mixin_argument.MixinArgumentDecorator object at 0x7f924788b0>)
[0.378s] Level 1:colcon.colcon_core.package_discovery:discover_packages(colcon_meta) check parameters
[0.378s] Level 1:colcon.colcon_core.package_discovery:discover_packages(recursive) check parameters
[0.378s] Level 1:colcon.colcon_core.package_discovery:discover_packages(ignore) check parameters
[0.378s] Level 1:colcon.colcon_core.package_discovery:discover_packages(path) check parameters
[0.378s] Level 1:colcon.colcon_core.package_discovery:discover_packages(colcon_meta) discover
[0.378s] Level 1:colcon.colcon_core.package_discovery:discover_packages(recursive) discover
[0.378s] INFO:colcon.colcon_core.package_discovery:Crawling recursively for packages in '/root/CSE276A_Fall24/cse276a_ws'
[0.378s] Level 1:colcon.colcon_core.package_identification:_identify(.) by extensions ['ignore', 'ignore_ament_install']
[0.378s] Level 1:colcon.colcon_core.package_identification:_identify(.) by extension 'ignore'
[0.378s] Level 1:colcon.colcon_core.package_identification:_identify(.) by extension 'ignore_ament_install'
[0.378s] Level 1:colcon.colcon_core.package_identification:_identify(.) by extensions ['colcon_pkg']
[0.378s] Level 1:colcon.colcon_core.package_identification:_identify(.) by extension 'colcon_pkg'
[0.378s] Level 1:colcon.colcon_core.package_identification:_identify(.) by extensions ['colcon_meta']
[0.378s] Level 1:colcon.colcon_core.package_identification:_identify(.) by extension 'colcon_meta'
[0.378s] Level 1:colcon.colcon_core.package_identification:_identify(.) by extensions ['ros']
[0.378s] Level 1:colcon.colcon_core.package_identification:_identify(.) by extension 'ros'
[0.394s] Level 1:colcon.colcon_core.package_identification:_identify(.) by extensions ['cmake', 'python']
[0.395s] Level 1:colcon.colcon_core.package_identification:_identify(.) by extension 'cmake'
[0.395s] Level 1:colcon.colcon_core.package_identification:_identify(.) by extension 'python'
[0.395s] Level 1:colcon.colcon_core.package_identification:_identify(.) by extensions ['python_setup_py']
[0.395s] Level 1:colcon.colcon_core.package_identification:_identify(.) by extension 'python_setup_py'
[0.395s] Level 1:colcon.colcon_core.package_identification:_identify(build) by extensions ['ignore', 'ignore_ament_install']
[0.395s] Level 1:colcon.colcon_core.package_identification:_identify(build) by extension 'ignore'
[0.395s] Level 1:colcon.colcon_core.package_identification:_identify(build) ignored
[0.395s] Level 1:colcon.colcon_core.package_identification:_identify(install) by extensions ['ignore', 'ignore_ament_install']
[0.395s] Level 1:colcon.colcon_core.package_identification:_identify(install) by extension 'ignore'
[0.395s] Level 1:colcon.colcon_core.package_identification:_identify(install) ignored
[0.395s] Level 1:colcon.colcon_core.package_identification:_identify(log) by extensions ['ignore', 'ignore_ament_install']
[0.396s] Level 1:colcon.colcon_core.package_identification:_identify(log) by extension 'ignore'
[0.396s] Level 1:colcon.colcon_core.package_identification:_identify(log) ignored
[0.396s] Level 1:colcon.colcon_core.package_identification:_identify(src) by extensions ['ignore', 'ignore_ament_install']
[0.396s] Level 1:colcon.colcon_core.package_identification:_identify(src) by extension 'ignore'
[0.396s] Level 1:colcon.colcon_core.package_identification:_identify(src) by extension 'ignore_ament_install'
[0.396s] Level 1:colcon.colcon_core.package_identification:_identify(src) by extensions ['colcon_pkg']
[0.396s] Level 1:colcon.colcon_core.package_identification:_identify(src) by extension 'colcon_pkg'
[0.396s] Level 1:colcon.colcon_core.package_identification:_identify(src) by extensions ['colcon_meta']
[0.396s] Level 1:colcon.colcon_core.package_identification:_identify(src) by extension 'colcon_meta'
[0.396s] Level 1:colcon.colcon_core.package_identification:_identify(src) by extensions ['ros']
[0.396s] Level 1:colcon.colcon_core.package_identification:_identify(src) by extension 'ros'
[0.396s] Level 1:colcon.colcon_core.package_identification:_identify(src) by extensions ['cmake', 'python']
[0.396s] Level 1:colcon.colcon_core.package_identification:_identify(src) by extension 'cmake'
[0.396s] Level 1:colcon.colcon_core.package_identification:_identify(src) by extension 'python'
[0.396s] Level 1:colcon.colcon_core.package_identification:_identify(src) by extensions ['python_setup_py']
[0.396s] Level 1:colcon.colcon_core.package_identification:_identify(src) by extension 'python_setup_py'
[0.396s] Level 1:colcon.colcon_core.package_identification:_identify(src/rb5_ros2) by extensions ['ignore', 'ignore_ament_install']
[0.396s] Level 1:colcon.colcon_core.package_identification:_identify(src/rb5_ros2) by extension 'ignore'
[0.396s] Level 1:colcon.colcon_core.package_identification:_identify(src/rb5_ros2) by extension 'ignore_ament_install'
[0.396s] Level 1:colcon.colcon_core.package_identification:_identify(src/rb5_ros2) by extensions ['colcon_pkg']
[0.396s] Level 1:colcon.colcon_core.package_identification:_identify(src/rb5_ros2) by extension 'colcon_pkg'
[0.396s] Level 1:colcon.colcon_core.package_identification:_identify(src/rb5_ros2) by extensions ['colcon_meta']
[0.396s] Level 1:colcon.colcon_core.package_identification:_identify(src/rb5_ros2) by extension 'colcon_meta'
[0.397s] Level 1:colcon.colcon_core.package_identification:_identify(src/rb5_ros2) by extensions ['ros']
[0.397s] Level 1:colcon.colcon_core.package_identification:_identify(src/rb5_ros2) by extension 'ros'
[0.397s] Level 1:colcon.colcon_core.package_identification:_identify(src/rb5_ros2) by extensions ['cmake', 'python']
[0.397s] Level 1:colcon.colcon_core.package_identification:_identify(src/rb5_ros2) by extension 'cmake'
[0.397s] Level 1:colcon.colcon_core.package_identification:_identify(src/rb5_ros2) by extension 'python'
[0.397s] Level 1:colcon.colcon_core.package_identification:_identify(src/rb5_ros2) by extensions ['python_setup_py']
[0.397s] Level 1:colcon.colcon_core.package_identification:_identify(src/rb5_ros2) by extension 'python_setup_py'
[0.397s] Level 1:colcon.colcon_core.package_identification:_identify(src/rb5_ros2/build) by extensions ['ignore', 'ignore_ament_install']
[0.397s] Level 1:colcon.colcon_core.package_identification:_identify(src/rb5_ros2/build) by extension 'ignore'
[0.397s] Level 1:colcon.colcon_core.package_identification:_identify(src/rb5_ros2/build) ignored
[0.397s] Level 1:colcon.colcon_core.package_identification:_identify(src/rb5_ros2/install) by extensions ['ignore', 'ignore_ament_install']
[0.397s] Level 1:colcon.colcon_core.package_identification:_identify(src/rb5_ros2/install) by extension 'ignore'
[0.397s] Level 1:colcon.colcon_core.package_identification:_identify(src/rb5_ros2/install) ignored
[0.397s] Level 1:colcon.colcon_core.package_identification:_identify(src/rb5_ros2/key_joy) by extensions ['ignore', 'ignore_ament_install']
[0.397s] Level 1:colcon.colcon_core.package_identification:_identify(src/rb5_ros2/key_joy) by extension 'ignore'
[0.397s] Level 1:colcon.colcon_core.package_identification:_identify(src/rb5_ros2/key_joy) by extension 'ignore_ament_install'
[0.397s] Level 1:colcon.colcon_core.package_identification:_identify(src/rb5_ros2/key_joy) by extensions ['colcon_pkg']
[0.397s] Level 1:colcon.colcon_core.package_identification:_identify(src/rb5_ros2/key_joy) by extension 'colcon_pkg'
[0.398s] Level 1:colcon.colcon_core.package_identification:_identify(src/rb5_ros2/key_joy) by extensions ['colcon_meta']
[0.398s] Level 1:colcon.colcon_core.package_identification:_identify(src/rb5_ros2/key_joy) by extension 'colcon_meta'
[0.398s] Level 1:colcon.colcon_core.package_identification:_identify(src/rb5_ros2/key_joy) by extensions ['ros']
[0.398s] Level 1:colcon.colcon_core.package_identification:_identify(src/rb5_ros2/key_joy) by extension 'ros'
[0.402s] DEBUG:colcon.colcon_core.package_identification:Package 'src/rb5_ros2/key_joy' with type 'ros.ament_cmake' and name 'key_joy'
[0.402s] Level 1:colcon.colcon_core.package_identification:_identify(src/rb5_ros2/log) by extensions ['ignore', 'ignore_ament_install']
[0.402s] Level 1:colcon.colcon_core.package_identification:_identify(src/rb5_ros2/log) by extension 'ignore'
[0.402s] Level 1:colcon.colcon_core.package_identification:_identify(src/rb5_ros2/log) ignored
[0.402s] Level 1:colcon.colcon_core.package_identification:_identify(src/rb5_ros2/rb5_ros2_control) by extensions ['ignore', 'ignore_ament_install']
[0.402s] Level 1:colcon.colcon_core.package_identification:_identify(src/rb5_ros2/rb5_ros2_control) by extension 'ignore'
[0.402s] Level 1:colcon.colcon_core.package_identification:_identify(src/rb5_ros2/rb5_ros2_control) by extension 'ignore_ament_install'
[0.402s] Level 1:colcon.colcon_core.package_identification:_identify(src/rb5_ros2/rb5_ros2_control) by extensions ['colcon_pkg']
[0.402s] Level 1:colcon.colcon_core.package_identification:_identify(src/rb5_ros2/rb5_ros2_control) by extension 'colcon_pkg'
[0.402s] Level 1:colcon.colcon_core.package_identification:_identify(src/rb5_ros2/rb5_ros2_control) by extensions ['colcon_meta']
[0.402s] Level 1:colcon.colcon_core.package_identification:_identify(src/rb5_ros2/rb5_ros2_control) by extension 'colcon_meta'
[0.402s] Level 1:colcon.colcon_core.package_identification:_identify(src/rb5_ros2/rb5_ros2_control) by extensions ['ros']
[0.402s] Level 1:colcon.colcon_core.package_identification:_identify(src/rb5_ros2/rb5_ros2_control) by extension 'ros'
[0.403s] DEBUG:colcon.colcon_core.package_identification:Package 'src/rb5_ros2/rb5_ros2_control' with type 'ros.ament_cmake' and name 'rb5_ros2_control'
[0.403s] Level 1:colcon.colcon_core.package_identification:_identify(src/rb5_ros2/rb5_ros2_vision) by extensions ['ignore', 'ignore_ament_install']
[0.403s] Level 1:colcon.colcon_core.package_identification:_identify(src/rb5_ros2/rb5_ros2_vision) by extension 'ignore'
[0.403s] Level 1:colcon.colcon_core.package_identification:_identify(src/rb5_ros2/rb5_ros2_vision) by extension 'ignore_ament_install'
[0.403s] Level 1:colcon.colcon_core.package_identification:_identify(src/rb5_ros2/rb5_ros2_vision) by extensions ['colcon_pkg']
[0.403s] Level 1:colcon.colcon_core.package_identification:_identify(src/rb5_ros2/rb5_ros2_vision) by extension 'colcon_pkg'
[0.404s] Level 1:colcon.colcon_core.package_identification:_identify(src/rb5_ros2/rb5_ros2_vision) by extensions ['colcon_meta']
[0.404s] Level 1:colcon.colcon_core.package_identification:_identify(src/rb5_ros2/rb5_ros2_vision) by extension 'colcon_meta'
[0.404s] Level 1:colcon.colcon_core.package_identification:_identify(src/rb5_ros2/rb5_ros2_vision) by extensions ['ros']
[0.404s] Level 1:colcon.colcon_core.package_identification:_identify(src/rb5_ros2/rb5_ros2_vision) by extension 'ros'
[0.405s] DEBUG:colcon.colcon_core.package_identification:Package 'src/rb5_ros2/rb5_ros2_vision' with type 'ros.ament_cmake' and name 'rb5_ros2_vision'
[0.405s] Level 1:colcon.colcon_core.package_identification:_identify(src/rb5_ros2/ros2_april_detection) by extensions ['ignore', 'ignore_ament_install']
[0.405s] Level 1:colcon.colcon_core.package_identification:_identify(src/rb5_ros2/ros2_april_detection) by extension 'ignore'
[0.405s] Level 1:colcon.colcon_core.package_identification:_identify(src/rb5_ros2/ros2_april_detection) by extension 'ignore_ament_install'
[0.405s] Level 1:colcon.colcon_core.package_identification:_identify(src/rb5_ros2/ros2_april_detection) by extensions ['colcon_pkg']
[0.405s] Level 1:colcon.colcon_core.package_identification:_identify(src/rb5_ros2/ros2_april_detection) by extension 'colcon_pkg'
[0.405s] Level 1:colcon.colcon_core.package_identification:_identify(src/rb5_ros2/ros2_april_detection) by extensions ['colcon_meta']
[0.405s] Level 1:colcon.colcon_core.package_identification:_identify(src/rb5_ros2/ros2_april_detection) by extension 'colcon_meta'
[0.405s] Level 1:colcon.colcon_core.package_identification:_identify(src/rb5_ros2/ros2_april_detection) by extensions ['ros']
[0.405s] Level 1:colcon.colcon_core.package_identification:_identify(src/rb5_ros2/ros2_april_detection) by extension 'ros'
[0.406s] DEBUG:colcon.colcon_core.package_identification:Package 'src/rb5_ros2/ros2_april_detection' with type 'ros.ament_cmake' and name 'ros2_april_detection'
[0.406s] Level 1:colcon.colcon_core.package_discovery:discover_packages(recursive) using defaults
[0.406s] Level 1:colcon.colcon_core.package_discovery:discover_packages(ignore) discover
[0.406s] Level 1:colcon.colcon_core.package_discovery:discover_packages(ignore) using defaults
[0.406s] Level 1:colcon.colcon_core.package_discovery:discover_packages(path) discover
[0.406s] Level 1:colcon.colcon_core.package_discovery:discover_packages(path) using defaults
[0.431s] Level 1:colcon.colcon_core.package_discovery:discover_packages(prefix_path) check parameters
[0.431s] Level 1:colcon.colcon_core.package_discovery:discover_packages(prefix_path) discover
[0.434s] DEBUG:colcon.colcon_installed_package_information.package_discovery:Found 1 installed packages in /root/CSE276A_Fall24/cse276a_ws/install
[0.435s] DEBUG:colcon.colcon_installed_package_information.package_discovery:Found 173 installed packages in /opt/ros/foxy
[0.437s] Level 1:colcon.colcon_core.package_discovery:discover_packages(prefix_path) using defaults
[0.473s] Level 5:colcon.colcon_core.verb:set package 'key_joy' build argument 'cmake_args' from command line to 'None'
[0.474s] Level 5:colcon.colcon_core.verb:set package 'key_joy' build argument 'cmake_target' from command line to 'None'
[0.474s] Level 5:colcon.colcon_core.verb:set package 'key_joy' build argument 'cmake_target_skip_unavailable' from command line to 'False'
[0.474s] Level 5:colcon.colcon_core.verb:set package 'key_joy' build argument 'cmake_clean_cache' from command line to 'False'
[0.474s] Level 5:colcon.colcon_core.verb:set package 'key_joy' build argument 'cmake_clean_first' from command line to 'False'
[0.474s] Level 5:colcon.colcon_core.verb:set package 'key_joy' build argument 'cmake_force_configure' from command line to 'False'
[0.474s] Level 5:colcon.colcon_core.verb:set package 'key_joy' build argument 'ament_cmake_args' from command line to 'None'
[0.474s] Level 5:colcon.colcon_core.verb:set package 'key_joy' build argument 'catkin_cmake_args' from command line to 'None'
[0.474s] Level 5:colcon.colcon_core.verb:set package 'key_joy' build argument 'catkin_skip_building_tests' from command line to 'False'
[0.474s] DEBUG:colcon.colcon_core.verb:Building package 'key_joy' with the following arguments: {'ament_cmake_args': None, 'build_base': '/root/CSE276A_Fall24/cse276a_ws/build/key_joy', 'catkin_cmake_args': None, 'catkin_skip_building_tests': False, 'cmake_args': None, 'cmake_clean_cache': False, 'cmake_clean_first': False, 'cmake_force_configure': False, 'cmake_target': None, 'cmake_target_skip_unavailable': False, 'install_base': '/root/CSE276A_Fall24/cse276a_ws/install/key_joy', 'merge_install': False, 'path': '/root/CSE276A_Fall24/cse276a_ws/src/rb5_ros2/key_joy', 'symlink_install': False, 'test_result_base': None}
[0.474s] Level 5:colcon.colcon_core.verb:set package 'rb5_ros2_control' build argument 'cmake_args' from command line to 'None'
[0.474s] Level 5:colcon.colcon_core.verb:set package 'rb5_ros2_control' build argument 'cmake_target' from command line to 'None'
[0.474s] Level 5:colcon.colcon_core.verb:set package 'rb5_ros2_control' build argument 'cmake_target_skip_unavailable' from command line to 'False'
[0.474s] Level 5:colcon.colcon_core.verb:set package 'rb5_ros2_control' build argument 'cmake_clean_cache' from command line to 'False'
[0.474s] Level 5:colcon.colcon_core.verb:set package 'rb5_ros2_control' build argument 'cmake_clean_first' from command line to 'False'
[0.474s] Level 5:colcon.colcon_core.verb:set package 'rb5_ros2_control' build argument 'cmake_force_configure' from command line to 'False'
[0.474s] Level 5:colcon.colcon_core.verb:set package 'rb5_ros2_control' build argument 'ament_cmake_args' from command line to 'None'
[0.474s] Level 5:colcon.colcon_core.verb:set package 'rb5_ros2_control' build argument 'catkin_cmake_args' from command line to 'None'
[0.474s] Level 5:colcon.colcon_core.verb:set package 'rb5_ros2_control' build argument 'catkin_skip_building_tests' from command line to 'False'
[0.474s] DEBUG:colcon.colcon_core.verb:Building package 'rb5_ros2_control' with the following arguments: {'ament_cmake_args': None, 'build_base': '/root/CSE276A_Fall24/cse276a_ws/build/rb5_ros2_control', 'catkin_cmake_args': None, 'catkin_skip_building_tests': False, 'cmake_args': None, 'cmake_clean_cache': False, 'cmake_clean_first': False, 'cmake_force_configure': False, 'cmake_target': None, 'cmake_target_skip_unavailable': False, 'install_base': '/root/CSE276A_Fall24/cse276a_ws/install/rb5_ros2_control', 'merge_install': False, 'path': '/root/CSE276A_Fall24/cse276a_ws/src/rb5_ros2/rb5_ros2_control', 'symlink_install': False, 'test_result_base': None}
[0.475s] Level 5:colcon.colcon_core.verb:set package 'rb5_ros2_vision' build argument 'cmake_args' from command line to 'None'
[0.475s] Level 5:colcon.colcon_core.verb:set package 'rb5_ros2_vision' build argument 'cmake_target' from command line to 'None'
[0.475s] Level 5:colcon.colcon_core.verb:set package 'rb5_ros2_vision' build argument 'cmake_target_skip_unavailable' from command line to 'False'
[0.475s] Level 5:colcon.colcon_core.verb:set package 'rb5_ros2_vision' build argument 'cmake_clean_cache' from command line to 'False'
[0.475s] Level 5:colcon.colcon_core.verb:set package 'rb5_ros2_vision' build argument 'cmake_clean_first' from command line to 'False'
[0.475s] Level 5:colcon.colcon_core.verb:set package 'rb5_ros2_vision' build argument 'cmake_force_configure' from command line to 'False'
[0.475s] Level 5:colcon.colcon_core.verb:set package 'rb5_ros2_vision' build argument 'ament_cmake_args' from command line to 'None'
[0.475s] Level 5:colcon.colcon_core.verb:set package 'rb5_ros2_vision' build argument 'catkin_cmake_args' from command line to 'None'
[0.475s] Level 5:colcon.colcon_core.verb:set package 'rb5_ros2_vision' build argument 'catkin_skip_building_tests' from command line to 'False'
[0.475s] DEBUG:colcon.colcon_core.verb:Building package 'rb5_ros2_vision' with the following arguments: {'ament_cmake_args': None, 'build_base': '/root/CSE276A_Fall24/cse276a_ws/build/rb5_ros2_vision', 'catkin_cmake_args': None, 'catkin_skip_building_tests': False, 'cmake_args': None, 'cmake_clean_cache': False, 'cmake_clean_first': False, 'cmake_force_configure': False, 'cmake_target': None, 'cmake_target_skip_unavailable': False, 'install_base': '/root/CSE276A_Fall24/cse276a_ws/install/rb5_ros2_vision', 'merge_install': False, 'path': '/root/CSE276A_Fall24/cse276a_ws/src/rb5_ros2/rb5_ros2_vision', 'symlink_install': False, 'test_result_base': None}
[0.475s] Level 5:colcon.colcon_core.verb:set package 'ros2_april_detection' build argument 'cmake_args' from command line to 'None'
[0.475s] Level 5:colcon.colcon_core.verb:set package 'ros2_april_detection' build argument 'cmake_target' from command line to 'None'
[0.475s] Level 5:colcon.colcon_core.verb:set package 'ros2_april_detection' build argument 'cmake_target_skip_unavailable' from command line to 'False'
[0.475s] Level 5:colcon.colcon_core.verb:set package 'ros2_april_detection' build argument 'cmake_clean_cache' from command line to 'False'
[0.475s] Level 5:colcon.colcon_core.verb:set package 'ros2_april_detection' build argument 'cmake_clean_first' from command line to 'False'
[0.475s] Level 5:colcon.colcon_core.verb:set package 'ros2_april_detection' build argument 'cmake_force_configure' from command line to 'False'
[0.475s] Level 5:colcon.colcon_core.verb:set package 'ros2_april_detection' build argument 'ament_cmake_args' from command line to 'None'
[0.475s] Level 5:colcon.colcon_core.verb:set package 'ros2_april_detection' build argument 'catkin_cmake_args' from command line to 'None'
[0.475s] Level 5:colcon.colcon_core.verb:set package 'ros2_april_detection' build argument 'catkin_skip_building_tests' from command line to 'False'
[0.475s] DEBUG:colcon.colcon_core.verb:Building package 'ros2_april_detection' with the following arguments: {'ament_cmake_args': None, 'build_base': '/root/CSE276A_Fall24/cse276a_ws/build/ros2_april_detection', 'catkin_cmake_args': None, 'catkin_skip_building_tests': False, 'cmake_args': None, 'cmake_clean_cache': False, 'cmake_clean_first': False, 'cmake_force_configure': False, 'cmake_target': None, 'cmake_target_skip_unavailable': False, 'install_base': '/root/CSE276A_Fall24/cse276a_ws/install/ros2_april_detection', 'merge_install': False, 'path': '/root/CSE276A_Fall24/cse276a_ws/src/rb5_ros2/ros2_april_detection', 'symlink_install': False, 'test_result_base': None}
[0.475s] INFO:colcon.colcon_core.executor:Executing jobs using 'parallel' executor
[0.478s] DEBUG:colcon.colcon_parallel_executor.executor.parallel:run_until_complete
[0.479s] INFO:colcon.colcon_ros.task.ament_cmake.build:Building ROS package in '/root/CSE276A_Fall24/cse276a_ws/src/rb5_ros2/key_joy' with build type 'ament_cmake'
[0.479s] INFO:colcon.colcon_cmake.task.cmake.build:Building CMake package in '/root/CSE276A_Fall24/cse276a_ws/src/rb5_ros2/key_joy'
[0.487s] INFO:colcon.colcon_core.plugin_system:Skipping extension 'colcon_core.shell.bat': Not used on non-Windows systems
[0.487s] INFO:colcon.colcon_core.shell:Skip shell extension 'powershell' for command environment: Not usable outside of PowerShell
[0.487s] DEBUG:colcon.colcon_core.shell:Skip shell extension 'dsv' for command environment
[0.507s] INFO:colcon.colcon_ros.task.ament_cmake.build:Building ROS package in '/root/CSE276A_Fall24/cse276a_ws/src/rb5_ros2/rb5_ros2_control' with build type 'ament_cmake'
[0.509s] INFO:colcon.colcon_cmake.task.cmake.build:Building CMake package in '/root/CSE276A_Fall24/cse276a_ws/src/rb5_ros2/rb5_ros2_control'
[0.509s] INFO:colcon.colcon_core.shell:Skip shell extension 'powershell' for command environment: Not usable outside of PowerShell
[0.510s] DEBUG:colcon.colcon_core.shell:Skip shell extension 'dsv' for command environment
[0.522s] INFO:colcon.colcon_ros.task.ament_cmake.build:Building ROS package in '/root/CSE276A_Fall24/cse276a_ws/src/rb5_ros2/rb5_ros2_vision' with build type 'ament_cmake'
[0.523s] INFO:colcon.colcon_cmake.task.cmake.build:Building CMake package in '/root/CSE276A_Fall24/cse276a_ws/src/rb5_ros2/rb5_ros2_vision'
[0.523s] INFO:colcon.colcon_core.shell:Skip shell extension 'powershell' for command environment: Not usable outside of PowerShell
[0.524s] DEBUG:colcon.colcon_core.shell:Skip shell extension 'dsv' for command environment
[0.534s] INFO:colcon.colcon_ros.task.ament_cmake.build:Building ROS package in '/root/CSE276A_Fall24/cse276a_ws/src/rb5_ros2/ros2_april_detection' with build type 'ament_cmake'
[0.534s] INFO:colcon.colcon_cmake.task.cmake.build:Building CMake package in '/root/CSE276A_Fall24/cse276a_ws/src/rb5_ros2/ros2_april_detection'
[0.535s] INFO:colcon.colcon_core.shell:Skip shell extension 'powershell' for command environment: Not usable outside of PowerShell
[0.535s] DEBUG:colcon.colcon_core.shell:Skip shell extension 'dsv' for command environment
[0.559s] DEBUG:colcon.colcon_core.event_handler.log_command:Invoking command in '/root/CSE276A_Fall24/cse276a_ws/build/key_joy': CMAKE_PREFIX_PATH=/opt/ros/foxy _=/usr/bin/env /usr/bin/cmake /root/CSE276A_Fall24/cse276a_ws/src/rb5_ros2/key_joy -DCMAKE_INSTALL_PREFIX=/root/CSE276A_Fall24/cse276a_ws/install/key_joy
[0.574s] DEBUG:colcon.colcon_core.event_handler.log_command:Invoking command in '/root/CSE276A_Fall24/cse276a_ws/build/rb5_ros2_control': CMAKE_PREFIX_PATH=/opt/ros/foxy _=/usr/bin/env /usr/bin/cmake /root/CSE276A_Fall24/cse276a_ws/src/rb5_ros2/rb5_ros2_control -DCMAKE_INSTALL_PREFIX=/root/CSE276A_Fall24/cse276a_ws/install/rb5_ros2_control
[0.589s] DEBUG:colcon.colcon_core.event_handler.log_command:Invoking command in '/root/CSE276A_Fall24/cse276a_ws/build/rb5_ros2_vision': CMAKE_PREFIX_PATH=/opt/ros/foxy _=/usr/bin/env /usr/bin/cmake /root/CSE276A_Fall24/cse276a_ws/src/rb5_ros2/rb5_ros2_vision -DCMAKE_INSTALL_PREFIX=/root/CSE276A_Fall24/cse276a_ws/install/rb5_ros2_vision
[0.609s] DEBUG:colcon.colcon_core.event_handler.log_command:Invoking command in '/root/CSE276A_Fall24/cse276a_ws/build/ros2_april_detection': CMAKE_PREFIX_PATH=/opt/ros/foxy _=/usr/bin/env /usr/bin/cmake /root/CSE276A_Fall24/cse276a_ws/src/rb5_ros2/ros2_april_detection -DCMAKE_INSTALL_PREFIX=/root/CSE276A_Fall24/cse276a_ws/install/ros2_april_detection
[3.261s] DEBUG:colcon.colcon_core.event_handler.log_command:Invoked command in '/root/CSE276A_Fall24/cse276a_ws/build/key_joy' returned '0': CMAKE_PREFIX_PATH=/opt/ros/foxy _=/usr/bin/env /usr/bin/cmake /root/CSE276A_Fall24/cse276a_ws/src/rb5_ros2/key_joy -DCMAKE_INSTALL_PREFIX=/root/CSE276A_Fall24/cse276a_ws/install/key_joy
[3.262s] DEBUG:colcon.colcon_core.event_handler.log_command:Invoking command in '/root/CSE276A_Fall24/cse276a_ws/build/key_joy': CMAKE_PREFIX_PATH=/opt/ros/foxy _=/usr/bin/env /usr/bin/cmake --build /root/CSE276A_Fall24/cse276a_ws/build/key_joy -- -j8 -l8
[3.267s] DEBUG:colcon.colcon_core.event_handler.log_command:Invoked command in '/root/CSE276A_Fall24/cse276a_ws/build/rb5_ros2_control' returned '0': CMAKE_PREFIX_PATH=/opt/ros/foxy _=/usr/bin/env /usr/bin/cmake /root/CSE276A_Fall24/cse276a_ws/src/rb5_ros2/rb5_ros2_control -DCMAKE_INSTALL_PREFIX=/root/CSE276A_Fall24/cse276a_ws/install/rb5_ros2_control
[3.279s] DEBUG:colcon.colcon_core.event_handler.log_command:Invoking command in '/root/CSE276A_Fall24/cse276a_ws/build/rb5_ros2_control': CMAKE_PREFIX_PATH=/opt/ros/foxy _=/usr/bin/env /usr/bin/cmake --build /root/CSE276A_Fall24/cse276a_ws/build/rb5_ros2_control -- -j8 -l8
[3.389s] DEBUG:colcon.colcon_core.event_handler.log_command:Invoked command in '/root/CSE276A_Fall24/cse276a_ws/build/key_joy' returned '0': CMAKE_PREFIX_PATH=/opt/ros/foxy _=/usr/bin/env /usr/bin/cmake --build /root/CSE276A_Fall24/cse276a_ws/build/key_joy -- -j8 -l8
[3.416s] DEBUG:colcon.colcon_core.event_handler.log_command:Invoked command in '/root/CSE276A_Fall24/cse276a_ws/build/rb5_ros2_control' returned '0': CMAKE_PREFIX_PATH=/opt/ros/foxy _=/usr/bin/env /usr/bin/cmake --build /root/CSE276A_Fall24/cse276a_ws/build/rb5_ros2_control -- -j8 -l8
[3.535s] DEBUG:colcon.colcon_core.event_handler.log_command:Invoking command in '/root/CSE276A_Fall24/cse276a_ws/build/key_joy': CMAKE_PREFIX_PATH=/opt/ros/foxy _=/usr/bin/env /usr/bin/cmake --install /root/CSE276A_Fall24/cse276a_ws/build/key_joy
[3.553s] DEBUG:colcon.colcon_core.event_handler.log_command:Invoking command in '/root/CSE276A_Fall24/cse276a_ws/build/rb5_ros2_control': CMAKE_PREFIX_PATH=/opt/ros/foxy _=/usr/bin/env /usr/bin/cmake --install /root/CSE276A_Fall24/cse276a_ws/build/rb5_ros2_control
[3.663s] Level 1:colcon.colcon_core.environment:create_environment_scripts_only(key_joy)
[3.666s] DEBUG:colcon.colcon_core.event_handler.log_command:Invoked command in '/root/CSE276A_Fall24/cse276a_ws/build/key_joy' returned '0': CMAKE_PREFIX_PATH=/opt/ros/foxy _=/usr/bin/env /usr/bin/cmake --install /root/CSE276A_Fall24/cse276a_ws/build/key_joy
[3.687s] Level 1:colcon.colcon_core.environment:checking '/root/CSE276A_Fall24/cse276a_ws/install/key_joy' for CMake module files
[3.691s] Level 1:colcon.colcon_core.environment:checking '/root/CSE276A_Fall24/cse276a_ws/install/key_joy' for CMake config files
[3.692s] Level 1:colcon.colcon_core.shell:create_environment_hook('key_joy', 'cmake_prefix_path')
[3.693s] INFO:colcon.colcon_core.shell:Creating environment hook '/root/CSE276A_Fall24/cse276a_ws/install/key_joy/share/key_joy/hook/cmake_prefix_path.ps1'
[3.696s] INFO:colcon.colcon_core.shell:Creating environment descriptor '/root/CSE276A_Fall24/cse276a_ws/install/key_joy/share/key_joy/hook/cmake_prefix_path.dsv'
[3.698s] INFO:colcon.colcon_core.shell:Creating environment hook '/root/CSE276A_Fall24/cse276a_ws/install/key_joy/share/key_joy/hook/cmake_prefix_path.sh'
[3.703s] Level 1:colcon.colcon_core.environment:checking '/root/CSE276A_Fall24/cse276a_ws/install/key_joy/lib'
[3.704s] Level 1:colcon.colcon_core.environment:checking '/root/CSE276A_Fall24/cse276a_ws/install/key_joy/bin'
[3.704s] Level 1:colcon.colcon_core.environment:checking '/root/CSE276A_Fall24/cse276a_ws/install/key_joy/lib/pkgconfig/key_joy.pc'
[3.705s] Level 1:colcon.colcon_core.environment:checking '/root/CSE276A_Fall24/cse276a_ws/install/key_joy/lib/python3.8/site-packages'
[3.705s] Level 1:colcon.colcon_core.shell:create_environment_hook('key_joy', 'pythonpath')
[3.705s] INFO:colcon.colcon_core.shell:Creating environment hook '/root/CSE276A_Fall24/cse276a_ws/install/key_joy/share/key_joy/hook/pythonpath.ps1'
[3.706s] INFO:colcon.colcon_core.shell:Creating environment descriptor '/root/CSE276A_Fall24/cse276a_ws/install/key_joy/share/key_joy/hook/pythonpath.dsv'
[3.706s] INFO:colcon.colcon_core.shell:Creating environment hook '/root/CSE276A_Fall24/cse276a_ws/install/key_joy/share/key_joy/hook/pythonpath.sh'
[3.707s] Level 1:colcon.colcon_core.environment:checking '/root/CSE276A_Fall24/cse276a_ws/install/key_joy/bin'
[3.707s] INFO:colcon.colcon_core.shell:Creating package script '/root/CSE276A_Fall24/cse276a_ws/install/key_joy/share/key_joy/package.ps1'
[3.709s] INFO:colcon.colcon_core.shell:Creating package descriptor '/root/CSE276A_Fall24/cse276a_ws/install/key_joy/share/key_joy/package.dsv'
[3.709s] INFO:colcon.colcon_core.shell:Creating package script '/root/CSE276A_Fall24/cse276a_ws/install/key_joy/share/key_joy/package.sh'
[3.710s] INFO:colcon.colcon_core.shell:Creating package script '/root/CSE276A_Fall24/cse276a_ws/install/key_joy/share/key_joy/package.bash'
[3.712s] INFO:colcon.colcon_core.shell:Creating package script '/root/CSE276A_Fall24/cse276a_ws/install/key_joy/share/key_joy/package.zsh'
[3.714s] Level 1:colcon.colcon_core.environment:create_file_with_runtime_dependencies(/root/CSE276A_Fall24/cse276a_ws/install/key_joy/share/colcon-core/packages/key_joy)
[3.724s] Level 1:colcon.colcon_core.environment:create_environment_scripts_only(rb5_ros2_control)
[3.724s] Level 1:colcon.colcon_core.environment:checking '/root/CSE276A_Fall24/cse276a_ws/install/rb5_ros2_control' for CMake module files
[3.726s] DEBUG:colcon.colcon_core.event_handler.log_command:Invoked command in '/root/CSE276A_Fall24/cse276a_ws/build/rb5_ros2_control' returned '0': CMAKE_PREFIX_PATH=/opt/ros/foxy _=/usr/bin/env /usr/bin/cmake --install /root/CSE276A_Fall24/cse276a_ws/build/rb5_ros2_control
[3.727s] Level 1:colcon.colcon_core.environment:checking '/root/CSE276A_Fall24/cse276a_ws/install/rb5_ros2_control' for CMake config files
[3.727s] Level 1:colcon.colcon_core.shell:create_environment_hook('rb5_ros2_control', 'cmake_prefix_path')
[3.728s] INFO:colcon.colcon_core.shell:Creating environment hook '/root/CSE276A_Fall24/cse276a_ws/install/rb5_ros2_control/share/rb5_ros2_control/hook/cmake_prefix_path.ps1'
[3.728s] INFO:colcon.colcon_core.shell:Creating environment descriptor '/root/CSE276A_Fall24/cse276a_ws/install/rb5_ros2_control/share/rb5_ros2_control/hook/cmake_prefix_path.dsv'
[3.729s] INFO:colcon.colcon_core.shell:Creating environment hook '/root/CSE276A_Fall24/cse276a_ws/install/rb5_ros2_control/share/rb5_ros2_control/hook/cmake_prefix_path.sh'
[3.729s] Level 1:colcon.colcon_core.environment:checking '/root/CSE276A_Fall24/cse276a_ws/install/rb5_ros2_control/lib'
[3.729s] Level 1:colcon.colcon_core.environment:checking '/root/CSE276A_Fall24/cse276a_ws/install/rb5_ros2_control/bin'
[3.729s] Level 1:colcon.colcon_core.environment:checking '/root/CSE276A_Fall24/cse276a_ws/install/rb5_ros2_control/lib/pkgconfig/rb5_ros2_control.pc'
[3.730s] Level 1:colcon.colcon_core.environment:checking '/root/CSE276A_Fall24/cse276a_ws/install/rb5_ros2_control/lib/python3.8/site-packages'
[3.730s] Level 1:colcon.colcon_core.shell:create_environment_hook('rb5_ros2_control', 'pythonpath')
[3.730s] INFO:colcon.colcon_core.shell:Creating environment hook '/root/CSE276A_Fall24/cse276a_ws/install/rb5_ros2_control/share/rb5_ros2_control/hook/pythonpath.ps1'
[3.730s] INFO:colcon.colcon_core.shell:Creating environment descriptor '/root/CSE276A_Fall24/cse276a_ws/install/rb5_ros2_control/share/rb5_ros2_control/hook/pythonpath.dsv'
[3.731s] INFO:colcon.colcon_core.shell:Creating environment hook '/root/CSE276A_Fall24/cse276a_ws/install/rb5_ros2_control/share/rb5_ros2_control/hook/pythonpath.sh'
[3.731s] Level 1:colcon.colcon_core.environment:checking '/root/CSE276A_Fall24/cse276a_ws/install/rb5_ros2_control/bin'
[3.732s] INFO:colcon.colcon_core.shell:Creating package script '/root/CSE276A_Fall24/cse276a_ws/install/rb5_ros2_control/share/rb5_ros2_control/package.ps1'
[3.732s] INFO:colcon.colcon_core.shell:Creating package descriptor '/root/CSE276A_Fall24/cse276a_ws/install/rb5_ros2_control/share/rb5_ros2_control/package.dsv'
[3.733s] INFO:colcon.colcon_core.shell:Creating package script '/root/CSE276A_Fall24/cse276a_ws/install/rb5_ros2_control/share/rb5_ros2_control/package.sh'
[3.733s] INFO:colcon.colcon_core.shell:Creating package script '/root/CSE276A_Fall24/cse276a_ws/install/rb5_ros2_control/share/rb5_ros2_control/package.bash'
[3.733s] INFO:colcon.colcon_core.shell:Creating package script '/root/CSE276A_Fall24/cse276a_ws/install/rb5_ros2_control/share/rb5_ros2_control/package.zsh'
[3.734s] Level 1:colcon.colcon_core.environment:create_file_with_runtime_dependencies(/root/CSE276A_Fall24/cse276a_ws/install/rb5_ros2_control/share/colcon-core/packages/rb5_ros2_control)
[3.746s] DEBUG:colcon.colcon_core.event_handler.log_command:Invoked command in '/root/CSE276A_Fall24/cse276a_ws/build/ros2_april_detection' returned '0': CMAKE_PREFIX_PATH=/opt/ros/foxy _=/usr/bin/env /usr/bin/cmake /root/CSE276A_Fall24/cse276a_ws/src/rb5_ros2/ros2_april_detection -DCMAKE_INSTALL_PREFIX=/root/CSE276A_Fall24/cse276a_ws/install/ros2_april_detection
[3.748s] DEBUG:colcon.colcon_core.event_handler.log_command:Invoking command in '/root/CSE276A_Fall24/cse276a_ws/build/ros2_april_detection': CMAKE_PREFIX_PATH=/opt/ros/foxy _=/usr/bin/env /usr/bin/cmake --build /root/CSE276A_Fall24/cse276a_ws/build/ros2_april_detection -- -j8 -l8
[3.813s] Level 1:colcon.colcon_core.environment:create_environment_scripts_only(key_joy)
[3.815s] Level 1:colcon.colcon_core.environment:checking '/root/CSE276A_Fall24/cse276a_ws/install/key_joy' for CMake module files
[3.819s] Level 1:colcon.colcon_core.environment:checking '/root/CSE276A_Fall24/cse276a_ws/install/key_joy' for CMake config files
[3.819s] Level 1:colcon.colcon_core.shell:create_environment_hook('key_joy', 'cmake_prefix_path')
[3.821s] INFO:colcon.colcon_core.shell:Creating environment hook '/root/CSE276A_Fall24/cse276a_ws/install/key_joy/share/key_joy/hook/cmake_prefix_path.ps1'
[3.823s] INFO:colcon.colcon_core.shell:Creating environment descriptor '/root/CSE276A_Fall24/cse276a_ws/install/key_joy/share/key_joy/hook/cmake_prefix_path.dsv'
[3.824s] INFO:colcon.colcon_core.shell:Creating environment hook '/root/CSE276A_Fall24/cse276a_ws/install/key_joy/share/key_joy/hook/cmake_prefix_path.sh'
[3.826s] Level 1:colcon.colcon_core.environment:checking '/root/CSE276A_Fall24/cse276a_ws/install/key_joy/lib'
[3.827s] Level 1:colcon.colcon_core.environment:checking '/root/CSE276A_Fall24/cse276a_ws/install/key_joy/bin'
[3.827s] Level 1:colcon.colcon_core.environment:checking '/root/CSE276A_Fall24/cse276a_ws/install/key_joy/lib/pkgconfig/key_joy.pc'
[3.828s] Level 1:colcon.colcon_core.environment:checking '/root/CSE276A_Fall24/cse276a_ws/install/key_joy/lib/python3.8/site-packages'
[3.828s] Level 1:colcon.colcon_core.shell:create_environment_hook('key_joy', 'pythonpath')
[3.830s] INFO:colcon.colcon_core.shell:Creating environment hook '/root/CSE276A_Fall24/cse276a_ws/install/key_joy/share/key_joy/hook/pythonpath.ps1'
[3.831s] INFO:colcon.colcon_core.shell:Creating environment descriptor '/root/CSE276A_Fall24/cse276a_ws/install/key_joy/share/key_joy/hook/pythonpath.dsv'
[3.834s] INFO:colcon.colcon_core.shell:Creating environment hook '/root/CSE276A_Fall24/cse276a_ws/install/key_joy/share/key_joy/hook/pythonpath.sh'
[3.834s] Level 1:colcon.colcon_core.environment:checking '/root/CSE276A_Fall24/cse276a_ws/install/key_joy/bin'
[3.835s] INFO:colcon.colcon_core.shell:Creating package script '/root/CSE276A_Fall24/cse276a_ws/install/key_joy/share/key_joy/package.ps1'
[3.835s] INFO:colcon.colcon_core.shell:Creating package descriptor '/root/CSE276A_Fall24/cse276a_ws/install/key_joy/share/key_joy/package.dsv'
[3.836s] INFO:colcon.colcon_core.shell:Creating package script '/root/CSE276A_Fall24/cse276a_ws/install/key_joy/share/key_joy/package.sh'
[3.836s] INFO:colcon.colcon_core.shell:Creating package script '/root/CSE276A_Fall24/cse276a_ws/install/key_joy/share/key_joy/package.bash'
[3.837s] INFO:colcon.colcon_core.shell:Creating package script '/root/CSE276A_Fall24/cse276a_ws/install/key_joy/share/key_joy/package.zsh'
[3.837s] Level 1:colcon.colcon_core.environment:create_file_with_runtime_dependencies(/root/CSE276A_Fall24/cse276a_ws/install/key_joy/share/colcon-core/packages/key_joy)
[3.839s] Level 1:colcon.colcon_core.environment:create_environment_scripts_only(rb5_ros2_control)
[3.840s] Level 1:colcon.colcon_core.environment:checking '/root/CSE276A_Fall24/cse276a_ws/install/rb5_ros2_control' for CMake module files
[3.840s] Level 1:colcon.colcon_core.environment:checking '/root/CSE276A_Fall24/cse276a_ws/install/rb5_ros2_control' for CMake config files
[3.841s] Level 1:colcon.colcon_core.shell:create_environment_hook('rb5_ros2_control', 'cmake_prefix_path')
[3.841s] INFO:colcon.colcon_core.shell:Creating environment hook '/root/CSE276A_Fall24/cse276a_ws/install/rb5_ros2_control/share/rb5_ros2_control/hook/cmake_prefix_path.ps1'
[3.842s] INFO:colcon.colcon_core.shell:Creating environment descriptor '/root/CSE276A_Fall24/cse276a_ws/install/rb5_ros2_control/share/rb5_ros2_control/hook/cmake_prefix_path.dsv'
[3.843s] INFO:colcon.colcon_core.shell:Creating environment hook '/root/CSE276A_Fall24/cse276a_ws/install/rb5_ros2_control/share/rb5_ros2_control/hook/cmake_prefix_path.sh'
[3.843s] Level 1:colcon.colcon_core.environment:checking '/root/CSE276A_Fall24/cse276a_ws/install/rb5_ros2_control/lib'
[3.843s] Level 1:colcon.colcon_core.environment:checking '/root/CSE276A_Fall24/cse276a_ws/install/rb5_ros2_control/bin'
[3.844s] Level 1:colcon.colcon_core.environment:checking '/root/CSE276A_Fall24/cse276a_ws/install/rb5_ros2_control/lib/pkgconfig/rb5_ros2_control.pc'
[3.844s] Level 1:colcon.colcon_core.environment:checking '/root/CSE276A_Fall24/cse276a_ws/install/rb5_ros2_control/lib/python3.8/site-packages'
[3.844s] Level 1:colcon.colcon_core.shell:create_environment_hook('rb5_ros2_control', 'pythonpath')
[3.844s] INFO:colcon.colcon_core.shell:Creating environment hook '/root/CSE276A_Fall24/cse276a_ws/install/rb5_ros2_control/share/rb5_ros2_control/hook/pythonpath.ps1'
[3.844s] INFO:colcon.colcon_core.shell:Creating environment descriptor '/root/CSE276A_Fall24/cse276a_ws/install/rb5_ros2_control/share/rb5_ros2_control/hook/pythonpath.dsv'
[3.845s] INFO:colcon.colcon_core.shell:Creating environment hook '/root/CSE276A_Fall24/cse276a_ws/install/rb5_ros2_control/share/rb5_ros2_control/hook/pythonpath.sh'
[3.845s] Level 1:colcon.colcon_core.environment:checking '/root/CSE276A_Fall24/cse276a_ws/install/rb5_ros2_control/bin'
[3.846s] INFO:colcon.colcon_core.shell:Creating package script '/root/CSE276A_Fall24/cse276a_ws/install/rb5_ros2_control/share/rb5_ros2_control/package.ps1'
[3.846s] INFO:colcon.colcon_core.shell:Creating package descriptor '/root/CSE276A_Fall24/cse276a_ws/install/rb5_ros2_control/share/rb5_ros2_control/package.dsv'
[3.847s] INFO:colcon.colcon_core.shell:Creating package script '/root/CSE276A_Fall24/cse276a_ws/install/rb5_ros2_control/share/rb5_ros2_control/package.sh'
[3.847s] INFO:colcon.colcon_core.shell:Creating package script '/root/CSE276A_Fall24/cse276a_ws/install/rb5_ros2_control/share/rb5_ros2_control/package.bash'
[3.848s] INFO:colcon.colcon_core.shell:Creating package script '/root/CSE276A_Fall24/cse276a_ws/install/rb5_ros2_control/share/rb5_ros2_control/package.zsh'
[3.848s] Level 1:colcon.colcon_core.environment:create_file_with_runtime_dependencies(/root/CSE276A_Fall24/cse276a_ws/install/rb5_ros2_control/share/colcon-core/packages/rb5_ros2_control)
[5.921s] DEBUG:colcon.colcon_core.event_handler.log_command:Invoked command in '/root/CSE276A_Fall24/cse276a_ws/build/rb5_ros2_vision' returned '0': CMAKE_PREFIX_PATH=/opt/ros/foxy _=/usr/bin/env /usr/bin/cmake /root/CSE276A_Fall24/cse276a_ws/src/rb5_ros2/rb5_ros2_vision -DCMAKE_INSTALL_PREFIX=/root/CSE276A_Fall24/cse276a_ws/install/rb5_ros2_vision
[5.939s] DEBUG:colcon.colcon_core.event_handler.log_command:Invoking command in '/root/CSE276A_Fall24/cse276a_ws/build/rb5_ros2_vision': CMAKE_PREFIX_PATH=/opt/ros/foxy _=/usr/bin/env /usr/bin/cmake --build /root/CSE276A_Fall24/cse276a_ws/build/rb5_ros2_vision -- -j8 -l8
[14.114s] DEBUG:colcon.colcon_core.event_handler.log_command:Invoked command in '/root/CSE276A_Fall24/cse276a_ws/build/rb5_ros2_vision' returned '0': CMAKE_PREFIX_PATH=/opt/ros/foxy _=/usr/bin/env /usr/bin/cmake --build /root/CSE276A_Fall24/cse276a_ws/build/rb5_ros2_vision -- -j8 -l8
[14.367s] DEBUG:colcon.colcon_core.event_handler.log_command:Invoking command in '/root/CSE276A_Fall24/cse276a_ws/build/rb5_ros2_vision': CMAKE_PREFIX_PATH=/opt/ros/foxy _=/usr/bin/env /usr/bin/cmake --install /root/CSE276A_Fall24/cse276a_ws/build/rb5_ros2_vision
[14.418s] Level 1:colcon.colcon_core.environment:create_environment_scripts_only(rb5_ros2_vision)
[14.421s] Level 1:colcon.colcon_core.environment:checking '/root/CSE276A_Fall24/cse276a_ws/install/rb5_ros2_vision' for CMake module files
[14.441s] Level 1:colcon.colcon_core.environment:checking '/root/CSE276A_Fall24/cse276a_ws/install/rb5_ros2_vision' for CMake config files
[14.450s] DEBUG:colcon.colcon_core.event_handler.log_command:Invoked command in '/root/CSE276A_Fall24/cse276a_ws/build/rb5_ros2_vision' returned '0': CMAKE_PREFIX_PATH=/opt/ros/foxy _=/usr/bin/env /usr/bin/cmake --install /root/CSE276A_Fall24/cse276a_ws/build/rb5_ros2_vision
[14.451s] Level 1:colcon.colcon_core.shell:create_environment_hook('rb5_ros2_vision', 'cmake_prefix_path')
[14.454s] INFO:colcon.colcon_core.shell:Creating environment hook '/root/CSE276A_Fall24/cse276a_ws/install/rb5_ros2_vision/share/rb5_ros2_vision/hook/cmake_prefix_path.ps1'
[14.458s] INFO:colcon.colcon_core.shell:Creating environment descriptor '/root/CSE276A_Fall24/cse276a_ws/install/rb5_ros2_vision/share/rb5_ros2_vision/hook/cmake_prefix_path.dsv'
[14.462s] INFO:colcon.colcon_core.shell:Creating environment hook '/root/CSE276A_Fall24/cse276a_ws/install/rb5_ros2_vision/share/rb5_ros2_vision/hook/cmake_prefix_path.sh'
[14.468s] Level 1:colcon.colcon_core.environment:checking '/root/CSE276A_Fall24/cse276a_ws/install/rb5_ros2_vision/lib'
[14.469s] Level 1:colcon.colcon_core.environment:checking '/root/CSE276A_Fall24/cse276a_ws/install/rb5_ros2_vision/bin'
[14.470s] Level 1:colcon.colcon_core.environment:checking '/root/CSE276A_Fall24/cse276a_ws/install/rb5_ros2_vision/lib/pkgconfig/rb5_ros2_vision.pc'
[14.473s] Level 1:colcon.colcon_core.environment:checking '/root/CSE276A_Fall24/cse276a_ws/install/rb5_ros2_vision/lib/python3.8/site-packages'
[14.475s] Level 1:colcon.colcon_core.environment:checking '/root/CSE276A_Fall24/cse276a_ws/install/rb5_ros2_vision/bin'
[14.477s] INFO:colcon.colcon_core.shell:Creating package script '/root/CSE276A_Fall24/cse276a_ws/install/rb5_ros2_vision/share/rb5_ros2_vision/package.ps1'
[14.480s] INFO:colcon.colcon_core.shell:Creating package descriptor '/root/CSE276A_Fall24/cse276a_ws/install/rb5_ros2_vision/share/rb5_ros2_vision/package.dsv'
[14.483s] INFO:colcon.colcon_core.shell:Creating package script '/root/CSE276A_Fall24/cse276a_ws/install/rb5_ros2_vision/share/rb5_ros2_vision/package.sh'
[14.485s] INFO:colcon.colcon_core.shell:Creating package script '/root/CSE276A_Fall24/cse276a_ws/install/rb5_ros2_vision/share/rb5_ros2_vision/package.bash'
[14.486s] INFO:colcon.colcon_core.shell:Creating package script '/root/CSE276A_Fall24/cse276a_ws/install/rb5_ros2_vision/share/rb5_ros2_vision/package.zsh'
[14.487s] Level 1:colcon.colcon_core.environment:create_file_with_runtime_dependencies(/root/CSE276A_Fall24/cse276a_ws/install/rb5_ros2_vision/share/colcon-core/packages/rb5_ros2_vision)
[14.588s] DEBUG:colcon.colcon_core.event_handler.log_command:Invoked command in '/root/CSE276A_Fall24/cse276a_ws/build/ros2_april_detection' returned '0': CMAKE_PREFIX_PATH=/opt/ros/foxy _=/usr/bin/env /usr/bin/cmake --build /root/CSE276A_Fall24/cse276a_ws/build/ros2_april_detection -- -j8 -l8
[14.640s] Level 1:colcon.colcon_core.environment:create_environment_scripts_only(rb5_ros2_vision)
[14.642s] Level 1:colcon.colcon_core.environment:checking '/root/CSE276A_Fall24/cse276a_ws/install/rb5_ros2_vision' for CMake module files
[14.645s] Level 1:colcon.colcon_core.environment:checking '/root/CSE276A_Fall24/cse276a_ws/install/rb5_ros2_vision' for CMake config files
[14.646s] Level 1:colcon.colcon_core.shell:create_environment_hook('rb5_ros2_vision', 'cmake_prefix_path')
[14.647s] INFO:colcon.colcon_core.shell:Creating environment hook '/root/CSE276A_Fall24/cse276a_ws/install/rb5_ros2_vision/share/rb5_ros2_vision/hook/cmake_prefix_path.ps1'
[14.650s] INFO:colcon.colcon_core.shell:Creating environment descriptor '/root/CSE276A_Fall24/cse276a_ws/install/rb5_ros2_vision/share/rb5_ros2_vision/hook/cmake_prefix_path.dsv'
[14.651s] INFO:colcon.colcon_core.shell:Creating environment hook '/root/CSE276A_Fall24/cse276a_ws/install/rb5_ros2_vision/share/rb5_ros2_vision/hook/cmake_prefix_path.sh'
[14.653s] Level 1:colcon.colcon_core.environment:checking '/root/CSE276A_Fall24/cse276a_ws/install/rb5_ros2_vision/lib'
[14.653s] Level 1:colcon.colcon_core.environment:checking '/root/CSE276A_Fall24/cse276a_ws/install/rb5_ros2_vision/bin'
[14.654s] Level 1:colcon.colcon_core.environment:checking '/root/CSE276A_Fall24/cse276a_ws/install/rb5_ros2_vision/lib/pkgconfig/rb5_ros2_vision.pc'
[14.655s] Level 1:colcon.colcon_core.environment:checking '/root/CSE276A_Fall24/cse276a_ws/install/rb5_ros2_vision/lib/python3.8/site-packages'
[14.655s] Level 1:colcon.colcon_core.environment:checking '/root/CSE276A_Fall24/cse276a_ws/install/rb5_ros2_vision/bin'
[14.658s] INFO:colcon.colcon_core.shell:Creating package script '/root/CSE276A_Fall24/cse276a_ws/install/rb5_ros2_vision/share/rb5_ros2_vision/package.ps1'
[14.660s] INFO:colcon.colcon_core.shell:Creating package descriptor '/root/CSE276A_Fall24/cse276a_ws/install/rb5_ros2_vision/share/rb5_ros2_vision/package.dsv'
[14.662s] INFO:colcon.colcon_core.shell:Creating package script '/root/CSE276A_Fall24/cse276a_ws/install/rb5_ros2_vision/share/rb5_ros2_vision/package.sh'
[14.663s] INFO:colcon.colcon_core.shell:Creating package script '/root/CSE276A_Fall24/cse276a_ws/install/rb5_ros2_vision/share/rb5_ros2_vision/package.bash'
[14.666s] INFO:colcon.colcon_core.shell:Creating package script '/root/CSE276A_Fall24/cse276a_ws/install/rb5_ros2_vision/share/rb5_ros2_vision/package.zsh'
[14.667s] Level 1:colcon.colcon_core.environment:create_file_with_runtime_dependencies(/root/CSE276A_Fall24/cse276a_ws/install/rb5_ros2_vision/share/colcon-core/packages/rb5_ros2_vision)
[14.784s] DEBUG:colcon.colcon_core.event_handler.log_command:Invoking command in '/root/CSE276A_Fall24/cse276a_ws/build/ros2_april_detection': CMAKE_PREFIX_PATH=/opt/ros/foxy _=/usr/bin/env /usr/bin/cmake --install /root/CSE276A_Fall24/cse276a_ws/build/ros2_april_detection
[14.836s] Level 1:colcon.colcon_core.environment:create_environment_scripts_only(ros2_april_detection)
[14.842s] Level 1:colcon.colcon_core.environment:checking '/root/CSE276A_Fall24/cse276a_ws/install/ros2_april_detection' for CMake module files
[14.864s] DEBUG:colcon.colcon_core.event_handler.log_command:Invoked command in '/root/CSE276A_Fall24/cse276a_ws/build/ros2_april_detection' returned '0': CMAKE_PREFIX_PATH=/opt/ros/foxy _=/usr/bin/env /usr/bin/cmake --install /root/CSE276A_Fall24/cse276a_ws/build/ros2_april_detection
[14.865s] Level 1:colcon.colcon_core.environment:checking '/root/CSE276A_Fall24/cse276a_ws/install/ros2_april_detection' for CMake config files
[14.870s] Level 1:colcon.colcon_core.shell:create_environment_hook('ros2_april_detection', 'cmake_prefix_path')
[14.873s] INFO:colcon.colcon_core.shell:Creating environment hook '/root/CSE276A_Fall24/cse276a_ws/install/ros2_april_detection/share/ros2_april_detection/hook/cmake_prefix_path.ps1'
[14.879s] INFO:colcon.colcon_core.shell:Creating environment descriptor '/root/CSE276A_Fall24/cse276a_ws/install/ros2_april_detection/share/ros2_april_detection/hook/cmake_prefix_path.dsv'
[14.882s] INFO:colcon.colcon_core.shell:Creating environment hook '/root/CSE276A_Fall24/cse276a_ws/install/ros2_april_detection/share/ros2_april_detection/hook/cmake_prefix_path.sh'
[14.888s] Level 1:colcon.colcon_core.environment:checking '/root/CSE276A_Fall24/cse276a_ws/install/ros2_april_detection/lib'
[14.889s] Level 1:colcon.colcon_core.environment:checking '/root/CSE276A_Fall24/cse276a_ws/install/ros2_april_detection/bin'
[14.890s] Level 1:colcon.colcon_core.environment:checking '/root/CSE276A_Fall24/cse276a_ws/install/ros2_april_detection/lib/pkgconfig/ros2_april_detection.pc'
[14.891s] Level 1:colcon.colcon_core.environment:checking '/root/CSE276A_Fall24/cse276a_ws/install/ros2_april_detection/lib/python3.8/site-packages'
[14.892s] Level 1:colcon.colcon_core.environment:checking '/root/CSE276A_Fall24/cse276a_ws/install/ros2_april_detection/bin'
[14.894s] INFO:colcon.colcon_core.shell:Creating package script '/root/CSE276A_Fall24/cse276a_ws/install/ros2_april_detection/share/ros2_april_detection/package.ps1'
[14.896s] INFO:colcon.colcon_core.shell:Creating package descriptor '/root/CSE276A_Fall24/cse276a_ws/install/ros2_april_detection/share/ros2_april_detection/package.dsv'
[14.898s] INFO:colcon.colcon_core.shell:Creating package script '/root/CSE276A_Fall24/cse276a_ws/install/ros2_april_detection/share/ros2_april_detection/package.sh'
[14.900s] INFO:colcon.colcon_core.shell:Creating package script '/root/CSE276A_Fall24/cse276a_ws/install/ros2_april_detection/share/ros2_april_detection/package.bash'
[14.902s] INFO:colcon.colcon_core.shell:Creating package script '/root/CSE276A_Fall24/cse276a_ws/install/ros2_april_detection/share/ros2_april_detection/package.zsh'
[14.903s] Level 1:colcon.colcon_core.environment:create_file_with_runtime_dependencies(/root/CSE276A_Fall24/cse276a_ws/install/ros2_april_detection/share/colcon-core/packages/ros2_april_detection)
[15.134s] Level 1:colcon.colcon_core.environment:create_environment_scripts_only(ros2_april_detection)
[15.139s] Level 1:colcon.colcon_core.environment:checking '/root/CSE276A_Fall24/cse276a_ws/install/ros2_april_detection' for CMake module files
[15.147s] Level 1:colcon.colcon_core.environment:checking '/root/CSE276A_Fall24/cse276a_ws/install/ros2_april_detection' for CMake config files
[15.149s] Level 1:colcon.colcon_core.shell:create_environment_hook('ros2_april_detection', 'cmake_prefix_path')
[15.150s] INFO:colcon.colcon_core.shell:Creating environment hook '/root/CSE276A_Fall24/cse276a_ws/install/ros2_april_detection/share/ros2_april_detection/hook/cmake_prefix_path.ps1'
[15.154s] INFO:colcon.colcon_core.shell:Creating environment descriptor '/root/CSE276A_Fall24/cse276a_ws/install/ros2_april_detection/share/ros2_april_detection/hook/cmake_prefix_path.dsv'
[15.157s] INFO:colcon.colcon_core.shell:Creating environment hook '/root/CSE276A_Fall24/cse276a_ws/install/ros2_april_detection/share/ros2_april_detection/hook/cmake_prefix_path.sh'
[15.159s] Level 1:colcon.colcon_core.environment:checking '/root/CSE276A_Fall24/cse276a_ws/install/ros2_april_detection/lib'
[15.160s] Level 1:colcon.colcon_core.environment:checking '/root/CSE276A_Fall24/cse276a_ws/install/ros2_april_detection/bin'
[15.160s] Level 1:colcon.colcon_core.environment:checking '/root/CSE276A_Fall24/cse276a_ws/install/ros2_april_detection/lib/pkgconfig/ros2_april_detection.pc'
[15.162s] Level 1:colcon.colcon_core.environment:checking '/root/CSE276A_Fall24/cse276a_ws/install/ros2_april_detection/lib/python3.8/site-packages'
[15.162s] Level 1:colcon.colcon_core.environment:checking '/root/CSE276A_Fall24/cse276a_ws/install/ros2_april_detection/bin'
[15.164s] INFO:colcon.colcon_core.shell:Creating package script '/root/CSE276A_Fall24/cse276a_ws/install/ros2_april_detection/share/ros2_april_detection/package.ps1'
[15.167s] INFO:colcon.colcon_core.shell:Creating package descriptor '/root/CSE276A_Fall24/cse276a_ws/install/ros2_april_detection/share/ros2_april_detection/package.dsv'
[15.169s] INFO:colcon.colcon_core.shell:Creating package script '/root/CSE276A_Fall24/cse276a_ws/install/ros2_april_detection/share/ros2_april_detection/package.sh'
[15.171s] INFO:colcon.colcon_core.shell:Creating package script '/root/CSE276A_Fall24/cse276a_ws/install/ros2_april_detection/share/ros2_april_detection/package.bash'
[15.173s] INFO:colcon.colcon_core.shell:Creating package script '/root/CSE276A_Fall24/cse276a_ws/install/ros2_april_detection/share/ros2_april_detection/package.zsh'
[15.175s] Level 1:colcon.colcon_core.environment:create_file_with_runtime_dependencies(/root/CSE276A_Fall24/cse276a_ws/install/ros2_april_detection/share/colcon-core/packages/ros2_april_detection)
[15.176s] DEBUG:colcon.colcon_parallel_executor.executor.parallel:closing loop
[15.182s] DEBUG:colcon.colcon_parallel_executor.executor.parallel:loop closed
[15.182s] DEBUG:colcon.colcon_parallel_executor.executor.parallel:run_until_complete finished with '0'
[15.182s] DEBUG:colcon.colcon_core.event_reactor:joining thread
[15.229s] INFO:colcon.colcon_core.plugin_system:Skipping extension 'colcon_notification.desktop_notification.notify_send': Could not find 'notify-send'
[15.229s] INFO:colcon.colcon_core.plugin_system:Skipping extension 'colcon_notification.desktop_notification.terminal_notifier': Not used on non-Darwin systems
[15.230s] INFO:colcon.colcon_core.plugin_system:Skipping extension 'colcon_notification.desktop_notification.win32': Not used on non-Windows systems
[15.230s] INFO:colcon.colcon_notification.desktop_notification:Sending desktop notification using 'notify2'
[15.266s] DEBUG:colcon.colcon_notification.desktop_notification.notify2:Failed to initialize notify2: org.freedesktop.DBus.Error.ServiceUnknown: The name org.freedesktop.Notifications was not provided by any .service files
[15.267s] DEBUG:colcon.colcon_core.event_reactor:joined thread
[15.268s] INFO:colcon.colcon_core.shell:Creating prefix script '/root/CSE276A_Fall24/cse276a_ws/install/local_setup.ps1'
[15.274s] INFO:colcon.colcon_core.shell:Creating prefix util module '/root/CSE276A_Fall24/cse276a_ws/install/_local_setup_util_ps1.py'
[15.282s] INFO:colcon.colcon_core.shell:Creating prefix chain script '/root/CSE276A_Fall24/cse276a_ws/install/setup.ps1'
[15.287s] INFO:colcon.colcon_core.shell:Creating prefix script '/root/CSE276A_Fall24/cse276a_ws/install/local_setup.sh'
[15.289s] INFO:colcon.colcon_core.shell:Creating prefix util module '/root/CSE276A_Fall24/cse276a_ws/install/_local_setup_util_sh.py'
[15.291s] INFO:colcon.colcon_core.shell:Creating prefix chain script '/root/CSE276A_Fall24/cse276a_ws/install/setup.sh'
[15.295s] INFO:colcon.colcon_core.shell:Creating prefix script '/root/CSE276A_Fall24/cse276a_ws/install/local_setup.bash'
[15.297s] INFO:colcon.colcon_core.shell:Creating prefix chain script '/root/CSE276A_Fall24/cse276a_ws/install/setup.bash'
[15.301s] INFO:colcon.colcon_core.shell:Creating prefix script '/root/CSE276A_Fall24/cse276a_ws/install/local_setup.zsh'
[15.303s] INFO:colcon.colcon_core.shell:Creating prefix chain script '/root/CSE276A_Fall24/cse276a_ws/install/setup.zsh'
