[0.101s] Invoking command in '/root/CSE276A_Fall24/cse276a_ws/build/image_geometry': CMAKE_PREFIX_PATH=${CMAKE_PREFIX_PATH}:/opt/ros/foxy _=/usr/bin/env /usr/bin/cmake /root/CSE276A_Fall24/cse276a_ws/src/vision_opencv/image_geometry -DCMAKE_INSTALL_PREFIX=/root/CSE276A_Fall24/cse276a_ws/install/image_geometry
[0.592s] -- The C compiler identification is GNU 9.4.0
[0.915s] -- The CXX compiler identification is GNU 9.4.0
[0.934s] -- Check for working C compiler: /usr/bin/cc
[1.228s] -- Check for working C compiler: /usr/bin/cc -- works
[1.241s] -- Detecting C compiler ABI info
[1.588s] -- Detecting C compiler ABI info - done
[1.615s] -- Detecting C compile features
[1.617s] -- Detecting C compile features - done
[1.621s] -- Check for working CXX compiler: /usr/bin/c++
[2.003s] -- Check for working CXX compiler: /usr/bin/c++ -- works
[2.014s] -- Detecting CXX compiler ABI info
[2.405s] -- Detecting CXX compiler ABI info - done
[2.451s] -- Detecting CXX compile features
[2.453s] -- Detecting CXX compile features - done
[2.454s] -- Found ament_cmake_python: 0.9.12 (/opt/ros/foxy/share/ament_cmake_python/cmake)
[2.457s] -- Found ament_cmake_ros: 0.9.2 (/opt/ros/foxy/share/ament_cmake_ros/cmake)
[2.539s] -- Found PythonInterp: /usr/bin/python3 (found suitable version "3.8.10", minimum required is "3") 
[2.540s] -- Using PYTHON_EXECUTABLE: /usr/bin/python3
[2.917s] -- Found OpenCV: /usr (found version "4.2.0") found components: calib3d core highgui imgproc 
[2.918s] -- Found sensor_msgs: 2.0.5 (/opt/ros/foxy/share/sensor_msgs/cmake)
[2.949s] -- Using all available rosidl_typesupport_c: rosidl_typesupport_fastrtps_c;rosidl_typesupport_introspection_c
[2.959s] -- Found rosidl_adapter: 1.3.1 (/opt/ros/foxy/share/rosidl_adapter/cmake)
[3.432s] -- Found OpenSSL: /usr/lib/aarch64-linux-gnu/libcrypto.so (found version "1.1.1f")  
[3.485s] -- Found FastRTPS: /opt/ros/foxy/include  
[3.617s] -- Using all available rosidl_typesupport_cpp: rosidl_typesupport_fastrtps_cpp;rosidl_typesupport_introspection_cpp
[3.816s] -- Found gtest sources under '/opt/ros/foxy/src/gtest_vendor': C++ tests using 'Google Test' will be built
[3.819s] -- Looking for pthread.h
[4.194s] -- Looking for pthread.h - found
[4.197s] -- Performing Test CMAKE_HAVE_LIBC_PTHREAD
[4.619s] -- Performing Test CMAKE_HAVE_LIBC_PTHREAD - Failed
[4.620s] -- Check if compiler accepts -pthread
[5.027s] -- Check if compiler accepts -pthread - yes
[5.038s] -- Found Threads: TRUE  
[5.234s] -- Configuring done
[5.262s] -- Generating done
[5.265s] -- Build files have been written to: /root/CSE276A_Fall24/cse276a_ws/build/image_geometry
