[0.095s] Invoking command in '/root/CSE276A_Fall24/cse276a_ws/build/cv_bridge': CMAKE_PREFIX_PATH=${CMAKE_PREFIX_PATH}:/opt/ros/foxy _=/usr/bin/env /usr/bin/cmake --build /root/CSE276A_Fall24/cse276a_ws/build/cv_bridge -- -j8 -l8
[0.323s] [ 12%] Built target gtest_main
[0.332s] [ 25%] Built target gtest
[0.395s] [ 43%] Built target cv_bridge
[0.508s] [ 81%] Built target cv_bridge-utest
[0.509s] [100%] Built target cv_bridge_boost
[0.615s] Invoked command in '/root/CSE276A_Fall24/cse276a_ws/build/cv_bridge' returned '0': CMAKE_PREFIX_PATH=${CMAKE_PREFIX_PATH}:/opt/ros/foxy _=/usr/bin/env /usr/bin/cmake --build /root/CSE276A_Fall24/cse276a_ws/build/cv_bridge -- -j8 -l8
[0.761s] Invoking command in '/root/CSE276A_Fall24/cse276a_ws/build/cv_bridge': CMAKE_PREFIX_PATH=${CMAKE_PREFIX_PATH}:/opt/ros/foxy _=/usr/bin/env /usr/bin/cmake --install /root/CSE276A_Fall24/cse276a_ws/build/cv_bridge
[0.793s] -- Install configuration: ""
[0.794s] -- Up-to-date: /root/CSE276A_Fall24/cse276a_ws/install/cv_bridge/share/cv_bridge/environment/pythonpath.sh
[0.795s] -- Up-to-date: /root/CSE276A_Fall24/cse276a_ws/install/cv_bridge/share/cv_bridge/environment/pythonpath.dsv
[0.796s] -- Up-to-date: /root/CSE276A_Fall24/cse276a_ws/install/cv_bridge/lib/python3.8/site-packages/cv_bridge
[0.797s] -- Up-to-date: /root/CSE276A_Fall24/cse276a_ws/install/cv_bridge/lib/python3.8/site-packages/cv_bridge/__init__.py
[0.797s] -- Up-to-date: /root/CSE276A_Fall24/cse276a_ws/install/cv_bridge/lib/python3.8/site-packages/cv_bridge/core.py
[0.831s] Listing '/root/CSE276A_Fall24/cse276a_ws/install/cv_bridge/lib/python3.8/site-packages/cv_bridge'...
[0.831s] Listing '/root/CSE276A_Fall24/cse276a_ws/install/cv_bridge/lib/python3.8/site-packages/cv_bridge/boost'...
[0.835s] -- Up-to-date: /root/CSE276A_Fall24/cse276a_ws/install/cv_bridge/share/cv_bridge/environment/library_path.sh
[0.835s] -- Up-to-date: /root/CSE276A_Fall24/cse276a_ws/install/cv_bridge/share/cv_bridge/environment/library_path.dsv
[0.836s] -- Up-to-date: /root/CSE276A_Fall24/cse276a_ws/install/cv_bridge/include/cv_bridge
[0.836s] -- Up-to-date: /root/CSE276A_Fall24/cse276a_ws/install/cv_bridge/include/cv_bridge/cv_bridge.h
[0.837s] -- Up-to-date: /root/CSE276A_Fall24/cse276a_ws/install/cv_bridge/include/cv_bridge/rgb_colors.h
[0.837s] -- Up-to-date: /root/CSE276A_Fall24/cse276a_ws/install/cv_bridge/lib/libcv_bridge.so
[0.839s] -- Up-to-date: /root/CSE276A_Fall24/cse276a_ws/install/cv_bridge/share/ament_index/resource_index/package_run_dependencies/cv_bridge
[0.840s] -- Up-to-date: /root/CSE276A_Fall24/cse276a_ws/install/cv_bridge/share/ament_index/resource_index/parent_prefix_path/cv_bridge
[0.841s] -- Up-to-date: /root/CSE276A_Fall24/cse276a_ws/install/cv_bridge/share/cv_bridge/environment/ament_prefix_path.sh
[0.842s] -- Up-to-date: /root/CSE276A_Fall24/cse276a_ws/install/cv_bridge/share/cv_bridge/environment/ament_prefix_path.dsv
[0.843s] -- Up-to-date: /root/CSE276A_Fall24/cse276a_ws/install/cv_bridge/share/cv_bridge/environment/path.sh
[0.843s] -- Up-to-date: /root/CSE276A_Fall24/cse276a_ws/install/cv_bridge/share/cv_bridge/environment/path.dsv
[0.844s] -- Up-to-date: /root/CSE276A_Fall24/cse276a_ws/install/cv_bridge/share/cv_bridge/local_setup.bash
[0.845s] -- Up-to-date: /root/CSE276A_Fall24/cse276a_ws/install/cv_bridge/share/cv_bridge/local_setup.sh
[0.846s] -- Up-to-date: /root/CSE276A_Fall24/cse276a_ws/install/cv_bridge/share/cv_bridge/local_setup.zsh
[0.846s] -- Up-to-date: /root/CSE276A_Fall24/cse276a_ws/install/cv_bridge/share/cv_bridge/local_setup.dsv
[0.847s] -- Installing: /root/CSE276A_Fall24/cse276a_ws/install/cv_bridge/share/cv_bridge/package.dsv
[0.848s] -- Up-to-date: /root/CSE276A_Fall24/cse276a_ws/install/cv_bridge/share/ament_index/resource_index/packages/cv_bridge
[0.848s] -- Up-to-date: /root/CSE276A_Fall24/cse276a_ws/install/cv_bridge/share/cv_bridge/cmake/cv_bridge-extras.cmake
[0.849s] -- Up-to-date: /root/CSE276A_Fall24/cse276a_ws/install/cv_bridge/share/cv_bridge/cmake/ament_cmake_export_dependencies-extras.cmake
[0.850s] -- Up-to-date: /root/CSE276A_Fall24/cse276a_ws/install/cv_bridge/share/cv_bridge/cmake/ament_cmake_export_include_directories-extras.cmake
[0.851s] -- Up-to-date: /root/CSE276A_Fall24/cse276a_ws/install/cv_bridge/share/cv_bridge/cmake/ament_cmake_export_libraries-extras.cmake
[0.853s] -- Up-to-date: /root/CSE276A_Fall24/cse276a_ws/install/cv_bridge/share/cv_bridge/cmake/cv_bridgeConfig.cmake
[0.857s] -- Up-to-date: /root/CSE276A_Fall24/cse276a_ws/install/cv_bridge/share/cv_bridge/cmake/cv_bridgeConfig-version.cmake
[0.860s] -- Up-to-date: /root/CSE276A_Fall24/cse276a_ws/install/cv_bridge/share/cv_bridge/package.xml
[0.860s] -- Up-to-date: /root/CSE276A_Fall24/cse276a_ws/install/cv_bridge/lib/libcv_bridge.so
[0.861s] -- Up-to-date: /root/CSE276A_Fall24/cse276a_ws/install/cv_bridge/include/cv_bridge/cv_bridge_export.h
[0.863s] -- Up-to-date: /root/CSE276A_Fall24/cse276a_ws/install/cv_bridge/lib/python3.8/site-packages/cv_bridge/boost/cv_bridge_boost.so
[0.864s] Invoked command in '/root/CSE276A_Fall24/cse276a_ws/build/cv_bridge' returned '0': CMAKE_PREFIX_PATH=${CMAKE_PREFIX_PATH}:/opt/ros/foxy _=/usr/bin/env /usr/bin/cmake --install /root/CSE276A_Fall24/cse276a_ws/build/cv_bridge
