[0.082s] Invoking command in '/root/CSE276A_Fall24/build/rb5_control': CMAKE_PREFIX_PATH=${CMAKE_PREFIX_PATH}:/root/CSE276A_Fall24/cse276a_ws/install/opencv_tests:/opt/ros/foxy _=/usr/bin/env /usr/bin/cmake /root/CSE276A_Fall24/cse276a_ws/src/rb5_ros2/rb5_control -DCMAKE_INSTALL_PREFIX=/root/CSE276A_Fall24/install/rb5_control
[0.409s] -- The C compiler identification is GNU 9.4.0
[0.656s] -- The CXX compiler identification is GNU 9.4.0
[0.663s] -- Check for working C compiler: /usr/bin/cc
[0.926s] -- Check for working C compiler: /usr/bin/cc -- works
[0.944s] -- Detecting C compiler ABI info
[1.228s] -- Detecting C compiler ABI info - done
[1.261s] -- Detecting C compile features
[1.261s] -- Detecting C compile features - done
[1.262s] -- Check for working CXX compiler: /usr/bin/c++
[1.583s] -- Check for working CXX compiler: /usr/bin/c++ -- works
[1.584s] -- Detecting CXX compiler ABI info
[1.896s] -- Detecting CXX compiler ABI info - done
[1.932s] -- Detecting CXX compile features
[1.932s] -- Detecting CXX compile features - done
[1.939s] -- Found ament_cmake: 0.9.12 (/opt/ros/foxy/share/ament_cmake/cmake)
[1.987s] -- Found PythonInterp: /usr/bin/python3 (found suitable version "3.8.10", minimum required is "3") 
[1.987s] -- Using PYTHON_EXECUTABLE: /usr/bin/python3
[2.531s] -- Found rclcpp: 2.4.3 (/opt/ros/foxy/share/rclcpp/cmake)
[2.702s] -- Using all available rosidl_typesupport_c: rosidl_typesupport_fastrtps_c;rosidl_typesupport_introspection_c
[2.730s] -- Found rosidl_adapter: 1.3.1 (/opt/ros/foxy/share/rosidl_adapter/cmake)
[3.145s] -- Found OpenSSL: /usr/lib/aarch64-linux-gnu/libcrypto.so (found version "1.1.1f")  
[3.227s] -- Found FastRTPS: /opt/ros/foxy/include  
[3.366s] -- Using all available rosidl_typesupport_cpp: rosidl_typesupport_fastrtps_cpp;rosidl_typesupport_introspection_cpp
[3.563s] -- Found rmw_implementation_cmake: 1.0.4 (/opt/ros/foxy/share/rmw_implementation_cmake/cmake)
[3.566s] -- Using RMW implementation 'rmw_fastrtps_cpp' as default
[3.567s] -- Looking for pthread.h
[3.875s] -- Looking for pthread.h - found
[3.875s] -- Performing Test CMAKE_HAVE_LIBC_PTHREAD
[4.160s] -- Performing Test CMAKE_HAVE_LIBC_PTHREAD - Failed
[4.161s] -- Looking for pthread_create in pthreads
[4.422s] -- Looking for pthread_create in pthreads - not found
[4.423s] -- Looking for pthread_create in pthread
[4.749s] -- Looking for pthread_create in pthread - found
[4.753s] -- Found Threads: TRUE  
[5.150s] -- Found rclpy: 1.0.13 (/opt/ros/foxy/share/rclpy/cmake)
[5.161s] -- Found geometry_msgs: 2.0.5 (/opt/ros/foxy/share/geometry_msgs/cmake)
[5.316s] -- Found ament_lint_auto: 0.9.8 (/opt/ros/foxy/share/ament_lint_auto/cmake)
[5.605s] -- Added test 'cppcheck' to perform static code analysis on C / C++ code
[5.606s] -- Configured cppcheck include dirs: 
[5.609s] -- Configured cppcheck exclude dirs and/or files: 
[5.613s] -- Added test 'flake8' to check Python code syntax and style conventions
[5.628s] -- Added test 'lint_cmake' to check CMake code style
[5.641s] -- Added test 'pep257' to check Python code against some of the style conventions in PEP 257
[5.679s] -- Added test 'uncrustify' to check C / C++ code style
[5.679s] -- Configured uncrustify additional arguments: 
[5.685s] -- Added test 'xmllint' to check XML markup files
[5.695s] -- Configuring done
[5.711s] -- Generating done
[5.723s] -- Build files have been written to: /root/CSE276A_Fall24/build/rb5_control
[5.789s] Invoked command in '/root/CSE276A_Fall24/build/rb5_control' returned '0': CMAKE_PREFIX_PATH=${CMAKE_PREFIX_PATH}:/root/CSE276A_Fall24/cse276a_ws/install/opencv_tests:/opt/ros/foxy _=/usr/bin/env /usr/bin/cmake /root/CSE276A_Fall24/cse276a_ws/src/rb5_ros2/rb5_control -DCMAKE_INSTALL_PREFIX=/root/CSE276A_Fall24/install/rb5_control
[5.791s] Invoking command in '/root/CSE276A_Fall24/build/rb5_control': CMAKE_PREFIX_PATH=${CMAKE_PREFIX_PATH}:/root/CSE276A_Fall24/cse276a_ws/install/opencv_tests:/opt/ros/foxy _=/usr/bin/env /usr/bin/cmake --build /root/CSE276A_Fall24/build/rb5_control -- -j8 -l8
[5.973s] Invoked command in '/root/CSE276A_Fall24/build/rb5_control' returned '0': CMAKE_PREFIX_PATH=${CMAKE_PREFIX_PATH}:/root/CSE276A_Fall24/cse276a_ws/install/opencv_tests:/opt/ros/foxy _=/usr/bin/env /usr/bin/cmake --build /root/CSE276A_Fall24/build/rb5_control -- -j8 -l8
[6.170s] Invoking command in '/root/CSE276A_Fall24/build/rb5_control': CMAKE_PREFIX_PATH=${CMAKE_PREFIX_PATH}:/root/CSE276A_Fall24/cse276a_ws/install/opencv_tests:/opt/ros/foxy _=/usr/bin/env /usr/bin/cmake --install /root/CSE276A_Fall24/build/rb5_control
[6.204s] -- Install configuration: ""
[6.206s] -- Installing: /root/CSE276A_Fall24/install/rb5_control/lib/rb5_control/launch
[6.207s] -- Installing: /root/CSE276A_Fall24/install/rb5_control/lib/rb5_control/launch/hw1_solution.launch
[6.208s] -- Installing: /root/CSE276A_Fall24/install/rb5_control/lib/rb5_control/launch/mpi_twist_control.launch
[6.209s] -- Installing: /root/CSE276A_Fall24/install/rb5_control/lib/rb5_control/hw1_solution.py
[6.210s] -- Installing: /root/CSE276A_Fall24/install/rb5_control/lib/rb5_control/mpi_twist_control_node.py
[6.211s] -- Installing: /root/CSE276A_Fall24/install/rb5_control/lib/rb5_control/mpi_control.py
[6.211s] -- Installing: /root/CSE276A_Fall24/install/rb5_control/share/ament_index/resource_index/package_run_dependencies/rb5_control
[6.220s] -- Installing: /root/CSE276A_Fall24/install/rb5_control/share/ament_index/resource_index/parent_prefix_path/rb5_control
[6.221s] -- Installing: /root/CSE276A_Fall24/install/rb5_control/share/rb5_control/environment/ament_prefix_path.sh
[6.222s] -- Installing: /root/CSE276A_Fall24/install/rb5_control/share/rb5_control/environment/ament_prefix_path.dsv
[6.222s] -- Installing: /root/CSE276A_Fall24/install/rb5_control/share/rb5_control/environment/path.sh
[6.230s] -- Installing: /root/CSE276A_Fall24/install/rb5_control/share/rb5_control/environment/path.dsv
[6.231s] -- Installing: /root/CSE276A_Fall24/install/rb5_control/share/rb5_control/local_setup.bash
[6.231s] -- Installing: /root/CSE276A_Fall24/install/rb5_control/share/rb5_control/local_setup.sh
[6.231s] -- Installing: /root/CSE276A_Fall24/install/rb5_control/share/rb5_control/local_setup.zsh
[6.235s] -- Installing: /root/CSE276A_Fall24/install/rb5_control/share/rb5_control/local_setup.dsv
[6.235s] -- Installing: /root/CSE276A_Fall24/install/rb5_control/share/rb5_control/package.dsv
[6.236s] -- Installing: /root/CSE276A_Fall24/install/rb5_control/share/ament_index/resource_index/packages/rb5_control
[6.236s] -- Installing: /root/CSE276A_Fall24/install/rb5_control/share/rb5_control/cmake/rb5_controlConfig.cmake
[6.237s] -- Installing: /root/CSE276A_Fall24/install/rb5_control/share/rb5_control/cmake/rb5_controlConfig-version.cmake
[6.239s] -- Installing: /root/CSE276A_Fall24/install/rb5_control/share/rb5_control/package.xml
[6.240s] Invoked command in '/root/CSE276A_Fall24/build/rb5_control' returned '0': CMAKE_PREFIX_PATH=${CMAKE_PREFIX_PATH}:/root/CSE276A_Fall24/cse276a_ws/install/opencv_tests:/opt/ros/foxy _=/usr/bin/env /usr/bin/cmake --install /root/CSE276A_Fall24/build/rb5_control
