[35m[1mScanning dependencies of target april_detection_node[0m
[ 33%] [32mBuilding CXX object CMakeFiles/april_detection_node.dir/src/april_detection_node.cpp.o[0m
[ 66%] [32mBuilding CXX object CMakeFiles/april_detection_node.dir/src/april_detection.cpp.o[0m
[01m[K/root/CSE276A_Fall24/cse276a_ws/src/rb5_ros2/ros2_april_detection/src/april_detection.cpp:[m[K In member function ‘[01m[Kstd::tuple<std::vector<apriltag_pose_t, std::allocator<apriltag_pose_t> >, std::vector<int, std::allocator<int> >, cv::Mat> AprilDetection::processImage(cv::Mat) const[m[K’:
[01m[K/root/CSE276A_Fall24/cse276a_ws/src/rb5_ros2/ros2_april_detection/src/april_detection.cpp:24:21:[m[K [01;35m[Kwarning: [m[KC++ designated initializers only available with ‘[01m[K-std=c++2a[m[K’ or ‘[01m[K-std=gnu++2a[m[K’ [[01;35m[K-Wpedantic[m[K]
   24 |   image_u8_t im = { [01;35m[K.[m[Kwidth  = image_gray.cols,
      |                     [01;35m[K^[m[K
[01m[K/root/CSE276A_Fall24/cse276a_ws/src/rb5_ros2/ros2_april_detection/src/april_detection.cpp:25:21:[m[K [01;35m[Kwarning: [m[KC++ designated initializers only available with ‘[01m[K-std=c++2a[m[K’ or ‘[01m[K-std=gnu++2a[m[K’ [[01;35m[K-Wpedantic[m[K]
   25 |                     [01;35m[K.[m[Kheight = image_gray.rows,
      |                     [01;35m[K^[m[K
[01m[K/root/CSE276A_Fall24/cse276a_ws/src/rb5_ros2/ros2_april_detection/src/april_detection.cpp:26:21:[m[K [01;35m[Kwarning: [m[KC++ designated initializers only available with ‘[01m[K-std=c++2a[m[K’ or ‘[01m[K-std=gnu++2a[m[K’ [[01;35m[K-Wpedantic[m[K]
   26 |                     [01;35m[K.[m[Kstride = image_gray.cols,
      |                     [01;35m[K^[m[K
[01m[K/root/CSE276A_Fall24/cse276a_ws/src/rb5_ros2/ros2_april_detection/src/april_detection.cpp:27:21:[m[K [01;35m[Kwarning: [m[KC++ designated initializers only available with ‘[01m[K-std=c++2a[m[K’ or ‘[01m[K-std=gnu++2a[m[K’ [[01;35m[K-Wpedantic[m[K]
   27 |                     [01;35m[K.[m[Kbuf    = image_gray.data
      |                     [01;35m[K^[m[K
[100%] [32m[1mLinking CXX executable april_detection_node[0m
[100%] Built target april_detection_node
-- Install configuration: ""
-- Installing: /root/CSE276A_Fall24/cse276a_ws/install/ros2_april_detection/lib/ros2_april_detection/april_detection_node
-- Set runtime path of "/root/CSE276A_Fall24/cse276a_ws/install/ros2_april_detection/lib/ros2_april_detection/april_detection_node" to ""
-- Up-to-date: /root/CSE276A_Fall24/cse276a_ws/install/ros2_april_detection/share/ament_index/resource_index/package_run_dependencies/ros2_april_detection
-- Up-to-date: /root/CSE276A_Fall24/cse276a_ws/install/ros2_april_detection/share/ament_index/resource_index/parent_prefix_path/ros2_april_detection
-- Up-to-date: /root/CSE276A_Fall24/cse276a_ws/install/ros2_april_detection/share/ros2_april_detection/environment/ament_prefix_path.sh
-- Up-to-date: /root/CSE276A_Fall24/cse276a_ws/install/ros2_april_detection/share/ros2_april_detection/environment/ament_prefix_path.dsv
-- Up-to-date: /root/CSE276A_Fall24/cse276a_ws/install/ros2_april_detection/share/ros2_april_detection/environment/path.sh
-- Up-to-date: /root/CSE276A_Fall24/cse276a_ws/install/ros2_april_detection/share/ros2_april_detection/environment/path.dsv
-- Up-to-date: /root/CSE276A_Fall24/cse276a_ws/install/ros2_april_detection/share/ros2_april_detection/local_setup.bash
-- Up-to-date: /root/CSE276A_Fall24/cse276a_ws/install/ros2_april_detection/share/ros2_april_detection/local_setup.sh
-- Up-to-date: /root/CSE276A_Fall24/cse276a_ws/install/ros2_april_detection/share/ros2_april_detection/local_setup.zsh
-- Up-to-date: /root/CSE276A_Fall24/cse276a_ws/install/ros2_april_detection/share/ros2_april_detection/local_setup.dsv
-- Installing: /root/CSE276A_Fall24/cse276a_ws/install/ros2_april_detection/share/ros2_april_detection/package.dsv
-- Up-to-date: /root/CSE276A_Fall24/cse276a_ws/install/ros2_april_detection/share/ament_index/resource_index/packages/ros2_april_detection
-- Up-to-date: /root/CSE276A_Fall24/cse276a_ws/install/ros2_april_detection/share/ros2_april_detection/cmake/ros2_april_detectionConfig.cmake
-- Up-to-date: /root/CSE276A_Fall24/cse276a_ws/install/ros2_april_detection/share/ros2_april_detection/cmake/ros2_april_detectionConfig-version.cmake
-- Up-to-date: /root/CSE276A_Fall24/cse276a_ws/install/ros2_april_detection/share/ros2_april_detection/package.xml
