[0.407s] Invoking command in '/root/CSE276A_Fall24/cse276a_ws/build/ros2_april_detection': CMAKE_PREFIX_PATH=/root/CSE276A_Fall24/cse276a_ws/install/cv_bridge:/root/CSE276A_Fall24/cse276a_ws/install/vision_opencv:/root/CSE276A_Fall24/cse276a_ws/install/ros2_april_detection:/root/CSE276A_Fall24/cse276a_ws/install/rb5_ros2_vision:/root/CSE276A_Fall24/cse276a_ws/install/rb5_ros2_control:/root/CSE276A_Fall24/cse276a_ws/install/key_joy:/root/CSE276A_Fall24/cse276a_ws/install/image_geometry:/root/CSE276A_Fall24/cse276a_ws/install/opencv_tests:/opt/ros/foxy LD_LIBRARY_PATH=/root/CSE276A_Fall24/cse276a_ws/install/cv_bridge/lib:/root/CSE276A_Fall24/cse276a_ws/install/image_geometry/lib:/opt/ros/foxy/opt/yaml_cpp_vendor/lib:/opt/ros/foxy/lib/aarch64-linux-gnu:/opt/ros/foxy/lib PYTHONPATH=/root/CSE276A_Fall24/cse276a_ws/install/cv_bridge/lib/python3.8/site-packages:/root/CSE276A_Fall24/cse276a_ws/install/rb5_ros2_control/lib/python3.8/site-packages:/root/CSE276A_Fall24/cse276a_ws/install/opencv_tests/lib/python3.8/site-packages:/root/CSE276A_Fall24/cse276a_ws/install/key_joy/lib/python3.8/site-packages:/root/CSE276A_Fall24/cse276a_ws/install/image_geometry/lib/python3.8/site-packages:/opt/ros/foxy/lib/python3.8/site-packages _=/usr/bin/env /usr/bin/cmake --build /root/CSE276A_Fall24/cse276a_ws/build/ros2_april_detection -- -j8 -l8
[0.493s] -- Found ament_cmake: 0.9.12 (/opt/ros/foxy/share/ament_cmake/cmake)
[0.521s] -- Using PYTHON_EXECUTABLE: /usr/bin/python3
[0.768s] -- Found rclcpp: 2.4.3 (/opt/ros/foxy/share/rclcpp/cmake)
[0.820s] -- Using all available rosidl_typesupport_c: rosidl_typesupport_fastrtps_c;rosidl_typesupport_introspection_c
[0.826s] -- Found rosidl_adapter: 1.3.1 (/opt/ros/foxy/share/rosidl_adapter/cmake)
[1.040s] -- Using all available rosidl_typesupport_cpp: rosidl_typesupport_fastrtps_cpp;rosidl_typesupport_introspection_cpp
[1.109s] -- Found rmw_implementation_cmake: 1.0.4 (/opt/ros/foxy/share/rmw_implementation_cmake/cmake)
[1.114s] -- Using RMW implementation 'rmw_fastrtps_cpp' as default
[1.281s] -- Found sensor_msgs: 2.0.5 (/opt/ros/foxy/share/sensor_msgs/cmake)
[1.393s] -- Found cv_bridge: 3.0.7 (/opt/ros/foxy/share/cv_bridge/cmake)
[1.426s] -- Found tf2: 0.13.14 (/opt/ros/foxy/share/tf2/cmake)
[1.439s] -- Found tf2_ros: 0.13.14 (/opt/ros/foxy/share/tf2_ros/cmake)
[1.787s] -- Found ament_lint_auto: 0.9.8 (/opt/ros/foxy/share/ament_lint_auto/cmake)
[1.900s] -- Added test 'copyright' to check source files copyright and LICENSE
[1.903s] -- Added test 'cppcheck' to perform static code analysis on C / C++ code
[1.904s] -- Configured cppcheck include dirs: /root/CSE276A_Fall24/cse276a_ws/src/rb5_ros2/ros2_april_detection/include
[1.906s] -- Configured cppcheck exclude dirs and/or files: 
[1.907s] -- Added test 'cpplint' to check C / C++ code against the Google style
[1.908s] -- Configured cpplint exclude dirs and/or files: 
[1.909s] -- Added test 'lint_cmake' to check CMake code style
[1.910s] -- Added test 'uncrustify' to check C / C++ code style
[1.911s] -- Configured uncrustify additional arguments: 
[1.912s] -- Added test 'xmllint' to check XML markup files
[1.912s] -- Configuring done
[1.949s] -- Generating done
[1.951s] -- Build files have been written to: /root/CSE276A_Fall24/cse276a_ws/build/ros2_april_detection
[2.145s] [ 33%] [32mBuilding CXX object CMakeFiles/april_detection_node.dir/src/april_detection.cpp.o[0m
[2.172s] [ 66%] [32mBuilding CXX object CMakeFiles/april_detection_node.dir/src/april_detection_node.cpp.o[0m
[4.696s] [01m[K/root/CSE276A_Fall24/cse276a_ws/src/rb5_ros2/ros2_april_detection/src/april_detection.cpp:[m[K In member function ‘[01m[Kstd::tuple<std::vector<apriltag_pose_t, std::allocator<apriltag_pose_t> >, std::vector<int, std::allocator<int> >, cv::Mat> AprilDetection::processImage(cv::Mat) const[m[K’:
[4.697s] [01m[K/root/CSE276A_Fall24/cse276a_ws/src/rb5_ros2/ros2_april_detection/src/april_detection.cpp:24:21:[m[K [01;35m[Kwarning: [m[KC++ designated initializers only available with ‘[01m[K-std=c++2a[m[K’ or ‘[01m[K-std=gnu++2a[m[K’ [[01;35m[K-Wpedantic[m[K]
[4.699s]    24 |   image_u8_t im = { [01;35m[K.[m[Kwidth  = image_gray.cols,
[4.700s]       |                     [01;35m[K^[m[K
[4.701s] [01m[K/root/CSE276A_Fall24/cse276a_ws/src/rb5_ros2/ros2_april_detection/src/april_detection.cpp:25:21:[m[K [01;35m[Kwarning: [m[KC++ designated initializers only available with ‘[01m[K-std=c++2a[m[K’ or ‘[01m[K-std=gnu++2a[m[K’ [[01;35m[K-Wpedantic[m[K]
[4.702s]    25 |                     [01;35m[K.[m[Kheight = image_gray.rows,
[4.704s]       |                     [01;35m[K^[m[K
[4.705s] [01m[K/root/CSE276A_Fall24/cse276a_ws/src/rb5_ros2/ros2_april_detection/src/april_detection.cpp:26:21:[m[K [01;35m[Kwarning: [m[KC++ designated initializers only available with ‘[01m[K-std=c++2a[m[K’ or ‘[01m[K-std=gnu++2a[m[K’ [[01;35m[K-Wpedantic[m[K]
[4.706s]    26 |                     [01;35m[K.[m[Kstride = image_gray.cols,
[4.707s]       |                     [01;35m[K^[m[K
[4.709s] [01m[K/root/CSE276A_Fall24/cse276a_ws/src/rb5_ros2/ros2_april_detection/src/april_detection.cpp:27:21:[m[K [01;35m[Kwarning: [m[KC++ designated initializers only available with ‘[01m[K-std=c++2a[m[K’ or ‘[01m[K-std=gnu++2a[m[K’ [[01;35m[K-Wpedantic[m[K]
[4.710s]    27 |                     [01;35m[K.[m[Kbuf    = image_gray.data
[4.711s]       |                     [01;35m[K^[m[K
[11.602s] [100%] [32m[1mLinking CXX executable april_detection_node[0m
[12.847s] [100%] Built target april_detection_node
[12.912s] Invoked command in '/root/CSE276A_Fall24/cse276a_ws/build/ros2_april_detection' returned '0': CMAKE_PREFIX_PATH=/root/CSE276A_Fall24/cse276a_ws/install/cv_bridge:/root/CSE276A_Fall24/cse276a_ws/install/vision_opencv:/root/CSE276A_Fall24/cse276a_ws/install/ros2_april_detection:/root/CSE276A_Fall24/cse276a_ws/install/rb5_ros2_vision:/root/CSE276A_Fall24/cse276a_ws/install/rb5_ros2_control:/root/CSE276A_Fall24/cse276a_ws/install/key_joy:/root/CSE276A_Fall24/cse276a_ws/install/image_geometry:/root/CSE276A_Fall24/cse276a_ws/install/opencv_tests:/opt/ros/foxy LD_LIBRARY_PATH=/root/CSE276A_Fall24/cse276a_ws/install/cv_bridge/lib:/root/CSE276A_Fall24/cse276a_ws/install/image_geometry/lib:/opt/ros/foxy/opt/yaml_cpp_vendor/lib:/opt/ros/foxy/lib/aarch64-linux-gnu:/opt/ros/foxy/lib PYTHONPATH=/root/CSE276A_Fall24/cse276a_ws/install/cv_bridge/lib/python3.8/site-packages:/root/CSE276A_Fall24/cse276a_ws/install/rb5_ros2_control/lib/python3.8/site-packages:/root/CSE276A_Fall24/cse276a_ws/install/opencv_tests/lib/python3.8/site-packages:/root/CSE276A_Fall24/cse276a_ws/install/key_joy/lib/python3.8/site-packages:/root/CSE276A_Fall24/cse276a_ws/install/image_geometry/lib/python3.8/site-packages:/opt/ros/foxy/lib/python3.8/site-packages _=/usr/bin/env /usr/bin/cmake --build /root/CSE276A_Fall24/cse276a_ws/build/ros2_april_detection -- -j8 -l8
[13.292s] Invoking command in '/root/CSE276A_Fall24/cse276a_ws/build/ros2_april_detection': CMAKE_PREFIX_PATH=/root/CSE276A_Fall24/cse276a_ws/install/cv_bridge:/root/CSE276A_Fall24/cse276a_ws/install/vision_opencv:/root/CSE276A_Fall24/cse276a_ws/install/ros2_april_detection:/root/CSE276A_Fall24/cse276a_ws/install/rb5_ros2_vision:/root/CSE276A_Fall24/cse276a_ws/install/rb5_ros2_control:/root/CSE276A_Fall24/cse276a_ws/install/key_joy:/root/CSE276A_Fall24/cse276a_ws/install/image_geometry:/root/CSE276A_Fall24/cse276a_ws/install/opencv_tests:/opt/ros/foxy LD_LIBRARY_PATH=/root/CSE276A_Fall24/cse276a_ws/install/cv_bridge/lib:/root/CSE276A_Fall24/cse276a_ws/install/image_geometry/lib:/opt/ros/foxy/opt/yaml_cpp_vendor/lib:/opt/ros/foxy/lib/aarch64-linux-gnu:/opt/ros/foxy/lib PYTHONPATH=/root/CSE276A_Fall24/cse276a_ws/install/cv_bridge/lib/python3.8/site-packages:/root/CSE276A_Fall24/cse276a_ws/install/rb5_ros2_control/lib/python3.8/site-packages:/root/CSE276A_Fall24/cse276a_ws/install/opencv_tests/lib/python3.8/site-packages:/root/CSE276A_Fall24/cse276a_ws/install/key_joy/lib/python3.8/site-packages:/root/CSE276A_Fall24/cse276a_ws/install/image_geometry/lib/python3.8/site-packages:/opt/ros/foxy/lib/python3.8/site-packages _=/usr/bin/env /usr/bin/cmake --install /root/CSE276A_Fall24/cse276a_ws/build/ros2_april_detection
[13.328s] -- Install configuration: ""
[13.329s] -- Installing: /root/CSE276A_Fall24/cse276a_ws/install/ros2_april_detection/lib/ros2_april_detection/april_detection_node
[13.335s] -- Set runtime path of "/root/CSE276A_Fall24/cse276a_ws/install/ros2_april_detection/lib/ros2_april_detection/april_detection_node" to ""
[13.337s] -- Up-to-date: /root/CSE276A_Fall24/cse276a_ws/install/ros2_april_detection/share/ament_index/resource_index/package_run_dependencies/ros2_april_detection
[13.338s] -- Installing: /root/CSE276A_Fall24/cse276a_ws/install/ros2_april_detection/share/ament_index/resource_index/parent_prefix_path/ros2_april_detection
[13.340s] -- Up-to-date: /root/CSE276A_Fall24/cse276a_ws/install/ros2_april_detection/share/ros2_april_detection/environment/ament_prefix_path.sh
[13.342s] -- Installing: /root/CSE276A_Fall24/cse276a_ws/install/ros2_april_detection/share/ros2_april_detection/environment/ament_prefix_path.dsv
[13.349s] -- Up-to-date: /root/CSE276A_Fall24/cse276a_ws/install/ros2_april_detection/share/ros2_april_detection/environment/path.sh
[13.350s] -- Installing: /root/CSE276A_Fall24/cse276a_ws/install/ros2_april_detection/share/ros2_april_detection/environment/path.dsv
[13.351s] -- Up-to-date: /root/CSE276A_Fall24/cse276a_ws/install/ros2_april_detection/share/ros2_april_detection/local_setup.bash
[13.352s] -- Up-to-date: /root/CSE276A_Fall24/cse276a_ws/install/ros2_april_detection/share/ros2_april_detection/local_setup.sh
[13.353s] -- Up-to-date: /root/CSE276A_Fall24/cse276a_ws/install/ros2_april_detection/share/ros2_april_detection/local_setup.zsh
[13.354s] -- Installing: /root/CSE276A_Fall24/cse276a_ws/install/ros2_april_detection/share/ros2_april_detection/local_setup.dsv
[13.356s] -- Installing: /root/CSE276A_Fall24/cse276a_ws/install/ros2_april_detection/share/ros2_april_detection/package.dsv
[13.357s] -- Up-to-date: /root/CSE276A_Fall24/cse276a_ws/install/ros2_april_detection/share/ament_index/resource_index/packages/ros2_april_detection
[13.358s] -- Up-to-date: /root/CSE276A_Fall24/cse276a_ws/install/ros2_april_detection/share/ros2_april_detection/cmake/ros2_april_detectionConfig.cmake
[13.360s] -- Up-to-date: /root/CSE276A_Fall24/cse276a_ws/install/ros2_april_detection/share/ros2_april_detection/cmake/ros2_april_detectionConfig-version.cmake
[13.361s] -- Up-to-date: /root/CSE276A_Fall24/cse276a_ws/install/ros2_april_detection/share/ros2_april_detection/package.xml
[13.362s] Invoked command in '/root/CSE276A_Fall24/cse276a_ws/build/ros2_april_detection' returned '0': CMAKE_PREFIX_PATH=/root/CSE276A_Fall24/cse276a_ws/install/cv_bridge:/root/CSE276A_Fall24/cse276a_ws/install/vision_opencv:/root/CSE276A_Fall24/cse276a_ws/install/ros2_april_detection:/root/CSE276A_Fall24/cse276a_ws/install/rb5_ros2_vision:/root/CSE276A_Fall24/cse276a_ws/install/rb5_ros2_control:/root/CSE276A_Fall24/cse276a_ws/install/key_joy:/root/CSE276A_Fall24/cse276a_ws/install/image_geometry:/root/CSE276A_Fall24/cse276a_ws/install/opencv_tests:/opt/ros/foxy LD_LIBRARY_PATH=/root/CSE276A_Fall24/cse276a_ws/install/cv_bridge/lib:/root/CSE276A_Fall24/cse276a_ws/install/image_geometry/lib:/opt/ros/foxy/opt/yaml_cpp_vendor/lib:/opt/ros/foxy/lib/aarch64-linux-gnu:/opt/ros/foxy/lib PYTHONPATH=/root/CSE276A_Fall24/cse276a_ws/install/cv_bridge/lib/python3.8/site-packages:/root/CSE276A_Fall24/cse276a_ws/install/rb5_ros2_control/lib/python3.8/site-packages:/root/CSE276A_Fall24/cse276a_ws/install/opencv_tests/lib/python3.8/site-packages:/root/CSE276A_Fall24/cse276a_ws/install/key_joy/lib/python3.8/site-packages:/root/CSE276A_Fall24/cse276a_ws/install/image_geometry/lib/python3.8/site-packages:/opt/ros/foxy/lib/python3.8/site-packages _=/usr/bin/env /usr/bin/cmake --install /root/CSE276A_Fall24/cse276a_ws/build/ros2_april_detection
