[0.079s] Invoking command in '/root/CSE276A_Fall24/cse276a_ws/src/rb5_ros2/build/key_joy': CMAKE_PREFIX_PATH=${CMAKE_PREFIX_PATH}:/opt/ros/foxy _=/usr/bin/env /usr/bin/cmake /root/CSE276A_Fall24/cse276a_ws/src/rb5_ros2/key_joy -DCMAKE_INSTALL_PREFIX=/root/CSE276A_Fall24/cse276a_ws/src/rb5_ros2/install/key_joy
[0.282s] -- The C compiler identification is GNU 9.4.0
[0.483s] -- The CXX compiler identification is GNU 9.4.0
[0.489s] -- Check for working C compiler: /usr/bin/cc
[0.724s] -- Check for working C compiler: /usr/bin/cc -- works
[0.730s] -- Detecting C compiler ABI info
[1.008s] -- Detecting C compiler ABI info - done
[1.036s] -- Detecting C compile features
[1.038s] -- Detecting C compile features - done
[1.040s] -- Check for working CXX compiler: /usr/bin/c++
[1.329s] -- Check for working CXX compiler: /usr/bin/c++ -- works
[1.334s] -- Detecting CXX compiler ABI info
[1.635s] -- Detecting CXX compiler ABI info - done
[1.661s] -- Detecting CXX compile features
[1.662s] -- Detecting CXX compile features - done
[1.663s] -- Found ament_cmake: 0.9.12 (/opt/ros/foxy/share/ament_cmake/cmake)
[1.711s] -- Found PythonInterp: /usr/bin/python3 (found suitable version "3.8.10", minimum required is "3") 
[1.714s] -- Using PYTHON_EXECUTABLE: /usr/bin/python3
[1.939s] -- Found rclcpp: 2.4.3 (/opt/ros/foxy/share/rclcpp/cmake)
[1.981s] -- Using all available rosidl_typesupport_c: rosidl_typesupport_fastrtps_c;rosidl_typesupport_introspection_c
[1.987s] -- Found rosidl_adapter: 1.3.1 (/opt/ros/foxy/share/rosidl_adapter/cmake)
[2.399s] -- Found OpenSSL: /usr/lib/aarch64-linux-gnu/libcrypto.so (found version "1.1.1f")  
[2.435s] -- Found FastRTPS: /opt/ros/foxy/include  
[2.535s] -- Using all available rosidl_typesupport_cpp: rosidl_typesupport_fastrtps_cpp;rosidl_typesupport_introspection_cpp
[2.612s] -- Found rmw_implementation_cmake: 1.0.4 (/opt/ros/foxy/share/rmw_implementation_cmake/cmake)
[2.616s] -- Using RMW implementation 'rmw_fastrtps_cpp' as default
[2.621s] -- Looking for pthread.h
[2.911s] -- Looking for pthread.h - found
[2.912s] -- Performing Test CMAKE_HAVE_LIBC_PTHREAD
[3.203s] -- Performing Test CMAKE_HAVE_LIBC_PTHREAD - Failed
[3.203s] -- Looking for pthread_create in pthreads
[3.450s] -- Looking for pthread_create in pthreads - not found
[3.451s] -- Looking for pthread_create in pthread
[3.689s] -- Looking for pthread_create in pthread - found
[3.692s] -- Found Threads: TRUE  
[3.886s] -- Found rclpy: 1.0.13 (/opt/ros/foxy/share/rclpy/cmake)
[3.946s] -- Found ament_lint_auto: 0.9.8 (/opt/ros/foxy/share/ament_lint_auto/cmake)
[4.077s] -- Added test 'copyright' to check source files copyright and LICENSE
[4.082s] -- Added test 'flake8' to check Python code syntax and style conventions
[4.083s] -- Added test 'lint_cmake' to check CMake code style
[4.083s] -- Added test 'pep257' to check Python code against some of the style conventions in PEP 257
[4.084s] -- Added test 'xmllint' to check XML markup files
[4.084s] -- Configuring done
[4.085s] -- Generating done
[4.085s] -- Build files have been written to: /root/CSE276A_Fall24/cse276a_ws/src/rb5_ros2/build/key_joy
[4.095s] Invoked command in '/root/CSE276A_Fall24/cse276a_ws/src/rb5_ros2/build/key_joy' returned '0': CMAKE_PREFIX_PATH=${CMAKE_PREFIX_PATH}:/opt/ros/foxy _=/usr/bin/env /usr/bin/cmake /root/CSE276A_Fall24/cse276a_ws/src/rb5_ros2/key_joy -DCMAKE_INSTALL_PREFIX=/root/CSE276A_Fall24/cse276a_ws/src/rb5_ros2/install/key_joy
[4.107s] Invoking command in '/root/CSE276A_Fall24/cse276a_ws/src/rb5_ros2/build/key_joy': CMAKE_PREFIX_PATH=${CMAKE_PREFIX_PATH}:/opt/ros/foxy _=/usr/bin/env /usr/bin/cmake --build /root/CSE276A_Fall24/cse276a_ws/src/rb5_ros2/build/key_joy -- -j8 -l8
[4.283s] Invoked command in '/root/CSE276A_Fall24/cse276a_ws/src/rb5_ros2/build/key_joy' returned '0': CMAKE_PREFIX_PATH=${CMAKE_PREFIX_PATH}:/opt/ros/foxy _=/usr/bin/env /usr/bin/cmake --build /root/CSE276A_Fall24/cse276a_ws/src/rb5_ros2/build/key_joy -- -j8 -l8
[4.428s] Invoking command in '/root/CSE276A_Fall24/cse276a_ws/src/rb5_ros2/build/key_joy': CMAKE_PREFIX_PATH=${CMAKE_PREFIX_PATH}:/opt/ros/foxy _=/usr/bin/env /usr/bin/cmake --install /root/CSE276A_Fall24/cse276a_ws/src/rb5_ros2/build/key_joy
[4.458s] -- Install configuration: ""
[4.459s] -- Installing: /root/CSE276A_Fall24/cse276a_ws/src/rb5_ros2/install/key_joy/share/key_joy/environment/pythonpath.sh
[4.460s] -- Installing: /root/CSE276A_Fall24/cse276a_ws/src/rb5_ros2/install/key_joy/share/key_joy/environment/pythonpath.dsv
[4.460s] -- Installing: /root/CSE276A_Fall24/cse276a_ws/src/rb5_ros2/install/key_joy/lib/python3.8/site-packages/key_joy
[4.462s] -- Installing: /root/CSE276A_Fall24/cse276a_ws/src/rb5_ros2/install/key_joy/lib/python3.8/site-packages/key_joy/__init__.py
[4.462s] -- Installing: /root/CSE276A_Fall24/cse276a_ws/src/rb5_ros2/install/key_joy/lib/python3.8/site-packages/key_joy/key_joy_node.py
[4.462s] -- Installing: /root/CSE276A_Fall24/cse276a_ws/src/rb5_ros2/install/key_joy/lib/python3.8/site-packages/key_joy/key_parser.py
[4.528s] Listing '/root/CSE276A_Fall24/cse276a_ws/src/rb5_ros2/install/key_joy/lib/python3.8/site-packages/key_joy'...
[4.529s] Compiling '/root/CSE276A_Fall24/cse276a_ws/src/rb5_ros2/install/key_joy/lib/python3.8/site-packages/key_joy/__init__.py'...
[4.530s] Compiling '/root/CSE276A_Fall24/cse276a_ws/src/rb5_ros2/install/key_joy/lib/python3.8/site-packages/key_joy/key_joy_node.py'...
[4.531s] Compiling '/root/CSE276A_Fall24/cse276a_ws/src/rb5_ros2/install/key_joy/lib/python3.8/site-packages/key_joy/key_parser.py'...
[4.535s] -- Installing: /root/CSE276A_Fall24/cse276a_ws/src/rb5_ros2/install/key_joy/lib/key_joy/key_parser.py
[4.536s] -- Installing: /root/CSE276A_Fall24/cse276a_ws/src/rb5_ros2/install/key_joy/lib/key_joy/key_joy_node.py
[4.537s] -- Installing: /root/CSE276A_Fall24/cse276a_ws/src/rb5_ros2/install/key_joy/share/ament_index/resource_index/package_run_dependencies/key_joy
[4.538s] -- Installing: /root/CSE276A_Fall24/cse276a_ws/src/rb5_ros2/install/key_joy/share/ament_index/resource_index/parent_prefix_path/key_joy
[4.538s] -- Installing: /root/CSE276A_Fall24/cse276a_ws/src/rb5_ros2/install/key_joy/share/key_joy/environment/ament_prefix_path.sh
[4.539s] -- Installing: /root/CSE276A_Fall24/cse276a_ws/src/rb5_ros2/install/key_joy/share/key_joy/environment/ament_prefix_path.dsv
[4.540s] -- Installing: /root/CSE276A_Fall24/cse276a_ws/src/rb5_ros2/install/key_joy/share/key_joy/environment/path.sh
[4.541s] -- Installing: /root/CSE276A_Fall24/cse276a_ws/src/rb5_ros2/install/key_joy/share/key_joy/environment/path.dsv
[4.541s] -- Installing: /root/CSE276A_Fall24/cse276a_ws/src/rb5_ros2/install/key_joy/share/key_joy/local_setup.bash
[4.543s] -- Installing: /root/CSE276A_Fall24/cse276a_ws/src/rb5_ros2/install/key_joy/share/key_joy/local_setup.sh
[4.543s] -- Installing: /root/CSE276A_Fall24/cse276a_ws/src/rb5_ros2/install/key_joy/share/key_joy/local_setup.zsh
[4.544s] -- Installing: /root/CSE276A_Fall24/cse276a_ws/src/rb5_ros2/install/key_joy/share/key_joy/local_setup.dsv
[4.545s] -- Installing: /root/CSE276A_Fall24/cse276a_ws/src/rb5_ros2/install/key_joy/share/key_joy/package.dsv
[4.546s] -- Installing: /root/CSE276A_Fall24/cse276a_ws/src/rb5_ros2/install/key_joy/share/ament_index/resource_index/packages/key_joy
[4.547s] -- Installing: /root/CSE276A_Fall24/cse276a_ws/src/rb5_ros2/install/key_joy/share/key_joy/cmake/key_joyConfig.cmake
[4.548s] -- Installing: /root/CSE276A_Fall24/cse276a_ws/src/rb5_ros2/install/key_joy/share/key_joy/cmake/key_joyConfig-version.cmake
[4.548s] -- Installing: /root/CSE276A_Fall24/cse276a_ws/src/rb5_ros2/install/key_joy/share/key_joy/package.xml
[4.619s] Invoked command in '/root/CSE276A_Fall24/cse276a_ws/src/rb5_ros2/build/key_joy' returned '0': CMAKE_PREFIX_PATH=${CMAKE_PREFIX_PATH}:/opt/ros/foxy _=/usr/bin/env /usr/bin/cmake --install /root/CSE276A_Fall24/cse276a_ws/src/rb5_ros2/build/key_joy
