[0.187s] DEBUG:colcon:Command line arguments: ['/usr/bin/colcon', 'build']
[0.187s] DEBUG:colcon:Parsed command line arguments: Namespace(allow_overriding=[], ament_cmake_args=None, base_paths=['.'], build_base='build', catkin_cmake_args=None, catkin_skip_building_tests=False, cmake_args=None, cmake_clean_cache=False, cmake_clean_first=False, cmake_force_configure=False, cmake_target=None, cmake_target_skip_unavailable=False, continue_on_error=False, event_handlers=None, executor='parallel', ignore_user_meta=False, install_base='install', log_base=None, log_level=None, main=<bound method BuildVerb.main of <colcon_core.verb.build.BuildVerb object at 0x7fa0cc99d0>>, merge_install=False, metas=['./colcon.meta'], mixin=None, mixin_files=None, mixin_verb=('build',), packages_above=None, packages_above_and_dependencies=None, packages_above_depth=None, packages_end=None, packages_ignore=None, packages_ignore_regex=None, packages_select=None, packages_select_build_failed=False, packages_select_by_dep=None, packages_select_regex=None, packages_select_test_failures=False, packages_skip=None, packages_skip_build_finished=False, packages_skip_by_dep=None, packages_skip_regex=None, packages_skip_test_passed=False, packages_skip_up_to=None, packages_start=None, packages_up_to=None, packages_up_to_regex=None, parallel_workers=8, paths=None, symlink_install=False, test_result_base=None, verb_extension=<colcon_core.verb.build.BuildVerb object at 0x7fa0cc99d0>, verb_name='build', verb_parser=<colcon_mixin.mixin.mixin_argument.MixinArgumentDecorator object at 0x7fa0b8d9a0>)
[0.284s] Level 1:colcon.colcon_core.package_discovery:discover_packages(colcon_meta) check parameters
[0.284s] Level 1:colcon.colcon_core.package_discovery:discover_packages(recursive) check parameters
[0.285s] Level 1:colcon.colcon_core.package_discovery:discover_packages(ignore) check parameters
[0.285s] Level 1:colcon.colcon_core.package_discovery:discover_packages(path) check parameters
[0.285s] Level 1:colcon.colcon_core.package_discovery:discover_packages(colcon_meta) discover
[0.285s] Level 1:colcon.colcon_core.package_discovery:discover_packages(recursive) discover
[0.285s] INFO:colcon.colcon_core.package_discovery:Crawling recursively for packages in '/root/CSE276A_Fall24/cse276a_ws'
[0.285s] Level 1:colcon.colcon_core.package_identification:_identify(.) by extensions ['ignore', 'ignore_ament_install']
[0.285s] Level 1:colcon.colcon_core.package_identification:_identify(.) by extension 'ignore'
[0.285s] Level 1:colcon.colcon_core.package_identification:_identify(.) by extension 'ignore_ament_install'
[0.285s] Level 1:colcon.colcon_core.package_identification:_identify(.) by extensions ['colcon_pkg']
[0.285s] Level 1:colcon.colcon_core.package_identification:_identify(.) by extension 'colcon_pkg'
[0.285s] Level 1:colcon.colcon_core.package_identification:_identify(.) by extensions ['colcon_meta']
[0.285s] Level 1:colcon.colcon_core.package_identification:_identify(.) by extension 'colcon_meta'
[0.285s] Level 1:colcon.colcon_core.package_identification:_identify(.) by extensions ['ros']
[0.285s] Level 1:colcon.colcon_core.package_identification:_identify(.) by extension 'ros'
[0.296s] Level 1:colcon.colcon_core.package_identification:_identify(.) by extensions ['cmake', 'python']
[0.296s] Level 1:colcon.colcon_core.package_identification:_identify(.) by extension 'cmake'
[0.296s] Level 1:colcon.colcon_core.package_identification:_identify(.) by extension 'python'
[0.296s] Level 1:colcon.colcon_core.package_identification:_identify(.) by extensions ['python_setup_py']
[0.296s] Level 1:colcon.colcon_core.package_identification:_identify(.) by extension 'python_setup_py'
[0.297s] Level 1:colcon.colcon_core.package_identification:_identify(build) by extensions ['ignore', 'ignore_ament_install']
[0.297s] Level 1:colcon.colcon_core.package_identification:_identify(build) by extension 'ignore'
[0.297s] Level 1:colcon.colcon_core.package_identification:_identify(build) ignored
[0.297s] Level 1:colcon.colcon_core.package_identification:_identify(install) by extensions ['ignore', 'ignore_ament_install']
[0.297s] Level 1:colcon.colcon_core.package_identification:_identify(install) by extension 'ignore'
[0.297s] Level 1:colcon.colcon_core.package_identification:_identify(install) ignored
[0.297s] Level 1:colcon.colcon_core.package_identification:_identify(log) by extensions ['ignore', 'ignore_ament_install']
[0.297s] Level 1:colcon.colcon_core.package_identification:_identify(log) by extension 'ignore'
[0.297s] Level 1:colcon.colcon_core.package_identification:_identify(log) ignored
[0.297s] Level 1:colcon.colcon_core.package_identification:_identify(src) by extensions ['ignore', 'ignore_ament_install']
[0.297s] Level 1:colcon.colcon_core.package_identification:_identify(src) by extension 'ignore'
[0.297s] Level 1:colcon.colcon_core.package_identification:_identify(src) by extension 'ignore_ament_install'
[0.297s] Level 1:colcon.colcon_core.package_identification:_identify(src) by extensions ['colcon_pkg']
[0.298s] Level 1:colcon.colcon_core.package_identification:_identify(src) by extension 'colcon_pkg'
[0.298s] Level 1:colcon.colcon_core.package_identification:_identify(src) by extensions ['colcon_meta']
[0.298s] Level 1:colcon.colcon_core.package_identification:_identify(src) by extension 'colcon_meta'
[0.298s] Level 1:colcon.colcon_core.package_identification:_identify(src) by extensions ['ros']
[0.298s] Level 1:colcon.colcon_core.package_identification:_identify(src) by extension 'ros'
[0.298s] Level 1:colcon.colcon_core.package_identification:_identify(src) by extensions ['cmake', 'python']
[0.298s] Level 1:colcon.colcon_core.package_identification:_identify(src) by extension 'cmake'
[0.298s] Level 1:colcon.colcon_core.package_identification:_identify(src) by extension 'python'
[0.298s] Level 1:colcon.colcon_core.package_identification:_identify(src) by extensions ['python_setup_py']
[0.298s] Level 1:colcon.colcon_core.package_identification:_identify(src) by extension 'python_setup_py'
[0.298s] Level 1:colcon.colcon_core.package_identification:_identify(src/rb5_ros2) by extensions ['ignore', 'ignore_ament_install']
[0.298s] Level 1:colcon.colcon_core.package_identification:_identify(src/rb5_ros2) by extension 'ignore'
[0.298s] Level 1:colcon.colcon_core.package_identification:_identify(src/rb5_ros2) by extension 'ignore_ament_install'
[0.298s] Level 1:colcon.colcon_core.package_identification:_identify(src/rb5_ros2) by extensions ['colcon_pkg']
[0.298s] Level 1:colcon.colcon_core.package_identification:_identify(src/rb5_ros2) by extension 'colcon_pkg'
[0.298s] Level 1:colcon.colcon_core.package_identification:_identify(src/rb5_ros2) by extensions ['colcon_meta']
[0.298s] Level 1:colcon.colcon_core.package_identification:_identify(src/rb5_ros2) by extension 'colcon_meta'
[0.298s] Level 1:colcon.colcon_core.package_identification:_identify(src/rb5_ros2) by extensions ['ros']
[0.298s] Level 1:colcon.colcon_core.package_identification:_identify(src/rb5_ros2) by extension 'ros'
[0.298s] Level 1:colcon.colcon_core.package_identification:_identify(src/rb5_ros2) by extensions ['cmake', 'python']
[0.298s] Level 1:colcon.colcon_core.package_identification:_identify(src/rb5_ros2) by extension 'cmake'
[0.298s] Level 1:colcon.colcon_core.package_identification:_identify(src/rb5_ros2) by extension 'python'
[0.298s] Level 1:colcon.colcon_core.package_identification:_identify(src/rb5_ros2) by extensions ['python_setup_py']
[0.298s] Level 1:colcon.colcon_core.package_identification:_identify(src/rb5_ros2) by extension 'python_setup_py'
[0.299s] Level 1:colcon.colcon_core.package_identification:_identify(src/rb5_ros2/build) by extensions ['ignore', 'ignore_ament_install']
[0.299s] Level 1:colcon.colcon_core.package_identification:_identify(src/rb5_ros2/build) by extension 'ignore'
[0.299s] Level 1:colcon.colcon_core.package_identification:_identify(src/rb5_ros2/build) ignored
[0.299s] Level 1:colcon.colcon_core.package_identification:_identify(src/rb5_ros2/install) by extensions ['ignore', 'ignore_ament_install']
[0.299s] Level 1:colcon.colcon_core.package_identification:_identify(src/rb5_ros2/install) by extension 'ignore'
[0.299s] Level 1:colcon.colcon_core.package_identification:_identify(src/rb5_ros2/install) ignored
[0.299s] Level 1:colcon.colcon_core.package_identification:_identify(src/rb5_ros2/key_joy) by extensions ['ignore', 'ignore_ament_install']
[0.299s] Level 1:colcon.colcon_core.package_identification:_identify(src/rb5_ros2/key_joy) by extension 'ignore'
[0.299s] Level 1:colcon.colcon_core.package_identification:_identify(src/rb5_ros2/key_joy) by extension 'ignore_ament_install'
[0.299s] Level 1:colcon.colcon_core.package_identification:_identify(src/rb5_ros2/key_joy) by extensions ['colcon_pkg']
[0.299s] Level 1:colcon.colcon_core.package_identification:_identify(src/rb5_ros2/key_joy) by extension 'colcon_pkg'
[0.299s] Level 1:colcon.colcon_core.package_identification:_identify(src/rb5_ros2/key_joy) by extensions ['colcon_meta']
[0.299s] Level 1:colcon.colcon_core.package_identification:_identify(src/rb5_ros2/key_joy) by extension 'colcon_meta'
[0.299s] Level 1:colcon.colcon_core.package_identification:_identify(src/rb5_ros2/key_joy) by extensions ['ros']
[0.299s] Level 1:colcon.colcon_core.package_identification:_identify(src/rb5_ros2/key_joy) by extension 'ros'
[0.302s] DEBUG:colcon.colcon_core.package_identification:Package 'src/rb5_ros2/key_joy' with type 'ros.ament_cmake' and name 'key_joy'
[0.302s] Level 1:colcon.colcon_core.package_identification:_identify(src/rb5_ros2/log) by extensions ['ignore', 'ignore_ament_install']
[0.302s] Level 1:colcon.colcon_core.package_identification:_identify(src/rb5_ros2/log) by extension 'ignore'
[0.302s] Level 1:colcon.colcon_core.package_identification:_identify(src/rb5_ros2/log) ignored
[0.302s] Level 1:colcon.colcon_core.package_identification:_identify(src/rb5_ros2/rb5_ros2_control) by extensions ['ignore', 'ignore_ament_install']
[0.302s] Level 1:colcon.colcon_core.package_identification:_identify(src/rb5_ros2/rb5_ros2_control) by extension 'ignore'
[0.302s] Level 1:colcon.colcon_core.package_identification:_identify(src/rb5_ros2/rb5_ros2_control) by extension 'ignore_ament_install'
[0.302s] Level 1:colcon.colcon_core.package_identification:_identify(src/rb5_ros2/rb5_ros2_control) by extensions ['colcon_pkg']
[0.302s] Level 1:colcon.colcon_core.package_identification:_identify(src/rb5_ros2/rb5_ros2_control) by extension 'colcon_pkg'
[0.302s] Level 1:colcon.colcon_core.package_identification:_identify(src/rb5_ros2/rb5_ros2_control) by extensions ['colcon_meta']
[0.302s] Level 1:colcon.colcon_core.package_identification:_identify(src/rb5_ros2/rb5_ros2_control) by extension 'colcon_meta'
[0.302s] Level 1:colcon.colcon_core.package_identification:_identify(src/rb5_ros2/rb5_ros2_control) by extensions ['ros']
[0.302s] Level 1:colcon.colcon_core.package_identification:_identify(src/rb5_ros2/rb5_ros2_control) by extension 'ros'
[0.303s] DEBUG:colcon.colcon_core.package_identification:Package 'src/rb5_ros2/rb5_ros2_control' with type 'ros.ament_cmake' and name 'rb5_ros2_control'
[0.303s] Level 1:colcon.colcon_core.package_identification:_identify(src/rb5_ros2/rb5_ros2_vision) by extensions ['ignore', 'ignore_ament_install']
[0.303s] Level 1:colcon.colcon_core.package_identification:_identify(src/rb5_ros2/rb5_ros2_vision) by extension 'ignore'
[0.303s] Level 1:colcon.colcon_core.package_identification:_identify(src/rb5_ros2/rb5_ros2_vision) by extension 'ignore_ament_install'
[0.303s] Level 1:colcon.colcon_core.package_identification:_identify(src/rb5_ros2/rb5_ros2_vision) by extensions ['colcon_pkg']
[0.303s] Level 1:colcon.colcon_core.package_identification:_identify(src/rb5_ros2/rb5_ros2_vision) by extension 'colcon_pkg'
[0.303s] Level 1:colcon.colcon_core.package_identification:_identify(src/rb5_ros2/rb5_ros2_vision) by extensions ['colcon_meta']
[0.303s] Level 1:colcon.colcon_core.package_identification:_identify(src/rb5_ros2/rb5_ros2_vision) by extension 'colcon_meta'
[0.303s] Level 1:colcon.colcon_core.package_identification:_identify(src/rb5_ros2/rb5_ros2_vision) by extensions ['ros']
[0.303s] Level 1:colcon.colcon_core.package_identification:_identify(src/rb5_ros2/rb5_ros2_vision) by extension 'ros'
[0.304s] DEBUG:colcon.colcon_core.package_identification:Package 'src/rb5_ros2/rb5_ros2_vision' with type 'ros.ament_cmake' and name 'rb5_ros2_vision'
[0.304s] Level 1:colcon.colcon_core.package_identification:_identify(src/rb5_ros2/ros2_april_detection) by extensions ['ignore', 'ignore_ament_install']
[0.304s] Level 1:colcon.colcon_core.package_identification:_identify(src/rb5_ros2/ros2_april_detection) by extension 'ignore'
[0.304s] Level 1:colcon.colcon_core.package_identification:_identify(src/rb5_ros2/ros2_april_detection) by extension 'ignore_ament_install'
[0.304s] Level 1:colcon.colcon_core.package_identification:_identify(src/rb5_ros2/ros2_april_detection) by extensions ['colcon_pkg']
[0.304s] Level 1:colcon.colcon_core.package_identification:_identify(src/rb5_ros2/ros2_april_detection) by extension 'colcon_pkg'
[0.304s] Level 1:colcon.colcon_core.package_identification:_identify(src/rb5_ros2/ros2_april_detection) by extensions ['colcon_meta']
[0.304s] Level 1:colcon.colcon_core.package_identification:_identify(src/rb5_ros2/ros2_april_detection) by extension 'colcon_meta'
[0.305s] Level 1:colcon.colcon_core.package_identification:_identify(src/rb5_ros2/ros2_april_detection) by extensions ['ros']
[0.305s] Level 1:colcon.colcon_core.package_identification:_identify(src/rb5_ros2/ros2_april_detection) by extension 'ros'
[0.305s] DEBUG:colcon.colcon_core.package_identification:Package 'src/rb5_ros2/ros2_april_detection' with type 'ros.ament_cmake' and name 'ros2_april_detection'
[0.305s] Level 1:colcon.colcon_core.package_discovery:discover_packages(recursive) using defaults
[0.306s] Level 1:colcon.colcon_core.package_discovery:discover_packages(ignore) discover
[0.306s] Level 1:colcon.colcon_core.package_discovery:discover_packages(ignore) using defaults
[0.306s] Level 1:colcon.colcon_core.package_discovery:discover_packages(path) discover
[0.306s] Level 1:colcon.colcon_core.package_discovery:discover_packages(path) using defaults
[0.321s] Level 1:colcon.colcon_core.package_discovery:discover_packages(prefix_path) check parameters
[0.321s] Level 1:colcon.colcon_core.package_discovery:discover_packages(prefix_path) discover
[0.323s] DEBUG:colcon.colcon_installed_package_information.package_discovery:Found 4 installed packages in /root/CSE276A_Fall24/cse276a_ws/install
[0.324s] DEBUG:colcon.colcon_installed_package_information.package_discovery:Found 173 installed packages in /opt/ros/foxy
[0.326s] Level 1:colcon.colcon_core.package_discovery:discover_packages(prefix_path) using defaults
[0.357s] Level 5:colcon.colcon_core.verb:set package 'key_joy' build argument 'cmake_args' from command line to 'None'
[0.357s] Level 5:colcon.colcon_core.verb:set package 'key_joy' build argument 'cmake_target' from command line to 'None'
[0.357s] Level 5:colcon.colcon_core.verb:set package 'key_joy' build argument 'cmake_target_skip_unavailable' from command line to 'False'
[0.357s] Level 5:colcon.colcon_core.verb:set package 'key_joy' build argument 'cmake_clean_cache' from command line to 'False'
[0.357s] Level 5:colcon.colcon_core.verb:set package 'key_joy' build argument 'cmake_clean_first' from command line to 'False'
[0.357s] Level 5:colcon.colcon_core.verb:set package 'key_joy' build argument 'cmake_force_configure' from command line to 'False'
[0.357s] Level 5:colcon.colcon_core.verb:set package 'key_joy' build argument 'ament_cmake_args' from command line to 'None'
[0.357s] Level 5:colcon.colcon_core.verb:set package 'key_joy' build argument 'catkin_cmake_args' from command line to 'None'
[0.357s] Level 5:colcon.colcon_core.verb:set package 'key_joy' build argument 'catkin_skip_building_tests' from command line to 'False'
[0.357s] DEBUG:colcon.colcon_core.verb:Building package 'key_joy' with the following arguments: {'ament_cmake_args': None, 'build_base': '/root/CSE276A_Fall24/cse276a_ws/build/key_joy', 'catkin_cmake_args': None, 'catkin_skip_building_tests': False, 'cmake_args': None, 'cmake_clean_cache': False, 'cmake_clean_first': False, 'cmake_force_configure': False, 'cmake_target': None, 'cmake_target_skip_unavailable': False, 'install_base': '/root/CSE276A_Fall24/cse276a_ws/install/key_joy', 'merge_install': False, 'path': '/root/CSE276A_Fall24/cse276a_ws/src/rb5_ros2/key_joy', 'symlink_install': False, 'test_result_base': None}
[0.358s] Level 5:colcon.colcon_core.verb:set package 'rb5_ros2_control' build argument 'cmake_args' from command line to 'None'
[0.358s] Level 5:colcon.colcon_core.verb:set package 'rb5_ros2_control' build argument 'cmake_target' from command line to 'None'
[0.358s] Level 5:colcon.colcon_core.verb:set package 'rb5_ros2_control' build argument 'cmake_target_skip_unavailable' from command line to 'False'
[0.358s] Level 5:colcon.colcon_core.verb:set package 'rb5_ros2_control' build argument 'cmake_clean_cache' from command line to 'False'
[0.358s] Level 5:colcon.colcon_core.verb:set package 'rb5_ros2_control' build argument 'cmake_clean_first' from command line to 'False'
[0.358s] Level 5:colcon.colcon_core.verb:set package 'rb5_ros2_control' build argument 'cmake_force_configure' from command line to 'False'
[0.358s] Level 5:colcon.colcon_core.verb:set package 'rb5_ros2_control' build argument 'ament_cmake_args' from command line to 'None'
[0.358s] Level 5:colcon.colcon_core.verb:set package 'rb5_ros2_control' build argument 'catkin_cmake_args' from command line to 'None'
[0.358s] Level 5:colcon.colcon_core.verb:set package 'rb5_ros2_control' build argument 'catkin_skip_building_tests' from command line to 'False'
[0.358s] DEBUG:colcon.colcon_core.verb:Building package 'rb5_ros2_control' with the following arguments: {'ament_cmake_args': None, 'build_base': '/root/CSE276A_Fall24/cse276a_ws/build/rb5_ros2_control', 'catkin_cmake_args': None, 'catkin_skip_building_tests': False, 'cmake_args': None, 'cmake_clean_cache': False, 'cmake_clean_first': False, 'cmake_force_configure': False, 'cmake_target': None, 'cmake_target_skip_unavailable': False, 'install_base': '/root/CSE276A_Fall24/cse276a_ws/install/rb5_ros2_control', 'merge_install': False, 'path': '/root/CSE276A_Fall24/cse276a_ws/src/rb5_ros2/rb5_ros2_control', 'symlink_install': False, 'test_result_base': None}
[0.358s] Level 5:colcon.colcon_core.verb:set package 'rb5_ros2_vision' build argument 'cmake_args' from command line to 'None'
[0.358s] Level 5:colcon.colcon_core.verb:set package 'rb5_ros2_vision' build argument 'cmake_target' from command line to 'None'
[0.358s] Level 5:colcon.colcon_core.verb:set package 'rb5_ros2_vision' build argument 'cmake_target_skip_unavailable' from command line to 'False'
[0.358s] Level 5:colcon.colcon_core.verb:set package 'rb5_ros2_vision' build argument 'cmake_clean_cache' from command line to 'False'
[0.358s] Level 5:colcon.colcon_core.verb:set package 'rb5_ros2_vision' build argument 'cmake_clean_first' from command line to 'False'
[0.358s] Level 5:colcon.colcon_core.verb:set package 'rb5_ros2_vision' build argument 'cmake_force_configure' from command line to 'False'
[0.358s] Level 5:colcon.colcon_core.verb:set package 'rb5_ros2_vision' build argument 'ament_cmake_args' from command line to 'None'
[0.358s] Level 5:colcon.colcon_core.verb:set package 'rb5_ros2_vision' build argument 'catkin_cmake_args' from command line to 'None'
[0.358s] Level 5:colcon.colcon_core.verb:set package 'rb5_ros2_vision' build argument 'catkin_skip_building_tests' from command line to 'False'
[0.358s] DEBUG:colcon.colcon_core.verb:Building package 'rb5_ros2_vision' with the following arguments: {'ament_cmake_args': None, 'build_base': '/root/CSE276A_Fall24/cse276a_ws/build/rb5_ros2_vision', 'catkin_cmake_args': None, 'catkin_skip_building_tests': False, 'cmake_args': None, 'cmake_clean_cache': False, 'cmake_clean_first': False, 'cmake_force_configure': False, 'cmake_target': None, 'cmake_target_skip_unavailable': False, 'install_base': '/root/CSE276A_Fall24/cse276a_ws/install/rb5_ros2_vision', 'merge_install': False, 'path': '/root/CSE276A_Fall24/cse276a_ws/src/rb5_ros2/rb5_ros2_vision', 'symlink_install': False, 'test_result_base': None}
[0.359s] Level 5:colcon.colcon_core.verb:set package 'ros2_april_detection' build argument 'cmake_args' from command line to 'None'
[0.359s] Level 5:colcon.colcon_core.verb:set package 'ros2_april_detection' build argument 'cmake_target' from command line to 'None'
[0.359s] Level 5:colcon.colcon_core.verb:set package 'ros2_april_detection' build argument 'cmake_target_skip_unavailable' from command line to 'False'
[0.359s] Level 5:colcon.colcon_core.verb:set package 'ros2_april_detection' build argument 'cmake_clean_cache' from command line to 'False'
[0.359s] Level 5:colcon.colcon_core.verb:set package 'ros2_april_detection' build argument 'cmake_clean_first' from command line to 'False'
[0.359s] Level 5:colcon.colcon_core.verb:set package 'ros2_april_detection' build argument 'cmake_force_configure' from command line to 'False'
[0.359s] Level 5:colcon.colcon_core.verb:set package 'ros2_april_detection' build argument 'ament_cmake_args' from command line to 'None'
[0.359s] Level 5:colcon.colcon_core.verb:set package 'ros2_april_detection' build argument 'catkin_cmake_args' from command line to 'None'
[0.359s] Level 5:colcon.colcon_core.verb:set package 'ros2_april_detection' build argument 'catkin_skip_building_tests' from command line to 'False'
[0.359s] DEBUG:colcon.colcon_core.verb:Building package 'ros2_april_detection' with the following arguments: {'ament_cmake_args': None, 'build_base': '/root/CSE276A_Fall24/cse276a_ws/build/ros2_april_detection', 'catkin_cmake_args': None, 'catkin_skip_building_tests': False, 'cmake_args': None, 'cmake_clean_cache': False, 'cmake_clean_first': False, 'cmake_force_configure': False, 'cmake_target': None, 'cmake_target_skip_unavailable': False, 'install_base': '/root/CSE276A_Fall24/cse276a_ws/install/ros2_april_detection', 'merge_install': False, 'path': '/root/CSE276A_Fall24/cse276a_ws/src/rb5_ros2/ros2_april_detection', 'symlink_install': False, 'test_result_base': None}
[0.359s] INFO:colcon.colcon_core.executor:Executing jobs using 'parallel' executor
[0.364s] DEBUG:colcon.colcon_parallel_executor.executor.parallel:run_until_complete
[0.365s] INFO:colcon.colcon_ros.task.ament_cmake.build:Building ROS package in '/root/CSE276A_Fall24/cse276a_ws/src/rb5_ros2/key_joy' with build type 'ament_cmake'
[0.365s] INFO:colcon.colcon_cmake.task.cmake.build:Building CMake package in '/root/CSE276A_Fall24/cse276a_ws/src/rb5_ros2/key_joy'
[0.369s] INFO:colcon.colcon_core.plugin_system:Skipping extension 'colcon_core.shell.bat': Not used on non-Windows systems
[0.370s] INFO:colcon.colcon_core.shell:Skip shell extension 'powershell' for command environment: Not usable outside of PowerShell
[0.370s] DEBUG:colcon.colcon_core.shell:Skip shell extension 'dsv' for command environment
[0.389s] INFO:colcon.colcon_ros.task.ament_cmake.build:Building ROS package in '/root/CSE276A_Fall24/cse276a_ws/src/rb5_ros2/rb5_ros2_control' with build type 'ament_cmake'
[0.390s] INFO:colcon.colcon_cmake.task.cmake.build:Building CMake package in '/root/CSE276A_Fall24/cse276a_ws/src/rb5_ros2/rb5_ros2_control'
[0.390s] INFO:colcon.colcon_core.shell:Skip shell extension 'powershell' for command environment: Not usable outside of PowerShell
[0.390s] DEBUG:colcon.colcon_core.shell:Skip shell extension 'dsv' for command environment
[0.404s] INFO:colcon.colcon_ros.task.ament_cmake.build:Building ROS package in '/root/CSE276A_Fall24/cse276a_ws/src/rb5_ros2/rb5_ros2_vision' with build type 'ament_cmake'
[0.404s] INFO:colcon.colcon_cmake.task.cmake.build:Building CMake package in '/root/CSE276A_Fall24/cse276a_ws/src/rb5_ros2/rb5_ros2_vision'
[0.405s] INFO:colcon.colcon_core.shell:Skip shell extension 'powershell' for command environment: Not usable outside of PowerShell
[0.405s] DEBUG:colcon.colcon_core.shell:Skip shell extension 'dsv' for command environment
[0.416s] INFO:colcon.colcon_ros.task.ament_cmake.build:Building ROS package in '/root/CSE276A_Fall24/cse276a_ws/src/rb5_ros2/ros2_april_detection' with build type 'ament_cmake'
[0.417s] INFO:colcon.colcon_cmake.task.cmake.build:Building CMake package in '/root/CSE276A_Fall24/cse276a_ws/src/rb5_ros2/ros2_april_detection'
[0.417s] INFO:colcon.colcon_core.shell:Skip shell extension 'powershell' for command environment: Not usable outside of PowerShell
[0.418s] DEBUG:colcon.colcon_core.shell:Skip shell extension 'dsv' for command environment
[0.447s] DEBUG:colcon.colcon_core.event_handler.log_command:Invoking command in '/root/CSE276A_Fall24/cse276a_ws/build/key_joy': CMAKE_PREFIX_PATH=${CMAKE_PREFIX_PATH}:/opt/ros/foxy _=/usr/bin/env /usr/bin/cmake --build /root/CSE276A_Fall24/cse276a_ws/build/key_joy -- -j8 -l8
[0.482s] DEBUG:colcon.colcon_core.event_handler.log_command:Invoking command in '/root/CSE276A_Fall24/cse276a_ws/build/rb5_ros2_control': CMAKE_PREFIX_PATH=${CMAKE_PREFIX_PATH}:/opt/ros/foxy _=/usr/bin/env /usr/bin/cmake --build /root/CSE276A_Fall24/cse276a_ws/build/rb5_ros2_control -- -j8 -l8
[0.498s] DEBUG:colcon.colcon_core.event_handler.log_command:Invoking command in '/root/CSE276A_Fall24/cse276a_ws/build/rb5_ros2_vision': CMAKE_PREFIX_PATH=${CMAKE_PREFIX_PATH}:/opt/ros/foxy _=/usr/bin/env /usr/bin/cmake --build /root/CSE276A_Fall24/cse276a_ws/build/rb5_ros2_vision -- -j8 -l8
[0.521s] DEBUG:colcon.colcon_core.event_handler.log_command:Invoking command in '/root/CSE276A_Fall24/cse276a_ws/build/ros2_april_detection': CMAKE_PREFIX_PATH=${CMAKE_PREFIX_PATH}:/opt/ros/foxy _=/usr/bin/env /usr/bin/cmake --build /root/CSE276A_Fall24/cse276a_ws/build/ros2_april_detection -- -j8 -l8
[0.592s] DEBUG:colcon.colcon_core.event_handler.log_command:Invoked command in '/root/CSE276A_Fall24/cse276a_ws/build/key_joy' returned '0': CMAKE_PREFIX_PATH=${CMAKE_PREFIX_PATH}:/opt/ros/foxy _=/usr/bin/env /usr/bin/cmake --build /root/CSE276A_Fall24/cse276a_ws/build/key_joy -- -j8 -l8
[0.616s] DEBUG:colcon.colcon_core.event_handler.log_command:Invoked command in '/root/CSE276A_Fall24/cse276a_ws/build/rb5_ros2_control' returned '0': CMAKE_PREFIX_PATH=${CMAKE_PREFIX_PATH}:/opt/ros/foxy _=/usr/bin/env /usr/bin/cmake --build /root/CSE276A_Fall24/cse276a_ws/build/rb5_ros2_control -- -j8 -l8
[0.732s] DEBUG:colcon.colcon_core.event_handler.log_command:Invoking command in '/root/CSE276A_Fall24/cse276a_ws/build/key_joy': CMAKE_PREFIX_PATH=${CMAKE_PREFIX_PATH}:/opt/ros/foxy _=/usr/bin/env /usr/bin/cmake --install /root/CSE276A_Fall24/cse276a_ws/build/key_joy
[0.763s] DEBUG:colcon.colcon_core.event_handler.log_command:Invoked command in '/root/CSE276A_Fall24/cse276a_ws/build/rb5_ros2_vision' returned '0': CMAKE_PREFIX_PATH=${CMAKE_PREFIX_PATH}:/opt/ros/foxy _=/usr/bin/env /usr/bin/cmake --build /root/CSE276A_Fall24/cse276a_ws/build/rb5_ros2_vision -- -j8 -l8
[0.794s] DEBUG:colcon.colcon_core.event_handler.log_command:Invoking command in '/root/CSE276A_Fall24/cse276a_ws/build/rb5_ros2_control': CMAKE_PREFIX_PATH=${CMAKE_PREFIX_PATH}:/opt/ros/foxy _=/usr/bin/env /usr/bin/cmake --install /root/CSE276A_Fall24/cse276a_ws/build/rb5_ros2_control
[0.813s] DEBUG:colcon.colcon_core.event_handler.log_command:Invoked command in '/root/CSE276A_Fall24/cse276a_ws/build/ros2_april_detection' returned '0': CMAKE_PREFIX_PATH=${CMAKE_PREFIX_PATH}:/opt/ros/foxy _=/usr/bin/env /usr/bin/cmake --build /root/CSE276A_Fall24/cse276a_ws/build/ros2_april_detection -- -j8 -l8
[0.873s] Level 1:colcon.colcon_core.environment:create_environment_scripts_only(key_joy)
[0.877s] DEBUG:colcon.colcon_core.event_handler.log_command:Invoked command in '/root/CSE276A_Fall24/cse276a_ws/build/key_joy' returned '0': CMAKE_PREFIX_PATH=${CMAKE_PREFIX_PATH}:/opt/ros/foxy _=/usr/bin/env /usr/bin/cmake --install /root/CSE276A_Fall24/cse276a_ws/build/key_joy
[0.897s] Level 1:colcon.colcon_core.environment:checking '/root/CSE276A_Fall24/cse276a_ws/install/key_joy' for CMake module files
[0.900s] Level 1:colcon.colcon_core.environment:checking '/root/CSE276A_Fall24/cse276a_ws/install/key_joy' for CMake config files
[0.901s] Level 1:colcon.colcon_core.shell:create_environment_hook('key_joy', 'cmake_prefix_path')
[0.903s] INFO:colcon.colcon_core.shell:Creating environment hook '/root/CSE276A_Fall24/cse276a_ws/install/key_joy/share/key_joy/hook/cmake_prefix_path.ps1'
[0.907s] INFO:colcon.colcon_core.shell:Creating environment descriptor '/root/CSE276A_Fall24/cse276a_ws/install/key_joy/share/key_joy/hook/cmake_prefix_path.dsv'
[0.908s] INFO:colcon.colcon_core.shell:Creating environment hook '/root/CSE276A_Fall24/cse276a_ws/install/key_joy/share/key_joy/hook/cmake_prefix_path.sh'
[0.909s] Level 1:colcon.colcon_core.environment:checking '/root/CSE276A_Fall24/cse276a_ws/install/key_joy/lib'
[0.909s] Level 1:colcon.colcon_core.environment:checking '/root/CSE276A_Fall24/cse276a_ws/install/key_joy/bin'
[0.909s] Level 1:colcon.colcon_core.environment:checking '/root/CSE276A_Fall24/cse276a_ws/install/key_joy/lib/pkgconfig/key_joy.pc'
[0.910s] Level 1:colcon.colcon_core.environment:checking '/root/CSE276A_Fall24/cse276a_ws/install/key_joy/lib/python3.8/site-packages'
[0.910s] Level 1:colcon.colcon_core.shell:create_environment_hook('key_joy', 'pythonpath')
[0.910s] INFO:colcon.colcon_core.shell:Creating environment hook '/root/CSE276A_Fall24/cse276a_ws/install/key_joy/share/key_joy/hook/pythonpath.ps1'
[0.910s] INFO:colcon.colcon_core.shell:Creating environment descriptor '/root/CSE276A_Fall24/cse276a_ws/install/key_joy/share/key_joy/hook/pythonpath.dsv'
[0.911s] INFO:colcon.colcon_core.shell:Creating environment hook '/root/CSE276A_Fall24/cse276a_ws/install/key_joy/share/key_joy/hook/pythonpath.sh'
[0.911s] Level 1:colcon.colcon_core.environment:checking '/root/CSE276A_Fall24/cse276a_ws/install/key_joy/bin'
[0.912s] INFO:colcon.colcon_core.shell:Creating package script '/root/CSE276A_Fall24/cse276a_ws/install/key_joy/share/key_joy/package.ps1'
[0.913s] INFO:colcon.colcon_core.shell:Creating package descriptor '/root/CSE276A_Fall24/cse276a_ws/install/key_joy/share/key_joy/package.dsv'
[0.913s] INFO:colcon.colcon_core.shell:Creating package script '/root/CSE276A_Fall24/cse276a_ws/install/key_joy/share/key_joy/package.sh'
[0.914s] INFO:colcon.colcon_core.shell:Creating package script '/root/CSE276A_Fall24/cse276a_ws/install/key_joy/share/key_joy/package.bash'
[0.915s] INFO:colcon.colcon_core.shell:Creating package script '/root/CSE276A_Fall24/cse276a_ws/install/key_joy/share/key_joy/package.zsh'
[0.916s] Level 1:colcon.colcon_core.environment:create_file_with_runtime_dependencies(/root/CSE276A_Fall24/cse276a_ws/install/key_joy/share/colcon-core/packages/key_joy)
[0.937s] DEBUG:colcon.colcon_core.event_handler.log_command:Invoking command in '/root/CSE276A_Fall24/cse276a_ws/build/rb5_ros2_vision': CMAKE_PREFIX_PATH=${CMAKE_PREFIX_PATH}:/opt/ros/foxy _=/usr/bin/env /usr/bin/cmake --install /root/CSE276A_Fall24/cse276a_ws/build/rb5_ros2_vision
[0.944s] Level 1:colcon.colcon_core.environment:create_environment_scripts_only(rb5_ros2_control)
[0.946s] Level 1:colcon.colcon_core.environment:checking '/root/CSE276A_Fall24/cse276a_ws/install/rb5_ros2_control' for CMake module files
[0.948s] DEBUG:colcon.colcon_core.event_handler.log_command:Invoked command in '/root/CSE276A_Fall24/cse276a_ws/build/rb5_ros2_control' returned '0': CMAKE_PREFIX_PATH=${CMAKE_PREFIX_PATH}:/opt/ros/foxy _=/usr/bin/env /usr/bin/cmake --install /root/CSE276A_Fall24/cse276a_ws/build/rb5_ros2_control
[0.950s] Level 1:colcon.colcon_core.environment:checking '/root/CSE276A_Fall24/cse276a_ws/install/rb5_ros2_control' for CMake config files
[0.950s] Level 1:colcon.colcon_core.shell:create_environment_hook('rb5_ros2_control', 'cmake_prefix_path')
[0.951s] INFO:colcon.colcon_core.shell:Creating environment hook '/root/CSE276A_Fall24/cse276a_ws/install/rb5_ros2_control/share/rb5_ros2_control/hook/cmake_prefix_path.ps1'
[0.952s] INFO:colcon.colcon_core.shell:Creating environment descriptor '/root/CSE276A_Fall24/cse276a_ws/install/rb5_ros2_control/share/rb5_ros2_control/hook/cmake_prefix_path.dsv'
[0.952s] INFO:colcon.colcon_core.shell:Creating environment hook '/root/CSE276A_Fall24/cse276a_ws/install/rb5_ros2_control/share/rb5_ros2_control/hook/cmake_prefix_path.sh'
[0.953s] Level 1:colcon.colcon_core.environment:checking '/root/CSE276A_Fall24/cse276a_ws/install/rb5_ros2_control/lib'
[0.954s] Level 1:colcon.colcon_core.environment:checking '/root/CSE276A_Fall24/cse276a_ws/install/rb5_ros2_control/bin'
[0.954s] Level 1:colcon.colcon_core.environment:checking '/root/CSE276A_Fall24/cse276a_ws/install/rb5_ros2_control/lib/pkgconfig/rb5_ros2_control.pc'
[0.954s] Level 1:colcon.colcon_core.environment:checking '/root/CSE276A_Fall24/cse276a_ws/install/rb5_ros2_control/lib/python3.8/site-packages'
[0.954s] Level 1:colcon.colcon_core.shell:create_environment_hook('rb5_ros2_control', 'pythonpath')
[0.955s] INFO:colcon.colcon_core.shell:Creating environment hook '/root/CSE276A_Fall24/cse276a_ws/install/rb5_ros2_control/share/rb5_ros2_control/hook/pythonpath.ps1'
[0.956s] INFO:colcon.colcon_core.shell:Creating environment descriptor '/root/CSE276A_Fall24/cse276a_ws/install/rb5_ros2_control/share/rb5_ros2_control/hook/pythonpath.dsv'
[0.956s] INFO:colcon.colcon_core.shell:Creating environment hook '/root/CSE276A_Fall24/cse276a_ws/install/rb5_ros2_control/share/rb5_ros2_control/hook/pythonpath.sh'
[0.957s] Level 1:colcon.colcon_core.environment:checking '/root/CSE276A_Fall24/cse276a_ws/install/rb5_ros2_control/bin'
[0.957s] INFO:colcon.colcon_core.shell:Creating package script '/root/CSE276A_Fall24/cse276a_ws/install/rb5_ros2_control/share/rb5_ros2_control/package.ps1'
[0.957s] INFO:colcon.colcon_core.shell:Creating package descriptor '/root/CSE276A_Fall24/cse276a_ws/install/rb5_ros2_control/share/rb5_ros2_control/package.dsv'
[0.958s] INFO:colcon.colcon_core.shell:Creating package script '/root/CSE276A_Fall24/cse276a_ws/install/rb5_ros2_control/share/rb5_ros2_control/package.sh'
[0.959s] INFO:colcon.colcon_core.shell:Creating package script '/root/CSE276A_Fall24/cse276a_ws/install/rb5_ros2_control/share/rb5_ros2_control/package.bash'
[0.959s] INFO:colcon.colcon_core.shell:Creating package script '/root/CSE276A_Fall24/cse276a_ws/install/rb5_ros2_control/share/rb5_ros2_control/package.zsh'
[0.959s] Level 1:colcon.colcon_core.environment:create_file_with_runtime_dependencies(/root/CSE276A_Fall24/cse276a_ws/install/rb5_ros2_control/share/colcon-core/packages/rb5_ros2_control)
[0.988s] Level 1:colcon.colcon_core.environment:create_environment_scripts_only(rb5_ros2_vision)
[0.989s] Level 1:colcon.colcon_core.environment:checking '/root/CSE276A_Fall24/cse276a_ws/install/rb5_ros2_vision' for CMake module files
[0.997s] Level 1:colcon.colcon_core.environment:checking '/root/CSE276A_Fall24/cse276a_ws/install/rb5_ros2_vision' for CMake config files
[0.998s] DEBUG:colcon.colcon_core.event_handler.log_command:Invoking command in '/root/CSE276A_Fall24/cse276a_ws/build/ros2_april_detection': CMAKE_PREFIX_PATH=${CMAKE_PREFIX_PATH}:/opt/ros/foxy _=/usr/bin/env /usr/bin/cmake --install /root/CSE276A_Fall24/cse276a_ws/build/ros2_april_detection
[0.999s] DEBUG:colcon.colcon_core.event_handler.log_command:Invoked command in '/root/CSE276A_Fall24/cse276a_ws/build/rb5_ros2_vision' returned '0': CMAKE_PREFIX_PATH=${CMAKE_PREFIX_PATH}:/opt/ros/foxy _=/usr/bin/env /usr/bin/cmake --install /root/CSE276A_Fall24/cse276a_ws/build/rb5_ros2_vision
[1.000s] Level 1:colcon.colcon_core.shell:create_environment_hook('rb5_ros2_vision', 'cmake_prefix_path')
[1.001s] INFO:colcon.colcon_core.shell:Creating environment hook '/root/CSE276A_Fall24/cse276a_ws/install/rb5_ros2_vision/share/rb5_ros2_vision/hook/cmake_prefix_path.ps1'
[1.003s] INFO:colcon.colcon_core.shell:Creating environment descriptor '/root/CSE276A_Fall24/cse276a_ws/install/rb5_ros2_vision/share/rb5_ros2_vision/hook/cmake_prefix_path.dsv'
[1.003s] INFO:colcon.colcon_core.shell:Creating environment hook '/root/CSE276A_Fall24/cse276a_ws/install/rb5_ros2_vision/share/rb5_ros2_vision/hook/cmake_prefix_path.sh'
[1.004s] Level 1:colcon.colcon_core.environment:checking '/root/CSE276A_Fall24/cse276a_ws/install/rb5_ros2_vision/lib'
[1.004s] Level 1:colcon.colcon_core.environment:checking '/root/CSE276A_Fall24/cse276a_ws/install/rb5_ros2_vision/bin'
[1.004s] Level 1:colcon.colcon_core.environment:checking '/root/CSE276A_Fall24/cse276a_ws/install/rb5_ros2_vision/lib/pkgconfig/rb5_ros2_vision.pc'
[1.005s] Level 1:colcon.colcon_core.environment:checking '/root/CSE276A_Fall24/cse276a_ws/install/rb5_ros2_vision/lib/python3.8/site-packages'
[1.005s] Level 1:colcon.colcon_core.environment:checking '/root/CSE276A_Fall24/cse276a_ws/install/rb5_ros2_vision/bin'
[1.005s] INFO:colcon.colcon_core.shell:Creating package script '/root/CSE276A_Fall24/cse276a_ws/install/rb5_ros2_vision/share/rb5_ros2_vision/package.ps1'
[1.006s] INFO:colcon.colcon_core.shell:Creating package descriptor '/root/CSE276A_Fall24/cse276a_ws/install/rb5_ros2_vision/share/rb5_ros2_vision/package.dsv'
[1.007s] INFO:colcon.colcon_core.shell:Creating package script '/root/CSE276A_Fall24/cse276a_ws/install/rb5_ros2_vision/share/rb5_ros2_vision/package.sh'
[1.007s] INFO:colcon.colcon_core.shell:Creating package script '/root/CSE276A_Fall24/cse276a_ws/install/rb5_ros2_vision/share/rb5_ros2_vision/package.bash'
[1.008s] INFO:colcon.colcon_core.shell:Creating package script '/root/CSE276A_Fall24/cse276a_ws/install/rb5_ros2_vision/share/rb5_ros2_vision/package.zsh'
[1.009s] Level 1:colcon.colcon_core.environment:create_file_with_runtime_dependencies(/root/CSE276A_Fall24/cse276a_ws/install/rb5_ros2_vision/share/colcon-core/packages/rb5_ros2_vision)
[1.025s] Level 1:colcon.colcon_core.environment:create_environment_scripts_only(ros2_april_detection)
[1.026s] Level 1:colcon.colcon_core.environment:checking '/root/CSE276A_Fall24/cse276a_ws/install/ros2_april_detection' for CMake module files
[1.027s] DEBUG:colcon.colcon_core.event_handler.log_command:Invoked command in '/root/CSE276A_Fall24/cse276a_ws/build/ros2_april_detection' returned '0': CMAKE_PREFIX_PATH=${CMAKE_PREFIX_PATH}:/opt/ros/foxy _=/usr/bin/env /usr/bin/cmake --install /root/CSE276A_Fall24/cse276a_ws/build/ros2_april_detection
[1.028s] Level 1:colcon.colcon_core.environment:checking '/root/CSE276A_Fall24/cse276a_ws/install/ros2_april_detection' for CMake config files
[1.028s] Level 1:colcon.colcon_core.shell:create_environment_hook('ros2_april_detection', 'cmake_prefix_path')
[1.029s] INFO:colcon.colcon_core.shell:Creating environment hook '/root/CSE276A_Fall24/cse276a_ws/install/ros2_april_detection/share/ros2_april_detection/hook/cmake_prefix_path.ps1'
[1.030s] INFO:colcon.colcon_core.shell:Creating environment descriptor '/root/CSE276A_Fall24/cse276a_ws/install/ros2_april_detection/share/ros2_april_detection/hook/cmake_prefix_path.dsv'
[1.030s] INFO:colcon.colcon_core.shell:Creating environment hook '/root/CSE276A_Fall24/cse276a_ws/install/ros2_april_detection/share/ros2_april_detection/hook/cmake_prefix_path.sh'
[1.031s] Level 1:colcon.colcon_core.environment:checking '/root/CSE276A_Fall24/cse276a_ws/install/ros2_april_detection/lib'
[1.031s] Level 1:colcon.colcon_core.environment:checking '/root/CSE276A_Fall24/cse276a_ws/install/ros2_april_detection/bin'
[1.031s] Level 1:colcon.colcon_core.environment:checking '/root/CSE276A_Fall24/cse276a_ws/install/ros2_april_detection/lib/pkgconfig/ros2_april_detection.pc'
[1.031s] Level 1:colcon.colcon_core.environment:checking '/root/CSE276A_Fall24/cse276a_ws/install/ros2_april_detection/lib/python3.8/site-packages'
[1.032s] Level 1:colcon.colcon_core.environment:checking '/root/CSE276A_Fall24/cse276a_ws/install/ros2_april_detection/bin'
[1.032s] INFO:colcon.colcon_core.shell:Creating package script '/root/CSE276A_Fall24/cse276a_ws/install/ros2_april_detection/share/ros2_april_detection/package.ps1'
[1.033s] INFO:colcon.colcon_core.shell:Creating package descriptor '/root/CSE276A_Fall24/cse276a_ws/install/ros2_april_detection/share/ros2_april_detection/package.dsv'
[1.033s] INFO:colcon.colcon_core.shell:Creating package script '/root/CSE276A_Fall24/cse276a_ws/install/ros2_april_detection/share/ros2_april_detection/package.sh'
[1.034s] INFO:colcon.colcon_core.shell:Creating package script '/root/CSE276A_Fall24/cse276a_ws/install/ros2_april_detection/share/ros2_april_detection/package.bash'
[1.034s] INFO:colcon.colcon_core.shell:Creating package script '/root/CSE276A_Fall24/cse276a_ws/install/ros2_april_detection/share/ros2_april_detection/package.zsh'
[1.035s] Level 1:colcon.colcon_core.environment:create_file_with_runtime_dependencies(/root/CSE276A_Fall24/cse276a_ws/install/ros2_april_detection/share/colcon-core/packages/ros2_april_detection)
[1.045s] Level 1:colcon.colcon_core.environment:create_environment_scripts_only(key_joy)
[1.046s] Level 1:colcon.colcon_core.environment:checking '/root/CSE276A_Fall24/cse276a_ws/install/key_joy' for CMake module files
[1.046s] Level 1:colcon.colcon_core.environment:checking '/root/CSE276A_Fall24/cse276a_ws/install/key_joy' for CMake config files
[1.046s] Level 1:colcon.colcon_core.shell:create_environment_hook('key_joy', 'cmake_prefix_path')
[1.047s] INFO:colcon.colcon_core.shell:Creating environment hook '/root/CSE276A_Fall24/cse276a_ws/install/key_joy/share/key_joy/hook/cmake_prefix_path.ps1'
[1.047s] INFO:colcon.colcon_core.shell:Creating environment descriptor '/root/CSE276A_Fall24/cse276a_ws/install/key_joy/share/key_joy/hook/cmake_prefix_path.dsv'
[1.048s] INFO:colcon.colcon_core.shell:Creating environment hook '/root/CSE276A_Fall24/cse276a_ws/install/key_joy/share/key_joy/hook/cmake_prefix_path.sh'
[1.048s] Level 1:colcon.colcon_core.environment:checking '/root/CSE276A_Fall24/cse276a_ws/install/key_joy/lib'
[1.048s] Level 1:colcon.colcon_core.environment:checking '/root/CSE276A_Fall24/cse276a_ws/install/key_joy/bin'
[1.049s] Level 1:colcon.colcon_core.environment:checking '/root/CSE276A_Fall24/cse276a_ws/install/key_joy/lib/pkgconfig/key_joy.pc'
[1.049s] Level 1:colcon.colcon_core.environment:checking '/root/CSE276A_Fall24/cse276a_ws/install/key_joy/lib/python3.8/site-packages'
[1.049s] Level 1:colcon.colcon_core.shell:create_environment_hook('key_joy', 'pythonpath')
[1.049s] INFO:colcon.colcon_core.shell:Creating environment hook '/root/CSE276A_Fall24/cse276a_ws/install/key_joy/share/key_joy/hook/pythonpath.ps1'
[1.049s] INFO:colcon.colcon_core.shell:Creating environment descriptor '/root/CSE276A_Fall24/cse276a_ws/install/key_joy/share/key_joy/hook/pythonpath.dsv'
[1.050s] INFO:colcon.colcon_core.shell:Creating environment hook '/root/CSE276A_Fall24/cse276a_ws/install/key_joy/share/key_joy/hook/pythonpath.sh'
[1.050s] Level 1:colcon.colcon_core.environment:checking '/root/CSE276A_Fall24/cse276a_ws/install/key_joy/bin'
[1.051s] INFO:colcon.colcon_core.shell:Creating package script '/root/CSE276A_Fall24/cse276a_ws/install/key_joy/share/key_joy/package.ps1'
[1.051s] INFO:colcon.colcon_core.shell:Creating package descriptor '/root/CSE276A_Fall24/cse276a_ws/install/key_joy/share/key_joy/package.dsv'
[1.052s] INFO:colcon.colcon_core.shell:Creating package script '/root/CSE276A_Fall24/cse276a_ws/install/key_joy/share/key_joy/package.sh'
[1.053s] INFO:colcon.colcon_core.shell:Creating package script '/root/CSE276A_Fall24/cse276a_ws/install/key_joy/share/key_joy/package.bash'
[1.053s] INFO:colcon.colcon_core.shell:Creating package script '/root/CSE276A_Fall24/cse276a_ws/install/key_joy/share/key_joy/package.zsh'
[1.053s] Level 1:colcon.colcon_core.environment:create_file_with_runtime_dependencies(/root/CSE276A_Fall24/cse276a_ws/install/key_joy/share/colcon-core/packages/key_joy)
[1.075s] Level 1:colcon.colcon_core.environment:create_environment_scripts_only(rb5_ros2_control)
[1.075s] Level 1:colcon.colcon_core.environment:checking '/root/CSE276A_Fall24/cse276a_ws/install/rb5_ros2_control' for CMake module files
[1.076s] Level 1:colcon.colcon_core.environment:checking '/root/CSE276A_Fall24/cse276a_ws/install/rb5_ros2_control' for CMake config files
[1.077s] Level 1:colcon.colcon_core.shell:create_environment_hook('rb5_ros2_control', 'cmake_prefix_path')
[1.077s] INFO:colcon.colcon_core.shell:Creating environment hook '/root/CSE276A_Fall24/cse276a_ws/install/rb5_ros2_control/share/rb5_ros2_control/hook/cmake_prefix_path.ps1'
[1.078s] INFO:colcon.colcon_core.shell:Creating environment descriptor '/root/CSE276A_Fall24/cse276a_ws/install/rb5_ros2_control/share/rb5_ros2_control/hook/cmake_prefix_path.dsv'
[1.078s] INFO:colcon.colcon_core.shell:Creating environment hook '/root/CSE276A_Fall24/cse276a_ws/install/rb5_ros2_control/share/rb5_ros2_control/hook/cmake_prefix_path.sh'
[1.079s] Level 1:colcon.colcon_core.environment:checking '/root/CSE276A_Fall24/cse276a_ws/install/rb5_ros2_control/lib'
[1.080s] Level 1:colcon.colcon_core.environment:checking '/root/CSE276A_Fall24/cse276a_ws/install/rb5_ros2_control/bin'
[1.080s] Level 1:colcon.colcon_core.environment:checking '/root/CSE276A_Fall24/cse276a_ws/install/rb5_ros2_control/lib/pkgconfig/rb5_ros2_control.pc'
[1.080s] Level 1:colcon.colcon_core.environment:checking '/root/CSE276A_Fall24/cse276a_ws/install/rb5_ros2_control/lib/python3.8/site-packages'
[1.080s] Level 1:colcon.colcon_core.shell:create_environment_hook('rb5_ros2_control', 'pythonpath')
[1.080s] INFO:colcon.colcon_core.shell:Creating environment hook '/root/CSE276A_Fall24/cse276a_ws/install/rb5_ros2_control/share/rb5_ros2_control/hook/pythonpath.ps1'
[1.081s] INFO:colcon.colcon_core.shell:Creating environment descriptor '/root/CSE276A_Fall24/cse276a_ws/install/rb5_ros2_control/share/rb5_ros2_control/hook/pythonpath.dsv'
[1.082s] INFO:colcon.colcon_core.shell:Creating environment hook '/root/CSE276A_Fall24/cse276a_ws/install/rb5_ros2_control/share/rb5_ros2_control/hook/pythonpath.sh'
[1.082s] Level 1:colcon.colcon_core.environment:checking '/root/CSE276A_Fall24/cse276a_ws/install/rb5_ros2_control/bin'
[1.083s] INFO:colcon.colcon_core.shell:Creating package script '/root/CSE276A_Fall24/cse276a_ws/install/rb5_ros2_control/share/rb5_ros2_control/package.ps1'
[1.084s] INFO:colcon.colcon_core.shell:Creating package descriptor '/root/CSE276A_Fall24/cse276a_ws/install/rb5_ros2_control/share/rb5_ros2_control/package.dsv'
[1.084s] INFO:colcon.colcon_core.shell:Creating package script '/root/CSE276A_Fall24/cse276a_ws/install/rb5_ros2_control/share/rb5_ros2_control/package.sh'
[1.085s] INFO:colcon.colcon_core.shell:Creating package script '/root/CSE276A_Fall24/cse276a_ws/install/rb5_ros2_control/share/rb5_ros2_control/package.bash'
[1.086s] INFO:colcon.colcon_core.shell:Creating package script '/root/CSE276A_Fall24/cse276a_ws/install/rb5_ros2_control/share/rb5_ros2_control/package.zsh'
[1.086s] Level 1:colcon.colcon_core.environment:create_file_with_runtime_dependencies(/root/CSE276A_Fall24/cse276a_ws/install/rb5_ros2_control/share/colcon-core/packages/rb5_ros2_control)
[1.109s] Level 1:colcon.colcon_core.environment:create_environment_scripts_only(rb5_ros2_vision)
[1.109s] Level 1:colcon.colcon_core.environment:checking '/root/CSE276A_Fall24/cse276a_ws/install/rb5_ros2_vision' for CMake module files
[1.110s] Level 1:colcon.colcon_core.environment:checking '/root/CSE276A_Fall24/cse276a_ws/install/rb5_ros2_vision' for CMake config files
[1.110s] Level 1:colcon.colcon_core.shell:create_environment_hook('rb5_ros2_vision', 'cmake_prefix_path')
[1.110s] INFO:colcon.colcon_core.shell:Creating environment hook '/root/CSE276A_Fall24/cse276a_ws/install/rb5_ros2_vision/share/rb5_ros2_vision/hook/cmake_prefix_path.ps1'
[1.111s] INFO:colcon.colcon_core.shell:Creating environment descriptor '/root/CSE276A_Fall24/cse276a_ws/install/rb5_ros2_vision/share/rb5_ros2_vision/hook/cmake_prefix_path.dsv'
[1.112s] INFO:colcon.colcon_core.shell:Creating environment hook '/root/CSE276A_Fall24/cse276a_ws/install/rb5_ros2_vision/share/rb5_ros2_vision/hook/cmake_prefix_path.sh'
[1.112s] Level 1:colcon.colcon_core.environment:checking '/root/CSE276A_Fall24/cse276a_ws/install/rb5_ros2_vision/lib'
[1.112s] Level 1:colcon.colcon_core.environment:checking '/root/CSE276A_Fall24/cse276a_ws/install/rb5_ros2_vision/bin'
[1.113s] Level 1:colcon.colcon_core.environment:checking '/root/CSE276A_Fall24/cse276a_ws/install/rb5_ros2_vision/lib/pkgconfig/rb5_ros2_vision.pc'
[1.113s] Level 1:colcon.colcon_core.environment:checking '/root/CSE276A_Fall24/cse276a_ws/install/rb5_ros2_vision/lib/python3.8/site-packages'
[1.113s] Level 1:colcon.colcon_core.environment:checking '/root/CSE276A_Fall24/cse276a_ws/install/rb5_ros2_vision/bin'
[1.113s] INFO:colcon.colcon_core.shell:Creating package script '/root/CSE276A_Fall24/cse276a_ws/install/rb5_ros2_vision/share/rb5_ros2_vision/package.ps1'
[1.114s] INFO:colcon.colcon_core.shell:Creating package descriptor '/root/CSE276A_Fall24/cse276a_ws/install/rb5_ros2_vision/share/rb5_ros2_vision/package.dsv'
[1.115s] INFO:colcon.colcon_core.shell:Creating package script '/root/CSE276A_Fall24/cse276a_ws/install/rb5_ros2_vision/share/rb5_ros2_vision/package.sh'
[1.116s] INFO:colcon.colcon_core.shell:Creating package script '/root/CSE276A_Fall24/cse276a_ws/install/rb5_ros2_vision/share/rb5_ros2_vision/package.bash'
[1.117s] INFO:colcon.colcon_core.shell:Creating package script '/root/CSE276A_Fall24/cse276a_ws/install/rb5_ros2_vision/share/rb5_ros2_vision/package.zsh'
[1.118s] Level 1:colcon.colcon_core.environment:create_file_with_runtime_dependencies(/root/CSE276A_Fall24/cse276a_ws/install/rb5_ros2_vision/share/colcon-core/packages/rb5_ros2_vision)
[1.197s] Level 1:colcon.colcon_core.environment:create_environment_scripts_only(ros2_april_detection)
[1.201s] Level 1:colcon.colcon_core.environment:checking '/root/CSE276A_Fall24/cse276a_ws/install/ros2_april_detection' for CMake module files
[1.210s] Level 1:colcon.colcon_core.environment:checking '/root/CSE276A_Fall24/cse276a_ws/install/ros2_april_detection' for CMake config files
[1.213s] Level 1:colcon.colcon_core.shell:create_environment_hook('ros2_april_detection', 'cmake_prefix_path')
[1.214s] INFO:colcon.colcon_core.shell:Creating environment hook '/root/CSE276A_Fall24/cse276a_ws/install/ros2_april_detection/share/ros2_april_detection/hook/cmake_prefix_path.ps1'
[1.217s] INFO:colcon.colcon_core.shell:Creating environment descriptor '/root/CSE276A_Fall24/cse276a_ws/install/ros2_april_detection/share/ros2_april_detection/hook/cmake_prefix_path.dsv'
[1.219s] INFO:colcon.colcon_core.shell:Creating environment hook '/root/CSE276A_Fall24/cse276a_ws/install/ros2_april_detection/share/ros2_april_detection/hook/cmake_prefix_path.sh'
[1.222s] Level 1:colcon.colcon_core.environment:checking '/root/CSE276A_Fall24/cse276a_ws/install/ros2_april_detection/lib'
[1.222s] Level 1:colcon.colcon_core.environment:checking '/root/CSE276A_Fall24/cse276a_ws/install/ros2_april_detection/bin'
[1.223s] Level 1:colcon.colcon_core.environment:checking '/root/CSE276A_Fall24/cse276a_ws/install/ros2_april_detection/lib/pkgconfig/ros2_april_detection.pc'
[1.224s] Level 1:colcon.colcon_core.environment:checking '/root/CSE276A_Fall24/cse276a_ws/install/ros2_april_detection/lib/python3.8/site-packages'
[1.225s] Level 1:colcon.colcon_core.environment:checking '/root/CSE276A_Fall24/cse276a_ws/install/ros2_april_detection/bin'
[1.227s] INFO:colcon.colcon_core.shell:Creating package script '/root/CSE276A_Fall24/cse276a_ws/install/ros2_april_detection/share/ros2_april_detection/package.ps1'
[1.229s] INFO:colcon.colcon_core.shell:Creating package descriptor '/root/CSE276A_Fall24/cse276a_ws/install/ros2_april_detection/share/ros2_april_detection/package.dsv'
[1.231s] INFO:colcon.colcon_core.shell:Creating package script '/root/CSE276A_Fall24/cse276a_ws/install/ros2_april_detection/share/ros2_april_detection/package.sh'
[1.233s] INFO:colcon.colcon_core.shell:Creating package script '/root/CSE276A_Fall24/cse276a_ws/install/ros2_april_detection/share/ros2_april_detection/package.bash'
[1.234s] INFO:colcon.colcon_core.shell:Creating package script '/root/CSE276A_Fall24/cse276a_ws/install/ros2_april_detection/share/ros2_april_detection/package.zsh'
[1.236s] Level 1:colcon.colcon_core.environment:create_file_with_runtime_dependencies(/root/CSE276A_Fall24/cse276a_ws/install/ros2_april_detection/share/colcon-core/packages/ros2_april_detection)
[1.237s] DEBUG:colcon.colcon_parallel_executor.executor.parallel:closing loop
[1.239s] DEBUG:colcon.colcon_parallel_executor.executor.parallel:loop closed
[1.239s] DEBUG:colcon.colcon_parallel_executor.executor.parallel:run_until_complete finished with '0'
[1.239s] DEBUG:colcon.colcon_core.event_reactor:joining thread
[1.264s] INFO:colcon.colcon_core.plugin_system:Skipping extension 'colcon_notification.desktop_notification.notify_send': Could not find 'notify-send'
[1.264s] INFO:colcon.colcon_core.plugin_system:Skipping extension 'colcon_notification.desktop_notification.terminal_notifier': Not used on non-Darwin systems
[1.264s] INFO:colcon.colcon_core.plugin_system:Skipping extension 'colcon_notification.desktop_notification.win32': Not used on non-Windows systems
[1.264s] INFO:colcon.colcon_notification.desktop_notification:Sending desktop notification using 'notify2'
[1.272s] DEBUG:colcon.colcon_notification.desktop_notification.notify2:Failed to initialize notify2: org.freedesktop.DBus.Error.ServiceUnknown: The name org.freedesktop.Notifications was not provided by any .service files
[1.272s] DEBUG:colcon.colcon_core.event_reactor:joined thread
[1.274s] INFO:colcon.colcon_core.shell:Creating prefix script '/root/CSE276A_Fall24/cse276a_ws/install/local_setup.ps1'
[1.286s] INFO:colcon.colcon_core.shell:Creating prefix util module '/root/CSE276A_Fall24/cse276a_ws/install/_local_setup_util_ps1.py'
[1.298s] INFO:colcon.colcon_core.shell:Creating prefix chain script '/root/CSE276A_Fall24/cse276a_ws/install/setup.ps1'
[1.304s] INFO:colcon.colcon_core.shell:Creating prefix script '/root/CSE276A_Fall24/cse276a_ws/install/local_setup.sh'
[1.307s] INFO:colcon.colcon_core.shell:Creating prefix util module '/root/CSE276A_Fall24/cse276a_ws/install/_local_setup_util_sh.py'
[1.309s] INFO:colcon.colcon_core.shell:Creating prefix chain script '/root/CSE276A_Fall24/cse276a_ws/install/setup.sh'
[1.314s] INFO:colcon.colcon_core.shell:Creating prefix script '/root/CSE276A_Fall24/cse276a_ws/install/local_setup.bash'
[1.317s] INFO:colcon.colcon_core.shell:Creating prefix chain script '/root/CSE276A_Fall24/cse276a_ws/install/setup.bash'
[1.321s] INFO:colcon.colcon_core.shell:Creating prefix script '/root/CSE276A_Fall24/cse276a_ws/install/local_setup.zsh'
[1.324s] INFO:colcon.colcon_core.shell:Creating prefix chain script '/root/CSE276A_Fall24/cse276a_ws/install/setup.zsh'
