[0.373s] Invoking command in '/root/CSE276A_Fall24/cse276a_ws/build/ros2_april_detection': CMAKE_PREFIX_PATH=/root/CSE276A_Fall24/cse276a_ws/install/cv_bridge:/root/CSE276A_Fall24/cse276a_ws/install/ros2_april_detection:/root/CSE276A_Fall24/cse276a_ws/install/rb5_ros2_vision:/root/CSE276A_Fall24/cse276a_ws/install/rb5_ros2_control:/root/CSE276A_Fall24/cse276a_ws/install/key_joy:/root/CSE276A_Fall24/cse276a_ws/install/opencv_tests:/opt/ros/foxy PYTHONPATH=/root/CSE276A_Fall24/cse276a_ws/install/cv_bridge/lib/python3.8/site-packages:/root/CSE276A_Fall24/cse276a_ws/install/rb5_ros2_control/lib/python3.8/site-packages:/root/CSE276A_Fall24/cse276a_ws/install/opencv_tests/lib/python3.8/site-packages:/root/CSE276A_Fall24/cse276a_ws/install/key_joy/lib/python3.8/site-packages:/opt/ros/foxy/lib/python3.8/site-packages _=/usr/bin/env /usr/bin/cmake --build /root/CSE276A_Fall24/cse276a_ws/build/ros2_april_detection -- -j8 -l8
[0.615s] [100%] Built target april_detection_node
[0.694s] Invoked command in '/root/CSE276A_Fall24/cse276a_ws/build/ros2_april_detection' returned '0': CMAKE_PREFIX_PATH=/root/CSE276A_Fall24/cse276a_ws/install/cv_bridge:/root/CSE276A_Fall24/cse276a_ws/install/ros2_april_detection:/root/CSE276A_Fall24/cse276a_ws/install/rb5_ros2_vision:/root/CSE276A_Fall24/cse276a_ws/install/rb5_ros2_control:/root/CSE276A_Fall24/cse276a_ws/install/key_joy:/root/CSE276A_Fall24/cse276a_ws/install/opencv_tests:/opt/ros/foxy PYTHONPATH=/root/CSE276A_Fall24/cse276a_ws/install/cv_bridge/lib/python3.8/site-packages:/root/CSE276A_Fall24/cse276a_ws/install/rb5_ros2_control/lib/python3.8/site-packages:/root/CSE276A_Fall24/cse276a_ws/install/opencv_tests/lib/python3.8/site-packages:/root/CSE276A_Fall24/cse276a_ws/install/key_joy/lib/python3.8/site-packages:/opt/ros/foxy/lib/python3.8/site-packages _=/usr/bin/env /usr/bin/cmake --build /root/CSE276A_Fall24/cse276a_ws/build/ros2_april_detection -- -j8 -l8
[0.893s] Invoking command in '/root/CSE276A_Fall24/cse276a_ws/build/ros2_april_detection': CMAKE_PREFIX_PATH=/root/CSE276A_Fall24/cse276a_ws/install/cv_bridge:/root/CSE276A_Fall24/cse276a_ws/install/ros2_april_detection:/root/CSE276A_Fall24/cse276a_ws/install/rb5_ros2_vision:/root/CSE276A_Fall24/cse276a_ws/install/rb5_ros2_control:/root/CSE276A_Fall24/cse276a_ws/install/key_joy:/root/CSE276A_Fall24/cse276a_ws/install/opencv_tests:/opt/ros/foxy PYTHONPATH=/root/CSE276A_Fall24/cse276a_ws/install/cv_bridge/lib/python3.8/site-packages:/root/CSE276A_Fall24/cse276a_ws/install/rb5_ros2_control/lib/python3.8/site-packages:/root/CSE276A_Fall24/cse276a_ws/install/opencv_tests/lib/python3.8/site-packages:/root/CSE276A_Fall24/cse276a_ws/install/key_joy/lib/python3.8/site-packages:/opt/ros/foxy/lib/python3.8/site-packages _=/usr/bin/env /usr/bin/cmake --install /root/CSE276A_Fall24/cse276a_ws/build/ros2_april_detection
[0.926s] -- Install configuration: ""
[0.927s] -- Up-to-date: /root/CSE276A_Fall24/cse276a_ws/install/ros2_april_detection/lib/ros2_april_detection/april_detection_node
[0.929s] -- Up-to-date: /root/CSE276A_Fall24/cse276a_ws/install/ros2_april_detection/share/ament_index/resource_index/package_run_dependencies/ros2_april_detection
[0.930s] -- Up-to-date: /root/CSE276A_Fall24/cse276a_ws/install/ros2_april_detection/share/ament_index/resource_index/parent_prefix_path/ros2_april_detection
[0.932s] -- Up-to-date: /root/CSE276A_Fall24/cse276a_ws/install/ros2_april_detection/share/ros2_april_detection/environment/ament_prefix_path.sh
[0.934s] -- Up-to-date: /root/CSE276A_Fall24/cse276a_ws/install/ros2_april_detection/share/ros2_april_detection/environment/ament_prefix_path.dsv
[0.935s] -- Up-to-date: /root/CSE276A_Fall24/cse276a_ws/install/ros2_april_detection/share/ros2_april_detection/environment/path.sh
[0.937s] -- Up-to-date: /root/CSE276A_Fall24/cse276a_ws/install/ros2_april_detection/share/ros2_april_detection/environment/path.dsv
[0.938s] -- Up-to-date: /root/CSE276A_Fall24/cse276a_ws/install/ros2_april_detection/share/ros2_april_detection/local_setup.bash
[0.939s] -- Up-to-date: /root/CSE276A_Fall24/cse276a_ws/install/ros2_april_detection/share/ros2_april_detection/local_setup.sh
[0.940s] -- Up-to-date: /root/CSE276A_Fall24/cse276a_ws/install/ros2_april_detection/share/ros2_april_detection/local_setup.zsh
[0.942s] -- Up-to-date: /root/CSE276A_Fall24/cse276a_ws/install/ros2_april_detection/share/ros2_april_detection/local_setup.dsv
[0.943s] -- Installing: /root/CSE276A_Fall24/cse276a_ws/install/ros2_april_detection/share/ros2_april_detection/package.dsv
[0.945s] -- Up-to-date: /root/CSE276A_Fall24/cse276a_ws/install/ros2_april_detection/share/ament_index/resource_index/packages/ros2_april_detection
[0.946s] -- Up-to-date: /root/CSE276A_Fall24/cse276a_ws/install/ros2_april_detection/share/ros2_april_detection/cmake/ros2_april_detectionConfig.cmake
[0.947s] -- Up-to-date: /root/CSE276A_Fall24/cse276a_ws/install/ros2_april_detection/share/ros2_april_detection/cmake/ros2_april_detectionConfig-version.cmake
[0.949s] -- Up-to-date: /root/CSE276A_Fall24/cse276a_ws/install/ros2_april_detection/share/ros2_april_detection/package.xml
[1.022s] Invoked command in '/root/CSE276A_Fall24/cse276a_ws/build/ros2_april_detection' returned '0': CMAKE_PREFIX_PATH=/root/CSE276A_Fall24/cse276a_ws/install/cv_bridge:/root/CSE276A_Fall24/cse276a_ws/install/ros2_april_detection:/root/CSE276A_Fall24/cse276a_ws/install/rb5_ros2_vision:/root/CSE276A_Fall24/cse276a_ws/install/rb5_ros2_control:/root/CSE276A_Fall24/cse276a_ws/install/key_joy:/root/CSE276A_Fall24/cse276a_ws/install/opencv_tests:/opt/ros/foxy PYTHONPATH=/root/CSE276A_Fall24/cse276a_ws/install/cv_bridge/lib/python3.8/site-packages:/root/CSE276A_Fall24/cse276a_ws/install/rb5_ros2_control/lib/python3.8/site-packages:/root/CSE276A_Fall24/cse276a_ws/install/opencv_tests/lib/python3.8/site-packages:/root/CSE276A_Fall24/cse276a_ws/install/key_joy/lib/python3.8/site-packages:/opt/ros/foxy/lib/python3.8/site-packages _=/usr/bin/env /usr/bin/cmake --install /root/CSE276A_Fall24/cse276a_ws/build/ros2_april_detection
