[0.088s] Invoking command in '/root/CSE276A_Fall24/cse276a_ws/build/cv_bridge': CMAKE_PREFIX_PATH=${CMAKE_PREFIX_PATH}:/root/CSE276A_Fall24/cse276a_ws/install/opencv_tests:/opt/ros/foxy _=/usr/bin/env /usr/bin/cmake --build /root/CSE276A_Fall24/cse276a_ws/build/cv_bridge -- -j8 -l8
[0.295s] [ 18%] Built target cv_bridge
[0.412s] [ 31%] Built target gtest_main
[0.514s] [ 50%] Built target cv_bridge_boost
[0.562s] [ 62%] Built target gtest
[0.650s] [100%] Built target cv_bridge-utest
[0.715s] Invoked command in '/root/CSE276A_Fall24/cse276a_ws/build/cv_bridge' returned '0': CMAKE_PREFIX_PATH=${CMAKE_PREFIX_PATH}:/root/CSE276A_Fall24/cse276a_ws/install/opencv_tests:/opt/ros/foxy _=/usr/bin/env /usr/bin/cmake --build /root/CSE276A_Fall24/cse276a_ws/build/cv_bridge -- -j8 -l8
[0.888s] Invoking command in '/root/CSE276A_Fall24/cse276a_ws/build/cv_bridge': CMAKE_PREFIX_PATH=${CMAKE_PREFIX_PATH}:/root/CSE276A_Fall24/cse276a_ws/install/opencv_tests:/opt/ros/foxy _=/usr/bin/env /usr/bin/cmake --install /root/CSE276A_Fall24/cse276a_ws/build/cv_bridge
[0.909s] -- Install configuration: ""
[0.909s] -- Up-to-date: /root/CSE276A_Fall24/cse276a_ws/install/cv_bridge/share/cv_bridge/environment/pythonpath.sh
[0.909s] -- Up-to-date: /root/CSE276A_Fall24/cse276a_ws/install/cv_bridge/share/cv_bridge/environment/pythonpath.dsv
[0.910s] -- Up-to-date: /root/CSE276A_Fall24/cse276a_ws/install/cv_bridge/lib/python3.8/site-packages/cv_bridge
[0.910s] -- Up-to-date: /root/CSE276A_Fall24/cse276a_ws/install/cv_bridge/lib/python3.8/site-packages/cv_bridge/__init__.py
[0.910s] -- Up-to-date: /root/CSE276A_Fall24/cse276a_ws/install/cv_bridge/lib/python3.8/site-packages/cv_bridge/core.py
[0.981s] Listing '/root/CSE276A_Fall24/cse276a_ws/install/cv_bridge/lib/python3.8/site-packages/cv_bridge'...
[0.981s] Listing '/root/CSE276A_Fall24/cse276a_ws/install/cv_bridge/lib/python3.8/site-packages/cv_bridge/boost'...
[1.006s] -- Up-to-date: /root/CSE276A_Fall24/cse276a_ws/install/cv_bridge/share/cv_bridge/environment/library_path.sh
[1.012s] -- Up-to-date: /root/CSE276A_Fall24/cse276a_ws/install/cv_bridge/share/cv_bridge/environment/library_path.dsv
[1.012s] -- Up-to-date: /root/CSE276A_Fall24/cse276a_ws/install/cv_bridge/include/cv_bridge
[1.013s] -- Up-to-date: /root/CSE276A_Fall24/cse276a_ws/install/cv_bridge/include/cv_bridge/cv_bridge.h
[1.014s] -- Up-to-date: /root/CSE276A_Fall24/cse276a_ws/install/cv_bridge/include/cv_bridge/rgb_colors.h
[1.020s] -- Up-to-date: /root/CSE276A_Fall24/cse276a_ws/install/cv_bridge/lib/libcv_bridge.so
[1.021s] -- Up-to-date: /root/CSE276A_Fall24/cse276a_ws/install/cv_bridge/share/ament_index/resource_index/package_run_dependencies/cv_bridge
[1.021s] -- Up-to-date: /root/CSE276A_Fall24/cse276a_ws/install/cv_bridge/share/ament_index/resource_index/parent_prefix_path/cv_bridge
[1.022s] -- Up-to-date: /root/CSE276A_Fall24/cse276a_ws/install/cv_bridge/share/cv_bridge/environment/ament_prefix_path.sh
[1.022s] -- Up-to-date: /root/CSE276A_Fall24/cse276a_ws/install/cv_bridge/share/cv_bridge/environment/ament_prefix_path.dsv
[1.023s] -- Up-to-date: /root/CSE276A_Fall24/cse276a_ws/install/cv_bridge/share/cv_bridge/environment/path.sh
[1.023s] -- Up-to-date: /root/CSE276A_Fall24/cse276a_ws/install/cv_bridge/share/cv_bridge/environment/path.dsv
[1.023s] -- Up-to-date: /root/CSE276A_Fall24/cse276a_ws/install/cv_bridge/share/cv_bridge/local_setup.bash
[1.023s] -- Up-to-date: /root/CSE276A_Fall24/cse276a_ws/install/cv_bridge/share/cv_bridge/local_setup.sh
[1.024s] -- Up-to-date: /root/CSE276A_Fall24/cse276a_ws/install/cv_bridge/share/cv_bridge/local_setup.zsh
[1.024s] -- Up-to-date: /root/CSE276A_Fall24/cse276a_ws/install/cv_bridge/share/cv_bridge/local_setup.dsv
[1.024s] -- Installing: /root/CSE276A_Fall24/cse276a_ws/install/cv_bridge/share/cv_bridge/package.dsv
[1.024s] -- Up-to-date: /root/CSE276A_Fall24/cse276a_ws/install/cv_bridge/share/ament_index/resource_index/packages/cv_bridge
[1.024s] -- Up-to-date: /root/CSE276A_Fall24/cse276a_ws/install/cv_bridge/share/cv_bridge/cmake/cv_bridge-extras.cmake
[1.024s] -- Up-to-date: /root/CSE276A_Fall24/cse276a_ws/install/cv_bridge/share/cv_bridge/cmake/ament_cmake_export_dependencies-extras.cmake
[1.024s] -- Up-to-date: /root/CSE276A_Fall24/cse276a_ws/install/cv_bridge/share/cv_bridge/cmake/ament_cmake_export_include_directories-extras.cmake
[1.024s] -- Up-to-date: /root/CSE276A_Fall24/cse276a_ws/install/cv_bridge/share/cv_bridge/cmake/ament_cmake_export_libraries-extras.cmake
[1.025s] -- Up-to-date: /root/CSE276A_Fall24/cse276a_ws/install/cv_bridge/share/cv_bridge/cmake/cv_bridgeConfig.cmake
[1.025s] -- Up-to-date: /root/CSE276A_Fall24/cse276a_ws/install/cv_bridge/share/cv_bridge/cmake/cv_bridgeConfig-version.cmake
[1.025s] -- Up-to-date: /root/CSE276A_Fall24/cse276a_ws/install/cv_bridge/share/cv_bridge/package.xml
[1.025s] -- Up-to-date: /root/CSE276A_Fall24/cse276a_ws/install/cv_bridge/lib/libcv_bridge.so
[1.025s] -- Up-to-date: /root/CSE276A_Fall24/cse276a_ws/install/cv_bridge/include/cv_bridge/cv_bridge_export.h
[1.025s] -- Up-to-date: /root/CSE276A_Fall24/cse276a_ws/install/cv_bridge/lib/python3.8/site-packages/cv_bridge/boost/cv_bridge_boost.so
[1.025s] Invoked command in '/root/CSE276A_Fall24/cse276a_ws/build/cv_bridge' returned '0': CMAKE_PREFIX_PATH=${CMAKE_PREFIX_PATH}:/root/CSE276A_Fall24/cse276a_ws/install/opencv_tests:/opt/ros/foxy _=/usr/bin/env /usr/bin/cmake --install /root/CSE276A_Fall24/cse276a_ws/build/cv_bridge
