[0.077s] Invoking command in '/root/CSE276A_Fall24/cse276a_ws/build/rb5_ros2_vision': CMAKE_PREFIX_PATH=${CMAKE_PREFIX_PATH}:/opt/ros/foxy _=/usr/bin/env /usr/bin/cmake --build /root/CSE276A_Fall24/cse276a_ws/build/rb5_ros2_vision -- -j8 -l8
[0.327s] [100%] Built target rb_camera_ocv_node
[0.405s] Invoked command in '/root/CSE276A_Fall24/cse276a_ws/build/rb5_ros2_vision' returned '0': CMAKE_PREFIX_PATH=${CMAKE_PREFIX_PATH}:/opt/ros/foxy _=/usr/bin/env /usr/bin/cmake --build /root/CSE276A_Fall24/cse276a_ws/build/rb5_ros2_vision -- -j8 -l8
[0.572s] Invoking command in '/root/CSE276A_Fall24/cse276a_ws/build/rb5_ros2_vision': CMAKE_PREFIX_PATH=${CMAKE_PREFIX_PATH}:/opt/ros/foxy _=/usr/bin/env /usr/bin/cmake --install /root/CSE276A_Fall24/cse276a_ws/build/rb5_ros2_vision
[0.607s] -- Install configuration: ""
[0.608s] -- Up-to-date: /root/CSE276A_Fall24/cse276a_ws/install/rb5_ros2_vision/share/rb5_ros2_vision/launch
[0.609s] -- Up-to-date: /root/CSE276A_Fall24/cse276a_ws/install/rb5_ros2_vision/share/rb5_ros2_vision/launch/rb_camera_both_ocv.launch
[0.609s] -- Up-to-date: /root/CSE276A_Fall24/cse276a_ws/install/rb5_ros2_vision/share/rb5_ros2_vision/launch/rb_camera_both_ocv_launch.py
[0.610s] -- Up-to-date: /root/CSE276A_Fall24/cse276a_ws/install/rb5_ros2_vision/share/rb5_ros2_vision/launch/rb_camera_main_ocv.launch.xml
[0.612s] -- Up-to-date: /root/CSE276A_Fall24/cse276a_ws/install/rb5_ros2_vision/share/rb5_ros2_vision/launch/rb_camera_main_ocv_launch.py
[0.614s] -- Up-to-date: /root/CSE276A_Fall24/cse276a_ws/install/rb5_ros2_vision/share/rb5_ros2_vision/launch/rb_camera_side_ocv.launch
[0.615s] -- Up-to-date: /root/CSE276A_Fall24/cse276a_ws/install/rb5_ros2_vision/share/rb5_ros2_vision/launch/rb_camera_side_ocv_launch.py
[0.615s] -- Up-to-date: /root/CSE276A_Fall24/cse276a_ws/install/rb5_ros2_vision/share/rb5_ros2_vision/launch/rb_camera_webcam_ocv.launch
[0.616s] -- Up-to-date: /root/CSE276A_Fall24/cse276a_ws/install/rb5_ros2_vision/share/rb5_ros2_vision/launch/rb_camera_webcam_ocv_launch.py
[0.616s] -- Up-to-date: /root/CSE276A_Fall24/cse276a_ws/install/rb5_ros2_vision/lib/rb5_ros2_vision/rb_camera_ocv_node
[0.617s] -- Up-to-date: /root/CSE276A_Fall24/cse276a_ws/install/rb5_ros2_vision/lib/rb5_ros2_vision/click_images.py
[0.617s] -- Up-to-date: /root/CSE276A_Fall24/cse276a_ws/install/rb5_ros2_vision/share/ament_index/resource_index/package_run_dependencies/rb5_ros2_vision
[0.618s] -- Up-to-date: /root/CSE276A_Fall24/cse276a_ws/install/rb5_ros2_vision/share/ament_index/resource_index/parent_prefix_path/rb5_ros2_vision
[0.618s] -- Up-to-date: /root/CSE276A_Fall24/cse276a_ws/install/rb5_ros2_vision/share/rb5_ros2_vision/environment/ament_prefix_path.sh
[0.619s] -- Up-to-date: /root/CSE276A_Fall24/cse276a_ws/install/rb5_ros2_vision/share/rb5_ros2_vision/environment/ament_prefix_path.dsv
[0.619s] -- Up-to-date: /root/CSE276A_Fall24/cse276a_ws/install/rb5_ros2_vision/share/rb5_ros2_vision/environment/path.sh
[0.620s] -- Up-to-date: /root/CSE276A_Fall24/cse276a_ws/install/rb5_ros2_vision/share/rb5_ros2_vision/environment/path.dsv
[0.621s] -- Up-to-date: /root/CSE276A_Fall24/cse276a_ws/install/rb5_ros2_vision/share/rb5_ros2_vision/local_setup.bash
[0.622s] -- Up-to-date: /root/CSE276A_Fall24/cse276a_ws/install/rb5_ros2_vision/share/rb5_ros2_vision/local_setup.sh
[0.623s] -- Up-to-date: /root/CSE276A_Fall24/cse276a_ws/install/rb5_ros2_vision/share/rb5_ros2_vision/local_setup.zsh
[0.623s] -- Up-to-date: /root/CSE276A_Fall24/cse276a_ws/install/rb5_ros2_vision/share/rb5_ros2_vision/local_setup.dsv
[0.625s] -- Installing: /root/CSE276A_Fall24/cse276a_ws/install/rb5_ros2_vision/share/rb5_ros2_vision/package.dsv
[0.626s] -- Up-to-date: /root/CSE276A_Fall24/cse276a_ws/install/rb5_ros2_vision/share/ament_index/resource_index/packages/rb5_ros2_vision
[0.626s] -- Up-to-date: /root/CSE276A_Fall24/cse276a_ws/install/rb5_ros2_vision/share/rb5_ros2_vision/cmake/rb5_ros2_visionConfig.cmake
[0.627s] -- Up-to-date: /root/CSE276A_Fall24/cse276a_ws/install/rb5_ros2_vision/share/rb5_ros2_vision/cmake/rb5_ros2_visionConfig-version.cmake
[0.628s] -- Up-to-date: /root/CSE276A_Fall24/cse276a_ws/install/rb5_ros2_vision/share/rb5_ros2_vision/package.xml
[0.644s] Invoked command in '/root/CSE276A_Fall24/cse276a_ws/build/rb5_ros2_vision' returned '0': CMAKE_PREFIX_PATH=${CMAKE_PREFIX_PATH}:/opt/ros/foxy _=/usr/bin/env /usr/bin/cmake --install /root/CSE276A_Fall24/cse276a_ws/build/rb5_ros2_vision
